2.32831e-10 0.0052842
0.501993 0.66758
0.0166437 0.677865
0.608605 0.268485
0.0978886 0.350169
0.974948 0.137397
0.722148 0.0544933
0.349116 0.78217
0.0207628 0.582587
0.90773 0.84276
0.382188 0.913809
0.479762 0.109716
0.713407 0.976297
0.91976 0.961617
0.405445 0.225521
0.302368 0.830833
0.299865 0.774596
0.860012 0.556983
0.203104 0.0607188
0.835617 0.737452
0.745551 0.282125
0.672248 0.434369
0.632211 0.0899171
0.211533 0.847392
0.581858 0.26916
0.822752 0.811698
0.501533 0.393604
0.634468 0.230537
0.693269 0.688414
0.290564 0.801732
0.139918 0.585288
0.902583 0.647504
0.166961 0.704328
0.120215 0.706988
0.0271542 0.247044
0.491837 0.000819115
0.204921 0.0348712
0.536961 0.127166
0.487328 0.677561
0.202468 0.598586
0.0985519 0.605839
0.624517 0.879068
0.444686 0.952689
0.367978 0.230658
0.265783 0.517648
0.565293 0.729017
0.241992 0.298484
0.626616 0.0573112
0.350677 0.324631
0.443125 0.937785
0.521386 0.776758
0.255366 0.310417
0.385544 0.626841
0.608515 0.618011
0.167748 0.283124
0.0664288 0.807113
0.0155454 0.974337
0.606359 0.904122
0.314552 0.857542
0.866206 0.275972
0.785808 0.0839922
0.666186 0.934758
0.412227 0.307369
0.476787 0.49568
0.491029 0.368783
0.75489 0.647691
0.359019 0.142902
0.319929 0.246203
0.587591 0.77959
0.191964 0.387249
0.694346 0.825428
0.563546 0.0724608
0.668166 0.959493
0.827239 0.324239
0.854661 0.327769
0.830691 0.860499
0.998827 0.710568
0.781111 0.688362
0.491811 0.00732994
0.471039 0.22616
0.118657 0.773185
0.747281 0.813144
0.853894 0.791644
0.394876 0.716257
0.501859 0.917803
0.857988 0.993353
0.228619 0.676423
0.469577 0.822242
0.282366 0.349271
0.111741 0.15492
0.449169 0.536099
0.478595 0.806382
0.0409482 0.42362
0.363558 0.337364
0.462555 0.246877
0.642944 0.340427
0.654824 0.677362
0.877697 0.988712
0.960479 0.122276
0.705183 0.956785
0.209768 0.169287
0.442888 0.0729192
0.0726926 0.661181
0.575903 0.312194
0.974723 0.134761
0.0500758 0.989796
0.122855 0.608387
0.542706 0.263889
0.438906 0.952519
0.132645 0.307424
0.446895 0.327645
0.0416935 0.758279
0.41142 0.423967
0.369159 0.307083
0.273868 0.487214
0.991451 0.532119
0.183364 0.364974
0.0485956 0.340669
0.669315 0.0579003
0.689531 0.626178
0.752438 0.510175
0.998078 0.000617283
0.541126 0.623611
0.271437 0.711413
0.110057 0.729759
0.073111 0.102326
0.707894 0.00439641
0.732109 0.227642
0.590961 0.558775
0.210316 0.479074
0.0297779 0.192
0.509906 0.334715
0.285317 0.0389226
0.0426627 0.589449
0.601861 0.597905
0.633094 0.676183
0.513339 0.872852
0.0772073 0.937263
0.010011 0.613876
0.428827 0.955475
0.362387 0.890961
0.435324 0.303978
0.649237 0.485016
0.794633 0.324566
0.286585 0.830688
0.155439 0.793625
0.104552 0.495302
0.0323971 0.585153
0.768925 0.428314
0.0582686 0.690231
0.594329 0.465642
0.244847 0.20232
0.0458774 0.823258
0.174549 0.127736
0.476166 0.564413
0.294539 0.130716
0.894503 0.274869
0.735274 0.572414
0.815236 0.430514
0.325336 0.453226
0.482058 0.191732
0.724427 0.117802
0.0151571 0.608912
0.846401 0.832139
0.278107 0.473457
0.994217 0.592113
0.511344 0.298685
0.378674 0.772826
0.0291312 0.164979
0.942813 0.478164
0.52687 0.413575
0.66386 0.699906
0.795638 0.423355
0.754578 0.645795
0.890828 0.955028
0.435912 0.84592
0.0517682 0.79706
0.202801 0.896794
0.919187 0.697746
0.755018 0.952506
0.847409 0.817784
0.0149364 0.322314
0.358153 0.187733
0.90408 0.784065
0.0328023 0.904731
0.800334 0.472799
0.39003 0.0528414
0.847704 0.453938
0.545651 0.581412
0.540476 0.340404
0.701574 0.625816
0.253681 0.563075
0.760732 0.00494604
0.641709 0.153918
0.614859 0.879847
0.0769733 0.151208
0.902004 0.807853
0.550481 0.986183
0.280632 0.676609
0.706197 0.460523
0.517218 0.252352
0.931073 0.174021
0.934175 0.326817
0.672608 0.51183
0.015025 0.697162
0.405836 0.550651
0.213661 0.463266
0.921586 0.493239
0.264587 0.376793
0.857924 0.490613
0.541016 0.226381
0.646618 0.961327
0.257685 0.493345
0.296529 0.767191
0.56528 0.762261
0.685783 0.854812
0.83333 0.620806
0.284613 0.222331
0.668461 0.0332324
0.480737 0.320727
0.464869 0.421849
0.929148 0.249069
0.533899 0.940888
0.598198 0.353088
0.1096 0.677126
0.433843 0.0864456
0.777126 0.76164
0.813928 0.244069
0.120875 0.627069
0.214384 0.926934
0.639219 0.894762
0.759219 0.847671
0.222715 0.626182
0.576166 0.836359
0.742668 0.922941
0.129878 0.655897
0.546916 0.109844
0.954529 0.486318
0.909727 0.985318
0.45771 0.687422
0.732659 0.873598
0.717488 0.699106
0.0432811 0.463042
0.444503 0.188764
0.0886191 0.664957
0.530975 0.805134
0.0702002 0.977311
0.858512 0.14796
0.817577 0.087694
0.286566 0.812855
0.947201 0.699922
0.993444 0.620733
0.303525 0.81864
0.591719 0.391181
0.729205 0.976316
0.689942 0.869164
0.461279 0.136985
0.822508 0.664409
0.7002 0.261128
0.919569 0.31287
0.148588 0.766068
0.738856 0.819639
0.566597 0.36623
0.931293 0.292669
0.640741 0.0276803
0.662273 0.5267
0.71309 0.0212802
0.960473 0.646753
0.167678 0.30886
0.216085 0.170569
0.521019 0.746769
0.500337 0.0993661
0.513601 0.841187
0.628173 0.896295
0.749224 0.0395662
0.135976 0.461967
0.679078 0.792583
0.596205 0.466419
0.977407 0.870969
0.940821 0.646908
0.605661 0.671605
0.715372 0.930895
0.111992 0.497245
0.435628 0.493603
0.962985 0.044247
0.468618 0.109516
0.954482 0.582686
0.109967 0.407202
0.998388 0.563231
0.779383 0.886831
0.832323 0.635148
0.506201 0.809761
0.44901 0.30981
0.126827 0.319571
0.292256 0.754099
0.865975 0.403915
0.516412 0.448057
0.223573 0.556568
0.856185 0.691172
0.339197 0.249049
0.903679 0.191672
0.255935 0.571179
0.83953 0.223205
0.755524 0.649971
0.91503 0.0832697
0.686659 0.706206
0.232088 0.837789
0.958344 0.858083
0.61793 0.586181
0.620149 0.0313171
0.641393 0.73132
0.701264 0.585052
0.0676984 0.988751
0.73021 0.512973
0.298576 0.119539
0.107094 0.328986
0.594617 0.62113
0.750277 0.996845
0.126724 0.860584
0.689328 0.513099
0.153542 0.384578
0.526148 0.00273503
0.871737 0.390533
0.93613 0.436889
0.736008 0.593256
0.631226 0.332004
0.295691 0.971455
0.45682 0.0398078
0.844846 0.128524
0.544245 0.487487
0.432695 0.251952
0.690857 0.477432
0.0312844 0.905741
0.389509 0.905921
0.907251 0.140211
0.179323 0.510135
0.494563 0.653558
0.239624 0.00285966
0.315114 0.989547
0.398909 0.704261
0.744041 0.00571493
0.980736 0.030103
0.66665 0.0964515
0.158398 0.445793
0.323807 0.905342
0.740262 0.745614
0.892696 0.51114
0.557648 0.76653
0.599788 0.32175
0.877123 0.895942
0.412922 0.160596
0.50908 0.982754
0.609359 0.279735
0.534484 0.511145
0.766685 0.284122
0.821659 0.146403
0.97345 0.201367
0.754983 0.012211
0.306393 0.181383
0.847381 0.308746
0.87116 0.560292
0.15847 0.13098
0.953361 0.272956
0.690256 0.59655
0.0768627 0.848528
0.182235 0.642567
0.0161744 0.473374
0.977791 0.100756
0.0598179 0.855762
0.88375 0.910281
0.0715444 0.876675
0.194978 0.577648
0.146279 0.261144
0.305896 0.24305
0.907669 0.754449
0.580776 0.962528
0.744105 0.537589
0.404705 0.0653402
0.530094 0.866382
0.587093 0.695885
0.629866 0.168569
0.539587 0.899581
0.230069 0.0833071
0.900277 0.862066
0.298456 0.177414
0.526069 0.161084
0.715409 0.322749
0.0250934 0.140452
0.375201 0.969104
0.251029 0.765466
0.303854 0.796971
0.431214 0.569128
0.0904702 0.484571
0.850427 0.548571
0.178926 0.573521
0.262199 0.121052
0.816781 0.667494
0.449544 0.498892
0.708293 0.44828
0.606982 0.0927328
0.668412 0.243593
0.465715 0.802493
0.824622 0.13101
0.333855 0.305395
0.163512 0.812429
0.473559 0.700431
0.468944 0.743397
0.486952 0.118656
0.948708 0.251703
0.63272 0.158676
0.096512 0.629602
0.245235 0.256697
0.586216 0.434047
0.678098 0.350535
0.245157 0.479304
0.443974 0.446932
0.40345 0.256325
0.472584 0.951575
0.166151 0.763251
0.658738 0.871184
0.405131 0.981428
0.122291 0.247042
0.517566 0.481302
0.851873 0.429352
0.247895 0.892573
0.654296 0.0517823
0.120132 0.222981
0.58149 0.815587
0.277406 0.260099
0.256866 0.442669
0.775598 0.540515
0.77295 0.406964
0.627961 0.620761
0.0821986 0.30352
0.147589 0.634388
0.0528439 0.964649
0.384605 0.369532
0.611654 0.68252
0.704967 0.351384
0.645483 0.147576
0.807734 0.663896
0.583487 0.962144
0.727692 0.495136
0.831878 0.838616
0.620207 0.640645
0.483087 0.841578
0.375177 0.449173
0.971227 0.283252
0.356959 0.945179
0.595707 0.131643
0.817153 0.112463
0.0848977 0.0407465
0.777105 0.5733
0.621701 0.362212
0.427022 0.147465
0.0029133 0.747816
0.338551 0.0255092
0.854256 0.202138
0.0377214 0.540673
0.0729356 0.694803
0.735105 0.773805
0.919629 0.691671
0.260082 0.475664
0.43175 0.214347
0.496084 0.0409792
0.0798816 0.287384
0.863686 0.518643
0.83925 0.882558
0.648427 0.892414
0.0981105 0.71959
0.220229 0.116494
0.0749215 0.532685
0.441299 0.640378
0.666186 0.662268
0.809376 0.407321
0.896827 0.0812909
0.133206 0.560824
0.394983 0.215483
0.787123 0.343499
0.563089 0.166924
0.8416 0.922688
0.367119 0.200309
0.616657 0.127221
0.915877 0.601289
0.454991 0.329681
0.252187 0.26625
0.761713 0.958544
0.0278892 0.632919
0.607556 0.37459
0.984487 0.811161
0.442436 0.0959333
0.411339 0.0233483
0.716245 0.606073
0.00326451 0.713673
0.453738 0.229314
0.789437 0.935782
0.0803975 0.807957
0.0554432 0.878109
0.0461578 0.165614
0.430378 0.636271
