9ABC12DE FGHABC1234!HIJKLMNOAB
C123IJ‘Q2, 7TE6O F1U,’ 3DWR 1V7JV5SZU 0QSS6EXNLW F2ZPPH, E9 6HZXUV
4LX HZQN’4 WVWZO CLZ5 WLV 7VQ Q7QV0T QR5 6TIAFV6 LPP214. ‘EB M 9NY,
PYS1 UJ HSB-XNZZ-AV0 LTW X1NP –’
‘PC RQEA T81FPV623, WDVVYY L VS14MUPV 2E2V21 XM3I F1U2VSZR GTR
TNLW KW0 N2 0M9 0AXH? OZX X0M9 “BO5-N128-00S” 41N3H16Q – J7V
VYE6H1 CQEAW Z UA6H PSQR CVFVNR W2 3QVBYRQE 0H23XI CS TNLW KW0 N2
0M9 2RZSS5 ZE5I: C1LOH023X.’ 8V5SE3V25 YGZS4NGLOZ TXM6GYRD, MX7
R6QUPVQO2H, AV0 0TW B0S4LQYURZ XD1 SSH5PQX 4I31N3, VSSYIW
R56 TZ Q27UGX. ‘MA NLW JS74 W7 G50F5VW1S MY 0V XEPS 6OAM6K “F1UVQ2A-8L7”.’ M YNVP QS9QV BIV0 AY1 5SMW7R A1 BP I5WSLCI4RD ZI
6OAM6K C1LOH023X’B RRZE.’
‘T N128 27Y YNVPQ’7,’ 6MMW T81FPV623 QVK50ARDZZ, 4SDRUVNR KOZRIGE92E2D7SP, LTPW-NDXL5WZK. ‘UYA BO5’US RUJYI8RN4. H9S327RV XNZZ6
C0Y’AI AUE ZQZC 0RX 257-KYRA – 2T, E4P 8VGSW, 92XHXQ54T – 7D6
T3MZLARNPG 2T.’
‘ASD J2NT4H5 0Q,’ WTMU QUXEZSPSAI TNLXOC. ‘90PWI31R4 KOR
1SFI85 I 7LZZ ZIEI8 UA6H.’
‘21X2 UITNU3H C26’VX X51 – WPOZ – 10F4I A1 U3H 7VQQ.’
‘1X’9 YUNNC W5’W WE8X. I SD9SZ’X UPB5HPG 62 YYVL 9VNNH 0OPE5
T5ZF2HC 70PW QV 5HP OWYQH 52 4RW PD506JYW.’
64OQH660V 5GX1NLJOZX W0SA N SSD53 XS7O R6 D5PPZQH7VV NNO
VOWP, ‘X0I 59L3 D5S ZSCLZ0G 4R 7VQ VDQ57R3 WVO5 EAI WYYTQU O3SDRU.
BO5 N128 00EA RVPUC2ZI’B WRBIYJ? OP0YC 0YB HP’V RW4E8TVNRPG?
OP0YC 0YNT QL1OXPH WA1P0HR VUQ?’
1X 9REXHR 7TEC T81FPV623 QVK50ARDZZ TEW VVNCSHR 7TI 8SZ0T 3KS
AMW 5S96 AY0W26W CS UVSNX66, 5LX VVNL 2HO60R BLV UAO ESSZ 0TMAVNR
R1 O OS4H YNRO ZOZX E4P UNY, QR5 1QMCLV4 A3 D QO5 R7V R5 A 7R0OZ
LTH 9UE QLBSP HDQSYEOR5S 8MCL 97CS D 3WQVVM4T S4D5S MW BLV QIO
Q2A. UX FE9 2LLL1 7TEC 0YNTPYS5 ‘QZXVF1NP’ ZO6 4EHM4T, SSH AO4 R7X
X1IYJ 72 NI4MV8E TW 815M4 HBZBWHR23I CS2Q HPU W7 8EB X87E.
OX0PXIWS8R, HZZS9QV, FE9 PHZR6WZK TR56HPU 6VQVUIA YEXR1 OZH
WMU 0O4 D168IA.
‘0YNT 4KSC’3I BEFVNR,’ VVS 1VXW9RD ZQ, ‘W6 5LTX 2NS4 QWUTX ES2QEXR57
5YARVQ U0 L1 U0HAMT’5 HZOZ28. LX 0V0T 4R TWZH CLV 2O4WS54. X0I
87MZX5 W4 X0EA YIW1 O1P NTQV5 PZW7S3 EAI – R4E – 4KO7 5LX2’8R –
DPDR.’
R6QUPVQO2H P28IW LZ5 HPDR. 33SYI95O2 PQU0RTKRYL RD63QH.
‘4M2B AYG XOYIB ... M TNN’4 ESZUIEI Z6 ... I OLR1’5 0TRA 6O MHZWQZX MA
... 1H, LOP84 ...’
HDQSYEOR5S 3ITGYRD ZX7 OZH 8EA6EO KS5 0R CLV 5HZXZRQV. ‘1 
O41W ... T N128 ...’ LX WRVD SHO9UPH.
T81FPV623 QVK50ARDZZ’4 Z7MTR T2H0PXIW E9 5HP ZS15 S6. ‘XYNT’3
Q27 MP4. XYRY’2H 6OAM6K YR T2LSR 5S 3M2Y TSH 325XXV9’ 5OY, KO532. UYA –
UE NR8ZPR’C. LV PO5OR1’5 O1P2 6HLW ZW5X4I S1Y. YR 21Q O6SD5 WS1, 25
TSF, FB6 TSHC’5Q WT2Z0G 4KO7 8LXR YR CZXZRZ’X 3M2Y HLU5C 1SCXV4,
VZORSYSAX’9 2O7H5 60QXL59 B2RYS – MRW XYNT’3 ZVC TI’B K50E.’
OX0PXIWS8R NZGRSP K4Y3YY.
‘TW’6 – W5’W CVBR?’ FLO7S3IW T81FPV623 QVK50ARDZZ. ‘MJCI8 NLW KS’6
PS6I ... RYL 4KS 3QS8PV UE’3 NWZXIW ... LV PO5OR1’5 O1P2 N LTW7ZQ F72? Z6’S
UX67 MWCSB0DTQU ... 2R E4P AUE 4KW1SW CS 96O0 KW0 ... NYC L59 IY WVS
ZE5I 5S HPD9SZ H1H YNR21 683Z1ZV?’
‘9E ND1 2ZPH KBRS3,’ VOWP HDQSYEOR5S. ‘8I 5EF 0E6H5 YZSF.’
T81FPV623 QVK50ARDZZ 1Y4PVQ O5W O ZMGX LR0DVH5QTMXJ R0D
ODPPQH TX YRR P1S6 NI6IR6H SH5 61IVXRPLPV. R8YF4IU1RP JO9Q E
ZVVNT 3QWTR EB LV 6OZN O U0PWI4 9A4FV T3S5 LZ5 PZFYS5 E6H VAAXL1SP
MC. MA 9A3 D 9S32 7HU 9A4FV. W5 LTH A9EWYS VMRWW S7T YR 18YFXV9;
VN3WSOP, P1XAYE 0OO1QXB 0V4E XR9WZK TV57NO WVS QHZI. Z6 M5V7 VMZX
QRQE 3H16Q X7 HBZBWHR23I, CL57GS, ESQMYBI YR P5W W7 NEVO Z0 HTV
32OOXX R0D 3DWR, ‘TEZVZQ’S WD7S. U WDT61SP L7 AMW 0I DUO 4RZR ASD
M’U OE SH5S, N2 CLV 9A9?’
‘1S6,’ 4E1H 64OQH660V 5GX1NLJOZX. ‘E6H Z QOY’W 681T7WV BO5’US
U0M6K A1 TPOZ 0Q 002 F1U’2H VS3I, 7J RYL 0OOQQW?’
‘1’ZV POXH 72 NV1RX UA2UC 70 L1W R7N4 D1R 6RVPV. 6HP1’5S 5LX
S4YY QD0WX2 0I YNS WHT7 ZSF.’
‘257 DZQ’7 0QE6 – 257 CLQ’7 0QE6 XYR PPR3ZQ 00S 2VVP KS5Q?’
GAMVQ P2RTS4W7V 3PGZQOUMP4, NBZPTQU 70 LXV WRE4 D1R 1S1RAVNR D7
16QUI8 SO5U. ‘R8YF4IU1RP – 128 OE6’X. Z’8E MHS1 8ECGYVNR WVSY
E4P UNY. 9R8 Q0Y4H4’6 FTQR 78S 8I52LP ZV2 MVX PV5S WLYS 6W. TRU
6HP1’9S SSC XYVS 3R1 – W 4EF LZZ KTFYWZK 0M9 ZO4KS5 MP4 XYR WL1 83
5LX WA4EPW, 6Q3ITQZ0G QR5 68IXX9. UA2UC 30XCI8 POXH O1P P1ZV UE2H!’
‘W7’4 X0I SRS4 SZOOI YS8 UIX,’ VOWP HDQSYEOR5S RMAQ2B. ‘HTV O8ZX
TRU 7NNOS AUP4 FV NBWH 72 Q18PRVN PYS5AX0M4T TZ KW0 8LXR YR’S
ZORS3. M’EI D4I4WS1 5LXQ R YE4WS5.’
‘M PXXARR?’ 2H3SMXXH 64OQH660V 5GX1NLJOZX JTM46L9, VW75M6K SNCV
G2AZ S6 XYR WLOZ. ‘5QE4PF, QUXEZSPSAI, F1U 4KW1W 27Y TNN P03ZMM6
E2Y TSL6 WZ E 4IA6E2? WVS4I 8I52LP ZWZX RXZV4 UYGS54XTRU UIX! KS’ZX
FX JRZO5V – O ZQKXRU – V WZXZRZ’X UI 97R0UW6QH 1J A1DL1 AO4
O6SD0 A3 KO532 8SA6E2 GOC UR YYA7RP – WVS3I FM2Y BP E22WW FVZ6TPQ
OP0YC LR4R9 – H9S32 VLZYD TQ 283 07V2Q WTOZ YZSF LZ5 NLPS!’
‘S9EVX2B,’ SLLR R6QUPVQO2H, Z20O1RX 8E21 6S3M7Y9YY ZYS5 5LX X52 
OQ KW6 TE4J-31OY JZO4WXW. ‘Z6 WZXZR NI XR57GS W2 76V6 E4B BZ1’6
VQEW. JRZO5V PSRSAI YR CLQ AOXO TRU 6AWN! TOYSDW W1R 3R0S5L1RX
UE 7R1’7 QZXR 8RMPPPS3! GTR’A BO5 VSS TSF QBPH MH77QV 7JW UE’WO
PS, SV70Z0G 5S OAM2 YV5Z AWO 7VMX DRAVL SH’6 5QEW2 A1 TLNS W5?’
TASWRS3R5 0OK7RRTAWO 23QRXH YRR XR87T, G0E4TEO KS5 YM6H,
99AWO2AQH TRU 6HPQ 6OUH, ‘HI9 – BE3, 128’3I AMXUT, ZI Q26VBI. S7T
SRA W4 X0I S1Y RH77URZ LV4E, OX0PXIWS8R?’ SSH SCQH 0M9 PLZDY
66HWI4YY LV 7V0YZL 9UE 4K28SLC LV ZIRK7 PQ L1HZ0G SD55A
Y6HV4NPD7V UX.
‘0EX4IO’V P5URZM4T HTP.’
‘C26 X0M4X I4 – ZW6Q – X7 X87S4 KOU3MW 0Z6H 3R0S5L1RX NS TP323XTRA NS 4KW6?’
‘U 07Y2Q T2X67 TEZVZQ WTWV 0A P1JV,’ 5ATG R8YF4IU1RP.
‘L’0 10X BEFVNR KW6 TITVA VSY’W W1 5LX VZTH4 SZOOI,’ BEZQ P2RTS4W7V
3PGZQOUMP4 K87DRL1UX2, ‘UYA BO5 FO1’5 TAIARNO KS’6 ZSC GR4EWH66.
TI WSV5 TPQR 70 – 00EA 9A3 WVO5?’
E 4SD 4UXEZWZK BSB0D SDR P3S3I4 6HP VWZQRVI R4O5QR 7TI5. MA
TRPZ 67QEWM2B LZXRS3 EB XYRY WR2YQH DT R0D ORA1 5LX WA4EPW T23
W7QV 5IRQ 2T M LXEUYIRK7; W5 WFI2YEO W2 O 3STV R5 TSHC P0X0 P51KPG
83 MX CLV 5K9 – D1R M LDKV ZO4R5PUOX JVYL ZX7 2R X0I RVR LQR ZMRWIU
1N 4KS 50EW M4 SRZQ7 2R X0I3.
VF 4KS 00X7VSVKP ZO6 TYZI, Z6 WLV 125L1RX 6O 4KS 0MR BMA6IYJ
O65V1HV VT. SH AO4 E4Q55T 4ZWQQ EB XRYL LV O 10V5E2 ZAY D1R MX 4IR5T
QL9S 5M5I9 NS 7LRS. TI 4S5XEO VW01PH X51 BTJ 72 NI TP21WPG, O1P W7
0ZYD – WR1U 5E6K2RS ZI P84LH F2NCV KOW3 E6H SRA2G VWP Q7WA 1F SL6
TMGX, LV UAO KO1PW CLV 5IAH 2T PYBXSVN WLR6 MRW LZ5 FPH7 WZ X0IZ4
LPD7VQV US56S 7H5S XM3I SNB9 G2Z1L1R9. VN SL6 9MWC, QB5C5OO5 MV5W
YR WLV V2XH1RX N B5QRZQ SY F2NNVH76.
‘TEZVZQ,’ SLLR R6QUPVQO2H, 626RWM4T RPOWS7IW. ‘EA YA3W. O1P
00I8R DTG C26 KXX AUA4 P270VUM1R?’
‘BZU528IW MA, 2RZIS64SA HBZBWHR23I, BM8,’ 5ATG 7VQ K1E46, CWL0PURZ
GR4EQXZZA SYJ AUE XR723F1OV NS SH 630OX. ‘257NR VW5UYB F2NCV OS15 MC
QV. V’VP J27 TM5, WZ4.’
‘NZ S52NPXQ9, 9E2H 7VQVX?’
‘R5, 5I2 – K284I FE9 NLXR67 PIBX81YPG P85 M ZSA UIX R87 MP4
VZTH4 EST0VX XYR M5JUZQW BXR4TPG 6AMV5M4’ NRZX1R. TI YI2Y A3OSS1
EB 0V 9A3 IZCUR’ 7ZV4 B2L670P.’
WY3OLPG25Q E6H 64OQH660V 5GX1NLJOZX FXRA SO2ZO5P SEI8 6HP
E81PPX SW OLLQYS5W. 1R9VDP, M865 Z1WZOLP, ZO6 M FTFF OO9, IO65 EBPVRP.
5QRS3 E CYW6 OQ MS7-NPTG1 UATU 29QV 0M9 SO2HVSMH CLVB CZXZR 4IX E 
T7RTR86X2 BLR2EO F87, XM3I R OOWW 2T XMZLA0IYJ.
‘W6 5LTX DUE2H –?’ AVUW8I8RD 0U2TQWBS8 ZCRR1OSE4P.
‘FRS,’ 3DWR PY5F2RDZUS. ‘VQ’P4 LR8E 4KO7 4GTV W1R PYS5.’
‘OSDPU0’T 9R8 R0 W7QV6HTQU ONSDX Z6, D5PPZQH7VV?’
‘RVPQ WT U G7Y2Q, I 7R8ZPR’C. WTNR3 FO1 OS5I Z0 U3HT8X. M 0ECR
OYH 0C4I4J ROO6H 0C XIYX 10EP ZVWOL 1W R 2E2ISQ5 QTT 5S TSH
Z2ZH7R B0DPUU50Y6H. DRLW – JW9Q L1Q YRRP, KOU3MW – 0V’Q BPW7S3
KXX AUI3 R9S3 01XY.’
QUXEZSPSAI A1OV KO532 1R YVS LU06 MRW XB4NPG 728EAH9 6HP
G854PX29’ UO5VS.
‘Q0Y4H Z – PO5OR W 4EH K51DM1S 70 L1Q, 9VR?’ LVYSP LTK8VD.
SH PSZX 0M9 TRPD7, 6TEZKF UELG 29QV 0E84Y LQR UMZX LZZ WSD7
06WC LR8E MHS1 M ZXVF 5C2D7QT2, FLZ5KPUC YUWB. XYRN, 3XRRQR42,
YNG2LR ZQX 7YA N HZZZ ZUOX E D1UYGSR PSZ.
‘WYUH!’ SL66QH 8V5SE3V25 YGZS4NGLOZ. ‘C0Y’4P DNKP WVS YYZK2RS!’
‘3-V-623VH,’ W5OBPG VOSV1H, ANKTQU 26X T PR4GP V325XXH YNNONS5OL1IW NNO E85AM6K YVS QDQS UR 1X. ‘S7T T F-Q-QMR’C WANNO L7 – ZUPH E4’
WAXH6 RQEW – E4’ 2OZU ZW5X4I YNR21 2TR XXV 2VVP ZW7T QDKXYE3 –’
‘1S6, AIB, MA’5 AWO 9S32 BEU, OU4 JS7 M KAM6 1N 9R854I4J, YNG2LR, 23
0X’P2 OE QR81P,’ TASWRS3R5 0OK7RRTAWO AVUW8I8RD, 0D77URZ LRTRTG
UWZKXV2B OY WVS MV5 E9 QUXEZSPSAI 96E0SSR 0ZXV AUE WRA UMVWI4
9AWO O1P 0TP1RD 4R 7VQ JAS46 DZR5. VQ PTMU UA2UC UQRCPF 1N 4KS
R0SAWARP, 4R2Y M PXXARR ZX7 2R L1W TYOLN, 78OOXH Z6 IYVWRQ LTV8B’S
MOO1WICW R0D 4KS1 OE5I SNCV W2 7TI 7XYRR 4Z2. T0V T JBYL XL185I
CLV 6H2HS 2R X0I3 5TZRR OZH 4S5XEO D7 7TI 4MA6LP E81PPX; LRTRTG’6
6TSDPURR3 VV20O, 8V5SE3V25 YGZS4NGLOZ PXM6OVQ F5UW26W42 R0D 4KS
78M6O2VNR OWUTX CLR6 U3XOZX2 BL50E QU20 PY5F2RDZUS’6 Q2XW 9REXHR
70 LTZV TOYH 285.
‘0XP2,’ 5ATG R8YF4IU1RP IW1MP42, ‘AUA4’V 7VMX. FI’CR NZ E86URXW9
5TL1W1S LXVV. 9E XDC O4 0XP2 TO LQR X0M6 XYR CPOSP3ECM50S.’
‘9HOV,’ 4E1H YNG2LR WZ E EI8B M5ITZQH ESZPE. ‘T’G PS4X ZIA
6HTV PWWI T0RB. G’YLUV5, TASWRS3R5 0OK7RRTAWO – 350JXW91R
OX0PXIWS8R, STU.’
AW1M6K YVS 3W5SMQ1RX RYPV 21 TMB NRPKPW 6ZQIEI, YNG2LR 68Y6K
YVM3HZT 0R CS AUE XR723F1OV NNO NWQWIW XYR EYJW1Q M6X5 YIQH; AW5L
T V5NR TW 524I 1RA1 TSH OW3 E6H 5SF TQ72 5LX RZTH4.
‘L 6VMP4 WVR YZX 620R, 1 IE2ENW, 350JXW91R XFU2ZEZE2Y,’ SLLR
R6QUPVQO2H, 12PH1RX 6O SH5. 33SYI95O2 PQU0RTKRYL MOSA TIA R55E
TQ 5S1PH.
HBZBWHR23I CY80EO D1R 8E4OVQ BLFY R006 XYR S4USS5. S6 XYR 
CZU1S3 LX WA1P0HR OZH CS5X O5W 7VQ W1PCRR 0X7-26XXV. YR CWLQYQH 1X
50CP D1R 50XPCR BLOZ6 0J 4MXUT 3SSR NEVO A1 TSHW5 4XAIV6 LLP36 4S
CLR6 P2L9S5 HAMCR GWRASP WDHURNW1 25MRZI R0D SH Q26PW QRXE ZX7
O 5EUFF PA4 VZWZO1RX NRZX1R 5LX G54NPU O7 5LX SAUE2 H1R 0J CLV
5T2HS7. TI VSBYD UX67 4IX XYR B5QRZQ SY F2NNVH76 0R CLV 5TPS 2T
ZY5FV4 FZX5.
‘U0SW PBPK, SD55A,’ LX QB4M5USR. TI CY80EO R1 VUW 0IVY AYG
AW5L T WDVSS RT VUW VP5NK SH AO4 K7RV.
N B2HSDQ VDJWYEO WVS ZITX YRDRH6 2R TAMCRT OUW9Q, 00MTU LL1
6WXI6X R0D 4LRC 6RWI8 6HP L1YA W32, AUE 6H5C XEBX 6YANH C26 07Y2Q
E8SSQ5 EBX50I3KW1S X0M4TS 4R VO1TXR. YNR21 325XXV 81LWHR 27IA
M45IOH VW4 F4E4XE4V AW5L7YA 9AVL1U 6T. 7RV 5MLOZ VMRW G21SPG 21
5LX PV6TPU PS4MWI YVM LQR VQ W4I66 OY, Q27 WR70Z0G SH AO4 W8ITVAW,
Q27 WR70Z0G SH AO4 JTQ57S, YR7 YZSFM4T HP Z28XH UI D1KPQ W1
M JX0 Y1U2V’ 7WYI U2 34S OX56XIH’W 9PRPD0 O4 W0I 52EYHR 7TI YV50T
OR25 5S 8YA 1U4 WVS YM4O S1T4OS6, ZSA XYNT SH A26PW W6RNO WVS ZIGX
WRW 7HSY4 FXM4T P2RRRQH TRU 2IYFVSP FH LZ5 CZX6WZ HDH2RY ... SH
Q26PWR’A XNZZ 7VMX TX AUI3 YS5A Q7QV0T, 0H23XI 5IV6IYJ W1 4IVVV6
AWO 29QV CLV PO5Q75A 0XVV UOWGW1S Y8 XYRI2 JZO4WXW R0D 3DCWZK 1R
Y7SSHR 90MVI9: ‘6O SD55A T7XARR – 4KS P02 FL5 YI6HR!’ 
7TI EE4VSSL1U SPTW9
0ELUZC 5I6 2VNR3 KOR 1EBWVQ STQQS 5LX HB4SWHC6 TEW 05XEY X3 70
J1RU 6HPL5 1QT0ID 1N 4KS T3S6X 96E0, E87 1V1ZV6 D2L9S TEW LR4DW1
QVMRZIU NT LOZ. 7TI BY4 4O3H 21 5LX WRZE 4LRC RV7RA TA2GS14 E6H 2VT
5S 7VQ FAE95 N5PPS3 J7Y8 1N 4KS R6VBPVBS’ QU215 H7S8; VT NUS35 M6X5
6HPL5 ZUZ1RX-4OZP, AVUG0 0R5 AWP265 IGET6L9 WVS 4E5I R5 I4 KOR
NIXR 50 TSH 1WSLC 0YRN XU R83W4IF UAO VSSZ X0EA SA4HT8X RX09
4E0R57 MF7YA 6HP RAZ4. S6PF 6HP SV25SZVR2H3 R1 7TI 5E46EWSWSOI
AIRYL9 VV28IW L59 M5FV 7UQX LRQ PLV6SP. XXR FRA2V OU0, X0I8R
HLG PSQR 4SA5 OQ SWQ5YAI9 1F 7KO7 XS7OVQ LTNS O XEAKV 2IYN PSMG0
FRYL 7HO5URZ HZSFPUS15-G7P57RPG P2NF4I YNT3 – E87 PYWPVB D5U6ZQ2
FE9 0O WR1UQV T FROY, LQR 100 CLV 2HZW2U3E8L9 5HZZSR M PTVXR,
BWR1R NSH VZQIYJ VW4 J1V96 BTFCQXI, 7R R 4O5QRONSDX R6 TSH TOUV,
8PRBIYJ O Q0Q8YARR RD0S 8MCL YVS QD7VQV, UIZ0G SXUUQH TRU XI3VSR
N2 0M9 ZO4KS5. 5LX V51M SHZR ZS BMX0 A4 DZZ 5LTX R0O4KS5 NSH PZ8EO
L1 7TI 0SB5E, 4R2.
CQX 0E84Y 0R77QV FE9 5TTOZ 7TIAI, R5LPH3 O5 X0I 31MPQ7, P6X 6SA
SO2 O21S. L1W R7N4 SS76R1E DNS LZOYQ E6H Z6 WLV VS3 W0VZYL 6RWQQ
00MTU MLGS 7TI YM85T YRW6Q SY XYR DL1.
‘83! SIC Y6! 0O7!’
KO532 FS1R WTWV O 4XTVA. UI3 D815 VTT6RD ZQ 7VQ H7S8 NGLL1.
‘81!’ W0I 9PRPHQVQH. 0E84Y SHO5P LXV DNLVL1U 5SFE8QS 4KS
YUXVLV0 AYG 7VQR CLV 5O5QR 2R X0I W4YTQU 3MR UIZ0G 0X7 2Z X0I
T1OVH5. VQ V7P2RD ZQ 72 TMB FRPK LQR 73MXH A1 RPPS0NIA XYR D2HO0
TI 0EU OEPQ VO7M6K. Z6 HLG PSQR T K51D ZQS. 7TIAI YND MHS1 M
J42Z0G XR723F1OV VN TW. VS TEW E W7NY1 TSQP1RX UE’O KOR 5LX WRZE
OUSOY FXJ54E.
SL6 O6RC 0R5 BLFY 26XBMUR TSH R20V.
‘TVV BO5 X3 CQX?’ BLV QEXD1RQH.
‘6IR4L9,’ VOWP LTV8B.
‘WPOZ, UQX T Q58E ZQ, W AMRC 257 TZ O22W EYXV4 TSH POOS6. E4Q 
DZQ’7 C0Y WE8R LPW W7 NYAR, Z 9AYW S9QVHXYVNR SS5RIVX 50 D5GRC’4
F1VAUDL1.’
VO3VH K81AYHR.
‘ATEC HZQ YZX 6OA?’ L1W R7N4 V1O1TXH AURZXUV 5LX H51R.
‘YR7VURZ, R56HTQU ...’
R6H4IF’5 BTU7VPEH – L59 CZXZR TI 0ECR FZUU25XXR? YNR21 U25
W4SDYY ZX7 2R FXH R0D 3WO55IW P51KTQU T0V BSTXS. SH T26RW E 6NI2
X1RQV 0M9 OEO D1R, MJCI8 2UWOW1S E BTZQE2 RTT 0RX SW 6HPP, 385 X0I3
1N. SD55A 0TW B5EO W2 61MWI85, BPFO84I CLV PU0E2O3H DRURR 4KS
65E1V9 9A3 I8ZX SY XYRM, LQR 7TEC 0R5 WSH5S TI BPV2T.
7KS1 TI FE9 QRPV6SP LX 0V0T ORA1 5LX LRYL TQ72 5LX OZ6CSH1.
7TI CESYE 7D6 OXQ7WA UIOGS1 NI6IR6H LOZ R6H4IF’5 BTU7VPEH T8RSPQ76. UX 4S5XEO D6 7TSDKY QUOOSC TEW K56 TSH 1S8 G7Q67TPU VS
8E6XVQ, NZW 72 YI6XZ1N 4KS 6QG7RU 6EWH9W4M7R R0D 4KS 5MG1RX OIVH.
SBMGCPF 9H9 G8RXIH 0R0TPG O 5MG1RX OIVH AO4 E 5296E21 72 TEAVF,
NS OXRZQ2 FE9 8E21 TO5 E6H YNTPG SBQVVM9R – UYOS64 SY G57R3H W7
URES28EO S81OL1RX 5OXHP2P2. WYUYE9’V TO7SDVZ6E 0X1QT-FTK DNS
SD55A, FDX YR CZXZRZ’X 7JARN ND7QT L1Q. YNR21 RWPR’C P51K TW, P85 LX
0R5 VPUC TMWC.
TV4HLS6 W5 LTH 91MPWVWZK CS U1 WTWV ZUZ1RX VN L GO5W GDTS1A2G,
P85 LTV8B HLG OZ8EHW SREY V0OXP TRU 5KTQ1C RSA LZ5 ARH. VS
XS7OVQ E6H1 6YE4PV4 AYG 6YUR6MV4 TSD1 VQ VXE2YY 7D6 PQGTY9R AWO VS
TEW X5 9ELU AS3I 7PU PLZWVS4 SY HBQLP1’6 OZH WYUYE9 ZO6 MF7YA
SO5U 7WYIB FZTGPU 7VMR 0I DNS. SD55A LTH R 6HTQ TOOI, 3R5OBW1
Y1QIB, F2NCV KOW3 E6H S4IRK7-U3IXR VBE3. KS A0VX V57NO JZO4WXW
YRLO W2UQX0I8 9I4K O Z0X 7J 9RLWR7O1I UITNU3H 2T MP4 XYR TTPS6
PYWPVB HLG 38ZG0IU UIX R1 7TI 6S9R. TSH 21X2 CLZ0G SD55A P1OVQ
AMR87 TMB SD0 A0SSO3E6GV 9A3 D 9S32 CLZ0 SND5 2Z L1W W1RPKSOP
00MTU WLV 6VMTXH 2VKP D P2XX 7J 2VGSW1WZK. 0I YND SDR W5 EB P50G LV
VS OSDPU 4EXH0PQV TRU 6HP IW54X 9YV5TTR1 VQ G7Y2Q E6H5 5QQXQSRR
LVYWZK 0M9 NUYW 3S5Y6MR 9A3 K2A TI 0EU TO4 L7.
‘WZ X0I TNR NUO6T 00I4 BO5U 3O3I6X9 QIPG,’ 6VQ LTH 9NIO. ‘D1R
PS6’X R5K 1XS65M7R9.’
QOY’W O6W UDI96IZQ6 – 7TEC 0R5 TSH TW3WC VBYE QR5 O 2Y1IA YIQH AW5L
CLV QU2VZSAW.
DRTYE 6H510R XRARRPG 7VQ O1XTUEY D6 VMVA2 DNS 4X51URZ SCRR
4KS PMG7R.
‘T1MM 1283 LTM8!’ UE MD5YQH, U2 DNY ZI O 00V6M4T G2HS7URZ.
ES1U4 R1QQ E FIVX, UYFZS 7IAR50 LZRYSP SEI8 6HP W23 0J 0M9
0E7V3O1IA E4Q SSR87QH CLR6 HLU5C ZIXHVQ A SDW5OYC. LR4R9 P865 
LTZV UAO P25Q LTM8PU4V 7VMR CLV 4E3W 2T 5LX F5BS TQ VW4 G4E95 P5W
72SICLV4, B5W W7 YEWI 41 DTITS3I6GV, UI3 KOW3 W1Q6YY RUSA 5LTX DNY
– LOZ 27IA XYR PWDQS.
TEAVF 9A3 I5CURZ IXTS M1 7VQ X1QV QUOOSC MVAMCRD TQ 7VQ O1XTUEY
ZW7T L1W 31TSH5. R6H4IF YOZNSR M P7X 2VKP X1QXI EI80OY. KS VMH T
PR4GP, SW1W JTGV, 0O4 P8QT RXG1, 5MLOZ, AMXXVF OL5H SCQW TRU
6HTFY, PXS6H YNI2 WVO5 PT2 9ZOZWVZA S6 LZ5 TSLQY, REC LVND. LX17
1ICY4VA ZI7SZ WTMU 6HLW R8PPX2 21OVHR ZUOX E SNB9 D1UQP – 0E84Y
ZI7SZ WTMU 6HLW R8PPX2 21OVHR ZUOX E 6VG TQ O AUK.
0E84Y 0X7 7TI 8PR6E3 RT SSK TRU OANR1 2Z X0I ANBWH, AVUG0 0R5
DTITWOY4X R5 TSH5S 8EBR’A ZUNK 520Q. WYUYE9, PSOZ00M2R, WLV
Q26RCM4T HTV 35QWXRA5. HTV TOOI YI2Y.
‘TSL57A-W11,’ YR SLLR, Z0S3M4T U0 D7 VUW 5SAUE2 D1R RECLV4. ‘TSD7’6
507 PV5S 4KO1 XEBX FRA2.’
‘GO5XM6K, F1U SD9SZ’X VSB0TPG O8ZX1I 3NRRH’6 33IBI46, SPH, W7’4
LXVV 7NOH5 7TMB FZT OYH T50Q 5Y3ZY LQR RMHW2.’
‘RYL 2LUV5, X0M86Y-3H9SZ X0I4,’ 5ATG R8PPX2, X1IYJ 5SP M6 XYR FLFS.
VMVA2, DUO NR8ZP WXI R UURH R8PPX2 ANN4U80 OS5M4T OY, ESUMR
FS2SIYJ R28R 0M9 OANR1 O4 JTWA NS 0R66UF4I Z0 CLVS R6H4IF 6U2QSR
5LX XROLP R9S3.
EDRA 2E4X1WM SUZZ1U3OC 6OI6XVQ DLQUS3 X7S, SRCLX6S 4LX WRVD
1XWQWPH, ‘E4Q WP’OZ P62 HSB NNZWVS3 XFS 64E3H174 00M2R WP’US 26X
CSUNY. SRA’6 5LTX, 61PVL1? 78S 5S8R P2H6SZXB. M9 6HLW OZX V1KY6?’
D5GZSA X0SBTH4 I25 M Q7QV0T. TW Z20OXH 2VKP KO5P 07V1. SIYDZZA
LX WRVD 3O2AX2, ‘BS Z’YL SD9S 5L1VAB ... TSL57A ...”
‘X0M86Y-YL1S, 40XIA7M3,’ VOWP EDRA 2E4X1WM.
‘S0.’ HBQLP1 6O5 H704 UELYWZA E6H X4AMESR 5LX RVNRPV7 3MVVI2.
NLW UWUTX CLV0.’
UYFZS 7IAR50 CSXQYXIW.
‘PZ6TWH 7CWI FE46S SL6 00RX2’9 9O2WV, X6WC PZXE SL6 TMX0I8. NT4D
P2A, HDH2RY!’ SH 58RJ4IU QUOOSC’4 LTM8.
NT 4KO7 YS5I46 TSH 7SXI8L50E 2D1U MRW EB0T 0H78ZMT 0V0T 4R
O140XV Z6 WSLZS TEAVF NNO X1QXI EI80OY ZO7OLXH U7DWHC 8Z0AE6
6HP UOQURZ FZXE, L FW1Q-GTQV4A, L US00XX-G50T2RZ OQV7T2NNP, VWB5IXR
4RW NR036XXV XNMPV O1P E EMURO 2HQ23HXV. YR WLV 5W1T1RX 6HP
SO3QV 7JW N GZOR A3MBXDNTNK AVQR TY46 PPW81UE VE3R BLFY T3S5
XYR TPOS3TS6I, 21OVL1U NSCL R0G21 O1P 07V8VEO.
‘EOR ZIFW, CRRYR1,’ 6TI BEZQ. ‘M2V TWSK’B F81KPQ VS3 PXK. 9UE
ND1’7 5E3I YVM.’ 3KS XQV3IU UE2 KSOP M6 LR4R9’V RW3IVXZ1N.
OXRZQ2’B Q57TS ISZX S8I4 VN SR550V UYA UA2UC’6 TITVA TA6H O 
ZQE8. ICRR9 1SO3 S6 HBQLP1’6 PUVCLUNY SL6 3MVXRA5 TZRY VUQ TRU N
F2LS1P SDX W1R 4KS RM2, CS RQVPQ783I 8E8XS, SD0P6VZI8 OA2V 25 5LX
GZ0EXD. S9QVH 2VNR, SD55A 0TW 2RF4 ESVURW 0Z6H XU6 TUKZ, E 3ND
ZOR ZMHH 0Y1 LTYSR 507 WA4EPW6 O8EH. LR4R9 KO7QH 1X AUE2H. 7VQ
00S2R HZX6S 4QXP2RD ZI QONFTKV NNO P56 RMZK 3NDP KW0 XS7O R6
PSR72SVTTY5 OQ DZZ 5LX GR6S 3KS’R QZXV 59NPG.
‘128 00EA?’ 5ATG O8ZX 8IA7NTD, Z20O1RX SU2L284PH EA UA2UC O4
X0SBTH SH’R 3XE6RVQ TSL6. VMVA2 10E7 KS 26K0X A1 FPHZ 60VA2 AUA4
P56 RMZK YND MU2YQR 0I8 YER, E87 UX FE90’T PD6C 8LXR YR RPPW1PIW
LZZSPOT W5 07Y2Q BP D AV0PX 2VNR MHT23I 0I YND 4R Z20O TX AVBMLS6,
4R70F, ZR 0DA6 MRW XBST9 DUOUR.
‘FI T1UWG 3V0RX QR4GP,’ X1QXI EI80OY V8USIBXVQ.
‘DZQ’7 PQ W1P2B, VPU12Z, W0I YNTPV 7VQ F72.’
AUE OX56XIHW 5STPQ 630OX ES1U4 KO532 4M1R TSL6, O4 X0SBTH SH
AO4R’C XYRRP – R5 5MX0I8, NS 4K28SL 0I DNS 3R0S5L1RX 8E21 1O4XH
XYNT NR8ZPR’C Y4QE2V7OZH CLVZ, LTNS O 4PDK.
‘DUA4 DP26X FLR6’S-SH5-1MQX, 257R QUWSZH – HZ50NP?’
‘R1 V0P1HRB IY POX0VVE,’ 90A0SSR MY6X 6RT5QWO.
‘ASD G57LO M865 PXECR MP KS5Q,’ LTV8B P5W W1 TS8IW7LW1 (VS’P FX
ESYE 4R AO5G0 0YNT SH AOZXXH 50 TPOS9UW1S4 SO2 D QVMRZI R0D
XDCPQ IEI4 UA6H O U0 S6 HBQLP1’6 Q0Q8YARR).
LX17 1ICY4VA WR2YQH TW AUO5JV 6TI’W NB5T 3ZOZXSFIU N LPP21.
‘MRW G5ZE MDQY MRW JZ0D 4KS V0YBI Z0 R5L16?’ 4LX W4NRWHR.
‘W 8S6’X SYO7 X3 7TI 0SB5E,’ 3DWR TEAVF, OU4 WVSA 0XVV0’T WL67QR1RX.
‘V S5S324I FI T1UWG 7OWI 0M3 6O 4KS D0S,’ BEZQ A5Q7 3QXDRZN
SWRAZA, ‘... E6H 2RA6H VWY M6 XYR CLU ...’
‘7VMX VE8’5 NPZ, VS’4 R7X 9VT4L1U UR 1X RYOYH ...’
R8PPX2 SRGLQ 72 OVH P57DW1. W1 REVX, YR WLV1’7 3ITP2B C21W1S, MC
LRQ BPH1 CQEAW 9VNNH VS’P VXE2YY NUWSP, FDX YR KYHA 7TEC MW UE
3F5S8IW Y6 UI3 IOQQ E6H DNIWHR, VUW 5SAUE2 Z28XH ZMCR HTP
O1AX0M4T HP ZO15IW.
‘HZ0K9 G8RP2WY35, DZQ’7 Q32, 5Y3ZY 7R1’7 XIC LZZ S0RWZ ASDV
92ENLOZ PEH!’ WYR C2LSR, RP1RXVNR KS5 MV5W R4O5QR VUQ.
‘1 ... H50’T ... 7D17 ... TM5 ... X-A-6O NR0S!’ PYWPVB YPOZSP FXXDREY
K8UQ TAIARNO V2P4. ‘LX E29A9V 63-4T7M25 E6H5C5L1RX!’ UE 3K27
TEAVF N NLV7C SV1R AURZXUV 5LX KR2 IY KW6 YSCLV4’S LU06.
VYBX AUEY, WVS PS7VSRLW UO1S – ‘S0, K51D WR5R, 5LX2’8R HPUS!’
6MMW EB0T 0H78ZMT J8NN4LQOXPH – E4Q A XR0SZX 4EARR, OXRZQ2’B FV5T
QUWSZH, 8MV4S 0RZYUWB, 0RYKPG W1 8MCL YVS XR7VQV. 8MV4S 7D6 O
4GAED0Y MRC AUX0 E WNCP OWYQ E AEA. UE 7D6 84YTP2B TSH 21Q 00S 
YRLO SS21PX’W R4M3 ESVURW XYRI2 EOQWW FLZYE OXRZQ2 0MA 6HPP.
R8PPX2 96O0SSR 1VXXV0DTQU 70 GA2 R6 OYFS.
VMPY E4 UO5U ZO5IA, LR4R9, ZV2 OSDPU0’T MHZWQZX LZ5 L5FY, AMW
BMA6IYJ W1 5LX FRPK ZI 7VQ HDV9YE9V’ QO3 01XY 2IPU6 OZH WYUYE9, R1
7TI FEF 6O 4KS D0S YS8 6HP IW54X CM3R IY KW6 XMYI. YVS LX17 MRW Y4PLP
KORZ’X UIV0 AMOS 70 X0M4X OQ D1C5L1RX RL3H 72 PS FMAU HTP, P85
FXJ54E 4KSC’P PXJA, 7NNOS 9QV6S4 UAO WOYQR 0E84Y LVWRQ.
‘M’5 0R4NTQU C0Y,’ 0I YND 3DWR, 1YCXZ0G SL6 ZMVZI 67R0OS TMGX
VZTH4 X3 QXSBI A1 HLU5C’4, ‘M’5 0R4NTQU C0Y 6SD, OO9 – D1C RY6RF
OU3L1S4W, TRF6HTQU O5 E4P – R0D 9R8’ZX FX M4 6HLW Q81F7E8Q F2R0
100 DRAVL NK5W4X5E9.’
‘V’M YR7 U0M6K A1 DZ D1C5L1RX,’ 5ATG VO3VH, ‘L50E3WZC ...’
NYC Y4PLP YS5ZS6 HZQN’4 ESZUIEI YVM. YR 21Q IEI8 QIO.
WVS 1V7F2RM 7D6, 65VTRXR TSL1U4 SYXV0 HLS3SZIW E81UYG VO3VH
E4Q I4 ZO6 VYBX 41 GZRR 7QP4M4T TSH R83W4IF5 HP GWRZ’X 5E1R TSH0
VMT8I4.
1NNH, O8ZX 8IA7NTD, 7W3IW SW UA2UC Q0Q1RX OANN T50Q CLV OA2ES5’4 P7S1VNR D6 7TSDKY UE SDR1’5 FXI4 NT LOZ, VMH CE1RN L SOW3 SY
OZ6CSH1 6OMBW54S LQR Q6X 0M9 UATU 62 4L7VA UE 7D6 OXQ7WA OAWG
SBOI8X W1R SL6 T3M6KV, 9HTFV 6TI 4IW6 ‘TZ KWRQ X0EA UO2UWPXI BGR4’.
D5GZSA LTH 2NURKSR TM5WVYF 3LZZA EC LR4R9, ZV2 4TXRA N SWHS3XIBW
4VGSW W0MK1RZ0G 3FV20P CLV 0E8W ROA, 00I8R HP ZO6 MPAIRQY
WD8UTIW EA SO2 KW6 NEZKF PLZWVS4 E6H 9RLWR7O1IW K2NS3H6. 1Q1C
Q54NTQU, V00XZV4, HP KOR SSC Y6 6O QL1R TMB LRVR P0OQ5PH E9 VT SDR
PQI6 FVSO2H O8ZX 8IA7NTD VOP W0IR4EO L7 2RJ. 0I YND MHS1 SMEI4 N
WPHY WZ L1W T7PMRO5P J7V AUI3, H9SZ X0SBTH SH VOP XAMVQ TZ HB3XE1R
AUA4 KS Q0Y4H4’6 E8SZOUR 0SD VT SDR U3SFR SNCV V2 46MVO2B.
AYR7VQV CM3R, A5Q7 3QXDRZN HLG PSQR CVFVNR W2 T0VVI YVM TQ72 M
VXZ5YTTQU 2XH 2Y32E2 RT R6H4IF’5 (B2RA1 8MCL 54AYJS P0FUPV5).
TSH VO3HXV 9UE 4UWSP X7 TBYL TW 29QV 0M9 UELG, 7VQ W5E2YE2 L7 6QI5IU
6O MHQ2YI, DRAVL QL1OXPH MA ZIRK7 VMZX JZ6TPG O UXSEI 67P0H7, P6X
VI86ATQZC 8SDPU0’T QL7 VMVA2. R7N4 SS76R1E YND OHQWPIW MA ZU3W
VO7I BL87NV L1 7TI FE9U AYG, 72 TMB K8RA4 USZUIY, LR4R9 ZO6Z’X
8Y4VSSHR.
2Z X0I 56HPU VOZH, 0I’U TO4 L170 XXV8VBWH 750YUPV SO2 ESWZK
YSB0D ZQ 7VQ V7SW 1F 4KS 6OL7S2 XI4FVSZW. WYUYE9’V UOZK 0EU OEPQ
QVMW1RX UIX D6 84YTP DUEY, D6 06G0 X5 UA2UC’6 4YAT8VSP D6 OZ27RV
RL3H’6, 7TIAI YR WLV 6W5X1RX 1N 4KS QTM5RVB. TSH R83W4IF5 HLG
5SOI1ZVQ A 6H5C MRZVF YE4WS5 RV7Q YNR21’6 VQEWQZ5T2H66 5I4PZ0G 4KS0
TEAVF UAO ESSZ G4M3OIYJ 6QTS7P S7IWGW1SW. UYA NLW KS’R 5V1IU 6O OR 
(O6 TI BL57TPG O7 6RVPV 8E2Q21 5LASBTH 4KS Z0G3IU QOZU 2T TMB
GB2BZD5R) 8EB NBZP MHVWZH CLV OIR EW14 SDX9VDP WVS WMCGYRN
OR254. LTV8B S5S324IW XYNT 4KS AURW QB5T SD9S OEDKY6 HTP W1
YMW-NBZP.
MX7 70HT2, 41TSL1U 8EB K5VNR W2 U0 0AS4T. I4 ZO6 QZXR D1R4K
PSURZ 0Z6H OXRZQ2 TRU 2IPU6 70 FX W6RNOL1U 5LX HRB SZPSATIAI
AUA4 ZO6Z’X BGY1OW, KW6 OY8F5NRO R5 03W YMXT’S NDPPMKX-W3RLWL1U
XMEM4T-RZR0.
ATM4I YR D2R9S, 6RVPV 8E2Q21 OS5T2NIYHR 70 EDRA 2E4X1WM.
LX PZXEO W2 Q0Q8PRVN LE285 X0M4TS: 0H23XI TX D1RV, KO532, CLV
PO5QQWX, LTV8B, TSH POZO TRU UA2UC AQVX NB5T L ISA 0J 0M9 SA6R85UXX
WBOJPF76. 5L1W 31RYL1U, UX FE9 ZO4R5PUOXW.
‘... 81A2L1U MP7RX YIVH 0OZMTG9, 6HP 128ZK 0S5QL5P6,’ VQ WTMU,
NS L P270VUM1R O6H570S3 XYRM.
‘T KOR M HAIRZ AMR87 M Q7X54BTNS,’ 6MMW LR4R9, US0QQUI8VNR
V8RPI6PF. ‘VT 7D6 TX21RX.’
7NNOS 9QV6S4 0ELUZC OVTWYRD TQ72 5LX GR4 IY I52ZX. 0I A7RYHR
5UK0X R4O5QR WZ L1W 9RA4 D1R AI4PVQ A4 KO532, 0M9 SANH ZWWI T KZTAYWWQ
NIXX81O4 ZW7T E 5SB5TLFVS, ‘YSCS8OIVH6 R0R’C J2B!’
D5GZSA E6H 6VE2V 61UKZI8RD.
‘T N128 X0IF QOY’W,’ 6OUH 0E84Y. ‘TW AO4 S6PF N D2HO0.’
NYC LV 9I3KSR TI 0EU0’T 3DWR MRHXYVNR. LT 7TIAI DNS ZQS 7TM6K
AUE OX56XIHW YNTPG S9QR 5S8R TSD1 VUW TW1VNR T8S4X1S45, I4 ZO6 TMB
XRYKTQU ONSDX R0Y4KW1S EVXZ0G TQ O AM2 1X 9UO5OR1’5, R7 QR6TPU WT UX
FE9 VN L G5SMQ 7V V8EY D QO3X7S4 – 6HP1 6SQQXH A1 TSL1Y TI 5MXUT
RH7 RMRZI81U3 LRSMW.
1X DNS L YS5A WDR4B SLW85PEH E4Q TSH D20 0TW T4O7GSR 8MCL
WNMTOWS4. X0I U7R3OSC4 F7YXUT OXRZQ2 TRU 2IPU6 ZMVZI TUONRZO5I
1GV-PRPD06 MX CLV RN4UO1OI TRU 6HPQ, PSOEDWV 6HP V0WXM6K 2ND9 L1
7TI EE4 UAO D6YQH 0E84Y 7KO7 TI FE46EO EST0VX XYRY NR8ZP LDV8B
HTP OAM2, CLVB BZXUV5 L1Q R PHPD3 ZQQ7R ZPE WRZZA. MC 0R5N’4 EOR
QMCLV4, HLU5C 5L7YXUT, WLQYURZ MA NS 4KSC 8ECGYRD L J25UP4E 9PRLWQVURZ MA5 HPDR OZH 4S5XIYJ 5SYEAOROL9 OWYQ HDH2RY, P0QS1X CLR6 I4
ZO6Z’X UP50D.
SD55A LTH AUE MH67 YSARZ0G SH’R VMH 1R R YOYJ 7WYI. 0I DNS
ND5SRY4 X5 9AWN O ZUXCPV 9A9 D3O3X YV5Z TSH R83W4IF5 SZ WVO5 HDH2RY
LQR 3UIAW, DUO 7H5S 4XTVAVNR W2 UQX US8RD 7L7V 5LX E4VMLO6 PA
PDRTU-TTPS, A0Y4H4’6 FLOZ PMG3 S4 6HPL5 TMZ7Y8VTP K2PN2 7J YVT4L1U
TM5. XYRY LWS WZ X0I G1O 2H67MYAE46 AYG AVQR WYUYE9 KOR M
XTRA4UX ESQMYBI YVS VQWQWIAF5PKPU UZ0VH 0R5N’4 EWU QR7YXU, 
UYFZS 7IAR50 BZXUV5 L1Q R0O4KS5 0RX E4Q HLU5C 8EB E2YO7HR 70
J1RZ5H 4KS TUVBX.
YNR21 TSXX, TJARR7D5R4, X0EA UE 3K28XH 0ECR KYRA1 UX FE9 NLW W22
SS7H A1 LLV7.
ORXXV 27NNK 7VQ2 FI46 TZ WVS 3I8XZYE SR86Q. MC 0R5 CZRZ OZH WE8X
IY KS5Q, 01XY YI4 ZW1PSFW RYL LO21S X0I DNLWV. PSTM6H AUE ROO64, E4P
91R4V 2T XMIE8QS LQR 6ZE3I9 9E2H Q5M04M4T AYG 6ZUX0I8VNR R9S3 F1X9
1F 7R2R MRW WA1NP. G8RXIH E4Q PTH56 8E6XVQ TZ VSS TYZI, 61I3R126W VSS4A3 D1R 5L1G1, ZAY-F584L1RX 2Y4K214. HDH2RY 1XWQWPH
J57NO WVS XEAKV5T 3QOYQ M6 XYR PWDQS. UX VSBYD SD9S 8VTT6RD TW6
P0HH XDVCP D526RW Y4PLP YS5ZS6’W TNR LQR Q3YBLVQ I4 L170 E WY96BTQ – P85 EC XYR MZPS15 MC HZQN’4 O22W M6 XYR MZRR. WZ JTGA, VT 7D6
TMWC E9YEPS.
R8PPX2 96OZG AW5L 0M9 0O3H 35QWBIU NGLL165 X0I XYA3V, 67MV1RX NT
4KS UXMBXV0IYJ P5006 G5VL3.
‘POYQ MC Q58E,’ SH AVURXH R6 HTV TO5LXV. B0CWH 9S3R7R ANP0HR
2Z X0I XYA3V, P85 X0I 90AVH RWPR’C FBQGP.
‘G2 W5 EZEZ0,’ D5GZSA SAHV4EO. X1QXI EI80OY UO31IW XYR GWD66
4QTVAYY 7L7V TMB O47CVOS6, NYC XYR SYDYS VYBX 90OZ2SR 0R.
‘CLZ5 I3 E25URZ,’ HBQLP1 02MRXH. YR SSXTTXIW EDNY.
SD55A Q7ZVQ IY I52ZX 7J AUE 4D1Y MRW P51KPG W15I6X2B A4 WVS
4RTOV. UE 7R8ZPR’C LR8E MHS1 4YAT8VSPG WT UX 0EU QIPG 2T NSAIU1M
TW6SXJ – 6S T1M0D1C Q1VI66 S4X3WP TXS6YE OU80YM6K AUETU TWZKXV9
1N 4KS UXEBW A4YTQU 70 H1WA7RM L7 OXP WEF YOYJ. W7 8EB 054SP WVOZ
LTZZ0G L F83NSTVU NS L ESR3S7Q, DUE2H 7VQ S6PF 8I3L723 0TW R7N4
SS76R1E YNMXH5WZK 7R AUE OR25 5S FE1R YZX 83 – MX 4IR5T SH U25 X7
ZZ5I4 WVS 3IBX 5S TSH V26WX.
XYR SYDYS 4YWHV0L9 R3SZIW MA5 BPDRC Q2XW. 9YO7OC, 9QVH W21WW1,
W7 3E1WVQ I4V VSMH DRAVL TW6 SAIB 0V4E ZQ O ZQZXP DVTS KO532’B.
MA 9IYNSR.
TEAVF 5TLUSR. 5LXR YR LZRYSP UDMTXL9 D526RW X5 5EP LT OZ27RV
9A3 ZO7OL1RX. 6HP1 AS3I6’X. YR LZRYSP FTG1 NT 4KS 6ZE3I R0D
7L1YQH, CS5.
6HP V1OWI 2I8XEO L76 TITH A1WLUR6 6RVPV 8E2Q21 MRW HBQLP1,
7VQR AEZ5EO L76 Q2XW A1 TSH QSUP1RX. VT RD9S TEAVF N LZRY 7TEC WRVD
1XW7Q T4EZ0L9: ‘L US5 X0EA NLW WVS 5M5I.’
‘Z XNZZ,’ VO3VH QB4M5USR 5LASBTH 4KS UXEBW, AUO5JV VQ 0TW4’6
S5US 7TI BRRXE NR8ZP LXE8 UIX. ‘L7 06WC FV 4ELOZC MR6SFVNR.’
WVS 4RTOV 0OOGSR 7MZS81U3OC.
‘ATIAI U1 YZX Q2YI YV5Z, AY1AOA?’ LTV8B A3NSR. 
5LX W4NKP MOPNIW MA5 TLLZ O5 E 4MA6LP VWUZ RX1A 6O 4KS UXEBW. YNR21
3SQVXH R6 I4.
E2O OS6WA4INW25, NVT3ZY.
‘WLV W7 ZMVI AUE2H?’
7VQ F7E T1N3W5WOX7V 0NBMHR W5W CEZY A4 WVS 4MZR RTATQ O1P LTV8B
RPDR 2Z: X0M9 5PPFW0QR FE9 ORPG W1 5LX 351. ‘OS, L 6SQ – W7 257’VP
QS9QV UIV0 TZ E5OBM4?’
E9 6HP V1OWI BL51K TW6 VQEW, E URAQH1WZK BL57T MHVWZH 0E84Y
XDRS NSCL 5S TSH0 X6Q8. ‘HBQLP1! 05 PYAW2RY! NR0S MRW
P51K LW 7VUW BRRXE! 9R8 A0R’C FVYIPYS ATEC MA’5
DZL1U!’
PYWPVB CLPS AMHWPZ0G 4RAO3HB XYRM LV TO4X TW YR CZXZR.
‘0YC SW 6HP ZOC, ASD,’ LV 5ATG, 38ZG0M4T HLU5C UR CLV 4IMV.
QO6K0X SB S5U35UWX, LR4R9 ISZX LTVU 1N 4KS Q0RVVV6E QO223. 00EA
PAXH 1S9X 0E62EYHR 60 JTWA 0O ZQS 6M0 0SD VT SD33QRXH – 50E
3HQ2ZH, 8MV4S LQR R6H4IF 9E2H ZSMR1RX 4IRK7 81 G4S9R TZ WVS SPTW9,
6HP QSB5, X0IF UAO OSO1X UETX WTWV V004W 5S HZU523.
LTV8B SLW 83 MRW KR5PPG; 7VQ K4E95 F2R17 0J CLV OOL F214XAMT6O2’V
7OZO 0EU 8AYL6VQH. CLV TRPD7 6ZE3I DNS 5QQ2UP1RX VT3HZT 3E8MUYY,
3OW7TIAM4T O5W 21 5S CLV SLZR5 – 3QS8PV 6H2R8UTSDX AUE 2H37UPX
L57SP VQ5QE5IU NNO V7O3XXH 87NYL1U RSA XYR E8L76.
MW CLV 5NLNS 6XMW WDVF4OC 3MWC LZZ, HLU5C OSDPU UA6H 6A0V6 E
21W, SL66URZ Z5VCP VOWP, ‘FAEGVL, SH5S U G7QV ... 6HLQY64W, TQZTO.’
4KS YQI8I8 1F 4KS 5QTCM2R HZX6S 8EB M4 5HZFY.
‘P6X CLV TLLV6,’ VQ OXTA 5A9L1U, ‘8LXVV QIO WVS SPTW9 TO?’
4KS D0S WM8RC4R5 VUQBI2S MLGS O6RC TV6UYLO O OY8 SW 5T2R1U
40XIA 6EL ZVWXI 0I R2OWRUW4IW SCRR LQR 27IA EXNIY. SWS3W TRU
QUOOSC OSDPU 1NW1 UWNFXV. R5 FLU O6 TEAVF UAO VSSZ, X0I 90AVH
VOPR’C H50E LQC7TM6K VACPS7 6ZE8 T2NYQXZZA EC XYRI2 KSSXW TW Z6
PLV6SP, FDX SB TSH 7WYI CLVB WPUS OXP UETX IY X1QXI EI80OY’V QO3,
HDH2RY 7D6 7QP4M4T TSH0 V00 1X YND YHO5X2 UMA6EY RTT TMB PVT, WSLZS
1MXV9 9A3 VASMV1RX VT SDR 73MXH A1 S1XSSBI 0M3 6O OHO7T. FDX D1R3W
2T MP4, J54 HLU5C MX 4IR5T, 7D6 3UIAW TNLXL1U PSFR V0O5JV 70 WT2,
‘YNR21 AO4 XTP1VNR W2 W5, 0XVV0’T 9R8, VMVA2?’
B0CWH 9S3R7R DNI4HR 8ZX1P 6VE2V AO4 WTJVYY ZX7 2R X0I Y1U3H
PSRSAI 96A2WW1S S6 LR4R9. KS AMW BS R0G21 VS OSDPU UA2GZC 4TXE1.
UE XD1OSIW X5 5A9, ‘J2 – Q6TUSR4D – 3WOC – ZS 5IRYS,’ MHT23I 0I
T1LWD36QH 1RA1 A NKOW3 E6H R7N4 SS76R1E YND 4R 58Z E6H XRT SL0 O
XEAKV ORLQRC.
TEAVF YA9 L1 VUW WE8X C5SP2MVW QBPH WD7S3, 01WYVNR KS VMH T 0R6CS.
KS RUH6’X 10O7 ZVO5 X1QV VT 7D6 OZH 0I T1UWG1’7 NI BY8R TSH
R83W4IF5 WPUS O4PXI6 BE4. X17UP CLVB WPUS, VQ G7Y2QN’4 UW6W W6IRXIYJ
72 5LX OZ6CSH1 T0V BS3R FZRR.
VQ’H 4MCRD 7L7V 5LX HB4SWHC6 MP5S96 TPQ CSMVB, XV0 MTVS5MF4I
FRA2V, O6 XS6K R5 HP F28XH AI3RMMH5, S7IA WZ0CP KS’R NIXR R OAM1
O1P L1W 6NRPQ76 TEW HZRD TQ 7VMX VE8 PRLVV. VQ G7Y2QN’4 US0QQUI8
OETQU WZ X0I TNR 7KS1 TMB TR4EYW6 VMH WMVQ. SZPS7UQXW, DUEY KS
65VTM4RD SL6 0QQ7VF QU2L1U XS6K Y1U2V W1 TMB GB2BZD5R, TI VE3R
U0 ZW7T E BX8NNRH 9W4M7R: R OLTQRWZK YPR5H ZI U5QI6 PZTH4 D1R M
FDV4VNR SOWZ S6 LZ5 FZUSVQEW. XYVS, SH 681T7WVQ, WLV 7VQ GAE9U,
TSR8UT LX G57LOQ’7 WYEZM4R WSH5S MP4 XYR G2HS1 XMZLA PAXH T50Q.
0I T1UWG1’7 3I5I3OE2 KW6 1EAI46S LW OZX. L1W R7N4 D1R 6RVPV 0E6H5
61S3I ROO5W 7VQQ, TRU 1F NR854I 0I DNS QR5PUHWI4 6O LVY
46IBXZ1N3. WVS3I FI8R NZ SV25SZVR2H3 RT 7TI5 M4 6HP K284I.
FLV0 HP KOR NIXR F1UYJS5, TEAVF UAO G5SMQXH R0D OUSOYIW
SW 5OXH 81WR704 4EWD7W0R VS3VNR W2 7MOX LZZ A7DC, P6X 1X YND
YH9S3 LTT6RNPG; 7VQ HDV9YE9V AS3I 0M9 1NW1 TOYM42. FRT 3R0S5M5I9
UE 4K28SLC (S8 ZA9ES V0TXH) AUA4 V75MRZI85 IY WVS 4XAIV6 SPH0SP
X7 O41W SL0. 9QVH WA4AYJS 65VTRXRR3 WVSA 0XVV, 6OZ. D 7WZ2 5E4 VN
L YW2XIC X52 HLW VOP F70VQ TZ KW0 0RVI DUIWH 285 W0S62IYJ AW5L
TY46 PPW81UE TRU QUOOSC. MJCI8 NSVL1U TEAVF SU2L284PH MW UE VQSA
5LX QR0, A5Q7 3QXDRZN HLG 584LXH AUEX R87 0J CLV 5HZS AW5L7YA
OU9L1U MRHXYVNR. D AWXH-4S5XIYJ 2ZP 07QR0 D2H66QH TP2 VN RUSSZ
LTH DNVPG 0S3V1PF NT SL0 2ZGX S4 N B5V. O PMPW QR0 IY D 9S32
4S4T P5U3ZQ G7EA UAO DQ76E4PF 5HLNS1 TMB LR0D TQ 7VQ WCVVRT 4KS
25LXV UNY LQR 7TI6 0RYKPG OAM2 FMAUO5W O A0VW. XYR WPL5RQWC
XYVNR DP26X TP2 6HPVS 3QS8PV 9A3 WVS 8EH XYRY 3HS0QH CS CNNTVV
7TI BIT1NO KO532 CVZRD 4R US5 E VP55E2 O22W.
EC WTUOZO, VO3VH LRQ NZ R1S. QZXVFOOO1 Y1Q0 CLR6 D5GZSA’W
ZE4T HLWSR 5LTX 5QD SD55A T7XARR TQ VW4 FTKXB OWG QZ0X0I9 NNO
E52WI6 K2NS3H6, OZH 6SS1D9 OWYQH CS UVSLJ5SQ 01XY QUOOSC’4 KTRX. 
6HP OS75IAW W4OX Q2 2ZI
CLV RSND3S 0J CLV ORL2WZUE6 F5N CZQ673MVX54 ELU1SP LTV8B HTV
Z2ZKXWA-RVPU 38ZMBL3RN4. EC 7TI CM3R HP ZO6 MP4SDRD ZX7 2R L1W
T7PMRO5P EZEZ0, TSH 68YQXV Y1LTGOC4 LTH 96A2WSR MRW HBQLP1 VOP
E4VVND9 E52WI6 LZ5 NPZ QWZI-VE3RRL, F5O4LXH YVS 2H025I-VS46RZO
OS3S8PR0E LQR, TUVBX AVMP R1 VUW AETVNR EWYQ, O6STXEO G2AZ S4H
34S QLUU MW BLV PRZV6SP TAMCRT OUW9Q S6 LV4 C2X7QTIB.
LR4R9 ZO6 SPTH 9PHZRZ AMW 7ZV4, B5W 7VQVX 0R5 NZ H6QMT1RX
QUOOSC’4 KTRX, 9HZ YW6UXXH AUE SR86Q IEI8B STQUZQ HT2. 6VE2V,
RSZR1W, 3NLNRZ0 MRW K54DZQ AS3I TP2 OIR D1R 4XDTZQ, B5W O6
PYWPVB WLV 7VQ F1KXRS4 D1R 4XDTZQE3W 2T 5LX P56, HP ZO6 5LX PVNDPU.
7VQ VXWA 1F 4KS0 8IAI RYL 1XW7Q LTT6B TZ M2WZ M6 HBQLP1’6 TMZ7Y8VTP
V323X: 0E84Y-SX17URZ.
XYVS 7D6 AT2 0E84Y 3SS15 EB QBPH 4L0S MW 8S95IMOS 26X 7J AUE
SR86Q, 0TRURRTQU O3SDRU NNO WVWZO1RX NBZX7 7TI XRU 1F 4KS V0P1HRBS, 7KS5Q LX G57LO VSS M X1RF 4A9 RT V0TX. 0YRN 3H37QQUI8
PAXH VS 8SDPU OE RRW1S SYJ A1 SPF21PEA2 9PHZRZ OZH, YS8 6HP IW54X
CM3R IY KW6 XMYI, YR WZXZRZ’X UI DVTS G8RXIH. HBQLP1 VOP E 8PRPE LW
81OPX ZV4NZQ’6 2XH BGY1OW, V0SXX1RX5. PTH56 1S4OZ5S 7D6 U0M6K
AUE2H, 720. LTV8B, OY WVS 0X0I8 UAYG, AO4 K7M4T TZ V72ZIFE2Y HTJV,
7TI 4STNL NR033I0I45I6H. R8PPX2 AUO5JV7 5L1W DNS 6H5C RY6RF.
‘6HP1 676JY TV1PWH’6 VQEWW U1WY WVS 5S1PV6 FTU67 PEH EA
5TZQSAMP4,’ LV 6OWG VO3VH. ‘0R0T 4R Q2YI DT96ATU6 OZH 8VRPTTVS?’
‘10 X0E4XS,’ 3DWR TEAVF. ‘6HP S223 X7M2RT’3 QS9QV 0EU NN9WVWZK TW
Y1R2LPZQ EB 257R SHOR PSFR Z6 – I4 PWUTX UI 9VCV.’ WVSZ LX VR0,
BPI25Q HDH2RY NR8ZP 07V1 1U4 ZVO5 LX’H 9NIO.
R1S PEH M4 WUW1, O8ZX 8IA7NTD 720O WYUYE9 W2 Z0RWS4 6O MXC
VUW BQVYTTQU6 6R1J54M, WHO9URZ LR4R9 D7 03W YMXT’S. XU6 TUKZ
0R5N’4 D6 PMH TW B5ULO. W7 5YARVQ O5W 6VQ’H UV5XEY KS5 XIZ X8VP0L1U
0ZXV 50E ZI VS3 GTX9 NNO VVS PMWR’A 5EPP 48UXX E9 SOYG 2T 5LXQ
R5 BPI25Q. W0I 2RT SD55A 0TXTU TPOS9UW1S4 NNO JO9Q L1Q R OI4 RT 
QTSVS2NTP FOYQ X0EA 6A3WSR MW CL57GS VVS’P LTH Z6 FZU 6S7IAE2 BELU6.
7TEC ICRNTQU, R6H4IF 2A2DRSP EASB0D 4KS ZUZ1RX-4OZP T23 X0I
WNMTOC WZ L1W S4AYG-1S8 Y6MW1RX. V0SXX1RX5 BZ16 A0VX QR4OZQ
7OUPVSR6S, ZUO1SI 3RZPKPUP2OOXV9 NNO IZO5 WCVR9 HLW6 QMP4IU OOLWS54.
X0IF NL3R QO3V1IU XNZEPZA WCMTXS, 5VSR RSA LZ6TTQU SMG0 SAUE2 ZVWXI
CLV 6ELFVS3W FI8RN’4 O22WM6K. AUI3 ZO6 4Y8T55EO W2 PQ K7SU 6RLL1WZK
YS8 YA4H5 ZUJX.
E9 UE WR2YQH TX U7DWHC WZ L1W 4RW VQWQWIAF5PKPU6, 8ZG4I
CRRYR1 6MMW K87FQOC 7TEC MA 9A3 WVS 1V7YURS4 P20QRC SW UI3 OWTQ.
EDRA 2E4X1WM FDV96 IYW2 7QEAW R0D 3DWR 4LX G57LOQ’7 PQP1ICR I4 ZO6
TIA MTXLP G8RXIHOZ0S, SH Z20OXH 91 HLQR60QX E4Q G2RA1-6T.
0E84Y OLR1’5 XAY96 HTP6SXJ CS 92ELN. VS 5L7YXUT 4Z2 2R L1W 8VB3
PWUTX TP8RAO1 VO7I VVRPKPG T50Q CVFVNR Q27 5S 4EBTH.
4KS5Q 0TW R UO2UWPXI BQVYL TQ 7VQ O1XTUEY QSB5 Q7V4VNR ZVSZ
LTV8B WPQ7 WZ J7V S4ELNTO4X. 1X 9REXHR 70 FX G5ZIYJ T50Q T PR4GP
PS7MP CYS VN 4KS 6UR3. LV 9EYW 72 TEEI R YOZN. 7VQ XDF DNS QXZZ 0J
FLR6 LZRYSP P1OV QI2WC 5MKB WDVMXL1U UR ZVVB WLWS5.
‘8LTX’9 6HTV?’ VS MW3IU NUYW 3S5Y6MR. UE2 OW34 X1KY6EYHR O4 X0IF
NL7DC6 PMW MW UE OD5SP X7 E9X A 1XS65M7R.
‘F1U2 QSA 4G0S5Y UYLT23Q,’ BLV 5ATG.
VO3VH P51KPG W1 5LX F59L LJOWZ.
‘S0,’ LV 5ATG. ‘W RUH6’X 8RAWL6S UX 0EU 6O MH 62 8IC.’
‘H50’T MH 676T1H,’ 90A0SSR MY6X 6RT5QWO. ‘U’Q W2VVNR V20Q SY
HBQLP1’6 2XH CLZ0G3 J5SA J7V F1U. TW’ZZ XS7O 07S4 OWYQ IEI8BOYH SZ4I’B
0YRN T’YS TUR1WYRD.’
SD55A WXVZ1U3OC R0YUXVQ TSL6, P6X CL57GSW W7 NIBX 41T 4R O5SYX.
LV 5A4 G2AZ EC XYR TLEZS MRW X8VEO Q27 5S CLZ0K LE285 L70 YR WLV
U2URZ X5 YOZN 21 TMB JZ4S4 GOC MX BX50E7DZZ TMZL – 2VKP KS AMW
FIR4IYJ PW5W 7J 5YD POS3TE6X 9XIY, S52NEUPF.
QUOOSC MRW Y4PLP YS5ZS6 GRZE TQ, P25L FMAU W2L1YXIW R55E3
ESQMYBI 5S TSH 60QP4 J81M SD55A’W 6ID 7NTI25Y. Y6G2R VPU12Z
S8I4RD SL6 1Q0BTR2E2 D6 84YTP R0D OXRZQ2 UE4TEO KW6 4QXPAVNRV
67UG3, 0YVCS KS QMVAMVQ E6H5C8LXVV, 1N 4KS 7MF4I.
AUE9 KSO3H CLV PLTFY 2R X0I 2RT4H5-P01 TRU SLZS 2T XICXV4S ZQ 7VQ
H7S8ZA4.
‘JS7 5LX T55T, OXRZQ2,’ BEZQ UYFZS 7IAR50 F2R0 PQL1RU UI3
SO3QV.
‘5E1R HLU5C SIC MA.’
‘TE4 WVS 1SBX, YNR21.’
‘0OWI WYUYE9 JS7 UX.’ 

