28
38.842
24
29
38.5201
27.8512
24
28.2538
43.3112
23
39
22.0057
40
23
24.0427
28.1011
34.3721
27
25
25
28.5927
48
38
38
23.4673
26
30
23
29.0839
25.9284
30.303
36
35.3667
31.7298
27.5157
42.5396
23
43
28
43
37.3241
29
41
29
31.7887
27.1668
34
27
37.3453
28.9742
23.5543
24.2756
27
34.7531
28
43.3948
38
31.5714
27.3242
27.4441
26.332
30.1055
27
44.7856
29.8495
29.1173
28
43.4647
23
30.6531
25
30.2596
26
35.7201
26.1249
28.5364
34.7765
23
26
28
27.2051
23.3834
27
26
25
26
29
33
29
29.2874
28.0919
41.1502
40.814
26
35.8884
26.7737
28
29
25
40.5353
28
21
42.2472
23.6462
38
22
41.6637
48
41
52.6492
29.6374
23
41.8102
28.789
38
40.9739
25.0438
23.8035
40
30.1854
25
45.1046
25.1726
44.266
41
41.6509
25.1969
26.8633
27.1415
24
26
27
35.8366
23.9331
28.2552
34
28.6476
39
37
36.2613
28.3758
29.9964
41
26
56.4265
22
23.6685
42
44.4168
43
44
25
26.1121
25.0897
30.291
22.6299
30.8473
50
33
27
29
26.8479
51
43
39.0022
55.539
30.9523
39
27
24.6566
25
27
24.4531
26.2249
28.0156
41
32.1456
37
28
27
42.2603
33
41.1478
25
29.1211
43.1273
37
27.8656
24
48
28.8089
37
37.9145
23
50
25
27
38.7965
42
21
39
36
41
26
21.2514
26.3915
44.9347
38
26.4246
38.5595
43.7646
39
27
27.2147
27.8389
23.4091
39.0321
51
34.7509
26
35
26
23.2251
47.0822
31.2528
26
36.5248
25
43
26.0254
29.4555
26
26
30.0534
25
23
21.7229
40.2422
22
40.3711
27
25.5136
24
28
39.2042
20
31.3382
31.7355
27.8493
29.0419
23
24.9383
24
22
20
25.4041
32.7383
34.4619
34
41
25.8138
51
39
23
23
29.9805
37.2226
23
41
27
29.7404
24.8786
23
28.3693
30.332
25
39.0936
28
38
25
38
26.0152
29
26
29.8803
51.6975
52.8686
21
28.3522
26.3674
29.2334
42
33
30
35
46.8119
39
25.9355
29.7703
39
43
25.6905
27.2834
44.0966
24
26.6258
28.5188
42.0667
29.1324
43.6689
41
30.1043
28
24
35.0212
27.2272
25
25.1863
53
35
27.3731
26
42.9345
44
26.1153
26.4066
23
50
28
35
37
30.3289
43
24
39
23
27.3245
42
44.2158
28
27.7414
39
36
26.8833
23
39
44.8404
26
37.252
25.5783
34.1481
49.1826
46.7493
26.9057
34
41
27.3266
43.9018
29.366
29
36.1224
34.6331
33.4336
24
29
25
25
36.4837
25
43.64
38.4103
27
43
30.4051
26
28
28
27.3856
28
33
51.4119
37.8506
24
26.9197
41
28
39.9171
26
37
27
39.7407
24
23
31.1948
41
43
23
41.8044
44.3716
30.0767
42.2782
25
46
37
26
29.7828
26.0389
29.7162
55.4903
25
23.3572
30
21
32.8947
29
49
37
24
39.018
30.7927
26.7705
26.9839
33
26
27.6393
29.6099
27
39.4299
25
23
29.6398
42
24
25
59.6445
24.5906
24
28.3792
23
27.5445
29.2991
24.8446
26
37
25.3252
35
39.8975
28
32.0199
32
47.3294
30.4424
24.6044
25.3138
46.1156
25
26.0061
46
30.9445
27.2238
25
52
37
37
41
39.3779
29.6011
25
26
25.572
26
44
23
42
24.9481
39
26
24
38.2976
23
29.2603
27.4155
31.8424
39
38.995
27.9999
28.4849
39
30.5158
28.7908
29
37
27.852
30.6051
25
43.3933
52
22.6269
25
26.5402
36.4333
35.1284
25
21
30.6633
28.4625
29.7931
23.5231
57.5913
28.2296
40.3951
31.1839
24.2309
32.4108
25
29.0004
30.1579
39.1412
25.5823
26
25
22.6144
25.781
26.8982
25.2952
35.8488
25
41.0741
24.9958
25.2066
27.5084
26.9957
27
28.4067
25
44
23.8986
24
37.7721
42
28.9984
42.762
28.189
26
36
27.9415
47
23
24.2653
28
28
27.4866
25
26
30.1273
25.2128
30.2064
39.8476
41.563
24
39.9398
26.1633
43
27
21
42
43.4369
27.1628
27.2943
26
36.173
27.6758
26
22
21
25
26
54.6657
29
22
28.4937
44
41
28.7468
42.3151
50
23
28
22
34.4366
30.181
33.2544
22.1905
33
38
40
42
25
39
34.1205
29.8629
40.9942
29.0402
39
43
37
30.5241
29.5353
40.9362
39
20
27
23
26.8413
26
39.9758
33
23.794
24
47
27.8978
39
22.9944
37.192
32
28.3499
27.9552
43.5876
36
50
41
24.3635
25.2245
27
30.3481
38.7526
41.3873
50.4103
35.2416
24
26
38
39
27.7935
37.7353
26.6869
23.6883
37
28.6934
39.4408
25
26.2215
30
34
31.2732
37
27
26
30.9762
36.724
26
24
23
27.5339
23.1466
38.8725
25
39.5391
31.8187
40.6207
45.3926
26
43.3229
30.3477
26
39
39
25
23
43.0599
27.7935
23.4081
33
36.4785
24
27.1312
24.8462
28.1454
27
23
41.9047
25
46.8306
28.6998
30.6519
42
26
39
25.2656
36
24
26.7563
44.7526
27.7677
28
42.2055
27.3856
33
37.6392
39.1912
20
23.6906
36
51.2416
25.7987
39
24
41.1136
42
38
27
26
24
27.3601
38
25
25.4173
30.1881
39.6253
27
26.3576
37
42
39
26
37.3518
26.9391
25
53
41.1144
44.3606
24
28.1934
51
36
24
27
31.3637
27.4206
26
43.6526
23.6185
26.722
40
45.3849
29
29.8953
26.4027
36
35.5976
33
22
34.9499
51.2421
23
45.0776
30
22
30.1907
25
25.8571
24
35
25.1786
26
21
27.5556
26.6289
26.8408
39
37
26.3742
29.2226
34
26.3873
34
29
23.2856
26
26
24.9021
37
22
35.1902
35
43.1892
22.3695
32.3509
30
23
31.4621
28.9104
26
43
39.1566
25.3921
27.5997
41
27.293
27
25.296
24
43.8695
38
41
24.9007
24
36
25
38
29
35.4937
34.0379
46
26.2366
28
41.1315
29
26.2833
40
23
29.9538
37.5349
28.6311
27.6018
39.7287
38.5802
29.3845
29.1197
40.9786
23
35
29
22.6168
53
26.642
23.9914
27.8284
31.4168
36.8986
28.1467
27
29.3089
25
39.9141
37.3058
28
26
23.8006
34
42
36.9098
22
24
28
30.7809
33
43
21.6902
24.7837
39
26.9298
43.0553
27.4873
41.3299
45
28
25
36.6798
22.1835
28.2199
26.8293
33
20
28.2128
25
44
37
31.4852
29.0959
51.6053
26
24
30.7953
26.9828
26.237
40.3853
39
23
40.2584
26.0768
22
30.0766
37
41.5744
38.4672
50
30.281
46.2086
28.0972
23.8256
27.8742
24
39.2148
39.4773
24
26
34
28
24.6182
26.4092
25
37.0642
38
28.4759
32.7051
31
25.1132
22.6559
28
39
31.162
41
22.3527
28.2215
36
23.6109
25
24
29.6149
25
39
38
26
24
24
27.3484
26
27
25.2067
27
36
27
55.8601
32.5183
27
52
21
52.2169
26
25.7849
23
29.3146
24
27.6616
33
29.1733
43.4469
24
24.4138
51
21
43.9507
27.454
28
37.3463
23
27
47.7429
26
39.5019
40.2113
40.8707
36.5325
29.3644
31.5415
27
27.1281
28.6572
27
27.2986
22
26
27.0383
32
23.5986
31.4265
27.4452
27.8386
26
30.0332
28
26.1673
25
30.4189
38.4657
26.8052
30.8477
22
39.6464
28.509
50
42
35.4497
39
29
37.7253
26.8865
24.5363
22.5203
27
24
43
42.1526
37.7364
24.3909
51.0268
36.2294
26
31.718
20.5885
25.4993
40.7216
43.604
30
36.2151
22
50
34
24
27
36
24
24
35
35
39
20
30
36
52
26
43
32.7059
39
28
45
36
25
27.083
37.8321
25
27
24
26
34
37
39.8569
40.0316
29.2876
42
40.73
37
22.6632
31.7379
29.4096
39.012
34
27
40
23.535
31.4414
24
34
25.2676
33
30.0614
23.4787
41.6813
29
34.4061
27
38.488
25
31.6357
40.9547
45.1953
41
24
26
29.1153
25
36.351
29.1232
29.9235
43
31.0915
29.3095
28
42.3411
39.9347
25
24
28.0226
26.776
29
42.4711
31.3006
25.4388
26
29.3822
20
35
25.7986
24
22
39
27.5874
42.633
27.4885
21
27
28
32
25
36
27.0592
45.8503
24
37
28.3614
28.0857
24.2663
28
40.244
24.1694
23
36
40
27.0851
44.6661
35.8242
27.5411
30
28.1378
36.3906
36.4192
26.4501
25.6568
39
28
26.1397
36
32
29.0957
25.7024
27
28
39
27
25
35
28.1079
36
24
33.0679
29.7757
33
33
26
26
28
30
25
25.7559
28.5474
44.3303
28
24
23.7707
42
44.9931
41.7198
41.6418
28
42.4534
24
41
35.7461
25
28.7233
26
30.5103
42
29
34.6246
26.3657
34.1238
24
29.9673
22
41.9431
23.969
27.3178
39.3607
30.6061
24
24
26
31
24
35
39
28.6538
25.7581
26
38
27.2095
29.7825
30
26.6677
43.0309
23
37
29.9548
41
27.2055
46.3623
42
30.7177
45.9123
26.1499
26
30.3542
29.6158
24.2628
28.1965
24
26.2772
26
23
24
24.5491
27.5084
24
29
51.3372
21
28.2838
41.1988
28.2096
27
29.7373
35.9152
28
24.6673
30.369
24
25
38
26.2228
30.4885
23.4916
32
28
34.0435
28
22.7826
24.878
43.4755
24
28
37
57.011
24
23.7581
27.4415
32.0022
45.2972
25.6613
34.5145
40
39
41
50.6277
53
29
45.9332
25
23
37
41.3232
27.803
39
40
28.3441
25
36.1642
24
25
23
23
27
26
31.8017
37
27.838
26
25.9351
37
35
53.0657
37.3488
24.6414
27.2041
28.7044
28.1201
24
44.5823
41
27
25
26
26.7038
30.349
54.1814
38.3404
43.9918
38.0638
26.4927
27.8183
27.7081
28
37.6756
30.6089
30
43
21
30.7048
28.0767
28.1567
37
38
24
25
42.9533
25
28
41.3763
28.6224
52.392
23.6234
30.1223
25
26
27
28.2681
25.6544
48.4988
41.8395
27.2446
21.7615
56.6039
27.872
25.3852
23.6741
27
54
24.8678
40
38.9244
25.2021
28.599
28
24
28
22.7298
38.1241
38
36
52
35.1288
25.7925
27.5246
28.9633
23
39.1331
29.9533
53.1051
26
26.5551
25
40.5787
33.5623
25
26.1098
24
26.3639
26
52
41
41
24
24
37.9216
27
27
43.2344
56.3113
42.8493
26
29
23
24
24.4796
28.7958
24.4343
36.3386
38
27.5223
20
27
25
28
26
50
28.448
51
22.8611
29.1106
28.3428
39
39
42.0771
26
22
49.9008
25
44.5056
39
31.2216
27.7285
56
38
41
23.7214
27.3084
47.3244
25
25.0595
25.8368
39
42
40.5746
25.2051
27.085
43.2492
41.0503
40.6542
27
37
27.2301
30.1874
39
27
33
26
50.2523
27.4461
33
30
28.7061
28.0725
24
25
28.2932
29.5862
38
44
43.5509
30
26
24
26
24.2207
26
29
26.1173
38.1944
41.1533
26.1771
34
28.0128
42.4894
24
42
40.4752
27.4988
27.1243
23.9503
28
25
26.9357
42.6118
20
30.2159
30
26.6415
23.891
51.4013
25.8207
37.4187
39
44
39.4521
31.4112
24
36.1915
25.8678
43.1914
28.6731
24.2457
29.6889
27
38
29
25
25.9726
27.1191
27
40
26.8916
35.1857
25.0814
26.539
20.6179
35
36
26.773
26.6548
28.2396
42
24
37
45
37.1586
27
28.8465
38.0682
25
41
39.6952
28
39
27.8569
40
50
38.0241
28.3428
41.7494
29
55
43.3059
40.2215
42
40.5762
26.5758
51.7841
27
22
28.2589
29.753
24
26.2438
46.2554
28
28.0851
38.0733
38.2816
33.1184
40.6426
25.9956
40.4736
37
23.0406
26.5437
43
37.6757
27
24.3428
24.9048
29.9396
24
26
30.4543
25
21
26
23
24.242
27
41.2964
25.2886
25
25.5641
29.601
30.1969
38.3271
28.8341
27
41.0117
37
34
29
29.9848
22.9036
45
28.4831
26.487
37
26
35
25
26
26
33
23
26.5068
26.1868
29
25.9005
36.8575
36
30
27
35
41
28.2605
38.0743
28
21
28
29.2542
30.6256
28
40.3182
56.5474
27.2653
25
27
41.6973
26
23
25
24
42
26.7714
38
29.4573
28.8153
25
37
28.9826
27
35
28
49
26.1633
24.8141
54.8147
29.8112
28
37
27
23
24
29.5745
25
38
26.3
34
22
26
24
21
45
24
35.9884
27
33.6924
34
25.5496
26.1284
27
25
40
28.1595
39.9299
26.3166
23
24
47.0627
27.8201
28.5984
37.6844
42.1127
25
39.9079
36
28
43.4811
25.9715
27.3612
38.5395
30.3598
31.1594
38
25
38.2519
41
41
26
28.5268
23
27.3017
27.665
31.5882
29.5717
39.7896
24.5458
43
23
51
29
34.7465
25
41
40
21
41.4697
30.0692
23
25
47.9761
41.8366
30
26
34
35
34
35
43.569
44.3721
20
37.817
28.3312
29
34.692
28
44.8217
26
22
26
36.6395
27
21
28.4244
41
33
34.6929
37
44.5071
27
26.3134
41.8216
24.5819
30.3074
40
35
39.4305
39.3365
26
23.7911
33.2942
24.2845
27.2051
23
50.1894
29.1048
41
26.9508
25
24
23.1445
26.7291
25.2664
27.5832
28.8086
28
28.2213
26
38
40.4224
42.8437
28.5196
21
41.9082
36
25.1761
25
52
25.2894
23.5321
28.1313
26
40.3734
26
29.4853
25.9757
23
41.1802
26.9533
54
23.294
30.9995
28
27
28
26
42
40.8895
40
33
26.6875
43.0052
26.6484
38.2285
28.2632
42
47.3468
26.1514
28.6852
30.6583
40
24.1298
53
42.4391
31.6427
25
42
28
23
38.5055
28
28.0125
38
23.2517
26
38.1533
33.8277
37
26.1395
25
26.0189
22
29
23
22
23.8403
51.3508
39.6877
46.298
25
40
30.3889
26.7705
31.2967
41
26
23
37
25.7773
26
32
38.8715
30.0442
22
27.7264
56
29.3128
28.0503
29.3197
25.7394
36.1798
25
38.0243
26.4326
28.9247
27.2264
27.1429
25.6503
24.9579
35.6555
26
29
29
40.5458
30
32.3699
42
39.9679
52.692
28
41.1202
25.9104
54.3131
20
24.6187
40.1915
28
34.0012
25.4296
27.2732
27.7757
26.0724
23
39
25
28.7786
25
41.2449
25
42
27.9176
28.8374
25.2137
26.4175
40
28
28.6345
29.9171
29
26.0366
27
25
42
27
35
50
27.4479
38
43
24
28.7776
24
44.4474
24.7229
29.6294
26
29.9975
28.7097
29.3879
20
33
42
26.7745
20
27.4099
45
39
23
42
27
20
25
40.6884
42
25
27
25.8089
21
24
28.2351
41
24.9764
26
40.3367
37.8777
28.2998
26
20
26.8292
31.0132
27.8667
36.5936
30
27
27
27.9074
25.5365
48.2974
38
39
26
29.0903
20
25
25.7759
27.5059
39.4144
30.2416
24
28
28.7278
27
36
25
37
24
25.4615
26
26.1629
26
24.7138
42
24
26
25.5638
21
49.0104
26
25
52
27
29
24
23
27
29
43.0817
21
23
27
31.78
32
28.6764
29.5558
26.591
29.6537
35
39.8362
41
35
38
27
29.4717
28.3206
25
23.8657
25.4737
24.6842
43.6642
23
41
24
26
23
25
29.5725
26.688
26
45.0397
28.1472
25
26
43.3365
42
38
26
43
41
40
27.0359
43
27.4151
39
30.0752
40
27.3646
26
41.2559
29.9984
27.7638
20
28.2041
39.3797
26.8704
28
21
28.2259
24
29.1672
36
28.1359
41
37.3336
25
23.0753
26
28
23
25
37
28
38
23.664
26
37.937
30.4104
41.6258
23
22.4632
40
26.2464
31.1029
40.3198
36.6723
51
35
41
28.0644
29
27.7535
39
27.9441
27.3626
24.9553
22
25
38.7246
28
27.9443
44.0482
24
25
42
45
25.9008
28
21
27.8009
39
21.8128
23.0029
30.7307
41
24.3554
32
25
55.4824
28
23
25
21
32.953
23.9377
23.3718
49
25.118
33.3209
28
39.1665
33.0051
26
23
40.0421
38.1243
40
26.6271
38.4902
22
27.9616
38
41
29.5247
29.2148
42.2151
25
31.1503
29.2892
24.5063
43
26.7444
21
26
41
52
39.6585
47.1251
26
35.2102
25.6759
25
28
38
39.8393
42
49.1773
23
25
26
30.8149
39
35
36
26
24
23.4184
26.3626
39.6458
25
25.8672
43
53.439
27.2719
25.7233
25
32.3452
47.8839
24
26.8342
37.8414
22.3987
37.7178
39.9544
26
34.1255
40.1766
35
26.7985
28
23
21
24.1772
33
25.2008
22
27.2631
24.4454
43.6144
27
37
25
45.4891
23.7887
53
30.0934
25
44.1463
35
35.9603
38.8015
24
23.4083
38
28
37.4278
41
44.8146
25.2442
27.4164
38.247
22
31.9467
38.6593
41.7247
25.7876
43
52
32.3683
25
28.7665
36
44.2843
54.4228
25
21
26
28.0201
26.4835
36.3918
24
34.9166
38.847
26.274
30.1934
26.4711
24.5904
26.9023
28.3247
38
26
21.4785
39
29
25
26.4411
29
29.0394
28.0993
26
23
23.3001
28.6361
25
20
37
37.4423
26.0332
36.4215
42
29
45.4529
29.436
29.5538
41
33
26.7914
24
37
37
44.2626
27.292
38
28
26
47.0583
24.036
27
24
25
24
25.7359
28
24.8532
32
40
26
28
26
27
25.3983
38.5037
36.5831
25.7794
44.6751
23
29
38
21.6709
29
24
45
26
26.4946
26.7068
39.4712
29.8457
27
37.6589
31.4752
46.8337
34
37.07
25
26.764
30.1291
21
27.4089
26
29
37
26
24
29.1025
27
29.1338
26
30.9981
29.1411
23
33.2161
34.634
25
26.9686
26
34
33
42
24
26
55.537
26.257
24
24
26
27.1434
28
29.1457
29.2704
24
33
24.661
29
26
42.3975
29
39
40
28
37
39
27.1954
25.9918
42.0488
23.7554
44.7776
30.2269
21
28.952
27
24
24
33.9913
30.776
41.9283
25.8693
26
35.4653
24.7405
27.1288
23
28
25.4933
28.8196
25.0082
31.1447
27.4805
40
47
27
41
38
25.6726
23
24.7069
35
42.1926
26
21
24.6428
28
38
26
25
36.885
27
25
23.7166
30.0375
31.5263
41.7701
25
26
44
25
21
24
46.3262
28.7433
42
37.7218
38
39
28.3296
42
23.1809
27
26
23
39.8012
36
28.3853
23.8496
24.9059
41
39
51
23
26
44
34.7845
41.101
29.9283
28.9587
25
44.2948
25.4081
24
49.0367
27.0302
30.7211
38
28.6553
20
23
34
21
47.4592
27
21.1806
27.3185
37.6028
24
34.6089
40
40
54.4398
24
22.8903
29.8729
26
36.7198
25
29.8119
51.2313
41.3663
28.3731
26.5891
53
26
34
25
23
39.1593
25
26.0452
26
24
44.2112
45.3083
32.0177
44.1517
55
27
28.0855
22
35
30
38
41.1332
28
34
29
37
21
39.8671
33
38.2308
29.6304
27.1798
28.7553
45.5919
26.3522
24
24
39
56.5739
28.5618
43.6819
28
35.4351
27
25
28
24
27
39.2087
21
24
25
28
30
38
45.1035
38
24
26.1816
27.8317
25.6925
27
31.9407
25
45.0557
24
34
24
24.7568
26
26.5488
38.4533
51
45.2577
27.8247
27.8771
24.8511
45
41.9029
22
28
42.1059
28
28
57
24.1015
31.6775
37
27.3328
36
33
24.1718
25
37.0536
27
29
54
39
27.7429
30.3887
22
41
43
24
28
55.9484
24
34
27
40
28
29
26.709
31.4794
25
28
35
27.3471
42.5194
27
30.7455
31.0487
38.9269
48.8568
41
28.2788
25
21
27
27.5049
40
24
26
45.1522
24.8248
42.3106
25
44.9505
39
43.7449
27.2862
24
24
26
45.4528
27
26
52
40.3954
24
26.5555
25.6075
23
27.3475
26
39.8496
26.5288
37
26.4788
30
28
27
45.9567
37
28.2207
33.324
28
29
24
38.0593
29.4852
36
26.8356
46.249
45.8477
27.1917
20
27
36.5819
26.5949
28.3177
26
38
29.7128
39.7758
27.0037
25.9299
36
24
25.7187
28.0742
24
29
34
38
27
25
24
44.7593
52.5809
27.968
24.9627
40
25
23.4202
41.0915
33.6551
42.2907
25
27.7904
38.7552
41.1844
29.1522
27.1455
21
38.3798
40
25
30
30.1483
36
30.7204
35
37
41
32.5828
28.2165
23
45.2971
26.5847
27.2567
24
27.776
33
43.0097
25.8894
32.5792
40
29.8899
26
26
30
29.3859
39.9639
38.9103
28
28
26.324
27
26.014
33
39
23.9742
35
22
37.9656
29.2374
58.5816
25.3544
28.8626
27.069
27
27.2818
29.1321
41
31.5588
28
28
26.6738
28.8929
41.8287
27
23
28.7537
55
25.7983
25.6529
25
23
33.8889
25
39
27
23.9367
28.0984
25
28.4859
29
43.1304
40
36.9435
37
43.6733
25
35.5529
38.6117
26.3591
37
36
44.9133
24
45
25
27.7934
23.7711
26
25.1828
25
27.5064
37
26.5496
48
23
21
25.2249
35
27.6745
27.9935
39
37
24
31.0323
26.1999
40.3955
26.7725
22
29.3755
47.8601
35.2167
41.8751
33
26.7133
39.4509
27.1041
29
25.9166
26.121
30.2169
26
30.8785
25
20
26.0086
40.4309
24
37.2207
26
34.6324
29.9884
40
20
27
37
29.369
25
27.3778
20
25
24
25
44.9674
30
40.3274
26.6546
26.5689
24
31.7256
24
28.3819
42
38
24
41.7337
25
26.2385
37
26
21
26.4706
25
24.2897
35.0999
28.1473
25.5755
27
27
30.972
21.9773
23
24.5176
30.5771
23
25.0965
26.6573
24.3648
41.4012
51.0025
40.9334
26.9965
25.6623
55.5884
24.6904
33
35
43
24.5273
25.7515
24
34
24
26
26.672
52.4712
37
38.6729
34
29.9799
23.5278
24
24.7322
27
53.7388
27
38.6773
53.1954
29.0461
25.1771
26.7835
28.5471
39.5807
29.5449
29
24
26.0908
51.5148
30.0655
41.2356
26
24.9483
41.0652
29
25
24.9274
24
26.4486
26
54
21
36.6386
42
23
