32.2881
26.6763
19.6507
42.6336
32.9524
35.9094
17.5737
32.915
33.6042
23.727
40.6694
28.8058
35.1289
20.5385
36.3296
23.6107
46.383
23.1872
19.1579
33.826
32.1133
17.1151
33.1847
33.9042
16.7324
31.9502
20.0162
20.0766
26.2639
23.6976
32.3059
32.8918
34.6868
23.9413
17.228
26.1227
22.5391
22.2239
27.5713
18.9749
26.1938
33.1584
17.605
25.621
22.6831
32.5813
41.8746
23.3323
25.2991
42.2795
17.04
35.316
25.8501
38.2983
20.3491
36.9893
37.3464
27.4064
18.5063
32.907
35.3124
19.701
49.0175
63.8217
23.2283
27.5767
23.5856
27.7945
17.1374
23.5185
28.7671
27.8368
31.7839
27.2282
21.7734
21.4927
39.7804
38.2136
41.9273
20.8477
20.6758
18.0884
18.1935
31.8978
24.899
21.0445
24.2787
37.7785
31.4277
20.0483
29.6209
23.5051
41.9451
25.5022
23.6484
17.8704
34.9589
36.8892
28.7127
21.9097
23.642
23.2405
24.4037
17.4689
24.7035
55.6903
23.9894
47.3299
49.3016
34.8297
23.7299
43.9645
44.6442
18.4513
27.4806
21.0138
34.2509
27.398
27.8932
20.8263
18.1001
30.7681
25.5301
27.782
30.538
26.1606
23.7485
40.1385
17.0982
28.2093
22.8516
37.6438
36.5446
36.704
36.0857
62.1214
22.9147
30.9166
27.281
29.1066
16.2876
30.2607
16.4566
14.6158
23.9427
35.1314
20.4292
24.8268
17.475
38.6619
22.3673
17.0236
34.0828
35.3616
38.238
52.0711
33.5053
36.0353
32.894
18.9183
35.5419
47.5331
17.1
45.5088
25.8075
28.9265
51.8987
27.8302
15.2915
16.0751
26.6325
17.6004
33.2215
30.74
31.0079
18.4465
43.8322
56.9707
27.9886
47.6544
42.8325
23.639
25.1126
18.0328
30.5093
18.7051
36.4415
37.6221
32.081
37.3531
34.2112
23.4402
23.7935
25.5542
34.0943
17.8284
44.7148
27.9457
33.92
16.7229
58.7978
26.5055
21.5719
21.195
23.9398
34.371
42.2284
36.9074
18.5483
28.7045
25.0878
22.1627
18.381
29.6039
30.0591
25.8332
17.9017
17.0522
30.5409
49.4398
24.9091
21.738
19.5529
26.0622
27.0357
20.3155
22.3211
30.0192
42.3205
36.4411
16.5332
59.6403
51.9456
20.0509
37.5474
15.7433
50.9136
34.1846
45.1219
22.2906
26.5017
41.7401
14.8851
53.2309
20.1125
39.8935
31.5646
37.9687
27.399
38.0295
21.544
35.8485
37.0904
46.2623
45.2385
56.9604
16.0658
21.875
35.9457
29.5298
28.5883
19.9994
27.9691
18.0292
26.8271
40.0908
21.9695
23.6159
26.0741
21.7704
20.9639
33.5881
26.7411
51.9488
18.8002
38.4847
39.1927
24.3932
19.6153
28.8687
16.3218
21.1634
15.1332
41.6381
35.0959
22.0309
37.1357
22.6758
21.714
31.9991
27.133
42.9336
35.219
25.6829
14.7975
36.5587
34.6629
46.1763
25.56
34.9813
29.5698
23.8533
26.923
25.3235
25.5591
17.5089
27.0595
24.3181
33.7778
22.7599
23.8907
14.7429
27.1001
44.9873
23.687
38.2241
20.1185
29.0547
19.086
21.1731
26.0669
33.8101
22.8798
15.8116
22.7173
17.781
18.3881
27.8848
37.2875
15.9081
36.1562
22.9239
12.6036
21.3964
35.6841
27.7525
23.0418
33.3831
20.3088
37.149
34.1652
16.0365
26.637
35.7177
21.3365
25.4121
38.1261
16.2891
21.1241
33.8071
20.9372
21.4744
43.2784
41.5578
18.6122
15.6648
26.4528
23.9794
26.7167
14.6869
18.3401
16.8469
22.9496
32.1073
25.0571
35.6907
25.6772
20.7074
47.4483
38.577
26.4417
25.4228
32.8422
31.1273
24.1942
26.3165
21.7338
19.9834
31.9362
20.364
29.624
22.5005
26.4754
51.9254
20.0551
16.9769
25.8853
12.2723
18.8463
34.6895
40.3507
24.422
21.0007
47.1844
36.6303
25.4277
23.7817
24.9883
27.487
32.9086
18.4708
20.8179
25.0091
39.4637
37.1486
24.7826
37.2814
12.8589
27.2755
39.4765
48.2559
26.9947
24.1508
21.6292
51.8222
16.9606
18.349
46.1918
34.8107
39.4898
22.8387
33.7204
21.3757
16.9529
23.6365
21.0461
17.7108
11.8085
46.625
32.3345
23.6794
55.5976
47.5116
20.128
27.327
19.1307
36.626
21.0986
39.2625
23.6448
32.9116
38.7248
24.0912
45.5225
38.6171
41.7526
27.2387
37.6426
68.7639
16.6218
39.9893
22.1242
20.9382
40.0715
18.515
18.0203
40.3681
42.8405
17.7373
18.1584
31.1692
32.5441
37.06
11.7053
19.3985
30.6119
18.131
17.7715
35.1715
21.8084
26.6858
27.5929
22.7854
32.4897
22.0395
22.3682
28.0272
14.3759
34.9756
22.6004
54.8952
20.3071
34.3879
37.8201
34.1034
48.4901
20.8773
22.5168
24.8662
29.1795
42.4633
70.3274
47.8501
16.9782
21.1105
35.4542
38.5935
17.8072
28.6716
35.3214
54.2409
40.7108
25.1054
31.0552
19.8036
18.9908
26.1638
37.0997
47.6042
27.7235
22.9054
22.6427
27.0995
27.8832
19.9847
24.826
23.4965
38.9245
25.4307
22.4821
50.1543
17.4759
19.3805
46.9332
23.8033
13.918
15.6804
45.7101
28.1693
28.1905
13.8004
15.671
35.0273
17.4217
20.277
20.5106
21.6787
50.9558
39.0225
23.9094
32.3323
40.9006
20.8153
18.14
51.0048
22.1936
12.2665
27.7619
24.4334
24.9532
29.1389
51.3694
17.647
23.2743
20.7666
17.5105
37.3439
44.2129
21.5198
13.4755
36.402
27.8304
19.3824
37.3516
20.7459
15.3837
29.9851
22.0178
46.2023
50.6114
20.6108
19.7057
36.9419
23.5898
21.9414
26.6683
37.4708
26.8804
29.0155
37.4916
18.8512
28.3419
25.2722
40.2233
24.7913
24.808
38.1247
15.3165
26.7271
29.9567
20.4196
47.8849
30.2875
41.5614
20.1388
33.9356
30.6759
43.4237
23.9376
34.6854
19.5286
23.5594
31.1714
18.3628
23.6022
11.5864
34.2029
43.0748
28.3052
19.7324
42.7601
57.1879
41.0761
15.6822
22.067
34.9246
17.4619
41.0594
28.541
40.6336
20.9735
17.6567
24.2439
34.8318
20.1023
23.2076
16.0977
40.5149
17.8724
11.603
28.1837
25.8824
20.1796
25.1032
37.6512
32.6827
33.5566
38.7102
29.5967
15.3377
28.3632
28.1902
27.5856
28.3205
26.1327
27.0782
29.8259
35.3231
15.3282
33.1085
34.7185
15.9096
31.4523
32.5459
21.6195
43.4522
16.4851
32.0101
51.0339
27.391
29.9398
21.184
9.15135
24.2859
24.4978
50.7188
28.5333
34.8739
22.9454
31.0318
43.7081
16.0265
29.1514
28.6333
50.0391
41.072
19.9453
27.135
18.2198
35.1549
21.1936
18.1885
25.9873
32.458
26.9826
14.3228
15.2413
18.4954
24.3193
42.7248
47.297
35.8715
48.0399
22.2175
16.0528
24.9127
16.3282
30.5755
29.6719
31.7135
32.5128
34.0763
29.8762
20.6543
22.0355
18.5049
20.189
38.0672
26.644
39.5029
30.0288
21.2402
27.3077
28.6006
21.1004
29.9863
18.2325
19.9038
22.429
20.7415
23.8582
17.164
29.9285
27.2661
25.7564
39.2442
21.9171
33.7156
25.4943
23.0974
23.6369
42.8519
24.5662
25.1605
17.7178
30.364
11.0774
21.1471
37.3497
40.1096
20.9736
17.1922
28.117
20.2311
20.4084
18.5351
44.9111
19.4971
37.6907
27.8787
36.5938
49.579
17.8541
35.9904
23.0855
27.2072
17.0295
50.3196
26.4636
30.2691
40.5093
22.3942
52.669
17.328
19.4794
31.4511
19.3781
23.4392
25.4068
18.7407
45.036
35.9812
27.8921
21.7037
30.6713
60.452
38.6275
32.123
21.6279
25.7323
27.701
41.2184
23.3822
32.9033
23.2621
26.1694
20.2149
17.6876
15.0392
18.8758
33.3591
26.0337
15.1704
24.6439
30.2841
22.6058
19.3611
22.8997
24.6492
26.2315
22.7613
20.3882
44.775
21.2261
48.9077
19.7772
24.1559
23.0034
44.9102
20.0789
31.4469
20.9428
22.5435
24.4298
35.9666
23.796
35.2129
27.5189
18.8135
35.4938
33.8683
15.2042
40.4858
20.1209
24.9914
19.5813
29.7275
26.8811
28.7799
29.377
21.4465
21.7428
20.1591
24.5036
19.9555
21.6761
21.2609
19.9555
31.1412
18.1665
17.1917
30.6894
21.8025
17.4907
22.121
24.3569
22.4089
21.7026
27.9765
19.345
28.4753
53.2785
17.1727
44.0149
33.9181
29.8575
18.7022
37.8487
33.5023
27.3995
27.8994
22.1516
24.4833
17.6483
15.9676
46.163
17.0515
28.8296
42.4624
25.694
35.8673
39.9105
12.8262
26.4765
46.5441
30.2308
28.781
37.4469
17.3799
21.7095
34.7611
31.9874
13.815
28.3702
30.8995
20.1818
19.6999
22.4336
36.0717
35.785
36.9107
31.3952
30.7013
24.5723
23.5385
18.394
41.3443
12.0558
32.6645
16.7232
19.374
42.4735
15.6756
16.9567
52.7031
25.1635
25.1753
18.7059
27.9669
12.1442
22.3371
30.3118
28.0344
28.0891
36.3479
43.152
34.2333
43.4362
23.7879
56.211
31.2524
21.3367
10.109
20.3284
35.3805
40.2647
24.9373
36.7079
22.5664
27.9116
13.4412
24.1873
28.6495
50.2878
35.2003
25.9256
31.7047
13.4659
27.406
23.4324
16.6047
21.684
23.1332
20.5029
31.9676
17.5428
22.1888
30.8855
30.3075
17.0183
28.5079
18.2462
23.7984
25.9798
33.0975
22.9598
23.4093
48.1692
12.2133
22.8989
43.1931
25.7737
30.1376
26.0382
30.4356
17.0356
31.0521
17.0988
33.5924
33.0215
33.6634
35.5206
23.3693
21.8701
19.0168
37.9779
33.1828
23.526
20.2472
25.2738
27.9157
23.5035
20.6288
14.7622
16.404
16.7118
45.7523
17.4782
15.3245
21.3354
40.3532
65.2709
26.0082
24.5727
19.4134
37.7728
18.0365
37.4851
25.7264
26.8832
52.451
25.3117
41.8195
31.5298
36.3396
31.9895
37.61
32.8829
29.543
17.9912
27.9149
19.2505
57.3595
24.9795
23.6038
25.1229
32.516
19.8094
21.8765
30.137
32.3316
20.3878
19.955
17.3151
36.9612
18.7579
27.5099
30.406
41.8214
28.2294
27.4757
47.1834
40.6868
27.8279
11.613
20.5642
40.6837
29.9815
25.4656
26.0572
28.7243
33.7416
27.3024
60.7915
31.096
17.4479
21.1832
28.0154
19.7812
31.3988
17.1676
36.6939
36.9402
24.1973
23.7915
20.0102
17.9332
34.5777
40.4316
35.2658
22.4842
20.2614
24.1108
19.2962
24.3991
25.5512
28.4603
32.3058
24.2455
20.6711
34.2617
39.5356
24.4819
19.5966
43.8149
45.775
16.2145
20.9492
20.6162
27.3936
24.6762
44.7745
42.1103
57.3524
31.7193
35.1341
21.4819
19.8016
15.586
32.2124
39.8921
20.6016
34.4502
23.3373
42.9829
29.1415
17.2354
24.1231
51.2051
24.2282
18.2469
24.937
47.0166
26.0026
22.1448
21.38
23.6069
12.2974
21.7439
19.4145
39.1548
27.7192
29.8029
23.057
25.3585
19.4866
18.5201
23.4896
24.8133
41.4415
23.196
15.4516
33.9861
39.2848
29.5293
20.9291
11.1634
18.1942
22.8955
31.6464
24.6831
21.5486
25.0824
33.4821
32.1859
19.8208
54.0235
30.3336
46.8921
19.273
21.1605
34.6905
25.0523
21.8387
35.5466
22.5984
37.6978
49.9887
13.765
25.8154
17.6902
31.4035
40.0402
22.3078
22.9583
36.5573
22.3256
36.1882
30.4395
16.1232
25.7423
25.2526
28.0573
38.1561
33.9432
24.2581
34.507
21.6684
24.5684
23.4405
24.3781
14.9542
32.5974
37.7622
20.8093
21.9459
44.6532
17.2514
23.409
68.7558
28.3687
14.7496
12.4392
23.2081
18.5191
32.66
29.506
18.7922
38.7377
30.9653
39.4191
14.8747
26.2282
13.1741
30.336
29.0126
35.4339
33.0219
18.9021
29.5646
29.6177
20.7068
20.78
20.5968
18.889
27.9545
24.6438
40.3362
18.9086
22.1374
19.8099
24.6761
42.9882
32.6783
26.483
33.0201
11.9875
27.7031
26.9627
25.1515
27.1836
14.5957
26.8584
28.9217
28.0069
14.6627
22.5235
21.868
37.8307
23.587
21.9005
22.7623
51.8172
30.8063
28.6396
18.206
18.1997
27.5075
28.2728
18.3335
22.6802
25.1101
39.5332
12.3834
34.7754
36.9526
20.0508
20.8558
25.2558
35.5633
28.4106
29.0432
19.9505
23.2494
20.2136
28.2592
42.3329
20.6724
35.4996
28.9302
38.8036
20.3131
35.8771
23.0108
23.4173
33.459
32.6219
23.4294
24.5306
16.7367
29.7118
45.3208
11.5527
33.7807
21.2359
18.527
16.6171
22.7232
15.0619
47.583
21.9219
17.8204
34.7603
25.6647
26.4625
28.4795
25.8022
28.2977
40.1459
55.7976
37.8345
28.7294
22.2238
28.3958
29.6519
20.8523
25.3424
12.6655
27.407
17.6813
26.0457
18.9491
19.5924
33.1704
22.2162
30.7494
39.2487
25.4613
22.3091
27.4479
45.3827
38.5504
60.5667
35.9342
29.4587
19.3459
16.9341
16.2035
28.4602
38.4374
26.2227
20.0492
43.7997
21.8561
39.9227
24.235
29.7417
41.0061
36.8079
16.3936
18.7644
19.695
21.7933
40.46
25.7682
28.2956
29.4237
38.633
27.0676
23.0707
36.4386
53.4894
22.9635
18.0492
43.5479
35.8668
23.1072
34.9329
26.8192
16.3939
19.9824
41.1202
50.1384
19.2994
22.7118
18.8474
11.7345
30.4039
29.2284
22.9245
17.5957
19.019
21.7172
40.0783
35.8029
21.2203
25.4226
24.4028
18.7375
25.6822
29.3247
21.1973
55.6113
44.3597
32.0421
23.6075
23.7687
24.3906
21.2368
39.3481
39.8669
30.3033
20.4351
20.6525
18.2819
21.4836
23.8361
19.3864
23.3166
36.3879
45.8366
29.4223
28.124
20.0819
30.9155
20.5919
22.4304
39.5771
25.1952
16.4473
16.9031
28.6113
25.6188
25.5501
34.698
18.5435
42.82
23.2756
25.1829
25.9847
26.8168
20.4567
24.895
38.371
20.6875
34.7927
30.7556
36.268
17.832
18.7505
45.814
28.3778
34.9014
55.3667
18.0369
26.4355
26.5207
21.8413
24.2225
25.062
22.958
46.5161
20.3674
17.5411
42.2631
46.4918
40.9258
18.9241
24.7698
33.67
17.0914
24.6048
20.2672
30.5805
23.7058
17.6384
47.4504
40.4269
25.2886
26.4908
37.9033
26.529
20.2896
19.1634
19.3752
47.7648
23.7458
15.0828
21.3095
25.7508
52.2937
22.0044
40.5647
43.2271
29.8569
20.2185
31.8773
34.2916
25.1126
16.5749
20.7337
17.2257
19.9515
15.7004
13.9905
18.7225
20.7638
16.2077
14.3529
15.801
30.5337
47.7882
15.0316
16.2185
24.6418
24.4659
49.0336
31.7793
24.2037
29.4544
19.0361
22.5603
23.7105
15.8847
21.6644
22.7589
37.6676
21.1082
29.1853
37.2653
20.743
33.7117
27.3035
43.0466
26.0298
44.4223
54.468
43.6696
35.498
16.8587
22.5749
59.4264
19.3773
37.8745
29.3726
15.4631
39.6864
25.3683
42.3354
17.288
40.6157
18.4656
32.9903
42.8547
35.031
33.3973
33.3371
22.6089
64.6965
29.6973
30.3006
25.658
32.7025
17.8339
17.2274
29.1567
23.7533
22.2515
17.6598
22.8898
37.5046
14.7699
45.5721
24.0417
23.3908
34.7273
18.023
28.554
25.1259
22.3594
22.0906
21.5642
19.5565
36.1663
26.8415
12.673
21.4762
30.7027
21.7704
39.2128
21.0014
38.043
26.4724
57.5337
19.1313
33.3773
15.0373
15.6607
39.1422
14.111
21.0393
26.0244
21.4191
30.5343
30.5019
26.886
20.8117
37.9834
16.2025
30.3129
19.5829
18.6449
37.5835
42.1363
33.0891
27.7889
28.3454
32.6936
33.8507
42.5836
22.0161
24.3759
26.5162
15.5119
42.9663
23.9842
43.3405
22.0881
34.4248
28.4941
28.0187
28.913
22.057
41.902
25.0221
47.0184
18.7087
29.316
27.7003
20.8105
25.8888
49.1498
40.9419
28.9635
31.1218
46.7536
35.8398
40.1331
35.9069
35.244
24.532
29.8475
30.3015
19.0938
32.3801
44.9017
27.3681
34.2495
23.5946
19.8647
22.7624
23.7623
17.5688
20.0237
35.0412
37.631
25.2969
20.9051
21.7728
21.5291
46.7194
16.542
22.265
25.0612
54.4357
17.7997
15.2594
20.8069
34.4811
23.9316
20.2139
46.0405
28.3871
28.907
40.4567
33.8522
24.6552
40.7508
41.7178
16.9641
46.7685
19.0107
20.3538
23.1481
31.8983
20.0511
39.2924
35.8079
22.4156
32.4794
31.6386
38.9347
29.0194
21.1193
20.7479
48.8455
49.8036
35.6341
32.1536
17.8708
35.4572
23.913
24.0088
13.8895
50.1539
32.5329
37.522
23.6008
41.2595
23.5487
37.4662
37.6703
22.59
18.0646
23.7799
21.296
24.3009
32.4944
39.3214
36.5326
23.8613
50.3575
26.364
17.5636
28.335
21.8925
26.5688
33.1378
24.6018
16.8929
23.3861
29.1559
38.163
20.5478
31.7238
44.6553
16.0115
43.0635
22.4033
31.3827
44.4315
24.2727
36.6015
24.3029
35.099
24.4357
22.4556
27.3238
16.8259
22.6412
29.3171
41.7494
19.3325
39.7033
20.02
26.397
17.633
18.2682
36.9316
35.2312
29.8616
35.1089
39.5924
28.0442
31.8489
28.6698
32.0981
26.3281
45.1687
17.7195
19.0032
24.3337
18.614
34.5797
45.346
15.0569
24.9759
50.9398
23.8551
27.0424
38.5994
38.0442
26.9089
38.0702
23.3226
45.0206
22.7758
41.166
13.2911
15.741
25.6732
25.1428
39.8362
20.0395
52.8356
17.3681
21.6581
35.5194
23.4803
36.7195
18.5659
20.2724
23.9617
19.5797
43.1715
26.618
37.6124
44.4945
18.7342
21.5194
48.5006
25.6707
9.7223
40.3419
34.758
56.7512
22.7439
13.3261
36.31
18.7442
33.9656
44.8669
22.9023
23.1942
24.3516
44.6893
28.9899
43.8262
48.4279
48.7471
37.0745
30.2031
19.7897
31.012
12.9316
7.84767
44.7702
39.6223
30.2774
18.5006
35.2655
10.2074
40.7561
33.8637
27.1219
17.2136
17.7107
24.5665
20.376
19.1192
15.4109
24.6424
17.3238
35.5365
24.8781
38.3626
16.7403
20.2961
40.5266
29.0024
32.1163
15.3847
33.9082
22.3391
20.1529
17.5226
46.7382
24.0072
14.0021
24.312
20.7185
22.3545
25.9078
23.3109
24.696
33.7199
32.2223
35.0813
42.9539
44.7865
53.3146
21.2841
39.3985
39.7087
21.8831
21.0606
18.7282
32.601
35.0416
26.9481
41.1927
21.5561
18.1843
26.5999
19.8324
27.5921
57.1459
15.8754
31.9988
42.1884
14.3961
24.8467
26.3903
19.0118
27.8516
18.6269
21.7759
14.5092
36.6878
23.0968
23.3722
35.2384
19.3081
41.1053
26.1112
31.3847
29.0509
48.679
21.7769
51.8839
21.1445
23.2562
32.3613
25.5327
19.426
21.8659
21.6832
21.8445
33.7072
42.5974
49.3495
46.9551
13.425
17.9724
21.131
41.4774
26.614
17.9733
21.5423
47.0177
24.6087
41.0992
26.2216
36.0439
41.4329
36.1256
21.7418
30.2867
42.5243
20.6628
29.6269
43.9068
10.8469
22.151
25.7627
34.2049
20.5876
18.3682
27.83
23.5478
28.0768
17.7111
18.11
22.7955
20.2532
24.3915
55.3235
26.7451
16.6911
21.0483
29.0323
24.8941
30.3457
16.9975
38.043
27.3397
28.9954
36.3326
22.7093
39.5583
21.477
20.7315
41.9235
28.8898
39.7431
12.7901
44.7243
35.0966
16.7259
20.3488
27.1871
39.1633
42.3536
28.2481
16.649
25.2267
15.9633
15.5408
25.706
36.6459
36.0287
35.8581
16.4305
21.6154
46.0645
22.8713
21.9472
16.5064
22.993
24.3932
14.7046
16.5221
43.1481
38.2364
30.2883
19.1472
39.0842
28.5156
27.8791
18.2739
36.3004
37.0498
18.4951
11.6051
18.3004
16.5366
23.1013
19.9956
22.6635
24.7199
39.6192
42.6745
31.7505
18.7607
32.6545
34.9742
44.297
17.3837
10.0515
26.8339
26.8023
50.7015
32.2577
37.3431
19.5044
38.33
26.1803
38.871
16.5872
27.8811
33.424
16.2332
19.2999
18.3563
41.0825
21.7373
19.5165
23.3313
21.6754
40.7116
40.1897
24.9054
20.6791
20.0383
19.657
26.9852
18.8611
22.243
41.5785
20.7089
38.2468
47.0916
46.8699
40.0795
40.6106
23.6105
22.8164
23.6749
27.017
38.72
36.2528
16.3547
28.2239
19.057
18.5436
51.2388
19.6043
26.6321
17.3402
40.6528
13.5627
39.3711
23.2538
35.0652
26.1776
29.152
21.6844
24.2793
59.2651
27.9044
49.1732
17.3679
26.0598
19.7384
21.5201
28.9023
29.1092
32.7232
17.4271
36.4515
15.7939
28.7052
44.1824
17.3949
23.0902
25.4306
16.7788
19.07
18.2088
22.2883
19.614
27.6662
31.4362
36.0826
22.7128
25.5608
37.6928
26.8604
20.9848
36.9999
33.2471
22.0647
33.513
27.5767
29.0497
27.4868
42.3825
24.1253
20.1213
22.9646
24.2998
26.4365
46.1862
24.9748
26.3387
20.9178
22.2441
22.5963
15.1173
29.3052
40.2841
16.4986
16.4398
36.7345
25.1903
36.2597
28.104
27.0408
31.8344
16.8715
25.0588
51.3544
26.9878
26.0377
22.7459
25.4957
27.0009
53.3351
38.1316
48.7016
39.2961
26.7799
18.817
38.7863
28.1942
23.4117
36.9577
23.6881
16.8086
22.3225
16.7041
14.9336
30.5997
60.0609
16.7629
18.7664
30.5051
27.719
29.4652
29.8445
50.8098
19.7218
29.3951
39.3089
24.7151
19.4883
25.5759
24.6033
28.2913
35.3929
14.0626
18.2578
25.7117
29.2731
23.0801
23.2853
19.0498
33.9034
30.7404
30.434
29.2747
37.0408
32.7911
38.4139
18.7929
29.7742
18.774
25.1282
19.8893
45.1828
28.1688
28.2002
19.2747
10.9245
43.2966
55.3773
19.5007
21.9571
28.0593
14.3862
22.0623
18.4704
30.444
15.7678
30.3037
28.02
16.9836
35.2706
24.141
31.558
30.6588
14.469
27.3555
25.815
23.8759
33.2188
16.1729
31.0648
16.7395
21.996
48.6165
16.0145
41.2717
38.8412
32.9979
60.6923
27.1269
28.0434
36.8647
29.9695
40.1366
38.0279
25.1398
27.6304
21.4558
52.0254
19.2715
28.8458
15.9722
41.8613
37.1835
19.5036
13.4457
22.9145
53.7182
33.1957
41.02
26.3923
20.4933
16.8647
17.529
22.5396
28.4496
24.1479
34.5657
56.6466
48.5092
39.3699
15.3397
16.1488
44.9723
23.7615
16.6689
44.5236
17.139
33.3701
16.769
15.4265
15.3614
26.6303
23.322
22.471
10.6694
32.5089
21.9799
21.2259
20.3575
17.3502
25.8806
23.5669
34.999
36.036
17.7206
27.9193
46.0221
17.7117
37.8084
25.3262
32.4411
30.789
47.2156
40.5718
32.3706
29.2885
24.0115
22.1381
30.112
38.731
22.035
22.6168
50.9355
32.7619
25.1005
44.2495
36.0393
27.1019
39.1063
32.8118
23.459
30.2707
41.1546
24.491
34.1922
23.7504
21.3162
23.2914
27.2718
14.5235
18.9774
12.8036
21.4398
25.0393
20.104
30.6994
38.5892
24.856
17.8339
33.0563
25.6753
30.9976
12.3165
17.8689
22.0728
20.9403
23.3406
30.1671
45.2323
23.9271
23.793
9.59185
25.4988
40.6606
48.197
20.0028
30.7814
20.1029
24.6248
49.9119
22.7326
25.1589
23.9258
19.5238
39.1183
31.5613
22.0516
22.9966
13.8436
19.0872
20.0532
36.3219
20.365
22.6176
20.8686
19.268
22.4535
16.7907
36.5734
23.275
21.2735
26.2644
25.5936
13.9047
38.2383
36.1865
19.7136
35.7318
17.9688
29.8389
36.6265
23.1337
30.8405
18.5992
24.8577
24.4815
24.4359
26.3099
38.1896
21.3324
38.441
21.5312
44.5002
48.9248
24.758
17.3829
9.37975
44.2385
14.7161
21.0613
27.0558
17.5755
26.6994
16.6288
13.1632
22.7223
28.0647
16.6751
35.9614
19.7206
19.6576
18.8318
35.0621
28.5837
34.1092
22.8087
21.4651
19.2928
20.9408
23.3226
16.7734
42.1289
14.4047
19.4726
15.7434
46.9705
19.8412
22.4187
24.6683
40.5886
26.2196
27.1693
25.0148
45.3545
25.0021
31.7917
21.8102
18.0761
41.696
12.8413
49.6974
19.6587
16.7396
13.4326
18.5707
18.3103
43.6748
21.7751
40.9436
15.5124
14.7938
17.5504
23.7425
16.9808
28.9426
40.2174
19.7545
30.67
22.8244
14.4962
39.581
22.3518
32.3585
19.9247
19.5588
23.6308
22.395
59.5948
23.9082
20.2065
31.3407
29.0911
38.4301
35.2929
19.182
26.5539
39.828
18.1835
30.8428
21.9592
17.8477
41.3787
30.943
57.3772
27.4263
27.5785
19.3231
21.9602
24.9808
26.7363
20.8275
20.2981
24.0574
14.0047
35.2285
13.8814
22.9412
28.7971
49.2321
28.2378
21.0714
20.7869
19.3903
14.9776
22.0899
30.3088
17.5709
21.0494
43.8804
24.8844
22.8141
43.6482
12.9578
19.7702
45.6314
20.6718
24.2846
24.1606
15.6616
50.8423
18.5551
17.5622
29.6026
14.8241
19.0449
36.6643
11.9571
48.0982
24.2903
18.1361
11.6185
40.7123
17.4831
31.58
40.527
31.5858
31.8159
38.6983
22.5852
35.3141
21.8732
17.0962
23.851
29.4363
35.0611
23.4791
16.5273
30.6449
31.3601
33.1168
60.8053
27.1979
43.9934
19.6597
35.4392
43.427
24.9648
44.3717
26.3457
31.0687
19.189
14.5569
28.2811
40.0011
54.3449
17.2738
28.1903
25.5165
24.9258
26.617
28.47
19.7814
23.8133
20.0534
63.0266
35.3822
40.5005
16.2269
39.6053
38.8374
38.309
41.4921
20.0155
18.9908
19.6704
16.7719
18.7348
25.0411
43.2904
21.4482
28.4837
15.4884
17.2327
27.0517
14.1837
30.1758
37.1813
24.7693
21.7829
30.5746
19.2459
39.8734
12.6469
13.174
44.6347
28.81
20.2292
15.3273
41.0496
44.1691
45.2564
36.0907
27.0588
25.6514
22.5361
31.2484
43.8762
23.9623
50.7578
42.2372
19.6157
18.4177
22.1788
32.0278
30.527
24.7015
35.9278
32.3256
33.9133
39.9355
36.1804
26.563
17.6129
20.3417
13.5113
23.4729
19.6881
40.2924
24.1828
32.371
37.1191
44.7245
37.2266
16.4939
20.1994
16.332
31.9306
18.468
21.3141
26.0967
39.3718
21.2869
32.5892
24.9061
32.6166
19.3677
44.8196
29.6342
53.2512
20.9846
28.9143
27.1297
24.6041
20.625
25.2424
17.0017
43.5508
26.2582
20.4102
21.313
26.1037
25.8247
20.5467
16.9918
41.0411
27.4786
12.2018
26.23
42.5528
40.2611
29.5918
29.013
47.246
42.1746
22.6129
43.7104
30.2646
14.2726
17.1707
27.5382
39.613
20.8403
29.0777
32.4638
22.6794
22.3869
51.019
14.6033
26.9311
23.6555
30.234
37.5332
17.9184
37.0972
18.845
20.194
37.0845
17.1552
30.4769
36.5034
21.2003
19.0681
18.1003
15.4594
19.8573
22.0169
21.2385
25.7182
32.2375
40.7195
44.539
25.4063
42.057
37.5042
24.357
38.2388
32.5487
22.9907
23.9523
19.959
44.7836
25.4665
26.5297
18.7686
17.5538
17.4715
20.7943
19.1864
24.4864
45.8898
29.3579
19.2056
18.0608
15.2885
30.1147
20.0568
38.0412
33.9768
20.9279
17.9121
34.7961
45.2887
30.1633
36.0641
27.1173
26.1303
26.1187
22.9401
31.9534
21.1782
16.2273
32.8894
19.9242
19.9179
16.5334
22.8269
25.6931
46.6702
60.0317
37.8099
22.5003
45.1012
18.0193
16.0427
42.9575
26.9616
24.9854
35.1977
22.9423
17.6047
30.1181
40.8848
35.8743
18.5444
24.6375
32.0377
43.8779
30.999
28.3077
13.3119
27.5093
34.073
13.3003
38.6952
41.1192
18.9145
30.1345
32.3952
37.1711
21.4176
19.5741
22.9122
29.4948
16.1432
22.5062
38.0148
39.6458
14.9562
43.1471
28.6278
16.5357
17.3725
34.8162
31.733
40.9956
19.5453
20.0626
23.5678
32.0794
16.625
18.7679
36.4184
25.8917
14.3776
26.5894
25.3238
23.4681
27.563
22.7076
19.0532
22.5256
32.8369
26.4943
28.6059
25.5276
20.9509
31.9431
20.3846
34.744
22.6312
25.9053
28.9831
13.0267
24.8538
19.7894
28.892
19.5234
41.2915
62.3492
26.6601
16.3888
12.4126
43.0975
23.6966
15.8123
29.0137
21.7766
27.9799
43.0398
23.6711
24.5653
21.1747
17.2184
42.5057
16.2084
36.177
42.5332
35.1714
22.0704
33.548
18.4789
39.0971
20.4358
25.5707
39.0175
45.779
29.8524
22.0071
38.0899
22.2536
36.1634
27.1019
20.3667
24.9411
12.7225
18.1136
30.0318
31.3724
21.7996
24.6116
32.5944
43.619
38.2713
40.6095
21.2608
16.476
45.9381
16.4421
23.5766
21.0277
34.8647
19.487
42.7035
33.6236
30.5041
18.9391
20.7691
19.3597
40.7967
32.9917
13.084
29.5596
21.7507
22.0579
40.9057
29.7577
19.5169
19.7816
29.7432
27.2245
36.0574
20.7958
42.0249
32.2585
17.21
30.3674
26.9909
19.6542
40.4695
20.1039
23.9996
20.7229
25.2969
37.5865
22.0887
34.6433
43.7753
22.7162
21.5282
26.9231
18.1703
43.9879
44.1203
16.2611
16.3007
25.8476
38.5963
20.2131
35.553
30.0981
42.6898
23.7889
42.1412
27.7521
35.3261
17.021
17.8125
39.9114
29.041
15.298
18.4223
25.1969
22.4286
32.4717
28.7775
24.7714
17.1929
24.068
18.0818
25.5752
46.6679
27.7244
49.5709
43.1897
26.1243
33.2362
14.1457
40.9853
27.5038
39.6461
37.5411
27.7931
13.7615
23.7506
27.7192
25.2831
37.7965
18.4136
22.3348
23.6149
24.794
20.7195
