2.99267
2.99368
2.9964
2.99281
2.9966
2.99384
2.96974
2.97508
2.98474
2.97953
2.99429
2.99102
2.98538
2.98771
2.99745
2.99232
2.98516
2.9915
2.98832
2.99719
2.98952
2.99509
2.96306
2.98596
2.96833
2.97108
2.9913
2.99774
2.99609
2.98964
2.99208
2.98508
2.99951
2.98962
2.99403
2.99959
2.95002
2.9945
2.98186
2.98651
2.98075
2.99824
2.98203
2.99506
2.99492
2.96604
2.99541
2.97583
2.99879
2.9839
2.99907
2.96503
2.99657
2.98418
2.9664
2.97344
2.99821
2.99025
2.9593
2.968
2.99107
2.99918
2.99759
2.98906
2.9994
2.96398
2.98727
2.98358
2.99409
2.9948
2.9524
2.97385
2.98841
2.99864
2.97894
2.99055
2.98059
2.99769
2.97714
2.9883
2.98124
2.99068
2.99883
2.99261
2.98085
2.99569
2.9984
2.95974
2.9977
2.99302
2.98854
2.98984
2.99307
2.98403
2.99813
2.99746
2.99132
2.99647
2.97914
2.98068
2.92975
2.99924
2.99791
2.98371
2.9939
2.98263
2.99696
2.98224
2.98079
2.97888
2.99929
2.99037
2.97544
2.9303
2.95675
2.99354
2.98278
2.99958
2.9941
2.99698
2.96705
2.98882
2.99946
2.98978
2.99727
2.98667
2.99213
2.94439
2.98448
2.99955
2.97935
2.99534
2.99189
2.97991
2.99381
2.98946
2.98303
2.95444
2.98018
2.99356
2.96909
2.98054
2.96786
2.98395
2.96809
2.99471
2.99801
2.9962
2.98919
2.99242
2.99949
2.99866
2.98538
2.95958
2.9965
2.99772
2.97343
2.98905
2.97988
2.98444
2.99308
2.96046
2.98814
2.99872
2.9995
2.9982
2.99419
2.94942
2.98888
2.97738
2.99387
2.98921
2.98617
2.99062
2.97349
2.99258
2.97409
2.98976
2.99795
2.99739
2.98991
2.99413
2.99692
2.99387
2.94767
2.98965
2.9995
2.99343
2.99534
2.98645
2.99254
2.9981
2.984
2.98991
2.99596
2.98411
2.94423
2.99559
2.993
2.97349
2.99752
2.99763
2.9566
2.9993
2.99611
2.97098
2.94589
2.99714
2.96813
2.98536
2.98739
2.99938
2.98024
2.99716
2.99207
2.96548
2.9743
2.9971
2.99011
2.9717
2.9973
2.99105
2.99589
2.9913
2.95684
2.99559
2.94667
2.99508
2.99442
2.97551
2.99234
2.99682
2.99751
2.96628
2.98579
2.99183
2.97229
2.99546
2.95396
2.98187
2.98555
2.98242
2.99643
2.99156
2.99619
2.97811
2.96125
2.96242
2.98933
2.97648
2.98063
2.99947
2.99878
2.99705
2.98009
2.99985
2.95411
2.98295
2.99963
2.96959
2.95626
2.97053
2.96528
2.99518
2.98991
2.96164
2.98848
2.94935
2.99112
2.98988
2.99893
2.94504
2.99997
2.98322
2.97456
2.98271
2.97989
2.9906
2.98993
2.97916
2.98392
2.99582
2.94744
2.93109
2.99278
2.99428
2.91439
2.9945
2.97749
2.99529
2.98072
2.99802
2.98697
2.94638
2.94877
2.98731
2.98969
2.9991
2.94477
2.98623
2.97106
2.96983
2.99741
2.99838
2.99613
2.98893
2.99405
2.97378
2.93772
2.99914
2.98919
2.99953
2.99551
2.99446
2.99044
2.98798
2.99344
2.96183
2.98618
2.99734
2.96715
2.99185
2.98716
2.99247
2.9739
2.99773
2.99545
2.97615
2.9749
2.99877
2.99587
2.99865
2.98094
2.9976
2.98283
2.99061
2.95145
2.99731
2.98111
2.98653
2.99252
2.97999
2.92786
2.98985
2.98633
2.97719
2.98335
2.99416
2.99883
2.99041
2.96781
2.98898
2.99908
2.98805
2.99808
2.97358
2.9985
2.97075
2.99857
2.97056
2.9916
2.97937
2.97597
2.97858
2.98776
2.98856
2.98113
2.98233
2.99775
2.99116
2.99817
2.9906
2.99337
2.99457
2.9914
2.99594
2.99282
2.99162
2.99887
2.98852
2.99164
2.94763
2.98455
2.98538
2.99289
2.99921
2.95156
2.99566
2.98603
2.99807
2.99483
2.96594
2.98301
2.97225
2.99643
2.97444
2.98127
2.97806
2.96602
2.98664
2.99899
2.99535
2.98435
2.98539
2.99907
2.96311
2.99858
2.99068
2.98672
2.94716
2.99648
2.99638
2.99591
2.9761
2.99353
2.96655
2.99329
2.9965
2.97234
2.9967
2.98894
2.99445
2.99342
2.9954
2.99545
2.99904
2.99862
2.99834
2.9927
2.99954
2.99127
2.99658
2.99331
2.99188
2.98419
2.99994
2.99014
2.99588
2.98457
2.9838
2.98664
2.99877
2.97695
2.9992
2.99845
2.96361
2.99945
2.94861
2.97573
2.99329
2.98593
2.95968
2.97792
2.99351
2.99386
2.98884
2.99696
2.99926
2.99762
2.99743
2.98645
2.96602
2.99648
2.9792
2.9991
2.98161
2.99005
2.99719
2.98809
2.99229
2.98937
2.98922
2.99846
2.99229
2.9867
2.99101
2.99124
2.98432
2.9949
2.98274
2.96926
2.97697
2.99678
2.99129
2.99732
2.98625
2.96804
2.98977
2.97566
2.99127
2.9963
2.99504
2.9957
2.98889
2.98669
2.97977
2.99166
2.96494
2.98592
2.98957
2.94369
2.99947
2.98592
2.9612
2.99822
2.98632
2.99025
2.98604
2.98591
2.96779
2.99307
2.99698
2.99884
2.98057
2.98752
2.99131
2.9946
2.96359
2.9958
2.99689
2.9701
2.96584
2.99625
2.98994
2.99913
2.99001
2.98495
2.97059
2.99665
2.98153
2.98652
2.99855
2.99503
2.99746
2.98973
2.99975
2.99934
2.99531
2.99203
2.9929
2.98001
2.96461
2.99834
2.98182
2.99624
2.9923
2.96819
2.99358
2.98248
2.98784
2.99563
2.97603
2.99224
2.94064
2.99735
2.98918
2.98795
2.97399
2.95115
2.99959
2.99352
2.97166
2.99826
2.98395
2.96518
2.99402
2.99451
2.99835
2.98673
2.95289
2.99125
2.9938
2.97496
2.98984
2.97078
2.97489
2.9889
2.99996
2.99426
2.99461
2.98379
2.99385
2.99372
2.97479
2.97378
2.99635
2.9978
2.97606
2.99637
2.99897
2.98029
2.99413
2.99533
2.92547
2.97084
2.97892
2.99858
2.98763
2.97913
2.97902
2.9692
2.99671
2.98112
2.97638
2.98372
2.96321
2.98344
2.99588
2.98883
2.98551
2.99695
2.99724
2.99274
2.9905
2.9883
2.96612
2.96826
2.99758
2.99396
2.98954
2.99565
2.99743
2.97645
2.99742
2.98508
2.98084
2.98088
2.98689
2.96517
2.9937
2.99683
2.97771
2.99503
2.98999
2.99006
2.97757
2.901
2.97016
2.99759
2.96089
2.99822
2.99113
2.97179
2.98963
2.97061
2.98307
2.99016
2.9614
2.98477
2.99573
2.99892
2.98924
2.9781
2.98763
2.98903
2.99894
2.98918
2.98187
2.98498
2.99841
2.99449
2.98665
2.98976
2.99741
2.98747
2.99408
2.99854
2.99927
2.9952
2.98843
2.9914
2.99892
2.99097
2.98845
2.97446
2.98526
2.95097
2.99748
2.99307
2.99973
2.98804
2.91955
2.98313
2.9915
2.98067
2.99594
2.9639
2.97419
2.99455
2.99001
2.98546
2.96283
2.99865
2.98014
2.9962
2.99848
2.97107
2.99772
2.96031
2.99958
2.96444
2.98641
2.99324
2.99933
2.99718
2.94497
2.98372
2.98785
2.99327
2.98958
2.99957
2.99085
2.99269
2.97839
2.98286
2.98713
2.96413
2.98887
2.98889
2.9907
2.98109
2.98584
2.975
2.99136
2.97438
2.98422
2.99128
2.99948
2.98727
2.99425
2.98833
2.96557
2.99836
2.99713
2.99484
2.99098
2.99774
2.98035
2.99877
2.99937
2.98525
2.96819
2.97545
2.9724
2.99543
2.99961
2.98485
2.99976
2.95896
2.99422
2.98778
2.99651
2.97059
2.98653
2.99185
2.97857
2.99939
2.98236
2.96871
2.98635
2.98891
2.99536
2.98781
2.98674
2.9678
2.97415
2.99675
2.99704
2.98626
2.97089
2.97815
2.99039
2.99733
2.97133
2.97886
2.96272
2.98526
2.99887
2.99634
2.99137
2.99508
2.95982
2.9776
2.99054
2.99758
2.96254
2.97903
2.9822
2.99994
2.98316
2.97561
2.98153
2.97273
2.99435
2.98309
2.98151
2.99694
2.98484
2.9855
2.99607
2.9967
2.99477
2.98442
2.99836
2.99728
2.99029
2.99095
2.98453
2.99428
2.9956
2.99743
2.99267
2.99532
2.99742
2.98841
2.95631
2.99407
2.99956
2.99592
2.97769
2.97052
2.96606
2.99782
2.99138
2.99981
2.97749
2.98162
2.98652
2.98172
2.99742
2.97862
2.96712
2.97464
2.93916
2.9842
2.97909
2.98134
2.99496
2.99856
2.99551
2.99092
2.9679
2.99446
2.99921
2.99893
2.9956
2.97545
2.99024
2.98882
2.99445
2.99368
2.99559
2.98453
2.9983
2.99445
2.99838
2.97537
2.94883
2.9882
2.99457
2.99867
2.99374
2.99336
2.98458
2.97783
2.97679
2.97326
2.99841
2.97909
2.9956
2.99231
2.99749
2.98812
2.99608
2.98525
2.99464
2.98442
2.94522
2.99775
2.9965
2.99634
2.99675
2.98304
2.99848
2.99664
2.98954
2.99164
2.99667
2.99096
2.9984
2.99676
2.98664
2.98307
2.9829
2.97948
2.99622
2.98274
2.98535
2.99411
2.99216
2.99916
2.97249
2.97603
2.94844
2.99142
2.98936
2.99715
2.97541
2.9635
2.99005
2.98477
2.9921
2.99719
2.99965
2.95527
2.94076
2.99694
2.97411
2.99723
2.98995
2.99138
2.99243
2.98185
2.9285
2.97463
2.99783
2.96718
2.98927
2.98887
2.99414
2.99334
2.9783
2.99709
2.99987
2.99577
2.9882
2.99468
2.95048
2.99924
2.96065
2.98924
2.98974
2.99828
2.98457
2.98888
2.99845
2.96547
2.9944
2.99777
2.99629
2.97904
2.94789
2.98592
2.99859
2.99471
2.98445
2.98668
2.9989
2.9946
2.98259
2.98622
2.98345
2.99526
2.95692
2.98662
2.9984
2.99508
2.99977
2.98449
2.98118
2.99066
2.98187
2.99955
2.99765
2.97501
2.98369
2.97648
2.98135
2.9917
2.99588
2.99189
2.99458
2.99851
2.97811
2.99689
2.99497
2.99619
2.98802
2.94091
2.99335
2.99791
2.99801
2.98706
2.99071
2.99053
2.99251
2.98577
2.99967
2.99882
2.98676
2.99303
2.9474
2.97728
2.94971
2.97794
2.9997
2.9809
2.99123
2.97661
2.99714
2.98978
2.98691
2.9952
2.99669
2.98728
2.99376
2.98354
2.99752
2.97208
2.99384
2.98012
2.99304
2.99875
2.99339
2.99085
2.99144
2.9901
2.9936
2.99297
2.99866
2.99371
2.9719
2.98359
2.97769
2.99234
2.997
2.99926
2.99692
2.99353
2.99705
2.98241
2.98438
2.99699
2.95804
2.98023
2.99113
2.99481
2.995
2.89093
2.97929
2.98493
2.9933
2.98789
2.96371
2.99094
2.99604
2.98716
2.99448
2.96066
2.98141
2.9723
2.9983
2.99093
2.98984
2.99811
2.99535
2.97426
2.98692
2.97186
2.99638
2.97629
2.99554
2.99942
2.99276
2.9862
2.98818
2.98075
2.99794
2.9713
2.9915
2.99396
2.99682
2.99732
2.98147
2.96236
2.99563
2.99648
2.98003
2.98509
2.97944
2.99026
2.99747
2.97117
2.99364
2.99373
2.99014
2.98731
2.9909
2.98441
2.99744
2.99758
2.9981
2.97769
2.99409
2.98541
2.98909
2.99896
2.99131
2.99987
2.98233
2.9897
2.97021
2.99472
2.99077
2.99921
2.99638
2.99755
2.99756
2.97579
2.99751
2.98416
2.9917
2.94706
2.99983
2.99858
2.98774
2.98916
2.99993
2.99405
2.99274
2.98705
2.98929
2.98424
2.99335
2.98678
2.99593
2.98107
2.99648
2.9718
2.99401
2.99802
2.99704
2.99892
2.97231
2.97708
2.98664
2.99934
2.99331
2.99204
2.97611
2.99322
2.96713
2.99936
2.95111
2.99563
2.9938
2.99942
2.94554
2.99798
2.99276
2.95525
2.9993
2.9922
2.9986
2.99968
2.96273
2.9977
2.99908
2.97132
2.98882
2.99145
2.98476
2.9888
2.92728
2.95819
2.96901
2.99866
2.98809
2.9443
2.99199
2.97921
2.96173
2.98758
2.98448
2.99095
2.96244
2.99396
2.92029
2.99903
2.99622
2.9727
2.99489
2.99339
2.99358
2.99968
2.95886
2.98576
2.99664
2.96736
2.99905
2.96272
2.98723
2.99361
2.98821
2.98895
2.99931
2.99746
2.98379
2.9797
2.99508
2.97794
2.99382
2.99927
2.98471
2.982
2.99397
2.9995
2.96919
2.99491
2.99164
2.99342
2.99045
2.99964
2.98924
2.97239
2.99531
2.99355
2.96513
2.97664
2.99842
2.95696
2.97999
2.99761
2.99262
2.99649
2.96137
2.99615
2.9818
2.99459
2.99723
2.97871
2.98354
2.99015
2.97591
2.95221
2.98619
2.98446
2.99918
2.99803
2.9935
2.99494
2.95924
2.99988
2.99346
2.98939
2.99788
2.99938
2.98354
2.98929
2.98897
2.98425
2.95056
2.94716
2.97101
2.99812
2.93353
2.98117
2.99357
2.98722
2.96961
2.98667
2.98965
2.99212
2.98569
2.99632
2.99625
2.99879
2.9656
2.96808
2.99811
2.98986
2.97215
2.98685
2.99169
2.97293
2.95712
2.97118
2.99331
2.97087
2.9915
2.9839
2.99876
2.99684
2.98579
2.99609
2.99394
2.98003
2.99443
2.98134
2.99741
2.99203
2.97403
2.97439
2.99868
2.99413
2.94094
2.99719
2.98279
2.97846
2.99861
2.9909
2.99839
2.99533
2.97451
2.9877
2.98648
2.98517
2.97781
2.9978
2.98149
2.98436
2.99281
2.9989
2.98986
2.99673
2.99288
2.98677
2.99404
2.99431
2.99368
2.99825
2.99345
2.99288
2.99309
2.99311
2.99107
2.99038
2.98894
2.98481
2.9988
2.99453
2.99703
2.99907
2.97929
2.97129
2.98188
2.98403
2.973
2.95028
2.96533
2.99965
2.96717
2.99882
2.99434
2.99914
2.98934
2.99381
2.99975
2.98909
2.99612
2.99159
2.9998
2.97065
2.9816
2.93749
2.97927
2.99626
2.99095
2.99656
2.99848
2.99894
2.96663
2.97931
2.98302
2.96634
2.99833
2.99898
2.96381
2.99174
2.9956
2.99623
2.97679
2.97813
2.97663
2.99862
2.99979
2.99882
2.98874
2.99766
2.98178
2.99879
2.98586
2.99897
2.99742
2.99824
2.98242
2.9888
2.98188
2.95801
2.99801
2.9974
2.99262
2.96767
2.99117
2.99903
2.98712
2.97167
2.99438
2.89894
2.97687
2.98979
2.98391
2.98301
2.99198
2.99464
2.98742
2.99929
2.99708
2.98414
2.98282
2.95918
2.99624
2.97061
2.99402
2.99057
2.98419
2.99972
2.98993
2.99566
2.99182
2.9826
2.98381
2.99371
2.99709
2.98123
2.98086
2.95015
2.99457
2.99332
2.9732
2.99801
2.98247
2.98603
2.98531
2.99069
2.99653
2.99906
2.98714
2.98613
2.98865
2.99067
2.97355
2.96254
2.98293
2.99736
2.99261
2.99393
2.99359
2.9721
2.9996
2.99748
2.98782
2.99548
2.98703
2.99775
2.99811
2.99574
2.99139
2.99837
2.97979
2.99102
2.99435
2.99536
2.9589
2.98661
2.99201
2.98938
2.99914
2.99862
2.99252
2.97282
2.97807
2.99635
2.98872
2.99777
2.97887
2.97838
2.99884
2.98569
2.99961
2.99955
2.96949
2.99822
2.99546
2.92685
2.98816
2.99642
2.96995
2.9961
2.99949
2.9628
2.99479
2.97879
2.98631
2.98697
2.97836
2.99301
2.9997
2.98585
2.99454
2.9992
2.97596
2.99841
2.98901
2.9819
2.99846
2.99116
2.98825
2.99761
2.9755
2.98371
2.99238
2.94303
2.99187
2.97397
2.99807
2.97594
2.9906
2.98593
2.99863
2.98885
2.98628
2.98092
2.97779
2.9895
2.97648
2.98691
2.99089
2.9492
2.9983
2.9919
2.9743
2.99693
2.9744
2.99874
2.99237
2.96886
2.98995
2.9864
2.98553
2.99508
2.99396
2.99742
2.99554
2.99524
2.98102
2.96716
2.99676
2.99501
2.99085
2.98012
2.99406
2.99785
2.99858
2.98344
2.9892
2.98955
2.99674
2.99801
2.99631
2.99097
2.99794
2.99234
2.96437
2.99384
2.98311
2.97345
2.99998
2.98128
2.99016
2.99727
2.99918
2.97626
2.98869
2.99858
2.99532
2.9873
2.98779
2.983
2.99933
2.98845
2.97014
2.99438
2.99674
2.9989
2.99951
2.97953
2.99475
2.99709
2.9946
2.99358
2.99632
2.99862
2.99635
2.96695
2.9942
2.95345
2.97339
2.97716
2.97459
2.99371
2.9895
2.98902
2.99463
2.96294
2.98815
2.97497
2.99819
2.98487
2.99146
2.99066
2.98503
2.99416
2.99575
2.99245
2.99664
2.99034
2.9809
2.97723
2.99355
2.98987
2.96928
2.97387
2.98622
2.99808
2.99593
2.99897
2.99444
2.99919
2.95446
2.98357
2.9916
2.95661
2.98089
2.94729
2.99256
2.99198
2.98071
2.9987
2.99238
2.99448
2.98768
2.99406
2.98991
2.95595
2.99307
2.99199
2.97229
2.98525
2.99587
2.99089
2.99224
2.99842
2.97061
2.99165
2.98911
2.95273
2.97864
2.96474
2.98721
2.99604
2.96481
2.98731
2.99452
2.97651
2.99938
2.98781
2.97828
2.98198
2.98511
2.96738
2.97875
2.98956
2.96696
2.99659
2.98854
2.99425
2.99565
2.99778
2.98596
2.97142
2.99492
2.99481
2.98462
2.99767
2.9913
2.99302
2.99913
2.99854
2.99814
2.99461
2.9943
2.98068
2.97513
2.95827
2.96633
2.99463
2.99969
2.99509
2.99345
2.9784
2.99889
2.98417
2.97863
2.99512
2.99881
2.97094
2.99674
2.94508
2.99842
2.98525
2.95536
2.98756
2.99385
2.98476
2.9806
2.99188
2.99951
2.99613
2.9961
2.99856
2.99526
2.95481
2.99725
2.99337
2.99968
2.98935
2.98562
2.96081
2.99996
2.96725
2.98879
2.99676
2.99979
2.99784
2.95338
2.98048
2.99083
2.95825
2.9942
2.99997
2.99409
2.99283
2.99586
2.99448
2.9876
2.9806
2.97758
2.99406
2.99671
2.96756
2.9983
2.98588
2.99989
2.99289
2.99601
2.98948
2.99952
2.99141
2.96701
2.99584
2.99963
2.99935
2.99718
2.99765
2.98337
2.99331
2.97462
2.99814
2.99687
2.96717
2.9949
2.99857
2.98601
2.99719
2.96888
2.98333
2.96774
2.98634
2.99268
2.97441
2.97618
2.98601
2.98453
2.99085
2.98113
2.99982
2.99809
2.99685
2.9861
2.99703
2.99899
2.96402
2.9737
2.99709
2.98747
2.99278
2.98846
2.97681
2.97045
2.98234
2.99924
2.99925
2.96439
2.9886
2.97422
2.99805
2.99644
2.99246
2.96561
2.99727
2.98603
2.99043
2.96549
2.99969
2.97137
2.99064
2.98492
2.99943
2.97164
2.94423
2.97816
2.98922
2.9914
2.98281
2.95851
2.98536
2.98796
2.99471
2.99554
2.99677
2.98908
2.96101
2.98812
2.98907
2.99072
2.99558
2.99901
2.98205
2.98851
2.99526
2.95315
2.9977
2.99992
2.99121
2.97934
2.99984
2.98507
2.98675
2.98513
2.98869
2.89818
2.99914
2.9823
2.98544
2.99341
2.99152
2.98954
2.98739
2.99278
2.97411
2.98285
2.98435
2.99622
2.99515
2.99989
2.99343
2.98108
2.98242
2.98664
2.97854
2.99711
2.99675
2.99838
2.99804
2.98949
2.99008
2.97114
2.97004
2.96486
2.96795
2.99425
2.99092
2.99013
2.99675
2.97534
2.99979
2.99873
2.99839
2.99056
2.99962
2.9776
2.98894
2.95368
2.98448
2.99394
2.99361
2.99439
2.99306
2.96443
2.95217
2.99982
2.9908
2.99384
2.99742
2.99827
2.98907
2.98473
2.95314
2.96295
2.99562
2.98921
2.99045
2.99953
2.98818
2.97382
2.97795
2.9799
2.99089
2.97531
2.98268
2.99093
2.97778
2.9507
2.98844
2.99364
2.92865
2.99615
2.97372
2.99642
2.99548
2.98213
2.98333
2.99988
2.99459
2.99523
2.99583
2.99078
2.98506
2.99389
2.97852
2.97179
2.99803
2.99411
2.98627
2.97812
2.99183
2.95712
2.9783
2.99341
2.99655
2.97667
2.99299
2.97475
2.98724
2.98751
2.98608
2.99189
2.97836
2.9964
2.98963
2.99848
2.98855
2.99498
2.99754
2.9883
2.99764
2.99728
2.98524
2.99241
2.98751
2.91793
2.9903
2.97516
2.97834
2.99779
2.98637
2.99327
2.98905
2.99641
2.98074
2.98127
2.98014
2.99672
2.99324
2.98556
2.95327
2.97807
2.99878
2.96002
2.9892
2.98712
2.99573
2.99873
2.98672
2.99518
2.99658
2.97143
2.99716
2.99727
2.98619
2.97318
2.99497
2.99102
2.99622
2.9971
2.96819
2.98218
2.96696
2.99531
2.99743
2.98963
2.97579
2.99772
2.95104
2.99756
2.91568
2.98383
2.99533
2.99706
2.97398
2.9732
2.99894
2.98622
2.9995
2.99969
2.98513
2.97811
2.99476
2.99441
2.95999
2.99239
2.98884
2.99183
2.98746
2.99819
2.98236
2.98993
2.99126
2.97652
2.92392
2.98296
2.99152
2.99714
2.97994
2.99821
2.99902
2.97899
2.98516
2.99105
2.9794
2.97328
2.99191
2.99371
2.98832
2.98941
2.96761
2.99106
2.98096
2.9934
2.99056
2.98859
2.99446
2.91589
2.9707
2.98894
2.99839
2.98053
2.99576
2.98669
2.97548
2.99787
2.99037
2.98829
2.99318
2.99984
2.96764
2.99331
2.98707
2.99777
2.97285
2.99635
2.99025
2.99428
2.95064
2.9712
2.98925
2.98998
2.99965
2.98232
2.97851
2.99887
2.99311
2.99287
2.9887
2.94628
2.99737
2.99587
2.99414
2.98539
2.97921
2.99002
2.984
2.99329
2.99831
2.98998
2.97848
2.99545
2.99722
2.97064
2.99087
2.99471
2.99666
2.96763
2.99322
2.9855
2.99762
2.99965
2.97423
2.98147
2.98544
2.97997
2.98949
2.99273
2.99622
2.96632
2.99686
2.99286
2.99895
2.99343
2.98634
2.98859
2.97983
2.99189
2.99917
2.99712
2.98568
2.96846
2.99441
2.98213
2.99824
2.97835
2.96161
2.99504
2.99261
2.99755
2.99733
2.99559
2.99521
2.98491
2.9835
2.9942
2.99828
2.99452
2.9885
2.99432
2.97293
2.99338
2.99718
2.99583
2.99446
2.9922
2.99799
2.98335
2.99444
2.97268
2.99436
2.99729
2.95148
2.97726
2.98962
2.98861
2.97459
2.99045
2.98822
2.99875
2.99613
2.99324
2.99109
2.99758
2.99566
2.97379
2.98596
2.99225
2.97215
2.9746
2.9946
2.99487
2.98448
2.99524
2.98025
2.98955
2.97968
2.98508
2.96922
2.98054
2.99767
2.99164
2.99644
2.96144
2.99872
2.99956
2.98179
2.99139
2.99915
2.98711
2.99494
2.986
2.98761
2.98442
2.98232
2.98161
2.98805
2.97118
2.98858
2.99902
2.99213
2.99118
2.99876
2.99621
2.98379
2.99371
2.98941
2.99779
2.99446
2.99965
2.97993
2.9706
2.98951
2.9985
2.97759
2.99952
2.99902
2.99864
2.99778
2.98799
2.99875
2.9617
2.9925
2.97229
2.99221
2.97352
2.99681
2.97041
2.99506
2.99607
2.98316
2.99483
2.99207
2.99878
2.94794
2.9901
2.98998
2.98937
2.99166
2.99965
2.99964
2.99666
2.99144
2.98305
2.9944
2.96309
2.99117
2.94225
2.99877
2.99644
2.97617
2.98959
2.97618
2.98899
2.98963
2.98437
2.97558
2.99138
2.99918
2.95429
2.99839
2.98411
2.98561
2.99759
2.98749
2.99537
2.95357
2.95331
2.99412
2.95799
2.97752
2.9994
2.94546
2.98657
2.98956
2.99471
2.99957
2.99557
2.94787
2.9952
2.9928
2.99331
2.9858
2.99311
2.9802
2.98388
2.98748
2.96469
2.9575
2.98043
2.99592
2.97714
2.99542
2.99815
2.99484
2.98737
2.98227
2.99341
2.97276
2.96222
2.95036
2.92737
2.99644
2.99939
2.9927
2.99376
2.99363
2.9955
2.98331
2.98445
2.9922
2.99262
2.9933
2.9963
2.99432
2.98219
2.93603
2.97453
2.96411
2.99183
2.99906
2.98252
2.9869
2.98297
2.98452
2.98139
2.95485
2.98827
2.9821
2.99294
2.99474
2.99686
2.97822
2.99595
2.98344
2.97429
2.98708
2.99552
2.99659
2.98668
2.93709
2.96748
2.99591
2.9791
2.99108
2.99736
2.99082
2.98897
2.99685
2.98272
2.99728
2.99956
2.99
2.99951
2.97851
2.99229
2.98122
2.96824
2.99654
2.93304
2.98715
2.9986
2.97597
2.99973
2.97924
2.98949
2.98926
2.9964
2.95165
2.96574
2.99754
2.97521
2.99751
2.9563
2.99615
2.97802
2.99648
2.9948
2.99027
2.99392
2.98472
2.99662
2.99425
2.9914
2.98145
2.99804
2.99514
2.99696
2.98917
2.99671
2.99957
2.98032
2.99168
2.96074
2.98169
2.99827
2.99031
2.97321
2.99255
2.96002
2.99999
2.98848
2.99808
2.96874
2.99911
2.99942
2.9899
2.97538
2.99552
2.99097
2.98506
2.99852
2.99588
2.99061
2.98099
2.99132
2.99539
2.99796
2.99094
2.98217
2.98269
2.99076
2.98334
2.98263
2.99163
2.99813
2.99644
2.98385
2.99801
2.99088
2.99429
2.98218
2.9954
2.99684
2.96963
2.99614
2.99807
2.98793
2.98895
2.99645
2.99376
2.9966
2.9992
2.99653
2.99203
2.96941
2.99881
2.98089
2.97922
2.9679
2.98943
2.99731
2.99046
2.98026
2.97268
2.98396
2.96961
2.9888
2.99439
2.99306
2.99201
2.97227
2.98513
2.99606
2.99069
2.98887
2.99917
2.97936
2.99287
2.99658
2.99772
2.99535
2.99486
2.97789
2.98538
2.98698
2.99576
2.93122
2.99346
2.9418
2.95924
2.88358
2.99053
2.99701
2.98223
2.99525
2.99011
2.99134
2.99791
2.97408
2.96492
2.99368
2.97999
2.98333
2.99896
2.99731
2.993
2.99953
2.99862
2.97214
2.9903
2.9763
2.99075
2.99535
2.99945
2.99682
2.99632
2.98625
2.99311
2.98741
2.94104
2.97575
2.98652
2.98221
2.99614
2.97025
2.97654
2.98898
2.95373
2.97715
2.98458
2.99389
2.98249
2.99683
2.99908
2.97069
2.98631
2.99791
2.9719
2.97729
2.99501
2.9937
2.98513
2.99117
2.9993
2.99116
2.9882
2.99789
2.99189
2.99829
2.99911
2.98313
2.98584
2.97112
2.98315
2.99895
2.99024
2.9758
2.97778
2.99645
2.96653
2.99165
2.99942
2.99793
2.99555
2.94759
2.97042
2.98934
2.98327
2.9816
2.97151
2.98173
2.97609
2.98811
2.98407
2.99122
2.98361
2.99923
2.99987
2.9996
2.98027
2.9934
2.99819
2.98886
2.99331
2.98236
2.99682
2.97883
2.97421
2.9991
2.99537
2.99626
2.99374
2.99874
2.96656
2.94704
2.92873
2.99635
2.9939
2.90952
2.9997
2.98964
2.9914
2.9929
2.98539
2.99543
2.94186
2.99433
2.9872
2.99649
2.9885
2.99984
2.98999
2.99722
2.90658
2.98768
2.9867
2.96794
2.99644
2.9951
2.98418
2.99837
2.99106
2.98297
2.98435
2.9932
2.99959
2.99328
2.998
2.95571
2.99674
2.97485
2.98469
2.9994
2.97913
2.99836
2.98664
2.98192
2.98802
2.97709
2.99484
2.99817
2.98975
2.95909
2.97184
2.97957
2.98206
2.99082
2.99876
2.96008
2.9553
2.97912
2.99578
2.95847
2.99737
2.94244
2.98859
2.94667
2.99618
2.98849
2.9791
2.98542
2.97957
2.97591
2.99932
2.97801
2.99902
2.96883
2.99284
2.98588
2.99935
2.97385
2.98359
2.97106
2.99547
2.9924
2.9741
2.97333
2.96592
2.99819
2.97073
2.99427
2.98307
2.99835
2.98369
2.99946
2.97938
2.98562
2.99914
2.99093
2.99093
2.99143
2.97246
2.99622
2.95698
2.95691
2.96419
2.99597
2.98461
2.9905
2.98966
2.997
2.9876
2.98608
2.95127
2.98815
2.99468
2.98229
2.99506
2.9868
2.97842
2.98672
2.99216
2.98948
2.97527
2.96809
2.9669
2.99519
2.99569
2.99131
2.98814
2.99168
2.97926
2.98184
2.99741
2.99793
2.9954
2.99158
2.99277
2.97377
2.99992
2.99362
2.994
2.99926
2.94035
2.98879
2.98262
2.99566
2.9966
2.9721
2.96419
2.9837
2.99771
2.99534
2.99005
2.95913
2.97594
2.99124
2.98295
2.99854
2.99635
2.99164
2.97534
2.992
2.99584
2.98079
2.99464
2.99627
2.97412
2.98107
2.96374
2.99999
2.98699
2.98345
2.99874
2.99426
2.98636
2.99646
2.97603
2.94217
2.98545
2.98735
2.9955
2.99681
2.99271
2.98445
2.99618
2.93818
2.99601
2.97408
2.98273
2.99458
2.97444
2.97565
2.96581
2.95919
2.99785
2.98676
2.97912
2.97124
2.99394
2.99075
2.9952
2.99878
2.99877
2.99333
2.97839
2.98576
2.99119
2.99087
2.98879
2.98197
2.99338
2.99374
2.98157
2.9813
2.98888
2.98901
2.99884
2.99982
2.97957
2.97763
2.99291
2.99534
2.97165
2.99948
2.99594
2.99117
2.98111
2.99799
2.97311
2.97064
2.99867
2.98897
2.98632
2.9918
2.9977
2.9995
2.99393
2.99969
2.99876
2.99351
2.99038
2.99165
2.99574
2.99431
2.98932
2.99399
2.99741
2.97056
2.97463
2.99396
2.99779
2.97724
2.99877
2.97884
2.9841
2.98121
2.98706
2.99185
2.99128
2.97421
2.98277
2.98921
2.9589
2.99974
2.99262
2.99296
2.98675
2.99999
2.98986
2.9998
2.98582
2.99741
2.98729
2.9987
2.99584
2.99269
2.98057
2.98866
2.99164
2.97052
2.98464
2.995
2.99636
2.99916
2.96267
2.99883
2.9964
2.97638
2.99875
2.99531
2.9772
2.93044
2.99429
2.98707
2.99263
2.99663
2.9912
2.99647
2.99363
2.99433
2.97233
2.98662
2.97086
2.99371
2.99796
2.98898
2.99267
2.99706
2.99485
2.99396
2.99741
2.95439
2.99917
2.99803
2.95515
2.99101
2.95871
2.9662
2.99913
2.99362
2.99773
2.99321
2.99368
2.9887
2.98808
2.99492
2.98906
2.98506
2.95513
2.99723
2.9928
2.97744
2.97582
2.99513
2.99766
2.98505
2.98132
2.98372
2.97324
2.99986
2.95456
2.99701
2.98338
2.97969
2.97386
2.99882
2.99318
2.9839
2.94331
2.9908
2.99447
2.98308
2.98733
2.99862
2.97607
2.99666
2.99835
2.99434
2.99975
2.99858
2.99272
2.99069
2.97709
2.96748
2.9846
2.94442
2.9927
2.94517
2.99339
2.99379
2.9752
2.96538
2.99443
2.99987
2.92254
2.99777
2.99652
2.99386
2.98607
2.99938
2.9818
2.99146
2.98005
2.99365
2.98831
2.98139
2.95493
2.99344
2.99093
2.97355
2.99857
2.99036
2.98536
2.99433
2.98
2.97361
2.99001
2.99867
2.99739
2.9908
2.99367
2.99374
2.9846
2.98415
2.97363
2.99686
2.98611
2.99725
2.98329
2.9981
2.96417
2.98643
2.98222
2.94847
2.98329
2.99844
2.98891
2.98702
2.98489
2.99745
2.99939
2.99049
2.98596
2.99936
2.96924
2.97074
2.98917
2.98818
2.99481
2.99061
2.98807
2.98973
2.99379
2.99107
2.97866
2.97911
2.97565
2.98608
2.98088
2.99765
2.99769
2.98909
2.98758
2.99673
2.99417
2.98529
2.9991
2.96828
2.99356
2.95632
2.96994
2.99203
2.99963
2.99379
2.99885
2.99788
2.98441
2.99592
2.99017
2.98255
2.97196
2.98971
2.99416
2.98412
2.99372
2.99195
2.98341
2.99244
2.99296
2.98593
2.99864
2.98761
2.97804
2.98273
2.99951
2.99475
2.9768
2.98863
2.99346
2.96181
2.99682
2.99963
2.98326
2.98127
2.99064
2.9998
2.991
2.99268
2.97097
2.98886
2.99821
2.9854
2.97524
2.92015
2.97857
2.98001
2.9823
2.95196
2.99984
2.9897
2.98922
2.99978
2.99989
2.99669
2.99721
2.98256
2.97951
2.99753
2.99681
2.99619
2.98108
2.98606
2.98824
2.9999
2.99586
2.99364
2.99438
2.99027
2.99148
2.98388
2.9816
2.97504
2.96137
2.99135
2.98359
2.99687
2.97621
2.97844
2.9982
2.98051
2.99201
2.98172
2.99884
2.99933
2.99221
2.95159
2.99667
2.98714
2.99289
2.98316
2.9922
2.98273
2.97076
2.98681
2.99446
2.99901
2.97714
2.99477
2.99495
2.99451
2.99588
2.99953
2.97674
2.99785
2.98679
2.957
2.97888
2.97112
2.95993
2.92826
2.98725
2.99194
2.98001
2.9927
2.98358
2.99116
2.97127
2.99944
2.99804
2.99302
2.98676
2.98733
2.99617
2.99146
2.99881
2.98206
2.98404
2.9941
2.98342
2.99505
2.92858
2.99141
2.98347
2.98171
2.99956
2.99097
2.97092
2.98496
2.99545
2.9961
2.99575
2.97429
2.98945
2.98563
2.97021
2.98627
2.9698
2.99058
2.99104
2.97747
2.98954
2.99894
2.99684
2.99633
2.9962
2.99216
2.99604
2.99946
2.99719
2.96162
2.99377
2.97997
2.97417
2.99398
2.997
2.99552
2.98538
2.97728
2.98809
2.97671
2.99685
2.94057
2.99142
2.99991
2.98594
2.95662
2.97869
2.99708
2.99968
2.97829
2.96209
2.97211
2.99439
2.98722
2.9993
2.98293
2.97212
2.99933
2.97285
2.97469
2.98226
2.96422
2.99443
2.9724
2.99806
2.967
2.98008
2.99336
2.9956
2.99897
2.98615
2.99334
2.9924
2.99568
2.97614
2.99323
2.94819
2.96138
2.98913
2.98689
2.99501
2.98985
2.98809
2.99919
2.97651
2.9687
2.99803
2.97422
2.99256
2.99684
2.99997
2.98609
2.98938
2.99405
2.99638
2.99097
2.95123
2.9898
2.99994
2.94856
2.97471
2.99715
2.99903
2.99949
2.9858
2.98326
2.99638
2.99876
2.9535
2.9983
2.99449
2.99817
2.98001
2.99532
2.99528
2.99247
2.98709
2.97313
2.98982
2.99715
2.99993
2.99595
2.9939
2.99793
2.99691
2.99667
2.97919
2.997
2.99419
2.99961
2.99817
2.99643
2.98544
2.99973
2.99994
2.99712
2.99256
2.99327
2.99771
2.99177
2.9939
2.94828
2.99277
2.98391
2.99502
2.99725
2.9882
2.99674
2.98514
2.99414
2.9935
2.94287
2.98644
2.99972
2.99723
2.99498
2.98568
2.99028
2.97857
2.9944
2.99941
2.98028
2.96705
2.99049
2.99436
2.99224
2.98525
2.96007
2.99794
2.97124
2.98504
2.9998
2.99629
2.93493
2.99799
2.95361
2.98563
2.98053
2.98987
2.96635
2.99544
2.99716
2.9585
2.99644
2.99888
2.97716
2.99409
2.99535
2.99806
2.99753
2.99751
2.96569
2.98161
2.99044
2.98088
2.99347
2.97199
2.99659
2.9947
2.99771
2.99926
2.99673
2.99268
2.98837
2.99937
2.98751
2.9522
2.99376
2.99355
2.99958
2.97728
2.99632
2.9982
2.99719
2.98691
2.98729
2.99951
2.99344
2.99492
2.99134
2.99552
2.99836
2.9672
2.98294
2.9666
2.9904
2.98652
2.98445
2.98792
2.99729
2.99307
2.9938
2.99613
2.97062
2.98521
2.99877
2.98815
2.99731
2.99143
2.95005
2.96857
2.99031
2.98245
2.99882
2.99724
2.99847
2.97847
2.98975
2.89555
2.95724
2.99836
2.99198
2.99961
2.99627
2.99835
2.99746
2.96557
2.99065
2.99854
2.99238
2.99804
2.99918
2.99352
2.97453
2.98603
2.97284
2.99609
2.97888
2.96116
2.99832
2.99619
2.98576
2.99056
2.99817
2.99822
2.98718
2.97835
2.98378
2.99962
2.99815
2.99454
2.99591
2.99268
2.99967
2.98359
2.99318
2.9545
2.9907
2.96179
2.98487
2.99386
2.97248
2.98938
2.98781
2.9745
2.98747
2.92517
2.98785
2.98653
2.99882
2.98641
2.98094
2.99936
2.9678
2.99583
2.99445
2.99084
2.99779
2.986
2.98581
2.95555
2.99572
2.99696
2.99194
2.99207
2.99578
2.96721
2.99312
2.98096
2.98815
2
2.98399
2.99777
2.99121
2.99793
2.99189
2.99081
2.99451
2.9591
2.95876
2.97662
2.98612
2.99213
2.99333
2.98289
2.99958
2.99777
2.99987
2.97314
2.99517
2.98144
2.98609
2.99471
2.99008
2.98516
2.99775
2.99976
2.99285
2.98495
2.99953
2.97541
2.99929
2.94738
2.98403
2.97526
2.96595
2.98563
2.9952
2.99906
2.9912
2.9593
2.99415
2.99142
2.99517
2.98965
2.99521
2.99781
2.9999
2.95724
2.98922
2.96829
2.97527
2.9912
2.99484
2.9671
2.99775
2.98782
2.99049
2.98759
2.96573
2.99539
2.9988
2.98381
2.9957
2.98756
2.9958
2.9938
2.99834
2.99869
2.98012
2.9914
2.9974
2.99507
2.98731
2.97935
2.99774
2.9928
2.98217
2.99345
2.98921
2.99458
2.98101
2.97318
2.97904
2.9892
2.99535
2.98516
2.997
2.98318
2.99929
2.99748
2.99024
2.99184
2.9957
2.97089
2.99542
2.99302
2.99075
2.99565
2.99724
2.97258
2.99171
2.98636
2.99499
2.99787
2.99961
2.98801
2.99021
2.96637
2.96947
2.99021
2.99937
2.98201
2.96257
2.98837
2.99368
2.99992
2.99797
2.98843
2.99355
2.98788
2.9725
2.99378
2.99902
2.99753
2.99546
2.99915
2.97123
2.97817
2.969
2.98336
2.99147
2.98376
2.966
2.98673
2.99174
2.9911
2.99251
2.99548
2.97119
2.99608
2.94915
2.98143
2.98462
2.99047
2.97081
2.99137
2.9995
2.99557
2.9925
2.98157
2.99817
2.98608
2.99171
2.99337
2.98108
2.97758
2.97851
2.94626
2.98873
2.9995
2.99042
2.99337
2.9902
2.98573
2.98329
2.98799
2.9666
2.99822
2.99994
2.97109
2.99996
2.96341
2.99803
2.99354
2.99561
2.97779
2.97625
2.98823
2.99126
2.99888
2.98573
2.9937
2.98656
2.99838
2.97858
2.9997
2.97109
2.99908
2.99214
2.99069
2.98932
2.99661
2.97986
2.98604
2.99855
2.99799
2.995
2.98042
2.98224
2.97984
2.98982
2.94974
2.97409
2.97405
2.99097
2.97808
2.99222
2.98538
2.99124
2.98996
2.98922
2.98999
2.99503
2.98139
2.98126
2.99829
2.99437
2.98388
2.99952
3
2.97695
2.98997
2.98042
2.99568
2.98554
2.99332
2.99618
2.96352
2.99702
2.99073
2.98659
2.96358
2.99793
2.97995
2.98793
2.99664
2.99857
2.99053
2.99194
2.96734
2.92794
2.99019
2.99373
2.99993
2.97408
2.99613
2.99869
2.98752
2.99997
2.99382
2.99996
2.99998
2.99031
2.99869
2.9714
2.95369
2.98884
2.99805
2.99791
2.99807
2.97671
2.99697
2.9991
2.94942
2.9897
2.99964
2.98729
2.98734
2.99923
2.9994
2.99462
2.99561
2.99918
2.99391
2.99579
2.99429
2.98294
2.99395
2.94035
2.99453
2.99702
2.98657
2.97844
2.97726
2.9994
2.99409
2.9957
2.96135
2.99375
2.93792
2.99627
2.99722
2.98811
2.99265
2.99621
2.99831
2.97819
2.99786
2.98985
2.96794
2.99349
2.99825
2.97722
2.99535
2.97976
2.99136
2.97915
2.98656
2.99554
2.98591
2.99097
2.96055
2.98045
2.9856
2.98679
2.99059
2.95971
2.99049
2.99968
2.98523
2.99221
2.98504
2.99728
2.97137
2.97375
2.98109
2.99944
2.99292
2.9891
2.9988
2.99743
2.99325
2.99936
2.99079
2.99392
2.99428
2.98286
2.97589
2.98432
2.99464
2.96707
2.98016
2.99479
2.96427
2.99974
2.99681
2.96578
2.99089
2.98353
2.97367
2.95519
2.99247
2.98826
2.99222
2.97466
2.9941
2.93963
2.96698
2.9987
2.98227
2.97523
2.99249
2.98709
2.98598
2.99945
2.9291
2.99806
2.98498
2.96255
2.99956
2.96211
2.99614
2.96073
2.99084
2.95184
2.98764
2.9789
2.98489
2.99368
2.98916
2.98181
2.97616
2.98671
2.99325
2.99895
2.99719
2.99477
2.999
2.99488
2.98275
2.98221
2.97593
2.99699
2.99501
2.99863
2.98739
2.99532
2.98685
2.99957
2.99437
2.95277
2.99564
2.98015
2.98924
2.98428
2.98537
2.9853
2.99867
2.99493
2.95063
2.9753
2.97873
2.99108
2.96767
2.99635
2.9888
2.98335
2.99274
2.96772
2.97155
2.99876
2.99936
2.9359
2.99518
2.98633
2.99061
2.9981
2.9889
2.984
2.99347
2.98474
2.99561
2.97753
2.99484
2.98838
2.98322
2.99338
2.99667
2.99564
2.99183
2.99456
2.98369
2.99238
2.98473
2.99489
2.98351
2.97912
2.97998
2.98469
2.99741
2.99784
2.96561
2.9879
2.96725
2.98434
2.98882
2.98747
2.99437
2.99257
2.9982
2.99847
2.99228
2.99372
2.99619
2.96912
2.98959
2.94032
2.98828
2.99536
2.99677
2.99156
2.99058
2.99949
2.95751
2.99175
2.94396
2.98767
2.97094
2.9598
2.98308
2.98435
2.99786
2.97915
2.9825
2.99988
2.99331
2.99572
2.97141
2.99953
2.97977
2.97125
2.99533
2.99315
2.91955
2.99743
2.97421
2.99737
2.97037
2.96993
2.99457
2.9873
2.97985
2.98853
2.96372
2.99825
2.9901
2.99179
2.97049
2.98589
2.99623
2.99783
2.96808
2.97013
2.9877
2.97953
2.99823
2.98834
2.9856
2.95268
2.99345
2.99391
2.99437
2.98494
2.99397
2.99421
2.99231
2.97371
2.98917
2.99953
2.96158
2.9943
2.99068
2.99039
2.9983
2.98498
2.99514
2.98294
2.98419
2.99739
2.97424
2.98088
2.98557
2.99045
2.98182
2.96372
2.99386
2.99483
2.99449
2.99267
2.95134
2.98218
2.99986
2.99227
2.99769
2.998
2.94792
2.98147
2.99822
2.96906
2.98659
2.99405
2.97405
2.98628
2.96306
2.99814
2.98802
2.98911
2.95402
2.99264
2.993
2.98729
2.98316
2.99724
2.99897
2.97424
2.99275
2.9674
2.96832
2.97804
2.97123
2.98487
2.98171
2.99736
2.98766
2.98753
2.95784
2.97115
2.99739
2.99454
2.98707
2.99025
2.99657
2.99181
2.99396
2.99553
2.97179
2.98745
2.98849
2.98258
2.9974
2.99493
2.99735
2.9655
2.98624
2.99753
2.98795
2.98044
2.94197
2.99317
2.99577
2.97383
2.98525
2.99223
2.99325
2.98384
2.9808
2.98484
2.99927
2.9837
2.99556
2.9767
2.99073
2.98727
2.99459
2.99808
2.97825
2.9999
2.97307
2.94591
2.98791
2.99275
2.95053
2.9622
2.99809
2.98906
2.99792
2.9691
2.99457
2.99005
2.99331
2.99268
2.9989
2.99474
2.96989
2.97989
2.99086
2.99393
2.94295
2.96502
2.99388
2.98738
2.95173
2.96952
2.99124
2.97594
2.9805
2.98435
2.99851
2.979
2.9781
2.99417
2.99632
2.98856
2.99522
2.9946
2.95341
2.99851
2.99858
2.98915
2.98882
2.99841
2.99434
2.99097
2.98802
2.99604
2.99774
2.98269
2.98446
2.95002
2.98607
2.99831
2.99361
2.97534
2.99497
2.99682
2.99414
2.98922
2.99712
2.97606
2.97704
2.98035
2.96469
2.98374
2.99668
2.97435
2.97149
2.96164
2.93829
2.99184
2.98292
2.9962
2.98686
2.99559
2.99198
2.98832
2.98777
2.96394
2.99385
2.9956
2.9832
2.99887
2.97236
2.99141
2.99712
2.97322
2.98573
2.99345
2.99994
2.9762
2.99803
2.97894
2.99953
2.99445
2.97514
2.99984
2.99482
2.98578
2.99455
2.98103
2.99867
2.98606
2.98984
2.99868
2.96221
2.99203
2.99813
2.99814
2.98983
2.97355
2.97984
2.99261
2.99283
2.96748
2.98301
2.98564
2.99021
2.99409
2.98288
2.93829
2.9919
2.99117
2.95965
2.99637
2.99056
2.99857
2.99148
2.99564
2.99268
2.99929
2.9988
2.99761
2.98023
2.95703
2.9924
2.99736
2.99914
2.98028
2.98413
2.99911
2.99313
2.98147
2.94544
2.99894
2.98307
2.99243
2.99976
2.97621
2.98707
2.99698
2.9883
2.98689
2.98217
2.92127
2.97514
2.99474
2.99061
2.9693
2.99905
2.99334
2.9908
2.96859
2.99191
2.99903
2.99893
2.96496
2.98533
2.98966
2.98697
2.99829
2.99649
2.9801
2.97756
2.98992
2.9581
2.99741
2.98612
2.99508
2.98994
2.98669
2.99362
2.98981
2.98622
2.98032
2.99966
2.98556
2.97498
2.98532
2.96339
2.98049
2.99535
2.99616
2.9871
2.98229
2.98965
2.97525
2.98261
2.99598
2.97829
2.99766
2.99512
2.99849
2.98236
2.99897
2.95718
2.99421
2.9529
2.9881
2.99503
2.9613
2.98114
2.99823
2.99575
2.98544
2.98574
2.96357
2.98673
2.99369
2.97447
2.99448
2.99481
2.95968
2.99902
2.98266
2.9625
2.97917
2.99483
2.99542
2.96016
2.97037
2.98002
2.99936
2.96223
2.99956
2.94744
2.99476
2.98554
2.98779
2.98484
2.99799
2.96518
2.9912
2.99851
2.96891
2.9938
2.99794
2.9832
2.98759
2.97401
2.97589
2.98777
2.96922
2.9824
2.95843
2.98182
2.98625
2.98157
2.99937
2.9867
2.98307
2.98601
2.94546
2.97514
2.99783
2.99197
2.96227
2.985
2.99556
2.99588
2.97494
2.9998
2.98475
2.97778
2.9826
2.97533
2.95151
2.99472
2.98047
2.99601
2.99742
2.99727
2.99237
2.98583
2.9935
2.97486
2.99117
2.96597
2.97874
2.99391
2.99651
2.99851
2.97178
2.99628
2.96386
2.98667
2.9936
2.97787
2.98839
2.99587
2.99677
2.97981
2.96711
2.99405
2.95851
2.99437
2.99626
2.9998
2.97386
2.99321
2.99059
2.99906
2.99901
2.99769
2.99575
2.99228
2.99588
2.96021
2.9925
2.98647
2.95887
2.99624
2.98234
2.99548
2.99985
2.97782
2.99466
2.99911
2.98721
2.99838
2.99313
2.99838
2.97451
2.98063
2.97571
2.99454
2.98096
2.99986
2.9949
2.98788
2.99051
2.99248
2.98883
2.99542
2.98494
2.99256
2.99728
2.99678
2.99024
2.9664
2.96347
2.99716
2.97235
2.96494
2.98444
2.99066
2.97542
2.95268
2.95296
2.99103
2.98335
2.98847
2.98741
2.99268
2.99353
2.99331
2.97471
2.95766
2.97965
2.99229
2.96551
2.99504
2.99417
2.97379
2.99369
2.99375
2.99537
2.98365
2.98259
2.9987
2.98908
2.9968
2.99357
2.99531
2.99632
2.99939
2.96247
2.96371
2.99041
2.94263
2.96578
2.99057
2.99081
2.99199
2.99868
2.99727
2.99145
2.99257
2.99262
2.98742
2.98271
2.996
2.97865
2.97871
2.99505
2.98227
2.98811
2.99817
2.99617
2.97652
2.99793
2.99964
2.99557
2.97083
2.99489
2.95911
2.98196
2.99446
2.9989
2.9859
2.98537
2.98411
2.99246
2.99853
2.981
2.99845
2.99026
2.99515
2.99629
2.99681
2.99643
2.96167
2.99631
2.99581
2.99427
2.99041
2.9814
2.98509
2.99938
2.98206
2.97691
2.9828
2.99201
2.97683
2.9992
2.98763
2.98926
2.98896
2.93568
2.98746
2.99316
2.99056
2.99289
2.99093
2.96087
2.98606
2.99602
2.99946
2.99734
2.99112
2.99505
2.98305
2.99711
2.9996
2.95661
2.99458
2.98227
2.98138
2.99026
2.97048
2.97282
2.98467
2.99617
2.99317
2.99482
2.99879
2.98171
2.98799
2.99896
2.97841
2.98572
2.98046
2.97131
2.99656
2.99462
2.99293
2.99714
2.9802
2.98234
2.97772
2.99743
2.99561
2.98221
2.99151
2.99247
2.99598
2.99067
2.99293
2.97723
2.98519
2.96783
2.99668
2.99459
2.97792
2.98126
2.95725
2.99718
2.99453
2.98721
2.98385
2.99783
2.98165
2.99591
2.97623
2.99565
2.99321
2.99143
2.99927
2.9992
2.99032
2.97311
2.99941
2.99563
2.99862
2.99942
2.98743
2.99588
2.99442
2.99324
2.98917
2.99723
2.99623
2.98227
2.99921
2.95971
2.99499
2.99047
2.98645
2.99693
2.97293
2.99202
2.99399
2.99684
2.97909
2.99333
2.96955
2.99986
2.9928
2.99442
2.98544
2.98388
2.99663
2.99444
2.98984
2.95025
2.99699
2.99572
2.97373
2.99574
2.99421
2.99721
2.96851
2.99778
2.99467
2.99683
2.99245
2.9909
2.98256
2.98521
2.98416
2.99666
2.97302
2.99096
2.98747
2.96599
2.98459
2.98924
2.99757
2.99559
2.98952
2.966
2.94142
2.99236
2.98693
2.97969
2.99903
2.99015
2.98501
2.97237
2.98891
2.9966
2.98344
2.99325
2.98258
2.98169
2.98809
2.99902
2.96893
2.97153
2.96638
2.99422
2.98975
2.97717
2.99431
2.99203
2.99948
2.99738
2.9905
2.99664
2.96555
2.96368
2.97283
2.9846
2.9913
2.97542
2.98182
2.97888
2.98609
2.9776
2.99228
2.97852
2.98703
2.99833
2.9976
2.99138
2.99454
2.98424
2.98949
2.99024
2.98418
2.9949
2.99826
2.98589
2.98625
2.99542
2.9978
2.99065
2.96854
2.99892
2.98404
2.97236
2.98892
2.9876
2.99416
2.99003
2.99908
2.9833
2.95209
2.96121
2.99618
2.98985
2.9956
2.99177
2.98935
2.99743
2.97549
2.97343
2.99765
2.99177
2.98896
2.99755
2.98871
2.99735
2.96932
2.98703
2.98793
2.98556
2.93379
2.99534
2.94537
2.95813
2.99987
2.96613
2.9896
2.98817
2.98019
2.97551
2.9935
2.99957
2.99903
2.97845
2.9998
2.99961
2.97639
2.9823
2.99194
2.97646
2.99761
2.95178
2.98165
2.99662
2.97499
2.99744
2.9682
2.99871
2.99783
2.99558
2.99934
2.98577
2.99236
2.96199
2.98352
2.99401
2.9873
2.98033
2.99239
2.96582
2.981
2.99077
2.98849
2.99928
2.99853
2.97513
2.99724
2.9921
2.98931
2.95559
2.99977
2.98269
2.9631
2.99703
2.98442
2.96989
2.99168
2.99831
2.98375
2.97005
2.99812
2.98618
2.97786
2.98244
2.97638
2.99953
2.99963
2.99969
2.9674
2.9805
2.96873
2.99326
2.97946
2.97765
2.9928
2.99688
2.99051
2.98863
2.9994
2.98919
2.9817
2.93957
2.98838
2.98206
2.99525
2.97276
2.98382
2.99886
2.99538
2.99911
2.9907
2.98668
2.99207
2.98567
2.98378
2.99931
2.99249
2.98624
2.98813
2.95636
2.98115
2.99623
2.98269
2.99173
2.99759
2.98806
2.99582
2.9979
2.99985
2.99272
2.99985
2.97047
2.98848
2.99868
2.95366
2.96002
2.98305
2.99514
2.98792
2.99811
2.99892
2.98909
2.9916
2.98892
2.99995
2.9961
2.98445
2.9895
2.9952
2.99618
2.98994
2.99385
2.99586
2.99022
2.98242
2.99491
2.99904
2.99896
2.99876
2.98073
2.97964
2.97784
2.98771
2.98267
2.99968
2.99969
2.9831
2.9839
2.99999
2.97932
2.99603
2.99874
2.99258
2.98877
2.99419
2.99736
2.99817
2.99432
2.97786
2.97993
2.99372
2.97273
2.98628
2.98606
2.96098
2.97593
2.97296
2.97155
2.99025
2.99966
2.99204
2.99809
2.99655
2.99828
2.99379
2.92058
2.95666
2.99986
2.97395
2.99111
2.99403
2.98867
2.98398
2.98166
2.98226
2.98851
2.99037
2.99695
2.99249
2.97879
2.99683
2.99876
2.99301
2.95858
2.99537
2.99225
2.98587
2.99203
2.99734
2.97883
2.99473
2.98594
2.99166
2.98748
2.99758
2.98239
2.99976
2.99216
2.99928
2.98076
2.99902
2.99931
2.99598
2.97285
2.95075
2.98863
2.99557
2.99022
2.97209
2.98896
2.97347
2.99215
2.99817
2.98916
2.93599
2.99189
2.99175
2.98748
2.98967
2.98912
2.97796
2.99315
2.99696
2.9881
2.97196
2.98423
2.98159
2.96452
2.99411
2.99259
2.97538
2.99285
2.98625
2.9932
2.98845
2.97123
2.99508
2.97943
2.99722
2.97865
2.94589
2.99358
2.9808
2.99883
2.96999
2.96902
2.9869
2.98209
2.98432
2.99676
2.99815
2.99464
2.95876
2.98028
2.98396
2.94718
2.99968
2.99791
2.99219
2.99962
2.99667
2.99898
2.98452
2.98736
2.99335
2.98479
2.99078
2.98004
2.96416
2.99484
2.99273
2.99541
2.9518
2.99965
2.98011
2.98993
2.96626
2.98603
2.98919
2.98461
2.99816
2.98841
2.99479
2.9669
2.95632
2.98393
2.99758
2.99134
2.97461
2.95889
2.99897
2.99525
2.98755
2.99593
2.97849
2.992
2.97946
2.99522
2.9888
2.98544
2.99636
2.97659
2.98076
2.99439
2.98862
2.99852
2.96932
2.99107
2.98224
2.95604
2.96526
2.9869
2.98929
2.99731
2.99511
2.99222
2.99626
2.98433
2.97411
2.99859
2.97483
2.99495
2.97477
2.9624
2.98912
2.98979
2.99614
2.99059
2.97373
2.97047
2.98525
2.98617
2.98471
2.98498
2.97296
2.98085
2.9992
2.99295
2.9907
2.98455
2.96573
2.97778
2.98156
2.99401
2.99595
2.97947
2.98602
2.95885
2.99532
2.95679
2.97681
2.99217
2.99808
2.98692
2.99607
2.99745
2.99652
2.9977
2.96232
2.97796
2.99599
2.99535
2.9998
2.97953
2.97821
2.96367
2.99648
2.97681
2.99334
2.96318
2.99628
2.97833
2.9968
2.97839
2.97707
2.99758
2.99681
2.99493
2.99644
2.98943
2.98276
2.99093
2.95235
2.99101
2.99238
2.99043
2.99767
2.99773
2.97087
2.99769
2.98654
2.97283
2.99689
2.98881
2.9967
2.99843
2.9959
2.99218
2.99731
2.99556
2.99962
2.96008
2.99745
2.99078
2.99329
2.99516
2.97685
2.9788
2.96513
2.96126
2.99471
2.99713
2.99676
2.96824
2.99892
2.9825
2.99983
2.97668
2.97965
2.99973
2.97297
2.99615
2.9704
2.98508
2.98959
2.95424
2.99767
2.98576
2.97801
2.98404
2.96896
2.99408
2.99852
2.96867
2.98484
2.99357
2.99427
2.99315
2.99584
2.99219
2.98968
2.99901
2.99059
2.96792
2.98844
2.98693
2.98198
2.99846
2.97755
2.98615
2.98581
2.97053
2.98732
2.97336
2.99753
2.98604
2.98559
2.99971
2.99844
2.99416
2.99598
2.96287
2.99283
2.9824
2.99523
2.99136
2.99184
2.9995
2.99923
2.97168
2.99025
2.97933
2.98211
2.99512
2.98403
2.98589
2.98488
2.98301
2.9936
2.99912
2.99553
2.99637
2.98514
2.97719
2.98628
2.99773
2.98148
2.98331
2.9883
2.992
2.98456
2.9977
2.98888
2.99785
2.98852
2.98901
2.971
2.98933
2.98826
2.99941
2.98677
2.99579
2.98082
2.95321
2.97522
2.99181
2.99745
2.99475
2.99088
2.99986
2.99532
2.99094
2.99002
2.99828
2.9992
2.97479
2.98822
2.99996
2.98191
2.99623
2.96818
2.99785
2.97819
2.94718
2.98253
2.93581
2.99883
2.99164
2.98102
2.99635
2.99163
2.96632
2.99716
2.97834
2.99945
2.98631
2.98063
2.98857
2.98847
2.97588
2.99876
2.99906
2.98691
2.98285
2.99708
2.99979
2.99239
2.94318
2.99778
2.99987
2.99849
2.99858
2.97443
2.99512
2.97995
2.98309
2.97232
2.97072
2.98988
2.98956
2.9937
2.97064
2.97466
2.99783
2.99955
2.99253
2.99571
2.97535
2.94904
2.9678
2.97536
2.99954
2.98559
2.99809
2.99472
2.98781
2.98802
2.97193
2.98455
2.99637
2.9974
2.99079
2.98444
2.98725
2.99714
2.99571
2.99654
2.99743
2.99672
2.96454
2.99579
2.9943
2.97776
2.99947
2.97538
2.9969
2.98979
2.97732
2.99765
2.99791
2.98732
2.95677
2.9954
2.97952
2.99255
2.9973
2.99653
2.99297
2.98924
2.97493
2.99893
2.98989
2.98902
2.99158
2.99867
2.98944
2.99468
2.98571
2.99795
2.99705
2.99925
2.9556
2.98873
2.96755
2.98269
2.99104
2.97244
2.99005
2.99863
2.99388
2.99525
2.98819
2.99509
2.99233
2.98856
2.97493
2.98109
2.96767
2.94217
2.96675
2.98951
2.99505
2.99609
2.98005
2.99559
2.9845
2.97323
2.99776
2.99661
2.99625
2.97474
2.98875
2.9781
2.98894
2.99081
2.98146
2.99385
2.99733
2.98223
2.99095
2.99489
2.99736
2.99881
2.98658
2.99395
2.9966
2.98486
2.92348
2.99884
2.98187
2.99821
2.99371
2.98723
2.97348
2.998
2.97329
2.99187
2.98694
2.99486
2.99728
2.99148
2.99892
2.93826
2.99988
2.96467
2.95739
2.95172
2.97793
2.98796
2.99399
2.98945
2.9911
2.97799
2.99873
2.97759
2.99617
2.98602
2.99098
2.96392
2.93572
2.95536
2.97885
2.95212
2.9916
2.99296
2.99466
2.99941
2.98545
2.99609
2.99162
2.98603
2.97686
2.99675
2.99271
2.98717
2.99538
2.99961
2.99723
2.97813
2.98973
2.97624
2.99228
2.98012
2.97538
2.99511
2.98548
2.98878
2.97233
2.987
2.98861
2.99951
2.98958
2.9997
2.96573
2.98179
2.99398
2.99766
2.98192
2.98682
2.95476
2.95595
2.99843
2.97277
2.98258
2.99635
2.98344
2.99966
2.99917
2.97851
2.96323
2.98847
2.97661
2.99828
2.99936
2.99639
2.97246
2.986
2.99825
2.99528
2.99308
2.99442
2.99948
2.99985
2.99554
2.94263
2.98302
2.992
2.98342
2.98287
2.99424
2.97566
2.9874
2.95455
2.99685
2.97255
2.99978
2.97084
2.98627
2.95642
2.91568
2.95054
2.98575
2.98139
2.99926
2.99861
2.9989
2.99872
2.97418
2.98165
2.9907
2.97778
2.99719
2.99155
2.98286
2.99643
2.97104
2.98437
2.99202
2.95277
2.98727
2.99083
2.98643
2.99973
2.995
2.98205
2.99883
2.99384
2.99462
2.99849
2.99849
2.99182
2.98169
2.99152
2.99149
2.98644
2.9989
2.94692
2.98724
2.97425
2.99972
2.98695
2.99155
2.98196
2.99891
2.99642
2.98782
2.99312
2.95898
2.89093
2.99828
2.99925
2.98599
2.99048
2.99556
2.97243
2.97685
2.97739
2.97726
2.968
2.98363
2.99175
2.99606
2.97259
2.97347
2.99704
2.99603
2.99374
2.99692
2.98766
2.9658
2.99415
2.98709
2.99359
2.99179
2.98876
2.99346
2.99072
2.96935
2.98859
2.99895
2.95098
2.99098
2.99585
2.97389
2.99377
2.9969
2.99343
2.97585
2.973
2.99757
2.96782
2.98453
2.9994
2.99295
2.96036
2.96395
2.99622
2.98724
2.96035
2.99695
2.9945
2.98891
2.97962
2.9792
2.99661
2.98725
2.98709
2.97389
2.98474
2.99876
2.99799
2.97801
2.9836
2.95621
2.93612
2.98041
2.99533
2.98939
2.96606
2.99991
2.9859
2.98564
2.98694
2.99572
2.98632
2.99833
2.98003
2.99062
2.98124
2.97635
2.99676
2.99459
2.99691
2.9963
2.98495
2.98368
2.9917
2.97908
2.99932
2.98122
2.97812
2.97523
2.97277
2.98596
2.99391
2.98166
2.98993
2.9942
2.99903
2.9865
2.99708
2.93103
2.94544
2.99099
2.99841
2.96006
2.98986
2.99732
2.98172
2.99943
2.96053
2.96375
2.97577
2.99523
2.97736
2.96377
2.96935
2.99126
2.99152
2.98852
2.96824
2.98011
2.99061
2.99972
2.97589
2.99886
2.99607
2.98421
2.96488
2.99927
2.99844
2.99959
2.99608
2.99306
2.97512
2.98741
2.99422
2.98492
2.986
2.98795
2.98684
2.99923
2.99718
2.98445
2.99457
2.99526
2.99431
2.97685
2.984
2.99707
2.98225
2.9961
2.99978
2.99873
2.9528
2.98039
2.99145
2.98776
2.9807
2.99289
2.99757
2.97679
2.99317
2.98892
2.99099
2.97958
2.9965
2.98506
2.99886
2.97604
2.99061
2.98919
2.9902
2.95253
2.97
2.98997
2.99914
2.95201
2.98813
2.99545
2.98725
2.96525
2.97593
2.9743
2.99856
2.99362
2.99945
2.99369
2.9893
2.9881
2.99407
2.99661
2.99982
2.99985
2.99058
2.99726
2.98663
2.98445
2.99559
2.99943
2.95868
2.99478
2.99708
2.99056
2.97296
2.99697
2.98797
2.98621
2.99598
2.99132
2.9684
2.96133
2.98892
2.98396
2.99201
2.9986
2.98367
2.98253
2.99847
2.99317
2.99729
2.99184
2.9872
2.99744
2.99831
2.99012
2.98742
2.99783
2.98083
2.9869
2.99691
2.97476
2.99233
2.99091
2.99215
2.99872
2.99128
2.99839
2.97132
2.96538
2.96068
2.99385
2.99532
2.98604
2.97891
2.99098
2.99459
2.99153
2.99721
2.98241
2.9976
2.98764
2.97432
2.98882
2.99725
2.99982
2.96212
2.98629
2.99123
2.96975
2.99513
2.99915
2.99464
2.97248
2.97746
2.99786
2.99014
2.99686
2.99148
2.99918
2.99068
2.99997
2.9995
2.98268
2.99508
2.99271
2.96904
2.99581
2.99421
2.99867
2.9775
2.99221
2.97827
2.95947
2.99413
2.99633
2.97472
2.9963
2.97779
2.9975
2.99113
2.99898
2.99971
2.99109
2.9995
2.98545
2.99604
2.98753
2.99493
2.96494
2.99475
2.99383
2.99654
2.99657
2.99562
2.99914
2.99863
2.98943
2.97577
2.95388
2.99181
2.96843
2.98612
2.99361
2.99712
2.98464
2.97586
2.97886
2.99212
2.99975
2.97271
2.9932
2.98847
2.98814
2.99943
2.99576
2.97364
2.99183
2.98065
2.98785
2.99494
2.98859
2.97315
2.99523
2.95225
2.98663
2.99643
2.99285
2.99211
2.99043
2.97282
2.99037
2.98412
2.9907
2.98773
2.98955
2.9982
2.99746
2.97878
2.99108
2.96812
2.99527
2.99805
2.99969
2.99514
2.99057
2.97708
2.97657
2.99382
2.99658
2.99759
2.99422
2.98793
2.98577
2.99594
2.99841
2.98172
2.9498
2.99434
2.9969
2.98516
2.99988
2.98642
2.98203
2.99706
2.99719
2.99217
2.9936
2.95385
2.99885
2.99921
2.98923
2.99527
2.98448
2.99149
2.99542
2.97708
2.99784
2.9982
2.99066
2.99613
2.98499
2.99767
2.98865
2.97784
2.96651
2.99989
2.99951
2.98762
2.97857
2.97251
2.99302
2.98289
2.92456
2.99878
2.99071
2.99677
2.99951
2.97957
2.97651
2.98386
2.9957
2.97597
2.99713
2.98217
2.98962
2.98942
2.97588
2.97423
2.99906
2.99817
2.9872
2.99531
2.99728
2.99567
2.9929
2.99651
2.99416
2.9463
2.99578
2.98225
2.99576
2.96345
2.99315
2.99817
2.98704
2.98857
2.98767
2.99917
2.97689
2.99916
2.99558
2.97465
2.9779
2.9868
2.98755
2.99207
2.96578
2.9692
2.97778
2.9816
2.99984
2.99504
2.99174
2.9937
2.96889
2.97198
2.99044
2.98302
2.99835
2.99364
2.96078
2.99282
2.99438
2.9905
2.99922
2.99959
2.99694
2.98298
2.97733
2.99746
2.93096
2.98754
2.98728
2.98795
2.95284
2.99521
2.96892
2.98133
2.98583
2.96511
2.97704
2.99282
2.95696
2.9909
2.9953
2.99182
2.98503
2.99729
2.95942
2.98336
2.98628
2.98311
2.99671
2.92
2.98561
2.99387
2.98127
2.99772
2.99386
2.98961
2.97014
2.99934
2.97828
2.99023
2.99803
2.98544
2.99514
2.999
2.99668
2.99924
2.99693
2.97461
2.96286
2.9936
2.99866
2.97495
2.99403
2.98763
2.99959
2.99595
2.99448
2.99613
2.99012
2.97099
2.9976
2.95173
2.98828
2.99754
2.99593
2.97752
2.97049
2.9937
2.98915
2.99485
2.9982
2.97904
2.98432
2.99311
2.99024
2.99008
2.98649
2.97005
2.97612
2.98235
2.98246
2.98105
2.97561
2.96967
2.97548
2.95798
2.99517
2.92595
2.98471
2.95011
2.98742
2.99826
2.97347
2.97127
2.99704
2.9928
2.9715
2.96907
2.97787
2.9671
2.99155
2.98524
2.98623
2.99609
2.99028
2.98158
2.98899
2.99015
2.99737
2.97499
2.99148
2.99117
2.99734
2.99619
2.97804
2.99038
2.96836
2.97834
2.99176
2.99755
2.99097
2.99812
2.95964
2.92932
2.99444
2.99382
2.99466
2.99257
2.99398
2.96365
2.9942
2.99698
2.99549
2.97084
2.98456
2.98831
2.99396
2.9967
2.98752
2.99489
2.97028
2.98727
2.97973
2.97418
2.97852
2.99771
2.97462
2.97202
2.98362
2.99189
2.99672
2.9943
2.98179
2.98975
2.97421
2.99222
2.98769
2.99756
2.99109
2.99358
2.96814
2.99994
2.95344
2.98729
2.98625
2.9712
2.99446
2.99573
2.99206
2.96174
2.99963
2.99043
2.98108
2.95488
2.99793
2.9917
2.99005
2.99338
2.99956
2.98893
2.99479
2.99415
2.99971
2.95782
2.97151
2.98809
2.97879
2.9845
2.98726
2.99821
2.96877
2.99519
2.99667
2.97663
2.99383
2.97469
2.99861
2.98624
2.99293
2.98377
2.99222
2.986
2.99142
2.99991
2.98293
2.97675
2.98456
2.9823
2.98009
2.99278
2.98516
2.99217
2.97542
2.99965
2.99944
2.99505
2.97646
2.99502
2.99093
2.99436
2.99489
2.99746
2.98875
2.99935
2.99192
2.98572
2.99278
2.94554
2.99619
2.99667
2.99297
2.99939
2.99087
2.98709
2.98267
2.99828
2.98335
2.99817
2.99715
2.95957
2.9921
2.99477
2.99661
2.98081
2.99518
2.99827
2.9979
2.99063
2.96044
2.99497
2.97252
2.99385
2.98662
2.99459
2.99817
2.99414
2.99679
2.99369
2.99651
2.992
2.9878
2.97757
2.98861
2.99345
2.99676
2.98067
2.97541
2.99188
2.98686
2.95453
2.99649
2.99574
2.97078
2.97906
2.99199
2.99875
2.983
2.99433
2.96593
2.9905
2.99846
2.97893
2.99866
2.99954
2.99264
2.98315
2.99995
2.98169
2.98711
2.99154
2.99786
2.95882
2.9864
2.98493
2.97478
2.98829
2.98354
2.98818
2.99891
2.96067
2.99489
2.99031
2.99944
2.98582
2.96335
2.99896
2.99581
2.99365
2.99929
2.99065
2.98409
2.99819
2.98657
2.98952
2.98925
2.90952
2.98949
2.98976
2.99468
2.98683
2.99698
2.94763
2.98235
2.98641
2.97603
2.99775
2.96702
2.99382
2.99052
2.99766
2.96342
2.96336
2.98665
2.94026
2.98661
2.96909
2.97056
2.9992
2.97423
2.97351
2.99551
2.9907
2.9912
2.99961
2.99556
2.96346
2.97847
2.99629
2.97822
2.99886
2.96893
2.99653
2.9999
2.98725
2.98224
2.96939
2.98673
2.9823
2.99755
2.99464
2.98624
2.99717
2.99864
2.99926
2.99419
2.97895
2.98544
2.9837
2.99043
2.99709
2.98813
2.99757
2.9951
2.99444
2.99965
2.98271
2.99456
2.95337
2.98518
2.99922
2.94632
2.97915
2.99511
2.98567
2.98903
2.98832
2.99793
2.98919
2.9929
2.96545
2.98299
2.97174
2.98763
2.96241
2.99078
2.99494
2.99605
2.99459
2.9889
2.98938
2.99991
2.98985
2.99941
2.99612
2.92153
2.99843
2.97578
2.99
2.99045
2.99663
2.99748
2.99803
2.97371
2.99843
2.97824
2.97727
2.97962
2.98177
2.99728
2.98357
2.989
2.99316
2.99353
2.99546
2.99431
2.99538
2.9962
2.99972
2.99898
2.99775
2.99161
2.97948
2.99825
2.9838
2.99899
2.99291
2.99622
2.99988
2.99922
2.98672
2.94386
2.97479
2.98836
2.99106
2.99821
2.98522
2.99339
2.99083
2.99822
2.98945
2.9957
2.976
2.99301
2.97299
2.98307
2.98553
2.99512
2.98388
2.9826
2.97001
2.98972
2.96865
2.99671
2.98723
2.92229
2.9618
2.98359
2.99562
2.97508
2.99464
2.98645
2.99931
2.99157
2.98721
2.99455
2.99212
2.99082
2.99858
2.98
2.99534
2.99027
2.99999
2.99934
2.98106
2.99596
2.99756
2.95154
2.96401
2.99362
2.99676
2.99073
2.96455
2.99559
2.99518
2.993
2.99924
2.99527
2.99853
2.99752
2.97449
2.9878
2.99269
2.99773
2.98379
2.99955
2.97317
2.99822
2.98307
2.98746
2.9967
2.99331
2.98447
2.99525
2.97933
2.99315
2.98674
2.99302
2.99662
2.99757
2.96594
2.96593
2.99039
2.99406
2.99021
2.95503
2.99769
2.99513
2.99981
2.99864
2.98721
2.95734
2.99175
2.99612
2.98102
2.94303
2.99601
2.99455
2.9887
2.97276
2.99437
2.99882
2.97281
2.99337
2.95927
2.99459
2.99901
2.99357
2.96279
2.99907
2.99947
2.95184
2.99597
2.97914
2.9775
2.99482
2.99422
2.9967
2.99301
2.96551
2.99676
2.93389
2.99148
2.97999
2.98044
2.98907
2.96917
2.99704
2.99521
2.993
2.99619
2.98471
2.98329
2.989
2.99992
2.98638
2.99578
2.96649
2.98312
2.99517
2.98888
2.99085
2.98137
2.97554
2.99256
2.9959
2.95538
2.98702
2.99076
2.98745
2.9997
2.93159
2.99692
2.99954
2.99536
2.99044
2.97852
2.9972
2.99009
2.98888
2.99658
2.97881
2.99937
2.97093
2.98932
2.98892
2.98297
2.98305
2.98734
2.97446
2.99877
2.98421
2.98537
2.97609
2.9898
2.97135
2.98182
2.99823
2.99264
2.9839
2.99419
2.98491
2.99789
2.9529
2.99287
2.98192
2.99531
2.99535
2.9679
2.9758
2.9942
2.98856
2.99545
2.99043
2.98311
2.99922
2.96681
2.98638
2.99846
2.96437
2.97828
2.99379
2.99653
2.99567
2.97966
2.99616
2.98435
2.95343
2.99355
2.98677
2.99737
2.99659
2.98532
2.96283
2.96072
2.99994
2.99902
2.99917
2.99571
2.99104
2.97723
2.99837
2.99632
2.99184
2.98844
2.99988
2.98925
2.94986
2.99614
2.99549
2.99177
2.9948
2.98972
2.99723
2.98304
2.99983
2.97884
2.97329
2.98726
2.98383
2.99405
2.99178
2.97185
2.99873
2.99018
2.96882
2.98236
2.94104
2.99495
2.99089
2.98671
2.98598
2.98894
2.98576
2.99821
2.99797
2.99989
2.99565
2.99127
2.98593
2.99525
2.95007
2.99909
2.9871
2.99485
2.99054
2.98179
2.99858
2.96672
2.98044
2.97937
2.99438
2.98981
2.97809
2.9824
2.99278
2.99434
2.99995
2.97378
2.98978
2.99934
2.96695
2.99452
2.98881
2.98984
2.94098
2.99946
2.99508
2.99301
2.98404
2.92242
2.99595
2.99768
2.99754
2.99311
2.99569
2.98982
2.95897
2.99882
2.96662
2.98235
2.92044
2.97912
2.96602
2.98775
2.99487
2.98961
2.99059
2.96685
2.98394
2.97678
2.96536
2.99875
2.98134
2.95015
2.99636
2.99158
2.98345
2.99839
2.99499
2.99418
2.99797
2.99613
2.99584
2.99532
2.99607
2.96037
2.99095
2.99381
2.98422
2.99794
2.99898
2.99832
2.98685
2.99536
2.99731
2.99868
2.99853
2.98359
2.96939
2.99387
2.99443
2.99727
2.99636
2.99926
2.97581
2.98117
2.96933
2.99207
2.99554
2.9888
2.99611
2.99469
2.94872
2.96894
2.99489
2.99109
2.98711
2.99403
2.99795
2.97056
2.99564
2.97171
2.99265
2.99401
2.98769
2.99925
2.98838
2.99226
2.98025
2.99659
2.99357
2.99805
2.99503
2.98693
2.99677
2.99239
2.99041
2.99298
2.94692
2.97044
2.99688
2.98421
2.96232
2.98613
2.99962
2.99598
2.9956
2.97378
2.98784
2.99485
2.97244
2.94413
2.97888
2.974
2.94927
2.99978
2.9696
2.9592
2.99585
2.97622
2.9943
2.98382
2.96769
2.9994
2.96408
2.97256
2.99442
2.99015
2.98893
2.99507
2.99763
2.98829
2.96435
2.96897
2.96658
2.99196
2.98811
2.99699
2.99617
2.96867
2.99043
2.9861
2.93342
2.9927
2.98081
2.99641
2.99939
2.99915
2.99158
2.96468
2.99787
2.99394
2.99393
2.99527
2.98337
2.99611
2.99001
2.97825
2.97815
2.99104
2.99611
2.99275
2.99503
2.9872
2.97239
2.98321
2.99236
2.98152
2.9935
2.99676
2.98964
2.99201
2.98614
2.99663
2.98782
2.98166
2.99743
2.98002
2.99855
2.98025
2.99729
2.9997
2.97539
2.96166
2.97763
2.97808
2.99745
2.99646
2.9946
2.99419
2.98997
2.99446
2.9947
2.99563
2.9901
2.99201
2.99279
2.9837
2.99205
2.99364
2.98545
2.9937
2.98534
2.98611
2.99623
2.99929
2.99277
2.99311
2.99012
2.97748
2.97357
2.98121
2.96325
2.99318
2.98529
2.99407
2.99789
2.98795
2.95891
2.97594
2.98749
2.98894
2.99819
2.9658
2.95321
2.99955
2.99856
2.97173
2.9688
2.98887
2.98583
2.99983
2.9986
2.99442
2.9936
2.93517
2.98924
2.99644
2.95871
2.98546
2.98312
2.99525
2.99639
2.9487
2.98869
2.99599
2.98524
2.99724
2.99502
2.98706
2.9677
2.99646
2.98941
2.98899
2.95124
2.96241
2.97178
2.992
2.98695
2.99931
2.98474
2.99914
2.99188
2.99675
2.97087
2.99359
2.98579
2.99345
2.9822
2.96584
2.992
2.98639
2.99758
2.98051
2.99351
2.97887
2.97318
2.96154
2.98719
2.96951
2.9843
2.99211
2.99849
2.95933
2.99474
2.98849
2.99796
2.96528
2.99754
2.97704
2.97835
2.99149
2.99996
2.99857
2.95348
2.99458
2.98623
2.99433
2.98534
2.95113
2.95914
2.99288
2.97844
2.99552
2.98071
2.99443
2.98547
2.97682
2.98687
2.97089
2.94712
2.97937
2.99797
2.99669
2.97459
2.972
2.99882
2.96607
2.9928
2.99596
2.99162
2.99887
2.98657
2.96482
2.99737
2.98615
2.99911
2.98818
2.99182
2.98433
2.97733
2.99443
2.99402
2.99945
2.98505
2.99277
2.97628
2.98155
2.9858
2.999
2.9885
2.98785
2.93159
2.95336
2.99985
2.98375
2.98617
2.99698
2.95974
2.99974
2.99541
2.99769
2.97661
2.98003
2.9953
2.98647
2.99291
2.98235
2.99522
2.99977
2.96897
2.99198
2.98211
2.99447
2.99983
2.99505
2.99257
2.98506
2.99728
2.99525
2.99778
2.96808
2.99228
2.98506
2.98831
2.99153
2.99838
2.9968
2.99688
2.99076
2.93684
2.99324
2.92961
2.98353
2.97774
2.95008
2.99685
2.999
2.97063
2.98973
2.96339
2.98841
2.99974
2.99592
2.99603
2.99697
2.99986
2.98181
2.99792
2.98957
2.99848
2.96843
2.99703
2.93134
2.97061
2.97694
2.99421
2.99915
2.98319
2.98362
2.99021
2.98589
2.99572
2.98696
2.99043
2.97863
2.99245
2.99233
2.92467
2.99808
2.97856
2.9953
2.94287
2.95651
2.99452
2.99387
2.99201
2.99016
2.99342
2.94576
2.98569
2.99413
2.99403
2.99899
2.99984
2.99323
2.98781
2.97499
2.98454
2.99154
2.98956
2.98424
2.98284
2.9687
2.97878
2.99316
2.99176
2.99717
2.99767
2.99274
2.98974
2.99996
2.99595
2.99384
2.99731
2.97814
2.97866
2.98832
2.98835
2.99732
2.9984
2.97782
2.99174
2.99531
2.99812
2.96817
2.99904
2.99178
2.99775
2.98636
2.98576
2.99773
2.97796
2.99536
2.99685
2.97359
2.98929
2.99003
2.99639
2.99066
2.9562
2.97639
2.9748
2.9961
2.99334
2.99739
2.96206
2.99025
2.97417
2.99489
2.99796
2.99136
2.99719
2.99985
2.97803
2.99345
2.99811
2.99884
2.99956
2.96852
2.99742
2.99757
2.99936
2.99018
2.9971
2.9965
2.98756
2.99207
2.99092
2.97278
2.96016
2.99789
2.99587
2.99776
2.99624
2.9813
2.99612
2.9958
2.99219
2.99363
2.99244
2.98775
2.97272
2.95295
2.98926
2.98871
2.98541
2.991
2.99022
2.96895
2.97754
2.97711
2.9969
2.98974
2.99278
2.98229
2.97386
2.9775
2.98335
2.96595
2.98935
2.99254
2.99241
2.99216
2.96316
2.9909
2.99654
2.98189
2.97027
2.99602
2.98963
2.99015
2.97021
2.99992
2.98435
2.98561
2.99884
2.99168
2.98371
2.99508
2.97066
2.99649
2.99056
2.9878
2.9798
2.97093
2.95933
2.97465
2.99296
2.96384
2.98827
2.96544
2.98732
2.99617
2.99708
2.99074
2.99408
2.99076
2.99002
2.97838
2.99474
2.9734
2.97627
2.96957
2.99861
2.97947
2.98173
2.9791
2.98364
2.97693
2.9947
2.99305
2.99397
2.9893
2.99207
2.95054
2.99364
2.99038
2.98594
2.98059
2.96638
2.99863
2.99125
2.99274
2.98947
2.99024
2.98995
2.99539
2.99453
2.99205
2.99925
2.97404
2.99003
2.96958
2.98623
2.99446
2.99354
2.98443
2.99282
2.99994
2.9966
2.97359
2.98558
2.99764
2.99103
2.96825
2.99725
2.99889
2.99139
2.98133
2.99797
2.99705
2.95789
2.99311
2.97184
2.98411
2.99753
2.99138
2.99356
2.98593
2.99753
2.99704
2.99992
2.99744
2.99232
2.99576
2.94696
2.99107
2.99044
2.99859
2.99547
2.99493
2.99115
2.97114
2.98993
2.9755
2.99538
2.9492
2.99037
2.99438
2.99081
2.99923
2.97454
2.9818
2.98913
2.99037
2.99085
2.99296
2.99511
2.99129
2.99158
2.99668
2.98628
2.99666
2.98063
2.9937
2.95331
2.95263
2.98619
2.97599
2.98183
2.9997
2.99747
2.92728
2.99625
2.99536
2.99091
2.99043
2.99557
2.99976
2.9933
2.98979
2.97519
2.9384
2.97264
2.97834
2.99748
2.98338
2.99658
2.98903
2.98345
2.95664
2.99724
2.98994
2.95961
2.98888
2.96997
2.99314
2.99959
2.99844
2.99942
2.98224
2.97793
2.99967
2.99859
2.98083
2.99566
2.98848
2.97678
2.99879
2.99257
2.9715
2.99953
2.97973
2.97038
2.9971
2.99964
2.98598
2.9786
2.97308
2.99658
2.99129
2.99852
2.99081
2.98406
2.96938
2.97552
2.97423
2.99639
2.98915
2.99127
2.97282
2.99268
2.99395
2.96951
2.99558
2.99467
2.98827
2.9953
2.995
2.99006
2.99371
2.9979
2.94634
2.97017
2.98893
2.95227
2.99332
2.97033
2.99353
2.97531
2.99183
2.97494
2.97496
2.99657
2.98462
2.97676
2.98922
2.99187
2.99425
2.97686
2.9913
2.99863
2.99001
2.98598
2.98111
2.98436
2.98966
2.99519
2.97688
2.94651
2.99725
2.99541
2.9594
2.99379
2.99335
2.98797
2.98445
2.99281
2.99296
2.98332
2.95936
2.99688
2.98996
2.98538
2.98388
2.98231
2.9961
2.99784
2.99059
2.99232
2.97293
2.96922
2.99785
2.98278
2.99204
2.99406
2.97964
2.99539
2.99796
2.98302
2.99735
2.99984
2.95316
2.98868
2.99501
2.99182
2.98355
2.94858
2.99499
2.99152
2.99763
2.99149
2.9975
2.99586
2.98235
2.99162
2.99327
2.99597
2.99964
2.95491
2.98617
2.97039
2.97507
2.96046
2.96706
2.99895
2.99856
2.96969
2.9978
2.99483
2.99916
2.99139
2.98349
2.99991
2.98927
2.99074
2.98231
2.99625
2.99777
2.99746
2.96254
2.99346
2.98425
2.97266
2.98517
2.97494
2.99488
2.99592
2.98585
2.99234
2.96297
2.99538
2.98419
2.99291
2.99532
2.98503
2.99205
2.96641
2.99906
2.99451
2.99205
2.97558
2.97506
2.98418
2.98014
2.98844
2.97426
2.96241
2.9939
2.99934
2.98859
2.99173
2.99241
2.99351
2.99904
2.99427
2.96775
2.99612
2.99828
2.99528
2.99008
2.97661
2.95295
2.97591
2.99676
2.99983
2.97616
2.95987
2.98146
2.96403
2.93608
2.99199
2.99948
2.99339
2.98724
2.98314
2.99855
2.99609
2.96
2.99047
2.99703
2.98507
2.9943
2.99424
2.96082
2.9861
2.98946
2.9997
2.99624
2.99603
2.98786
2.99999
2.99297
2.94763
2.99624
2.99947
2.98629
2.99609
2.98533
2.96187
2.99728
2.97883
2.98625
2.98208
2.99682
2.95576
2.9988
2.99871
2.97882
2.98776
2.93862
2.9912
2.99903
2.99469
2.99083
2.98793
2.99946
2.99495
2.99374
2.97901
2.97612
2.99866
2.98191
2.99904
2.99942
2.99207
2.96357
2.99872
2.99704
2.99896
2.98805
2.94659
2.99136
2.99831
2.97663
2.99268
2.99967
2.99921
2.98685
2.9866
2.99641
2.99875
2.99656
2.97092
2.98499
2.98125
2.98741
2.99809
2.98773
2.99008
2.95858
2.99712
2.9844
2.9907
2.99728
2.99353
2.98929
2.98483
2.99422
2.97299
2.99999
2.95863
2.94113
2.98566
2.98589
2.98953
2.99055
2.99226
2.99202
2.98701
2.99856
2.99532
2.99705
2.9965
2.95394
2.99113
2.99065
2.99828
2.97222
2.99754
2.97763
2.99429
2.97863
2.98912
2.98537
2.98695
2.99783
2.99976
2.99486
2.99812
2.97418
2.95909
2.99999
2.9776
2.97108
2.98281
2.9986
2.98741
2.98373
2.99205
2.99663
2.99967
2.99916
2.9949
2.97914
2.99214
2.98484
2.98306
2.96553
2.99854
2.99884
2.99893
2.99597
2.97458
2.99188
2.97281
2.99162
2.99846
2.99197
2.99432
2.998
2.99605
2.96422
2.98395
2.94878
2.99987
2.97592
2.99714
2.98804
2.97309
2.98939
2.97704
2.94311
2.99703
2.98731
2.9983
2.99203
2.99819
2.97523
2.98011
2.99758
2.97675
2.98663
2.99083
2.97444
2.99929
2.98761
2.97096
2.98645
2.99865
2.99144
2.97253
2.99801
2.99248
2.99772
2.99852
2.98857
2.99193
2.99995
2.99514
2.99765
2.97578
2.99618
2.98555
2.99662
2.99142
2.99257
2.99362
2.95814
2.98442
2.99867
2.98915
2.99574
2.97376
2.99172
2.99663
2.97564
2.95593
2.93141
2.99932
2.98885
2.99762
2.99683
2.99361
2.97976
2.92127
2.99716
2.95624
2.99651
2.99258
2.99707
2.99095
2.99583
2.9471
2.99819
2.98038
2.99665
2.98556
2.97789
2.96333
2.9912
2.99211
2.99772
2.98499
2.99813
2.99558
2.99793
2.99449
2.97752
2.98935
2.9898
2.98901
2.99117
2.99398
2.99577
2.97571
2.97437
2.99453
2.97881
2.98146
2.99536
2.98198
2.98132
2.99295
2.98531
2.97971
2.98766
2.98441
2.998
2.99947
2.98588
2.96838
2.99152
2.98271
2.97666
2.99151
2.99065
2.98699
2.97382
2.99876
2.983
2.98312
2.99834
2.99583
2.99156
2.99698
2.97655
2.99182
2.99002
2.98362
2.9778
2.98623
2.9677
2.98554
2.98679
2.96338
2.99172
2.98702
2.998
2.98546
2.95008
2.99298
2.99255
2.98788
2.98133
2.97787
2.9469
2.94477
2.9629
2.97323
2.99431
2.94589
2.97626
2.99358
2.97599
2.97777
2.9923
2.98406
2.98559
2.98598
2.99571
2.99352
2.99731
2.9889
2.99866
2.96779
2.99379
2.99725
2.99855
2.9708
2.99384
2.98542
2.98797
2.96146
2.99689
2.99022
2.99075
2.96114
2.98571
2.99976
2.96973
2.99072
2.96132
2.98211
2.97947
2.99284
2.97826
2.99047
2.99785
2.99558
2.99825
2.99947
2.96109
2.98729
2.95797
2.99803
2.98345
2.98317
2.99818
2.99144
2.9927
2.96079
2.96114
2.99366
2.98621
2.99359
2.98482
2.99252
2.99687
2.99365
2.97043
2.99928
2.9863
2.9921
2.98689
2.99622
2.98937
2.98582
2.99597
2.99299
2.99655
2.96946
2.99687
2.99004
2.98212
2.98794
2.99569
2.98174
2.99268
2.98274
2.98567
2.99493
2.98998
2.99823
2.98457
2.99685
2.98518
2.97451
2.99904
2.99543
2.98117
2.9958
2.97031
2.9951
2.9958
2.99852
2.97122
2.98469
2.99247
2.96965
2.98947
2.99572
2.9985
2.96179
2.99162
2.99813
2.99798
2.99064
2.99426
2.99248
2.97986
2.99899
2.99599
2.99109
2.9681
2.98323
2.99246
2.99526
2.99958
2.93603
2.9957
2.99538
2.99493
2.97883
2.96567
2.98407
2.98079
2.99364
2.97203
2.99337
2.99883
2.96377
2.99931
2.98762
2.99873
2.99541
2.99972
2.99725
2.99936
2.99115
2.99066
2.94889
2.99774
2.99313
2.9718
2.96276
2.99277
2.95987
2.99772
2.99127
2.95144
2.96519
2.98295
2.97581
2.99217
2.99912
2.99395
2.97304
2.96876
2.98827
2.99484
2.95852
2.98953
2.99028
2.9945
2.98817
2.99476
2.99598
2.9851
2.99721
2.98463
2.98598
2.99803
2.96478
2.97873
2.98118
2.99969
2.97039
2.997
2.99873
2.96276
2.99507
2.98918
2.99696
2.99205
2.9894
2.90384
2.99697
2.98553
2.99702
2.99403
2.98971
2.98993
2.99704
2.99851
2.99457
2.95367
2.99796
2.98014
2.9853
2.98334
2.97234
2.98859
2.99909
2.97912
2.99086
2.98142
2.98429
2.97617
2.98179
2.9785
2.9946
2.96496
2.99905
2.98588
2.97329
2.99878
2.99612
2.99604
2.99606
2.99386
2.97948
2.98746
2.99021
2.993
2.99829
2.9905
2.99897
2.98428
2.96462
2.99585
2.98029
2.99889
2.99725
2.98663
2.97716
2.99965
2.98736
2.96512
2.99677
2.95191
2.99847
2.99934
2.97677
2.99365
2.97932
2.99984
2.99273
2.9699
2.9998
2.98125
2.99599
2.99809
2.99282
2.95382
2.9957
2.99159
2.95434
2.98153
2.9928
2.99595
2.99513
2.99109
2.99483
2.99456
2.99516
2.99874
2.97032
2.98818
2.96268
2.99868
2.97659
2.97935
2.97328
2.99728
2.98326
2.987
2.9979
2.99585
2.97603
2.98468
2.99807
2.99293
2.99675
2.98294
2.98699
2.98556
2.99971
2.97861
2.99695
2.99682
2.96261
2.98785
2.99448
2.96563
2.98988
2.98873
2.98744
2.98864
2.99542
2.99683
2.97088
2.97409
2.99153
2.99816
2.99932
2.98197
2.99876
2.99879
2.9872
2.97723
2.98885
2.9745
2.99883
2.99099
2.99866
2.96433
2.98618
2.98535
2.99136
2.99875
2.99071
2.98655
2.99588
2.98533
2.97641
2.9583
2.99922
2.99068
2.9838
2.95683
2.95898
2.97739
2.98941
2.98614
2.98901
2.99007
2.95195
2.98767
2.99939
2.99445
2.99473
2.96155
2.99029
2.99234
2.9877
2.98791
2.97436
2.98255
2.99213
2.97398
2.98138
2.98581
2.98181
2.99936
2.96477
2.98923
2.99532
2.97915
2.99892
2.99217
2.99287
2.9884
2.97615
2.99397
2.98258
2.98181
2.94942
2.99987
2.99811
2.93153
2.9867
2.95516
2.99763
2.97903
2.99919
2.99982
2.98794
2.98511
2.99355
2.99858
2.98363
2.96036
2.99098
2.99458
2.99943
2.96929
2.9913
2.99254
2.95518
2.99199
2.99702
2.99536
2.97936
2.92685
2.97865
2.96662
2.95389
2.9955
2.99844
2.99492
2.99617
2.98947
2.97694
2.98287
2.98224
2.99517
2.99902
2.97653
2.99667
2.92595
2.98887
2.99705
2.97686
2.99046
2.97977
2.98698
2.98054
2.96695
2.99351
2.98904
2.9773
2.9764
2.99059
2.98904
2.99897
2.99659
2.98303
2.9853
2.98897
2.99614
2.98007
2.98495
2.99595
2.99829
2.98689
2.99342
2.99457
2.99525
2.97339
2.98647
2.97301
2.99625
2.99637
2.99679
2.96709
2.96905
2.99735
2.98851
2.99244
2.997
2.99837
2.99526
2.99072
2.98519
2.98967
2.99497
2.97924
2.98945
2.99262
2.97554
2.99211
2.99174
2.99619
2.96122
2.99453
2.99974
2.95612
2.97169
2.93725
2.99235
2.99685
2.97656
2.99843
2.99398
2.99648
2.99177
2.97635
2.99327
2.98207
2.97425
2.97735
2.99719
2.99832
2.99857
2.993
2.98969
2.99476
2.99616
2.98774
2.98762
2.98319
2.97808
2.99465
2.98882
2.99499
2.98712
2.97503
2.97348
2.97907
2.99698
2.99089
2.99705
2.99358
2.99332
2.97968
2.98488
2.9947
2.99483
2.99858
2.9994
2.96537
2.98278
2.96785
2.98494
2.97886
2.98973
2.98572
2.97461
2.99398
2.9859
2.99243
2.99322
2.99406
2.93612
2.9865
2.99911
2.99718
2.9834
2.99321
2.98822
2.95883
2.9919
2.99588
2.96222
2.99886
2.96982
2.97176
2.97471
2.9958
2.99524
2.99974
2.97737
2.98202
2.99994
2.96517
2.98049
2.99075
2.99693
2.99921
2.97156
2.98739
2.99375
2.99255
2.99586
2.99881
2.95542
2.99106
2.99442
2.98772
2.97213
2.97838
2.99112
2.99438
2.9781
2.99009
2.97427
2.98951
2.99013
2.98498
2.96965
2.97918
2.95257
2.98798
2.99197
2.98792
2.99736
2.99533
2.96272
2.98853
2.9727
2.99713
2.98201
2.99096
2.97097
2.96428
2.97007
2.98668
2.99427
2.98196
2.98903
2.98418
2.99395
2.99877
2.99697
2.98117
2.98925
2.99782
2.96071
2.99335
2.91741
2.98715
2.99747
2.98865
2.99957
2.99079
2.98865
2.99319
2.99607
2.98584
2.99983
2.99467
2.99418
2.99506
2.99396
2.96942
2.99605
2.98943
2.99507
2.98652
2.97449
2.95802
2.981
2.99848
2.94593
2.98957
2.98173
2.94975
2.99937
2.97831
2.99844
2.98009
2.98233
2.99328
2.99361
2.99582
2.99603
2.99746
2.98647
2.98981
2.97352
2.97399
2.99772
2.99958
2.98864
2.99341
2.98906
2.9968
2.99825
2.99969
2.97283
2.98134
2.99506
2.99181
2.97685
2.95344
2.99716
2.98767
2.99267
2.97819
2.97858
2.97835
2.9993
2.99546
2.98664
2.96808
2.9894
2.99003
2.99075
2.97916
2.96278
2.97626
2.99659
2.93236
2.97392
2.96018
2.98959
2.99814
2.96131
2.99593
2.98133
2.99254
2.99528
2.98775
2.98658
2.9968
2.99116
2.97402
2.94877
2.95663
2.96831
2.965
2.99456
2.99677
2.99432
2.92982
2.99628
2.99534
2.99935
2.96716
2.9831
2.99718
2.98577
2.98718
2.99766
2.9933
2.95886
2.99549
2.99385
2.95362
2.99966
2.99423
2.95939
2.96259
2.98602
2.98139
2.97689
2.95463
2.99532
2.97846
2.95028
2.9888
2.99648
2.99913
2.99481
2.9761
2.99369
2.99156
2.98293
2.97201
2.98582
2.99978
2.95676
2.95215
2.98178
2.98565
2.99892
2.98956
2.98547
2.99682
2.99597
2.99939
2.99817
2.9963
2.99722
2.99951
2.995
2.98083
2.94872
2.99743
2.98454
2.99491
2.99326
2.9904
2.98132
2.97096
2.99036
2.99795
2.99321
2.98504
2.97979
2.99662
2.99333
2.99352
2.99293
2.99177
2.99947
2.99699
2.94519
2.99739
2.99109
2.97065
2.99014
2.99663
2.99276
2.99726
2.99135
2.9932
2.99956
2.99799
2.99476
2.94567
2.97045
2.99328
3
2.99785
2.99769
2.99992
2.98171
2.99352
2.99057
2.99877
2.98144
2.99851
2.98388
2.99106
2.99574
2.98609
2.99614
2.95195
2.991
2.99557
2.99502
2.99224
2.98994
2.99916
2.9705
2.9702
2.99256
2.97171
2.96599
2.99326
2.99846
2.99523
2.99974
2.99116
2.99642
2.99922
2.98995
2.99925
2.95992
2.99132
2.98663
2.98425
2.98931
2.98959
2.99467
2.97807
2.96954
2.99557
2.9727
2.99755
2.98116
2.99994
2.99392
2.96371
2.98039
2.97131
2.99255
2.98948
2.996
2.98725
2.99326
2.95921
2.98142
2.98365
2.99966
2.99066
2.99937
2.99972
2.99667
2.98758
2.99733
2.99901
2.98913
2.97387
2.98443
2.98316
2.99341
2.97929
2.98283
2.9756
2.99575
2.99242
2.98824
2.97977
2.99699
2.99174
2.9768
2.98423
2.98331
2.98016
2.97913
2.96896
2.99675
2.99581
2.98388
2.99006
2.98385
2.97563
2.99947
2.99937
2.94303
2.99761
2.98918
2.98838
2.96996
2.99085
2.99587
2.99907
2.99482
2.97591
2.99612
2.99084
2.98523
2.972
2.99428
2.99739
2.98167
2.99996
2.9939
2.99683
2.99534
2.98356
2.99282
2.99499
2.99003
2.98303
2.98972
2.97874
2.986
2.99404
2.99324
2.99399
2.96624
2.99566
2.99578
2.99935
2.99822
2.96474
2.94535
2.99564
2.96692
2.99462
2.99842
2.99807
2.99873
2.99851
2.99982
2.9993
2.99655
2.98728
2.99781
2.96753
2.98867
2.96644
2.99827
2.98785
2.98055
2.98542
2.96739
2.99555
2.99417
2.99349
2.9739
2.99337
2.99238
2.9929
2.98538
2.99451
2.98879
2.92989
2.9978
2.99718
2.99482
2.98696
2.99981
2.99307
2.99138
2.99722
2.99741
2.99153
2.99599
2.99703
2.99935
2.95726
2.98084
2.99107
2.98997
2.98247
2.98114
2.99235
2.98725
2.99155
2.99811
2.98325
2.97791
2.97835
2.99556
2.91704
2.99832
2.96281
2.99427
2.94308
2.98605
2.96821
2.94098
2.99997
2.97965
2.98712
2.98998
2.98597
2.95541
2.98512
2.98
2.98247
2.99987
2.99603
2.96228
2.96897
2.97946
2.96746
2.98621
2.99454
2.99161
2.98966
2.99768
2.98745
2.99715
2.99124
2.98788
2.99071
2.99771
2.99818
2.99112
2.98537
2.9649
2.98183
2.97977
2.97831
2.99564
2.97621
2.97572
2.99131
2.9978
2.99784
2.99941
2.99894
2.9988
2.99311
2.99945
2.9974
2.98444
2.98827
2.96764
2.98643
2.99268
2.99298
2.99226
2.9786
2.98843
2.9902
2.97764
2.99609
2.99383
2.97265
2.97793
2.99663
2.99871
2.99692
2.9768
2.99649
2.99022
2.97643
2.97535
2.99801
2.99902
2.98634
2.98254
2.99799
2.99274
2.98275
2.97611
2.98024
2.98772
2.99414
2.99265
2.98871
2.99013
2.9831
2.97817
2.99086
2.99888
2.9965
2.98177
2.9862
2.99246
2.9747
2.91741
2.9935
2.97761
2.99925
2.986
2.98977
2.98848
2.99874
2.97787
2.98785
2.98454
2.99965
2.98071
2.9815
2.99669
2.99582
2.96957
2.9876
2.99102
2.9988
2.99455
2.99446
2.97054
2.97768
2.95946
2.99406
2.99129
2.99766
2.98997
2.95556
2.99833
2.99134
2.98694
2.99528
2.99463
2.99578
2.99878
2.97149
2.98643
2.97451
2.97467
2.99666
2.99067
2.99055
2.99131
2.98388
2.97556
2.97768
2.98347
2.99918
2.96849
2.97226
2.99738
2.99832
2.98028
2.98038
2.99216
2.98965
2.99921
2.99919
2.98602
2.9893
2.99462
2.97323
2.92975
2.9876
2.99034
2.99996
2.99375
2.99186
2.95686
2.99987
2.96579
2.96818
2.98549
2.99316
2.99
2.98014
2.98417
2.97627
2.98941
2.99956
2.99989
2.94453
2.97596
2.99917
2.99148
2.99371
2.98665
2.9865
2.97916
2.9678
2.96493
2.98686
2.99994
2.97234
2.99335
2.99332
2.97835
2.9838
2.99996
2.99393
2.96247
2.99611
2.97531
2.94101
2.97152
2.99513
2.96867
2.983
2.99545
2.98971
2.9892
2.9742
2.98877
2.95895
2.99054
2.99556
2.99307
2.99812
2.98162
2.98261
2.99776
2.97017
2.98877
2.9925
2.9963
2.99926
2.97643
2.99637
2.99628
2.96301
2.96841
2.98313
2.9998
2.96721
2.99634
2.99529
2.99086
2.99981
2.95444
2.99629
2.99626
2.97559
2.98335
2.99499
2.97193
2.99043
2.98165
2.97487
2.99902
2.99549
2.97386
2.99401
2.99537
2.99257
2.99941
2.99775
2.99762
2.98319
2.99661
2.99735
2.99119
2.98793
2.99554
2.98865
2.98056
2.99868
2.98711
2.99893
2.99333
2.98824
2.99276
2.99964
2.99595
2.99329
2.97505
2.98446
2.96948
2.98819
2.99173
2.97754
2.99868
2.98038
2.97133
2.98915
2.97014
2.99828
2.99593
2.94865
2.99961
2.97688
2.99457
2.98234
2.98221
2.98383
2.98325
2.95926
2.97794
2.98731
2.99534
2.9985
2.99894
2.99694
2.99601
2.98144
2.99813
2.98914
2.98651
2.98326
2.99782
2.99411
2.97106
2.99714
2.99769
2.99629
2.98835
2.9795
2.99583
2.97428
2.99314
2.99949
2.99705
2.9985
2.98196
2.97441
2.97626
2.98933
2.99864
2.97046
2.96996
2.95833
2.99168
2.98765
2.98492
2.99388
2.97134
2.94472
2.98086
2.9932
2.98834
2.98747
2.98054
2.99685
2.98681
2.95064
2.9994
2.9987
2.98967
2.93242
2.99511
2.98483
2.92694
2.99212
2.99884
2.99985
2.9722
2.94136
2.99724
2.98659
2.98256
2.99445
2.97281
2.99289
2.99822
2.99661
2.97524
2.98232
2.99999
2.99385
2.99852
2.98266
2.99957
2.99958
2.99215
2.98061
2.98783
2.99816
2.98559
2.99219
2.9971
2.98617
2.99075
2.97279
2.95169
2.9963
2.99636
2.98332
2.99975
2.99905
2.9768
2.98525
2.99748
2.99642
2.98553
2.96862
2.99752
2.99787
2.9715
2.99712
2.98344
2.99262
2.99571
2.99946
2.99662
2.99758
2.99078
2.97633
2.9991
2.98856
2.96283
2.999
2.97392
2.98836
2.96717
2.96167
2.9889
2.99075
2.99576
2.9995
2.99485
2.99134
2.99453
2.98808
2.993
2.99072
2.99564
2.99808
2.99529
2.93807
2.98494
2.97178
2.99369
2.98439
2.99267
2.98723
2.99751
2.98736
2.9766
2.99176
2.98439
2.99733
2.94742
2.98873
2.98598
2.99754
2.99615
2.9864
2.99487
2.99695
2.96875
2.98648
2.98325
2.99968
2.96643
2.98932
2.98367
2.94463
2.97444
2.99051
2.99943
2.97341
2.98462
2.99849
2.98036
2.98572
2.97775
2.99401
2.97994
2.99228
2.96498
2.9689
2.99338
2.97541
2.95972
2.9979
2.98974
2.99608
2.9806
2.97332
2.99737
2.99404
2.96022
2.9799
2.99995
2.99899
2.9935
2.9674
2.98371
2.9883
2.9879
2.99842
2.97582
2.99516
2.95529
2.99199
2.95174
2.97926
2.978
2.95672
2.98077
2.9969
2.96925
2.98543
2.99088
2.99379
2.99863
2.97738
2.99451
2.99839
2.9949
2.97803
2.99265
2.97009
2.99472
2.99032
2.97106
2.99309
2.99873
2.99543
2.99355
2.99926
2.97863
2.97707
2.97092
2.99425
2.99684
2.98575
2.99174
2.99005
2.97374
2.97626
2.98346
2.96119
2.99261
2.99272
2.98612
2.98859
2.97956
2.9961
2.9828
2.98971
2.9938
2.97602
2.98614
2.9819
2.99996
2.98797
2.97668
2.99617
2.99944
2.99131
2.99926
2.9965
2.9731
2.9977
2.99534
2.99068
2.98569
2.98304
2.9544
2.99609
2.99003
2.99939
2.99972
2.99786
2.98054
2.99876
2.9759
2.99692
2.99233
2.97159
2.99723
2.98264
2.95626
2.98924
2.97834
2.98018
2.99842
2.9912
2.99761
2.99409
2.97743
2.99071
2.99276
2.97557
2.99528
2.99258
2.95285
2.98285
2.99808
2.97495
2.98524
2.99399
2.99249
2.99144
2.93741
2.98007
2.97821
2.97579
2.99289
2.99981
2.98762
2.97594
2.99876
2.99318
2.98049
2.98044
2.99711
2.97498
2.97687
2.99383
2.99865
2.96842
2.98899
2.98741
2.99204
2.98743
2.98499
2.98787
2.983
2.99193
2.99848
2.99134
2.94559
2.9975
2.99499
2.98681
2.98269
2.99638
2.93826
2.94595
2.99952
2.98258
2.96815
2.95879
2.98654
2.98269
2.94675
2.98996
2.99129
2.97907
2.99292
2.99768
2.98541
2.98839
2.99963
2.9959
2.99044
2.99674
2.98514
2.99352
2.99841
2.98783
2.98716
2.9964
2.97981
2.93003
2.93299
2.97958
2.99799
2.99191
2.99269
2.99807
2.98028
2.952
2.99875
2.9759
2.97638
2.99441
2.99112
2.99908
2.98699
2.99332
2.99616
2.99079
2.98329
2.99101
2.98705
2.99773
2.9953
2.99439
2.99932
2.99666
2.98592
2.98995
2.99595
2.92826
2.99752
2.99823
2.99248
2.96546
2.99925
2.98015
2.98348
2.99913
2.96205
2.99219
2.95439
2.98159
2.98846
2.99405
2.98542
2.97032
2.96027
2.99286
2.97711
2.98374
2.95639
2.99638
2.99641
2.99715
2.97425
2.98761
2.98307
2.99588
2.98753
2.99894
2.99548
2.97364
2.98441
2.97892
2.98781
2.98009
2.99843
2.99964
2.99856
2.97827
2.99532
2.98333
2.99164
2.98377
2.98798
2.99417
2.9893
2.98488
2.99769
2.98826
2.98484
2.97497
2.93916
2.96891
2.99203
2.99088
2.98863
2.98795
2.98779
2.99363
2.99823
2.98805
2.99057
2.99863
2.99783
2.99699
2.98711
2.98227
2.97911
2.98913
2.99143
2.98888
2.97306
2.99372
2.98885
2.99251
2.99214
2.99381
2.9811
2.99478
2.99605
2.98777
2.99134
2.983
2.99697
2.99984
2.99361
2.99342
2.9977
2.97226
2.98121
2.99803
2.99667
2.97778
2.9949
2.99608
2.97993
2.98916
2.98412
2.96196
2.99305
2.99891
2.99675
2.97862
2.99922
2.95306
2.99364
2.99378
2.98936
2.96661
2.99089
2.95579
2.98763
2.99835
2.95793
2.97784
2.97606
2.98763
2.9806
2.99209
2.98319
2.9446
2.99449
2.97294
2.98315
2.93733
2.98205
2.99941
2.99905
2.95177
2.99837
2.99555
2.99825
2.97153
2.99347
2.99741
2.98645
2.9995
2.99866
2.98384
2.99787
2.94339
2.98906
2.95647
2.9705
2.97843
2.94544
2.99435
2.9548
2.9986
2.96596
2.99221
2.98651
2.992
2.98795
2.98822
2.99567
2.97166
2.99408
2.99178
2.96406
2.98697
2.99532
2.99492
2.95196
2.98574
2.98803
2.98764
2.98556
2.99926
2.99977
2.9954
2.99386
2.99958
2.9944
2.97155
2.99728
2.99656
2.99073
2.99601
2.98872
2.99084
2.97933
2.9938
2.98464
2.98356
2.97501
2.99989
2.9922
2.98632
2.9938
2.9862
2.98833
2.98928
2.98388
2.99438
2.97719
2.9886
2.99958
2.99778
2.98865
2.99104
2.98958
2.98112
2.99826
2.95263
2.97562
2.99066
2.97229
2.95081
2.99052
2.99685
2.99347
2.99764
2.97465
2.99191
2.95929
2.99696
2.98957
2.98584
2.98887
2.96715
2.98889
2.94019
2.98885
2.97656
2.96915
2.99358
2.99446
2.99555
2.98899
2.99737
2.99804
2.98215
2.99866
2.99297
2.99663
2.99706
2.98657
2.97704
2.984
2.98735
2.99806
2.98824
2.99939
2.99999
2.99658
2.99844
2.96692
2.99392
2.99734
2.98591
2.9745
2.97437
2.9951
2.99791
2.97868
2.99108
2.98798
2.9977
2.99891
2.96819
2.98967
2.99677
2.99066
2.99698
2.99526
2.99547
2.99547
2.98885
2.97108
2.99915
2.98278
2.98732
2.98667
2.99178
2.99957
2.99355
2.98702
2.99985
2.99418
2.9891
2.99298
2.96777
2.99385
2.99969
2.9882
2.96628
2.98968
2.99033
2.99019
2.99798
2.99184
2.99965
2.95658
2.99983
2.99871
2.99598
2.97929
2.99779
2.97902
2.99337
2.99348
2.98402
