2.92315
2.97409
2.94342
2.49156
2.6386
2.89129
2.92865
2.92224
2.87024
2.93954
2.8417
2.75521
2.79241
2.96625
2.8439
2.85415
2.27125
2.90735
2.90652
2.73638
2.77264
2.97848
2.97369
2.84396
2.89746
2.88833
2.88632
2.93954
2.95154
2.99908
2.60298
2.98218
2.75915
2.99271
2.94012
2.99585
2.93243
2.75008
2.76766
2.71545
2.9996
2.84082
2.99634
2.76763
2.55705
2.90127
2.99091
2.77227
2.91668
2.9801
2.83972
2.87579
2.87078
2.91467
2.94702
2.87756
2.67244
2.82723
2.86166
2.9118
2.94949
2.97986
2.98444
2.97043
2.83508
2.90472
2.5482
2.95291
2.95126
2.85333
2.96081
2.74584
2.97537
2.56105
2.82928
2.96893
2.86135
2.99954
2.68245
2.75808
2.93493
2.89392
2.89999
2.85669
2.92694
2.90481
2.74532
2.72338
2.93722
2.85687
2.9581
2.46409
2.98025
2.93158
2.78487
2.79266
2.96368
2.83468
2.96451
2.9924
2.80172
2.98923
2.92828
2.95682
2.83398
2.87823
2.94656
2.98602
2.8388
2.98343
2.893
2.97458
2.86941
2.92404
2.93042
2.85861
2.91836
2.8627
2.98383
2.93582
2.91113
2.99716
2.77651
2.71099
2.93753
2.78869
2.858
2.6053
2.98126
2.99695
2.95108
2.79162
2.99228
2.90744
2.80297
2.97641
2.86233
2.96649
2.82904
2.79785
2.86923
2.91598
2.97937
2.83019
2.86038
2.95294
2.9762
2.96924
2.91556
2.94784
2.81924
2.83993
2.95257
2.86624
2.98016
2.95398
2.94739
2.99582
2.98251
2.99591
2.67263
2.91494
2.90558
2.83612
2.92972
2.94626
2.94626
2.96915
2.78497
2.88726
2.83117
2.93329
2.98618
2.79012
2.63906
2.90381
2.92856
2.96536
2.92239
2.9982
2.79632
2.83358
2.98291
2.72524
2.95376
2.99484
2.98386
2.88263
2.9295
2.90826
2.98328
2.97134
2.65758
2.86975
2.97742
2.86178
2.94827
2.96188
2.90783
2.7152
2.81753
2.93094
2.9389
2.97766
2.92181
2.89099
2.98416
2.95373
2.60826
2.75939
2.96866
2.80306
2.86557
2.89431
2.6972
2.95773
2.95904
2.90109
2.78365
2.91781
2.89056
2.87332
2.77499
2.88778
2.99237
2.95199
2.8873
2.87738
2.89917
2.99759
2.9779
2.99133
2.79208
2.80236
2.86245
2.94012
2.99606
2.88119
2.93176
2.9765
2.90393
2.96374
2.59502
2.62316
2.99011
2.80151
2.75787
2.7496
2.88116
2.98434
2.81552
2.69845
2.92157
2.77963
2.7477
2.97131
2.9509
2.84204
2.89236
2.77093
2.57677
2.63585
2.99878
2.96176
2.75881
2.87616
2.92618
2.69057
2.88018
2.9332
2.61766
2.94421
2.99969
2.9787
2.96371
2.99863
2.92788
2.97888
2.88202
2.979
2.82907
2.98392
2.98196
2.61391
2.99457
2.94531
2.79379
2.91464
2.98132
2.80783
2.94864
2.83309
2.67971
2.92035
2.96765
2.7517
2.78475
2.85205
2.85882
2.6791
2.88537
2.89608
2.99799
2.77056
2.91733
2.87725
2.99185
2.94147
2.81466
2.98984
2.98083
2.37553
2.55477
2.81957
2.95441
2.95022
2.86862
2.86706
2.84277
2.84747
2.86221
2.89264
2.949
2.81658
2.8229
2.93841
2.96844
2.99084
2.98224
2.7962
2.91162
2.86267
2.97714
2.86496
2.83352
2.9566
2.91723
2.85516
2.87832
2.7402
2.78692
2.93579
2.85992
2.93616
2.8565
2.96722
2.95819
2.88751
2.77288
2.95892
2.91745
2.81921
2.8457
2.97363
2.95666
2.96066
2.87701
2.90802
2.63466
2.97931
2.9212
2.86737
2.74548
2.96457
2.80703
2.90719
2.8287
2.92276
2.72887
2.68081
2.99338
2.80322
2.90112
2.83474
2.93826
2.90722
2.98288
2.90548
2.95862
2.99487
2.91186
2.93036
2.7065
2.70653
2.70528
2.87854
2.82363
2.91339
2.931
2.52773
2.70235
2.94632
2.9252
2.79934
2.92557
2.98087
2.93576
2.95218
2.9704
2.95282
2.81082
2.44121
2.8641
2.86569
2.957
2.89831
2.82907
2.91595
2.95096
2.62246
2.98877
2.8244
2.65114
2.99182
2.91452
2.80868
2.72375
2.96011
2.84399
2.90396
2.89789
2.90591
2.95828
2.84271
2.98169
2.75207
2.9172
2.98685
2.70205
2.86132
2.95456
2.99063
2.94122
2.77084
2.953
2.92074
2.77178
2.87332
2.95688
2.85922
2.99145
2.9903
2.93738
2.56063
2.64339
2.99805
2.8225
2.98834
2.87671
2.66106
2.90432
2.82238
2.98746
2.98596
2.94937
2.91626
2.72619
2.98996
2.86386
2.86645
2.98291
2.88339
2.92102
2.98749
2.97925
2.9143
2.7221
2.85971
2.97073
2.88998
2.82711
2.96362
2.79507
2.85836
2.88754
2.84426
2.99353
2.94668
2.75527
2.9454
2.86612
2.93503
2.78957
2.96448
2.96268
2.78536
2.84191
2.82788
2.87368
2.93933
2.90875
2.72799
2.87564
2.98843
2.84771
2.99841
2.35719
2.91009
2.99347
2.7441
2.7478
2.94845
2.92877
2.91153
2.81741
2.8742
2.76458
2.99884
2.8131
2.89727
2.69747
2.94125
2.77801
2.84558
2.89541
2.94797
2.99756
2.95868
2.95459
2.79424
2.98947
2.90802
2.99686
2.89734
2.96988
2.97461
2.98642
2.75005
2.78152
2.96701
2.89666
2.96179
2.92267
2.97815
2.77309
2.92306
2.86425
2.785
2.92816
2.97153
2.90759
2.9938
2.93204
2.77377
2.87603
2.77657
2.75768
2.72768
2.96875
2.93219
2.76077
2.83261
2.97873
2.83026
2.74606
2.7752
2.90896
2.89489
2.92618
2.71203
2.93728
2.92883
2.8269
2.777
2.64794
2.97101
2.96963
2.73086
2.80227
2.89785
2.95767
2.93637
2.98846
2.96506
2.90127
2.83169
2.74825
2.70351
2.93762
2.7973
2.68294
2.96335
2.89508
2.91659
2.9285
2.80642
2.768
2.72332
2.78094
2.94559
2.79662
2.56252
2.68972
2.94897
2.49269
2.96854
2.99997
2.95428
2.97714
2.87011
2.88931
2.96289
2.7654
2.67272
2.94171
2.9397
2.95218
2.83056
2.90646
2.96503
2.81335
2.94055
2.94156
2.70959
2.97363
2.87347
2.88708
2.97949
2.97711
2.70412
2.73818
2.88363
2.99097
2.86602
2.97769
2.48064
2.90051
2.96789
2.7915
2.93225
2.86602
2.84512
2.786
2.96512
2.90643
2.96799
2.86633
2.92993
2.96164
2.79989
2.93329
2.75414
2.79284
2.76031
2.97153
2.89959
2.88861
2.81677
2.59056
2.90918
2.8497
2.71285
2.9874
2.99176
2.84167
2.89224
2.84271
2.94897
2.96115
2.44505
2.83892
2.85888
2.86749
2.99966
2.73064
2.99982
2.82415
2.98935
2.99173
2.97562
2.67397
2.8619
2.97613
2.88937
2.86602
2.87661
2.92831
2.9902
2.92624
2.91369
2.97751
2.78988
2.97027
2.95288
2.99023
2.92093
2.96893
2.95975
2.98813
2.94095
2.98459
2.95099
2.89233
2.96097
2.56676
2.88159
2.95248
2.96796
2.61785
2.91504
2.83477
2.98868
2.9295
2.92035
2.95416
2.94302
2.76107
2.9704
2.8323
2.91385
2.97763
2.52272
2.92129
2.95419
2.8703
2.75719
2.83917
2.97678
2.72234
2.81262
2.92248
2.81323
2.91589
2.98453
2.98425
2.9306
2.8193
2.75549
2.95169
2.9624
2.68191
2.75777
2.6437
2.99155
2.92679
2.92965
2.99225
2.94653
2.97888
2.9133
2.68468
2.78329
2.93158
2.8985
2.99966
2.96524
2.86792
2.97171
2.82278
2.91824
2.98218
2.9975
2.97913
2.97125
2.9686
2.98157
2.85333
2.98669
2.87436
2.97906
2.76421
2.97925
2.99155
2.83111
2.99744
2.9299
2.84194
2.79437
2.87603
2.9668
2.99265
2.89578
2.88778
2.93704
2.93909
2.59227
2.88153
2.94037
2.9837
2.93368
2.99988
2.99121
2.62658
2.99469
2.91165
2.86901
2.51863
2.87606
2.99341
2.80673
2.87054
2.88324
2.91131
2.99844
2.84954
2.9411
2.90927
2.96478
2.94296
2.85946
2.79946
2.81933
2.74041
2.88314
2.92642
2.91055
2.80331
2.75127
2.94345
2.98517
2.93286
2.63039
2.84057
2.91089
2.83517
2.85046
2.81115
2.86627
2.8092
2.83853
2.87353
2.98007
2.94574
2.91366
2.87933
2.70956
2.78921
2.76739
2.95941
2.59505
2.95315
2.94739
2.78262
2.97955
2.95209
2.88485
2.94247
2.64907
2.85604
2.98593
2.92322
2.69247
2.996
2.9736
2.83251
2.96387
2.92795
2.79284
2.89389
2.97412
2.88937
2.92349
2.89178
2.49898
2.89084
2.8963
2.94467
2.95376
2.84048
2.79492
2.74676
2.97189
2.99078
2.81024
2.7843
2.98001
2.95703
2.92773
2.87432
2.90011
2.99097
2.9783
2.81448
2.96966
2.96457
2.86322
2.92477
2.80288
2.96789
2.95688
2.95798
2.80035
2.98099
2.98193
2.98587
2.92779
2.80599
2.90335
2.99719
2.92367
2.80712
2.76061
2.84191
2.87793
2.69796
2.99792
2.99261
2.98041
2.89477
2.97922
2.79528
2.9414
2.95206
2.95935
2.66698
2.90124
2.76623
2.81524
2.94021
2.93582
2.98679
2.64959
2.786
2.95035
2.83206
2.9371
2.85516
2.92242
2.86288
2.66823
2.93933
2.86041
2.97647
2.94555
2.9444
2.56316
2.93683
2.86218
2.94021
2.91174
2.60472
2.74313
2.87542
2.69771
2.94586
2.9479
2.84097
2.96045
2.90872
2.89877
2.99286
2.94067
2.72228
2.86843
2.93048
2.93033
2.61596
2.67983
2.96558
2.94101
2.75268
2.90793
2.96435
2.88937
2.99509
2.96719
2.80493
2.85238
2.97189
2.97903
2.99777
2.95425
2.91705
2.90793
2.92459
2.92019
2.89181
2.91565
2.88238
2.90466
2.71319
2.97366
2.97702
2.75594
2.91577
2.88275
2.84036
2.75808
2.92135
2.96774
2.92257
2.98407
2.81954
2.93307
2.87411
2.72543
2.72341
2.80422
2.832
2.82531
2.73312
2.59664
2.96634
2.99057
2.92895
2.96518
2.9971
2.83688
2.99692
2.97824
2.7499
2.90481
2.98938
2.75402
2.90045
2.78472
2.96533
2.89898
2.82391
2.94623
2.96713
2.68307
2.79696
2.83737
2.81103
2.90905
2.99387
2.83691
2.96234
2.62325
2.98383
2.82278
2.92453
2.82858
2.84735
2.97354
2.63979
2.77383
2.92718
2.96774
2.92312
2.71679
2.78265
2.98877
2.99322
2.61354
2.78158
2.95425
2.90112
2.76418
2.8793
2.87326
2.63924
2.8576
2.80053
2.96857
2.84988
2.8594
2.97946
2.9903
2.9115
2.99594
2.8771
2.96918
2.96481
2.99576
2.8583
2.77514
2.89407
2.8825
2.99664
2.89554
2.84802
2.67461
2.74352
2.69039
2.94879
2.52797
2.7734
2.77047
2.91842
2.73962
2.60817
2.79742
2.88467
2.9143
2.9689
2.9501
2.95236
2.75109
2.94546
2.90536
2.78188
2.92779
2.95624
2.99588
2.77392
2.94613
2.84762
2.67043
2.98114
2.95282
2.99207
2.98212
2.6552
2.79333
2.73022
2.92532
2.80706
2.91858
2.9595
2.99982
2.99942
2.99911
2.92724
2.97574
2.95495
2.95196
2.92059
2.8634
2.98386
2.95038
2.65099
2.59893
3
2.81899
2.92209
2.78665
2.7665
2.96234
2.93701
2.92926
2.99481
2.88153
2.80645
2.83871
2.7752
2.99237
2.90231
2.99573
2.84594
2.98553
2.97406
2.94089
2.9187
2.71139
2.96411
2.96768
2.97037
2.84429
2.63536
2.77682
2.97494
2.84603
2.9368
2.95138
2.81133
2.95019
2.99164
2.98456
2.89908
2.89822
2.92947
2.87585
2.61403
2.80416
2.86663
2.83685
2.95825
2.83767
2.63271
2.78286
2.91137
2.98138
2.64574
2.93896
2.99197
2.98413
2.49773
2.90841
2.90948
2.99396
2.9255
2.85833
2.69979
2.85827
2.93762
3
2.95499
2.99768
2.88989
2.9248
2.91034
2.80923
2.89651
2.7376
2.90478
2.75146
2.91363
2.99588
2.83941
2.95767
2.84674
2.95767
2.9899
2.79537
2.6744
2.73077
2.87338
2.92621
2.96747
2.91604
2.96744
2.83184
2.98914
2.96759
2.86395
2.76763
2.74419
2.55303
2.80023
2.84332
2.74117
2.82601
2.86001
2.86493
2.92569
2.83984
2.71123
2.75301
2.8999
2.69268
2.82641
2.89508
2.96188
2.9469
2.94366
2.978
2.81753
2.99759
2.99045
2.98599
2.75732
2.82733
2.81201
2.91437
2.88528
2.9953
2.65926
2.86026
2.96936
2.95697
2.95212
2.91372
2.88842
2.8988
2.89651
2.75555
2.8551
2.82559
2.92962
2.92459
2.76418
2.72414
2.94205
2.89798
2.91101
2.94885
2.82183
2.92029
2.71505
2.91409
2.94565
2.76098
2.89605
2.98758
2.9342
2.91009
2.89837
2.77316
2.81927
2.85391
2.92569
2.89462
2.90039
2.51048
2.97409
2.99252
2.98816
2.86111
2.74346
2.99353
2.99481
2.99161
2.86288
2.91964
2.68502
2.76159
2.89035
2.69732
2.9931
2.92715
2.94491
2.92102
2.85516
2.96246
2.93539
2.95654
2.46788
2.6693
2.82702
2.94867
2.90817
2.8807
2.94018
2.87362
2.85736
2.83178
2.94073
2.9606
2.79357
2.9079
2.98419
2.95273
2.96304
2.98996
2.99857
2.97613
2.97159
2.83712
2.94549
2.99783
2.79669
2.92474
2.94488
2.88693
2.97748
2.99582
2.88888
2.99475
2.91113
2.99289
2.93826
2.93713
2.90506
2.98993
2.7633
2.88086
2.97974
2.95468
2.82153
2.84402
2.85083
2.93362
2.99741
2.86373
2.9848
2.83148
2.98517
2.83902
2.9064
2.92956
2.97909
2.6896
2.68407
2.91998
2.78036
2.65835
2.69112
2.87509
2.71114
2.8793
2.80386
2.88632
2.94757
2.93402
2.95117
2.88174
2.9996
2.86065
2.90503
2.92273
2.78579
2.9368
2.63518
2.84854
2.80761
2.74328
2.7084
2.88235
2.9649
2.97116
2.9978
2.76931
2.73702
2.76894
2.8461
2.9364
2.66509
2.63143
2.66027
2.74889
2.90405
2.92022
2.91528
2.98645
2.97967
2.97931
2.98206
2.96847
2.94604
2.95523
2.992
2.8876
2.86267
2.72204
2.97958
2.88336
2.95331
2.94565
2.85006
2.74792
2.78652
2.66311
2.83422
2.98425
2.75341
2.60463
2.96564
2.97424
2.77776
2.93118
2.92776
2.91986
2.89731
2.79775
2.91092
2.75567
2.66515
2.85376
2.98315
2.7217
2.98166
2.7532
2.95068
2.97815
2.9447
2.88479
2.88397
2.88937
2.86847
2.40156
2.92178
2.83386
2.84872
2.92145
2.9906
2.88513
2.89996
2.87771
2.34346
2.96335
2.69243
2.94421
2.95151
2.83435
2.86837
2.79974
2.76675
2.83505
2.7647
2.99319
2.86154
2.93252
2.97382
2.81475
2.82528
2.98441
3
2.94501
2.99887
2.9414
2.98273
2.76376
2.6335
2.82107
2.89654
2.93344
2.99081
2.92828
2.9227
2.87472
2.90274
2.80725
2.95853
2.96234
2.95273
2.90765
2.92908
2.88879
2.79043
2.80074
2.99164
2.94235
2.9779
2.98749
2.93786
2.94388
2.86502
2.93912
2.97845
2.80047
2.90753
2.69063
2.97327
2.89547
2.92865
2.77306
2.74737
2.90069
2.94812
2.96402
2.89941
2.89731
2.51482
2.99844
2.97183
2.61492
2.98233
2.90652
2.92978
2.83807
2.99411
2.96307
2.91214
2.98776
2.88012
2.93982
2.76189
2.46559
2.93014
2.85726
2.78622
2.79229
2.62352
2.95373
2.96097
2.99911
2.89731
2.70107
2.88061
2.9194
2.84606
2.91284
2.99884
2.87954
2.71419
2.78002
2.96951
2.98254
2.95465
2.91632
2.89508
2.95035
2.54973
2.91806
2.68896
2.70455
2.56648
2.60045
2.71648
2.8168
2.82162
2.97769
2.89019
2.96033
2.95669
2.76687
2.78918
2.81729
2.78179
2.45982
2.95904
2.76656
2.85092
2.96429
2.97617
2.94974
2.983
2.97751
2.97678
2.95215
2.9986
2.98178
2.99814
2.61397
2.80737
2.96744
2.93179
2.81857
2.88607
2.82797
2.89373
2.91977
2.87039
2.95535
2.96359
2.99261
2.80721
2.61348
2.91653
2.85751
2.85028
2.81787
2.51604
2.99368
2.94189
2.85516
2.98361
2.88568
2.91256
2.85525
2.83071
2.79134
2.92096
2.85
2.92431
2.98398
2.75744
2.99664
2.96954
2.85891
2.77569
2.79421
2.9595
2.87033
2.80871
2.80294
2.99106
2.80029
2.99954
2.92715
2.948
2.9172
2.92035
2.91028
2.90622
2.90735
2.94162
2.90399
2.99036
2.97513
2.70476
2.98892
2.90271
2.82076
2.85827
2.96048
2.93356
2.73833
2.81063
2.82778
2.93826
2.81716
2.88159
2.98273
2.96683
2.80627
2.8938
2.94955
2.9765
2.7091
2.79003
2.97787
2.859
2.90866
2.84143
2.95251
2.74252
2.99063
2.75863
2.84674
2.57338
2.58486
2.89022
2.98874
2.99722
2.97497
2.97681
2.98865
2.8135
2.87411
2.96902
2.89682
2.97516
2.98798
2.9805
2.59035
2.94449
2.88745
2.95529
2.72997
2.96677
2.64025
2.8901
2.79843
2.95477
2.94446
2.91617
2.87423
2.92608
2.88174
2.99356
2.72436
2.96173
2.66753
2.92141
2.89843
2.85006
2.8551
2.79131
2.98163
2.97092
2.99704
2.96283
2.92792
2.85842
2.92843
2.89416
2.91125
2.59239
2.86358
2.97586
2.76785
2.47447
2.92141
2.66066
2.96283
2.98666
2.97983
2.97208
2.82275
2.95386
2.86657
2.88907
2.89666
2.89035
2.78784
2.94665
2.59969
2.9938
2.9234
2.97699
2.85092
2.85217
2.92398
2.726
2.78719
2.97366
2.91418
2.93939
2.93237
2.97717
2.86727
2.63283
2.9761
2.7969
2.84326
2.91345
2.73455
2.90017
2.89496
2.74993
2.96777
2.9617
2.94769
2.9906
2.76318
2.99988
2.62883
2.99661
2.91693
2.97357
2.8826
2.84829
2.88198
2.98825
2.92181
2.77288
2.98535
2.9458
2.87378
2.71062
2.94427
2.8417
2.84573
2.96628
2.9877
2.80023
2.77129
2.95279
2.91095
2.98547
2.76791
2.82492
2.94482
2.8818
2.94906
2.91552
2.82379
2.92038
2.92145
2.83602
2.68993
2.96124
2.98721
2.97287
2.89615
2.78704
2.99237
2.89978
2.91287
2.76415
2.83407
2.74957
2.87713
2.98675
2.89959
2.80987
2.92526
2.84133
2.86279
2.98813
2.91339
2.87829
2.99506
2.99014
2.97253
2.80398
2.8099
2.75732
2.98788
2.76617
2.99149
2.62038
2.95911
2.9299
2.93863
2.95456
2.85684
2.9704
2.9935
2.89514
2.71004
2.99826
2.94711
2.93634
2.92633
2.92959
2.81036
2.89904
2.96731
2.962
2.98437
2.53761
2.81286
2.67895
2.94134
2.99683
2.71377
2.88046
2.89209
2.94769
2.95883
2.92596
2.87832
2.66662
2.98462
2.94501
2.97452
2.81216
2.87783
2.98767
2.97143
2.96304
2.94165
2.99054
2.99152
2.99759
2.98105
2.87127
2.94818
2.81048
2.92782
2.94427
2.88147
2.91168
2.86322
2.89602
2.63717
2.91281
2.65993
2.75121
2.8001
2.80227
2.63933
2.75985
2.65215
2.7918
2.91406
2.86792
2.98877
2.92251
2.88366
2.84576
2.81411
2.9079
2.66668
2.70452
2.87378
2.98489
2.94638
2.98135
2.42833
2.94937
2.96118
2.66216
2.87875
2.97214
2.97827
2.76345
2.98733
2.90738
2.91595
2.86801
2.9172
2.87265
2.71651
2.88165
2.88845
2.91375
2.98657
2.97458
2.99475
2.89883
2.9526
2.95233
2.71853
2.9255
2.82974
2.99918
2.83428
2.82046
2.98337
2.95511
2.99777
2.97626
2.86596
2.90985
2.90094
2.96371
2.97565
2.91635
2.91229
2.82885
2.97787
2.92141
2.96213
2.96716
2.83105
2.9754
2.93234
2.94494
2.98553
2.88052
2.76595
2.94256
2.98566
2.89364
2.8843
2.9808
2.75289
2.99722
2.9462
2.86047
2.52333
2.80667
2.86297
2.92102
2.9332
2.87851
2.89834
2.91345
2.92908
2.97327
2.83456
2.99167
2.97659
2.96405
2.85247
2.7763
2.6032
2.99701
2.78433
2.94971
2.80926
2.91961
2.7806
2.96884
2.97397
2.90155
2.94183
2.95224
2.89389
2.90445
2.68093
2.96606
2.83715
2.86007
2.90619
2.94165
2.85116
2.59514
2.81423
2.88122
2.97409
2.93161
2.824
2.97189
2.99139
2.73663
2.99908
2.95691
2.95431
2.9208
2.70376
2.83621
2.81942
2.96591
2.87497
2.96112
2.59868
2.75933
2.58919
2.74056
2.97711
2.92276
2.6989
2.5909
2.86703
2.83593
2.78912
2.90405
2.9834
2.92993
2.98691
2.99731
2.80044
2.95322
2.99457
2.97626
2.99918
2.94842
2.96643
2.84469
2.92401
2.92859
2.8226
2.76012
2.67879
2.72451
2.95215
2.9798
2.86306
2.99014
2.87478
2.91446
2.99722
2.93765
2.93023
2.81799
2.88702
2.9928
2.79183
2.81381
2.83349
2.99646
2.97778
2.69372
2.93347
2.87173
2.90466
2.90268
2.992
2.9129
2.95343
2.88293
2.87603
2.93045
2.99881
2.99741
2.85223
2.93616
2.61205
2.93851
2.87387
2.88296
2.90582
2.75378
2.91415
2.95038
2.96277
2.97592
2.69069
2.62328
2.7799
2.91055
2.90368
2.9273
2.99921
2.92865
2.79333
2.75167
2.9729
2.88079
2.97806
2.89209
2.9288
2.89962
2.86962
2.81945
2.9761
2.96332
2.96329
2.63201
2.89981
2.84518
2.83798
2.90216
2.77264
2.95041
2.97946
2.95874
2.75414
2.90777
2.90796
2.87729
2.99197
2.97925
2.78094
2.93283
2.71923
2.85592
2.83447
2.92752
2.83428
2.92972
2.927
2.60295
2.9064
2.61327
2.97537
2.91852
2.44826
2.92578
2.81069
2.94281
2.99844
2.95379
2.75893
2.61931
2.52828
2.96161
2.73043
2.92221
2.90613
2.84533
2.96515
2.38524
2.70693
2.98187
2.89148
2.61974
2.8829
2.95416
2.9368
2.8891
2.89541
2.92489
2.89386
2.75268
2.87405
2.97977
2.85665
2.94617
2.79794
2.84179
2.78982
2.8908
2.86279
2.89056
2.86483
2.64248
2.51885
2.4991
2.92904
2.83544
2.48885
2.72698
2.82461
2.983
2.98532
2.91867
2.90661
2.96933
2.54415
2.66527
2.94772
2.93246
2.9089
2.87594
2.91226
2.93356
2.94684
2.74499
2.99103
2.74349
2.89035
2.62575
2.85592
2.94482
2.9964
2.94333
2.87753
2.76949
2.96399
2.96463
2.92718
2.86627
2.84909
2.98105
2.85382
2.86862
2.90695
2.93878
2.66363
2.83584
2.91839
2.99594
2.92267
2.95352
2.67193
2.77175
2.79662
2.9826
2.90838
2.92434
2.90222
2.99979
2.96161
2.99832
2.96301
2.78466
2.96857
2.99252
2.95712
2.77023
2.87872
2.96667
2.92541
2.60491
2.85382
2.46876
2.92224
2.94864
2.90179
2.91964
2.93359
2.90066
2.98871
2.99164
2.97174
2.85818
2.97723
2.76711
2.98172
2.99518
2.98447
2.90994
2.85238
2.93051
2.94058
2.88919
2.87906
2.83239
2.96606
2.8955
2.98495
2.94125
2.93387
2.93603
2.95621
2.6614
2.70113
2.85928
2.82061
2.97943
2.95318
2.97214
2.76724
2.99802
2.89407
2.98334
2.98947
2.85891
2.93387
2.61632
2.86123
2.91043
2.61086
2.88879
2.77471
2.94314
2.99466
2.99567
2.59288
2.88003
2.87176
2.98831
2.93677
2.92285
2.94726
2.90793
2.95929
2.80224
2.8572
2.90899
2.91278
2.85812
2.85406
2.89956
2.89447
2.94491
2.9519
2.85278
2.71862
2.79073
2.7842
2.93204
2.96832
2.86715
2.98959
2.98852
2.7893
2.77178
2.93188
2.9053
2.73861
2.77145
2.96908
2.94555
2.9462
2.90661
2.89987
2.9754
2.98874
2.93466
2.96374
2.85186
2.97412
2.96561
2.91867
2.73321
2.98553
2.9946
2.96554
2.55666
2.83145
2.94812
2.95703
2.69915
2.89077
2.99292
2.98874
2.76382
2.87048
2.91449
2.76431
2.62539
2.98184
2.80389
2.95099
2.95404
2.85342
2.86254
2.91537
2.96094
2.7398
2.98273
2.65734
2.92795
2.99304
2.90951
2.72716
2.64385
2.95553
2.94052
2.85183
2.92297
2.8027
2.978
2.90109
2.97922
2.83508
2.92804
2.95364
2.83428
2.99136
2.9592
2.9877
2.93231
2.98047
2.98752
2.9888
2.79086
2.81072
2.96805
2.99145
2.96194
2.96292
2.99789
2.73562
2.95831
2.92557
2.9415
2.84228
2.8905
2.94891
2.93881
2.86465
2.88116
2.6238
2.76067
2.93268
2.9693
2.88647
2.73754
2.72753
2.88021
2.75982
2.99677
2.87094
2.96051
2.86813
2.80731
2.92306
2.72777
2.91903
2.99139
2.98733
2.96878
2.93994
2.54039
2.94113
2.88699
2.83938
2.96548
2.98917
2.95618
2.84945
2.71035
2.80114
2.67232
2.9787
2.76366
2.88699
2.92593
2.87579
2.90854
2.811
2.70324
2.62905
2.85553
2.8204
2.88903
2.95785
2.96945
2.93295
2.93277
2.94046
2.83273
2.86062
2.48024
2.84664
2.97159
2.96728
2.85064
2.84738
2.98627
2.64272
2.99005
2.91626
2.92502
2.92581
2.99942
2.7336
2.97617
2.92218
2.93765
2.99774
2.95495
2.81536
2.63753
2.98843
2.88491
2.98556
2.91256
2.99133
2.95544
2.93826
2.98065
2.67852
2.93347
2.93435
2.97116
2.9874
2.74371
2.91168
2.96576
2.59853
2.78475
2.9003
2.99713
2.94064
2.99609
2.95886
2.72491
2.62111
2.91922
2.96341
2.98965
2.9711
2.97775
2.86706
2.69503
2.99039
2.97751
2.80367
2.97879
2.99478
2.86172
2.77667
2.97577
2.96362
2.9646
2.79116
2.95685
2.96167
2.81387
2.93204
2.93695
2.93503
2.88916
2.74935
2.983
2.95972
2.82699
2.93759
2.98102
2.96402
2.97574
2.88119
2.90741
2.8312
2.96149
2.93487
2.91867
2.96417
2.73104
2.71078
2.8612
2.93536
2.97122
2.96942
2.77532
2.68841
2.65853
2.98093
2.71584
2.99277
2.83517
2.98755
2.90139
2.49376
2.80984
2.99997
2.94455
2.991
2.98822
2.97003
2.79781
2.98376
2.92227
2.6787
2.9996
2.9255
2.81881
2.87075
2.99094
2.83575
2.8074
2.93475
2.86544
2.92212
2.99933
2.78338
2.98541
2.77667
2.94043
2.59911
2.60463
2.94534
2.78167
2.87661
2.83377
2.9827
2.78896
2.79727
2.85946
2.86334
2.73641
2.99945
2.97928
2.97427
2.88983
2.98685
2.94098
2.7835
2.97409
2.92465
2.95404
2.81967
2.96109
2.86456
2.92526
2.92459
2.72158
2.84872
2.85546
2.85894
2.99637
2.51018
2.94729
2.88754
2.97537
2.9209
2.81387
2.9924
2.78759
2.72433
2.96286
2.90182
2.94086
2.97314
2.99371
2.83697
2.97525
2.77868
2.84423
2.86386
2.98764
2.9639
2.79217
2.87909
2.95364
2.73409
2.931
2.97244
2.84918
2.72341
2.60054
2.90115
2.71773
2.99286
2.92822
2.56624
2.96271
2.92621
2.9762
2.71883
2.72112
2.96878
2.93713
2.87664
2.91748
2.93936
2.99451
2.9382
2.99042
2.89993
2.94952
2.80602
2.87356
2.89883
2.97855
2.9346
2.72613
2.97244
2.62804
2.85867
2.94028
2.86816
2.79327
2.93674
2.73202
2.74322
2.93136
2.8876
2.83581
2.93927
2.79708
2.67483
2.96261
2.94729
2.85501
2.83123
2.99164
2.84884
2.98517
2.83029
2.83383
2.99634
2.94607
2.86044
2.84994
2.96243
2.96945
2.62999
2.99686
2.53063
2.96997
2.99896
2.66588
2.9494
2.9425
2.42003
2.99442
2.93188
2.89712
2.7326
2.83953
2.99756
2.54216
2.87609
2.88879
2.85977
2.97461
2.89612
2.80291
2.99142
2.85726
2.92279
2.97848
2.99103
2.93722
2.89941
2.92203
2.78469
2.84509
2.76946
2.97391
2.91086
2.64083
2.82693
2.92645
2.67333
2.96081
2.90686
2.87838
2.98239
2.76223
2.67141
2.99496
2.95544
2.93524
2.67425
2.99384
2.98764
2.9938
2.94424
2.77551
2.92035
2.94476
2.81536
2.95825
2.95032
2.96301
2.92462
2.93124
2.96338
2.96832
2.98126
2.90774
2.93582
2.98315
2.89914
2.91043
2.90847
2.97546
2.71969
2.99026
2.94882
2.98422
2.92877
2.73821
2.88949
2.95627
2.96402
2.89834
2.99554
2.86676
2.99783
2.93905
2.95584
2.89047
2.94989
2.93405
2.93744
2.63659
2.9693
2.96893
2.72307
2.69231
2.96225
2.86367
2.82577
2.9436
2.96713
2.78195
2.92666
2.95022
2.87255
2.99191
2.79937
2.79122
2.93716
2.85665
2.91284
2.69362
2.91351
2.76015
2.76873
2.91842
2.93896
2.84472
2.91198
2.83911
2.9975
2.87017
2.62764
2.81771
2.66381
2.88467
2.99588
2.88281
2.97015
2.85275
2.91617
2.84875
2.99808
2.7745
2.9133
2.87661
2.95196
2.97739
2.9678
2.88119
2.96023
2.93634
2.88122
2.9942
2.83074
2.93887
2.40123
2.8818
2.9686
2.95227
2.85464
2.88821
2.90139
2.854
2.97656
2.96002
2.82592
2.95795
2.89828
2.82971
2.89251
2.89236
2.97375
2.98022
2.94415
2.59685
2.93158
2.93368
2.81567
2.95862
2.74987
2.81017
2.87356
2.78433
2.63576
2.98431
2.9805
2.98306
2.95056
2.90918
2.99612
2.93533
2.85473
2.98254
2.90289
2.72182
2.84487
2.99551
2.81814
2.64101
2.91888
2.89453
2.97598
2.87756
2.89459
2.94498
2.90918
2.99622
2.89367
2.74667
2.90857
2.82772
2.97961
2.96484
2.83963
2.89279
2.85354
2.99689
2.8533
2.70165
2.80816
2.93072
2.99756
2.94739
2.85308
2.79162
2.82879
2.875
2.7831
2.72359
2.97211
2.81402
2.77654
2.91787
2.87506
2.81362
2.87381
2.77767
2.94168
2.97562
2.96277
2.92483
2.93146
2.79208
2.89172
2.93139
2.9638
2.98306
2.8283
2.86532
2.96188
2.82507
2.97314
2.97369
2.95361
2.9367
2.98358
2.74248
2.95788
2.91708
2.96435
2.98444
2.8493
2.94406
2.81381
2.92285
2.84002
2.94031
2.85788
2.90579
2.97098
2.79821
2.83694
2.82437
2.84796
2.58824
2.9624
2.99213
2.90298
2.82394
2.85607
2.73769
2.75951
2.96588
2.81524
2.87152
2.99786
2.97885
2.98462
2.8431
2.86151
2.94803
2.83602
2.83474
2.94977
2.80898
2.91241
2.96149
2.92807
2.86093
2.91586
2.74899
2.78494
2.95477
2.8793
2.94003
2.95279
2.845
2.99594
2.94259
2.84243
2.69735
2.99304
2.69079
2.89434
2.76092
2.93231
2.9501
2.95923
2.9685
2.84967
2.9772
2.858
2.96869
2.99152
2.89257
2.82891
2.83712
2.98187
2.96567
2.84011
2.9602
2.96228
2.97351
2.99805
2.95688
2.84625
2.84198
2.8985
2.91577
2.79824
2.88903
2.68447
2.95755
2.88009
2.98822
2.95965
2.99713
2.86578
2.99609
2.89944
2.89007
2.99878
2.97119
2.85543
2.94723
2.87048
2.91351
2.59087
2.91821
2.92322
2.94601
2.83172
2.93866
2.97821
2.97177
2.91058
2.74465
2.95218
2.966
2.93405
2.84335
2.99167
2.99692
2.97894
2.91415
2.67586
2.9556
2.60164
2.70779
2.89099
2.87881
2.95709
2.98822
2.82815
2.67602
2.80804
2.93622
2.45714
2.69485
2.89364
2.90823
2.79165
2.73415
2.82379
2.98965
2.92993
2.94317
2.72829
2.97055
2.88549
2.57695
2.97391
2.7955
2.95782
2.9107
2.91073
2.88766
2.94256
2.6567
2.57567
2.83685
2.73128
2.89703
2.89267
2.92706
2.93292
2.59505
2.96597
2.97186
2.89673
2.87551
2.93066
2.96463
2.97531
2.75738
2.93988
2.93658
2.63234
2.68114
2.94009
2.98819
2.93423
2.674
2.75463
2.97928
2.96719
2.83224
2.61827
2.94238
2.8645
2.52812
2.95343
2.93878
2.81509
2.99203
2.76495
2.99707
2.98315
2.66475
2.97092
2.91665
2.98535
2.53993
2.81332
2.86813
2.5988
2.99011
2.99207
2.83593
2.98849
2.99643
2.89694
2.91186
2.91327
2.72393
2.79849
2.991
2.92651
2.91876
2.9631
2.90347
2.8319
2.8385
2.8703
2.99677
2.98892
2.97696
2.86959
2.61724
2.60433
2.93725
2.88955
2.70183
2.88867
2.85214
2.96786
2.79748
2.91241
2.94058
2.81722
2.7412
2.93747
2.99051
2.87848
2.99908
2.63652
2.87136
2.89785
2.66103
2.86978
2.91165
2.8544
2.92419
2.92599
2.98773
2.94992
2.98636
2.98044
2.92044
2.97873
2.89798
2.91186
2.98483
2.93945
2.88177
2.85754
2.94061
2.80139
2.9263
2.77032
2.82507
2.86822
2.99664
2.68908
2.96863
2.8359
2.93042
2.94852
2.80038
2.62239
2.95483
2.88644
2.74725
2.89486
2.73824
2.80593
2.96896
2.99225
2.96161
2.38163
2.95212
2.91363
2.81405
2.96179
2.99536
2.81603
2.77996
2.98633
2.87207
2.98441
2.99954
2.97662
2.90707
2.53789
2.80145
2.85907
2.75759
2.93533
2.97916
2.71926
2.99911
2.95163
2.82153
2.77276
2.93112
2.90167
2.9848
2.90646
2.85961
2.99792
2.73525
2.96841
2.88043
2.97977
2.74572
2.90844
2.93033
2.96219
2.89496
2.92114
2.829
2.74389
2.75018
2.89642
2.94186
2.91592
2.98868
2.96222
2.82986
2.94528
2.85791
2.98843
2.77129
2.84249
2.92483
2.77886
2.88818
2.95608
2.88525
2.64165
2.72481
2.94186
2.83203
2.99048
2.96445
2.78314
2.70705
2.89938
2.89453
2.98749
2.92492
2.81256
2.93921
2.72381
2.85681
2.9617
2.99051
2.92901
2.91934
2.97452
2.92639
2.98291
2.82827
2.9693
2.99622
2.97574
2.79595
2.89761
2.96716
2.89264
2.82678
2.88086
2.76782
2.97183
2.92969
2.98675
2.96478
2.91113
2.98087
2.98257
2.79843
2.97079
2.84637
2.89227
2.95907
2.99908
2.92859
2.80862
2.99194
2.90683
2.77581
2.93457
2.93957
2.91818
2.93265
2.8724
2.9747
2.9809
2.83441
2.93448
2.72762
2.94928
2.80193
2.48607
2.94769
2.68688
2.92016
2.85748
2.66961
2.62972
2.96542
2.91864
2.84939
2.43071
2.96652
2.86309
2.94461
2.81527
2.92453
2.91
2.7539
2.85443
2.78594
2.95761
2.98837
2.99194
2.98779
2.84378
2.785
2.96506
2.93027
2.95541
2.82986
2.95853
2.95556
2.9631
2.8063
2.98321
2.92877
2.9819
2.96081
2.94263
2.97885
2.98318
2.76702
2.54753
2.96084
2.91324
2.96518
2.63891
2.96301
2.91424
2.86428
2.98877
2.8685
2.75457
2.82449
2.93472
2.95679
2.98462
2.77407
2.93753
2.94299
2.99243
2.56554
2.99869
2.77175
2.89453
2.97363
2.9794
2.90371
2.95322
2.95196
2.66799
2.88406
2.87167
2.92053
2.76278
2.91708
2.83511
2.97067
2.69735
2.87738
2.79312
2.98346
2.6972
2.94122
2.91327
2.99252
2.77511
2.96616
2.88278
2.93036
2.78954
2.91345
2.90246
2.89862
2.61312
2.89941
2.98798
2.88589
2.99939
2.81619
2.91546
2.91498
2.8374
2.57393
2.90481
2.81762
2.97992
2.67489
2.88415
2.95029
2.91018
2.87439
2.91086
2.85699
2.83819
2.96219
2.86642
2.82684
2.68777
2.87838
2.93814
2.94668
2.70904
2.81133
2.9819
2.81796
2.95175
2.79708
2.99258
2.91009
2.82043
2.71505
2.78332
2.95404
2.6538
2.71538
2.99875
2.74059
2.89651
2.94577
2.84301
2.97732
2.70534
2.76104
2.97879
2.97742
2.95697
2.88339
2.98117
2.88354
2.91388
2.88556
2.47667
2.93811
2.80706
2.74175
2.83135
2.81906
2.93527
2.95914
2.95935
2.92434
2.94641
2.90146
2.97223
2.64803
2.8815
2.9519
2.52519
2.9252
2.90231
2.92917
2.89346
2.57207
2.83996
2.87573
2.89483
2.97064
2.98486
2.68404
2.74935
2.85488
2.95151
2.93771
2.89618
2.84829
2.88595
2.72005
2.94498
2.99979
2.98578
2.78729
2.89956
2.93909
2.98434
2.65017
2.58589
2.87533
2.74889
2.91202
2.92868
2.90268
2.68877
2.99976
2.8753
2.75387
2.90854
2.60512
2.92138
2.99319
2.97839
2.9425
2.9284
2.99115
2.95636
2.99792
2.65184
2.95166
2.99924
2.95755
2.95132
2.86358
2.98788
2.92782
2.82272
2.99466
2.78741
2.99609
2.79308
2.91708
2.83309
2.93512
2.932
2.99774
2.84445
2.87387
2.95462
2.78347
2.92761
2.87078
2.67846
2.92721
2.66213
2.98224
2.94498
2.78674
2.99887
2.88083
2.96417
2.80023
2.99036
2.92416
2.95917
2.61251
2.96332
2.71682
2.87878
2.98538
2.96023
2.96197
2.8468
2.82263
2.84765
2.51979
2.80599
2.74673
2.9957
2.92908
2.77111
2.90982
2.82366
2.51311
2.9675
2.97388
2.81182
2.65273
2.89257
2.98563
2.76089
2.88797
2.82708
2.90075
2.93533
2.96356
2.99982
2.79534
2.83929
2.9256
2.97998
2.93344
2.91086
2.91665
2.96841
2.92395
2.9729
2.86831
2.95383
2.69878
2.87939
2.94479
2.98553
2.92935
2.93179
2.78744
2.97848
2.86334
2.71917
2.89142
2.68944
2.97293
2.75756
2.90158
2.65349
2.97794
2.92044
2.97867
2.97418
2.99619
2.86764
2.89334
2.86587
2.96689
2.92932
2.65432
2.97681
2.76623
2.919
2.85861
2.82241
2.84405
2.96048
2.98993
2.82376
2.98175
2.73284
2.88583
2.87432
2.96097
2.87976
2.93738
2.65764
2.81774
2.99686
2.9805
2.76513
2.97879
2.86752
2.79601
2.91687
2.92444
2.97916
2.99533
2.88519
2.99203
2.82736
2.92215
2.95926
2.79247
2.92367
2.82595
2.84378
2.94327
2.85632
2.85888
2.90033
2.76379
2.91284
2.99579
2.70565
2.97757
2.76046
2.99426
2.97766
2.94684
2.9071
2.8714
2.90942
2.94732
2.88119
2.9367
2.94299
2.82882
2.52837
2.99789
2.55715
2.90542
2.85067
2.73714
2.82565
2.89911
2.77358
2.97818
2.70504
2.92492
2.83282
2.95019
2.96735
2.84951
2.97085
2.93661
2.6028
2.67257
2.68209
2.93478
2.979
2.96912
2.811
2.68297
2.89084
2.75478
2.98422
2.98941
2.91443
2.95904
2.63732
2.9685
2.92776
2.97446
2.71557
2.98862
2.93249
2.72176
2.92959
2.95334
2.68859
2.97476
2.74972
2.55397
2.96365
2.94378
2.99426
2.64772
2.97592
2.97803
2.89996
2.98383
2.85125
2.85296
2.95611
2.89691
2.93579
2.98816
2.78603
2.96255
2.85357
2.86489
2.75359
2.87997
2.98645
2.87078
2.77032
2.97333
2.89575
2.93756
2.8782
2.91482
2.74844
2.79043
2.92688
2.75542
2.91159
2.9765
2.8945
2.79849
2.97531
2.93274
2.98367
2.91348
2.77016
2.74142
2.9667
2.98102
2.88824
2.83602
2.91513
2.97314
2.99738
2.50111
2.83822
2.64306
2.86608
2.84591
2.9985
2.97043
2.99203
2.86233
2.98669
2.6317
2.92581
2.77044
2.88333
2.91961
2.87475
2.96817
2.78445
2.95123
2.89511
2.94058
2.67132
2.55193
2.94259
2.82659
2.91943
2.79125
2.95581
2.83038
2.83184
2.99487
2.9158
2.92059
2.99396
2.99246
2.9595
2.98984
2.99359
2.97369
2.94739
2.63256
2.97128
2.67394
2.85357
2.89666
2.81487
2.97018
2.74487
2.97208
2.78762
2.9874
2.86444
2.99145
2.8384
2.94461
2.7972
2.97241
2.94012
2.92752
2.97909
2.94961
2.94128
2.99948
2.79077
2.87246
2.91156
2.91644
2.65795
2.77392
2.94339
2.88635
2.8442
2.93066
2.97995
2.70568
2.99222
2.97641
2.62944
2.61754
2.9096
2.95285
2.7662
2.77316
2.86315
2.88192
2.98611
2.96704
2.77129
2.79516
2.94961
2.90655
2.92859
2.93268
2.93207
2.98456
2.99289
2.83947
2.80993
2.98422
2.76955
2.97742
2.52483
2.48207
2.72198
2.9649
2.93396
2.88467
2.99658
2.98883
2.74761
2.76949
2.99652
2.89248
2.99225
2.40153
2.99594
2.92337
2.82412
2.87234
2.95969
2.91964
2.90402
2.98645
2.9754
2.82012
2.87658
2.90744
2.68261
2.949
2.79302
2.85531
2.68734
2.8753
2.90774
2.82357
2.96664
2.96606
2.90387
2.8059
2.65438
2.99576
2.97015
2.95444
2.90167
2.8367
2.98126
2.79778
2.9823
2.97351
2.91031
2.83166
2.92892
2.8778
2.79635
2.90677
2.98584
2.8688
2.97552
2.90249
2.92007
2.983
2.92782
2.95169
2.68938
2.98318
2.85116
2.89755
2.81429
2.95465
2.85736
2.92059
2.86438
2.86074
2.92358
2.85693
2.95578
2.96814
2.89758
2.96786
2.98291
2.77633
2.85986
2.96719
2.95273
2.88339
2.7987
2.94595
2.92245
2.8461
2.9368
2.78668
2.98291
2.92062
2.84286
2.89865
2.96265
2.90725
2.78625
2.61147
2.98495
2.7839
2.99832
2.79485
2.97906
2.92694
2.89813
2.79052
2.96417
2.83645
2.90799
2.97705
2.96051
2.89218
2.98172
2.88809
2.87503
2.77685
2.96319
2.91327
2.9505
2.90872
2.84124
2.86288
2.75253
2.84945
2.75359
2.6986
2.89544
2.82339
2.69399
2.81979
2.86135
2.81756
2.56218
2.8779
2.88928
2.83911
2.84848
2.47395
2.84158
2.81472
2.99356
2.9779
2.98505
2.95199
2.98337
2.86599
2.88339
2.95526
2.92026
2.9827
2.72655
2.94671
2.62297
2.88791
2.94064
2.8442
2.98834
2.93579
2.85708
2.6498
2.9754
2.77456
2.833
2.86581
2.82299
2.67577
2.92245
2.98495
2.88672
2.89453
2.98361
2.98779
2.79528
2.88192
2.95004
2.56948
2.93942
2.97513
2.93823
2.97363
2.64632
2.84793
2.84744
2.94702
2.97574
2.94415
2.6972
2.69704
2.79699
2.93057
2.93466
2.94751
2.54372
2.96524
2.9234
2.88467
2.89013
2.93426
2.98312
2.98813
2.9118
2.98035
2.79107
2.90957
2.75854
2.87967
2.93136
2.90039
2.93469
2.81124
2.92511
2.75652
2.97208
2.94342
2.90942
2.96689
2.67504
2.90777
2.85327
2.95633
2.89657
2.79333
2.95337
2.94024
2.86749
2.60015
2.95245
2.98993
2.72762
2.85632
3
2.9559
2.64733
2.78387
2.99005
2.98099
2.94443
2.73315
2.7871
2.96622
2.96545
2.96786
2.83874
2.90844
2.9237
2.91678
2.61281
2.7148
2.8854
2.81201
2.9003
2.99689
2.91931
2.99512
2.82986
2.91501
2.82669
2.92224
2.90924
2.93817
2.93396
2.93255
2.92883
2.92624
2.90594
2.96341
2.87527
2.79476
2.94952
2.8908
2.63216
2.98138
2.8984
2.81936
2.88888
2.94675
2.8728
2.88635
2.75134
2.96493
2.99005
2.854
2.85226
2.8851
2.98694
2.91711
2.98624
2.94314
2.79919
2.80285
2.76928
2.81423
2.95779
2.90576
2.98679
2.84985
2.96661
2.95465
2.98688
2.83081
2.89926
2.95389
2.95932
2.87494
2.99841
2.84732
2.90414
2.81872
2.97281
2.47035
2.99216
2.88375
2.96457
2.45476
2.99487
2.99341
2.7553
2.80877
2.94021
2.98553
2.69652
2.95346
2.69704
2.78579
2.9736
2.97635
2.80804
2.97592
2.95422
2.98346
2.7814
2.94943
2.64818
2.99261
2.99145
2.8605
2.78896
2.87481
2.96991
2.81393
2.77651
2.93301
2.73922
2.97928
2.98352
2.953
2.98141
2.98398
2.78506
2.92224
2.85894
2.51491
2.81793
2.78683
2.96323
2.99499
2.9779
2.91925
2.92441
2.80575
2.92929
2.91534
2.94955
2.94714
2.89251
2.85086
2.69219
2.7347
2.94629
2.96661
2.95932
2.92306
2.98511
2.99078
2.83914
2.93997
2.60424
2.55034
2.94461
2.95764
2.92788
2.98569
2.94116
2.94098
2.64498
2.93197
2.87875
2.99762
2.92453
2.60005
2.80935
2.86065
2.95245
2.92221
2.73113
2.84371
2.8178
2.79867
2.70342
2.87265
2.97589
2.83181
2.98941
2.97989
2.96796
2.62563
2.7575
2.90408
2.931
2.95407
2.87622
2.99649
2.94931
2.72903
2.40748
2.78253
2.92318
2.95233
2.95825
2.94577
2.83276
2.82385
2.86557
2.92114
2.75546
2.7405
2.63619
2.71322
2.8714
2.72863
2.99573
2.76324
2.83334
2.95486
2.89203
2.61553
2.92914
2.68078
2.71719
2.91797
2.9707
2.97763
2.8507
2.90844
2.83529
2.84722
2.81979
2.65325
2.55956
2.98642
2.87994
2.85055
2.96231
2.79058
2.96231
2.89642
2.85351
2.92431
2.92709
2.81005
2.99252
2.77758
2.92715
2.8414
2.80139
2.94885
2.94546
2.98114
2.65194
2.89434
2.85806
2.69985
2.88232
2.98187
2.8019
2.90158
2.47429
2.88467
2.93051
2.76513
2.61336
2.99463
2.92108
2.51527
2.73217
2.98102
2.77224
2.79339
2.87683
2.73684
2.98581
2.88791
2.871
2.94604
2.85778
2.98703
2.98502
2.60308
2.74728
2.71773
2.72622
2.76556
2.98077
2.84921
2.86917
2.86398
2.93283
2.81097
2.89682
2.93088
2.99084
2.90655
2.87402
2.98303
2.45848
2.98563
2.98434
2.91147
2.8052
2.85452
2.77648
2.76489
2.9487
2.98129
2.96133
2.87353
2.99182
2.75475
2.82629
2.97284
2.95611
2.91937
2.93628
2.9816
2.9751
2.99878
2.66567
2.83459
2.90854
2.8388
2.71609
2.94366
2.80038
2.76009
2.91104
2.95834
2.99957
2.93426
2.82934
2.86944
2.99396
2.86367
2.54109
2.71813
2.77227
2.88195
2.94726
2.92264
2.89688
2.93497
2.80926
2.95395
2.6111
2.91687
2.83084
2.91046
2.83651
2.93109
2.83898
2.85464
2.96136
2.80377
2.87536
2.94723
2.88214
2.95221
2.90851
2.72268
2.94336
2.91461
2.92032
2.96747
2.77337
2.9588
2.91266
2.70321
2.91751
2.93591
2.94217
2.98727
2.94125
2.90997
2.85659
2.9736
2.84408
2.93088
2.89764
2.93881
2.79058
2.97082
2.99826
2.67861
2.80538
2.98337
2.86605
2.97256
2.94012
2.89257
2.97778
2.99896
2.7571
2.8464
2.97336
2.83264
2.95733
2.98831
2.84329
2.81634
2.80892
2.77169
2.73519
2.996
2.79217
2.71831
2.7925
2.77129
2.98544
2.86026
2.97507
2.84817
2.80135
2.82705
2.67525
2.91748
2.5735
2.96771
2.9118
2.92199
2.70318
2.76977
2.84365
2.84216
2.56572
2.98282
2.84176
2.98651
2.84765
2.94693
2.92706
2.94742
2.73257
2.98248
2.86599
2.98782
2.58275
2.95108
2.8587
2.97192
2.96545
2.79284
2.37135
2.96072
2.77322
2.95932
2.92016
2.98538
2.79092
2.98804
2.89309
2.96185
2.84945
2.84558
2.77352
2.81451
2.6317
2.74667
2.86947
2.8189
2.74801
2.90176
2.90973
2.97571
2.76165
2.93506
2.98047
2.86261
2.92697
2.84417
2.94961
2.77184
2.93237
2.83645
2.91357
2.86557
2.40541
2.8778
2.95224
2.92749
2.84661
2.99399
2.99881
2.93719
2.98892
2.75948
2.92593
2.948
2.87756
2.91278
2.72735
2.87994
2.93268
2.82849
2.75936
2.98465
2.74194
2.82018
2.86431
2.90228
2.84841
2.98172
2.47774
2.93484
2.87463
2.9024
2.80798
2.84951
2.7655
2.88577
2.97684
2.92633
2.92282
2.84683
2.84359
2.81393
2.85778
2.97879
2.58602
2.91281
2.86447
2.88333
2.85314
2.95544
2.96527
2.96466
2.83685
2.96789
2.84796
2.99219
2.55794
2.83886
2.97842
2.9884
2.85092
2.99741
2.92178
2.974
2.98367
2.88144
2.90847
2.84649
2.61928
2.79318
2.99588
2.85336
2.81536
2.82485
2.84301
2.82336
2.94873
2.80947
2.86569
2.80944
2.89608
2.81997
2.77725
2.96576
2.69732
2.95502
2.72057
2.91845
2.94955
2.97238
2.97803
2.97382
2.78481
2.97458
2.74984
2.99203
2.75942
2.68291
2.99106
2.8088
2.84912
2.73785
2.74197
2.95917
2.91961
2.96365
2.8222
2.90683
2.46336
2.81606
2.8052
2.80334
2.95013
2.90945
2.99155
2.93161
2.8233
2.90356
2.99039
2.96429
2.91098
2.96442
2.81442
2.5537
2.70345
2.7185
2.80181
2.90942
2.87179
2.99805
2.87042
2.97903
2.9635
2.98987
2.89712
2.79174
2.91269
2.85635
2.89517
2.84625
2.90832
2.9631
2.93347
2.87634
2.92447
2.69643
2.80404
2.95706
2.99677
2.81564
2.96448
2.96985
2.92785
2.73424
2.97772
2.86657
2.99643
2.95499
2.98233
2.72054
2.73043
2.8742
2.70467
2.97302
2.88293
2.95392
2.97613
2.996
2.98843
2.70025
2.86074
2.96625
2.86639
2.92752
2.97516
2.53362
2.97333
2.82534
2.95441
2.68581
2.94732
2.96197
2.96939
2.95209
2.80337
2.94754
2.73879
2.93808
2.94595
2.77639
2.93924
2.88791
2.83007
2.91885
2.93609
2.93521
2.96329
2.86917
2.93118
2.66918
2.99658
2.92126
2.95447
2.88205
2.7611
2.82424
2.74651
2.85949
2.84039
2.77343
2.92816
2.98245
2.62795
2.94223
2.9472
2.92566
2.64721
2.96118
2.76388
2.97507
2.81256
2.70132
2.854
2.83694
2.62923
2.73272
2.81664
2.88931
2.9126
2.94116
2.61522
2.99649
2.90344
2.77322
2.93219
2.99527
2.92282
2.91144
2.97046
2.93356
2.91229
2.97275
2.99899
2.90939
2.9895
2.88635
2.66921
2.93512
2.99954
2.7206
2.44301
2.85699
2.9317
2.77877
2.99872
2.7206
2.89984
2.67724
2.93243
2.89187
2.93109
2.84637
2.96106
2.97821
2.83764
2.99823
2.64782
2.8074
2.98651
2.93628
2.97555
2.79281
2.91586
2.84576
2.96811
2.93738
2.89715
2.8291
2.94711
2.89828
2.87063
2.86721
2.8836
2.99002
2.95898
2.7322
2.94617
2.8215
2.88788
2.92819
2.81329
2.76467
2.86264
2.96539
2.92947
2.93878
2.76598
2.92727
2.95398
2.47789
2.79934
2.77386
2.9494
2.92911
2.9794
2.92734
2.8384
2.81277
2.99152
2.77535
2.90564
2.96533
2.93353
2.76302
2.92831
2.93796
2.83877
2.73736
2.96811
2.9657
2.95407
2.94906
2.79443
2.84433
2.9881
2.64849
2.99814
2.93487
2.78347
2.92279
2.87445
2.83026
2.92846
2.98453
2.76913
2.96417
2.81396
2.74908
2.98178
2.62535
2.91449
2.96237
2.66085
2.91925
2.72933
2.73125
2.94333
2.94989
2.92022
2.67052
2.53761
2.95779
2.84152
2.92428
2.96255
2.90905
2.9277
2.88058
2.92105
2.87408
2.84426
2.99878
2.95202
2.7868
2.79275
2.96841
2.85507
2.90283
2.98224
2.82916
2.88519
2.75906
2.9859
2.9505
2.60378
2.93353
2.86932
2.92401
2.92904
2.85943
2.86648
2.74306
2.92343
2.97488
2.98032
2.96704
2.98697
2.79806
2.70547
2.96097
2.96811
2.87127
2.86752
2.76141
2.70754
2.98056
2.85244
2.96652
2.803
2.75582
2.86221
2.74346
2.99359
2.76739
2.98267
2.98132
2.79025
2.9657
2.88641
2.97845
2.87976
2.90887
2.7503
2.98157
2.8778
2.80984
2.88644
2.87378
2.88412
2.82614
2.87582
2.93304
2.95801
2.9776
2.89367
2.9805
2.96454
2.96075
2.90442
2.77258
2.92694
2.80602
2.89047
2.87301
2.76629
2.83743
2.64455
2.95599
2.79318
2.60921
2.97192
2.94351
2.87255
2.96341
2.85961
2.95245
2.90371
2.93841
2.90518
2.72103
2.66805
2.67754
2.94244
2.99005
2.76006
2.94162
2.97568
2.98218
2.95355
2.90207
2.91494
2.93533
2.90207
2.80105
2.86862
2.98779
2.89914
2.98245
2.86621
2.98328
2.94775
2.91739
2.93805
2.94644
2.87548
2.90719
2.99881
2.99344
2.95477
2.76608
2.97998
2.93463
2.99924
2.83584
2.83975
2.99484
2.96609
2.54213
2.96222
2.87985
2.95972
2.96243
2.93426
2.86901
2.92941
2.85394
2.59004
2.87948
2.95718
2.99692
2.67165
2.90518
2.77578
2.94687
2.91629
2.64315
2.90649
2.82141
2.96286
2.90738
2.8413
2.90402
2.93075
2.76339
2.72317
2.99728
2.978
2.92376
2.95132
2.95773
2.9667
2.96115
2.95453
2.73431
2.90445
2.98486
2.88217
2.83865
2.92291
2.86633
2.90866
2.99625
2.79458
2.82275
2.88873
2.82727
2.82586
2.88168
2.89376
2.94879
2.97382
2.96243
2.92868
2.68447
2.85723
2.84832
2.89267
2.74047
2.82226
2.9693
2.8941
2.755
2.81872
2.81668
2.98428
2.95587
2.99765
2.80081
2.86398
2.85827
2.98737
2.92315
2.76772
2.87869
2.71911
2.97864
2.86294
2.76418
2.79037
2.92062
2.72481
2.93069
2.78997
2.99115
2.97909
2.96158
2.77725
2.93667
2.91568
2.90936
2.73974
2.91913
2.99789
2.77731
2.75237
2.37815
2.99173
2.9917
2.99826
2.84045
2.9931
2.97815
2.99722
2.62041
2.99011
2.96448
2.96741
2.93765
2.71657
2.86807
2.867
2.70403
2.81378
2.93265
2.71285
2.95614
2.9693
2.95865
2.92764
2.92325
2.64876
2.96252
2.94299
2.94131
2.86148
2.98492
2.87561
2.961
2.8627
2.95679
2.96747
2.98245
2.94794
2.94543
2.9397
2.99713
2.93927
2.87411
2.99374
2.89877
2.97601
2.85867
2.96265
2.96112
2.86245
2.65349
2.95233
2.97809
2.97717
2.70815
2.98459
2.88208
2.76504
2.98352
2.61129
2.98563
2.99374
2.62911
2.91992
2.81579
2.81448
2.70888
2.98163
2.86221
2.96091
2.94131
2.99405
2.5818
2.89184
2.7878
2.75076
2.82974
2.96533
2.89319
2.99127
2.79937
2.55663
2.80468
2.9165
2.95282
2.94891
2.68993
2.95614
2.96121
2.86294
2.92126
2.90802
2.96771
2.99515
2.99835
2.77682
2.97293
2.9761
2.75405
2.74432
2.94119
2.93136
2.69906
2.59563
2.97577
2.9812
2.87277
2.72219
2.89831
2.91153
2.83749
2.96451
2.9295
2.42378
2.83303
2.9346
2.93475
2.88534
2.91461
2.84454
2.93951
2.98886
2.78539
2.88153
2.95892
2.98132
2.83792
2.99512
2.91507
2.98569
2.87854
2.82214
2.95639
2.8446
2.91397
2.70434
2.90854
2.85192
2.99866
2.94073
2.96271
2.72576
2.78622
2.98953
2.99728
2.94772
2.94543
2.92865
2.98392
2.639
2.96652
2.9382
2.85202
2.96426
2.8793
2.73461
2.93872
2.86752
2.99185
2.74728
2.77044
2.94937
2.93316
2.8934
2.9491
2.8225
2.98218
2.87362
2.92605
2.97729
2.94385
2.85479
2.66347
2.73379
2.99234
2.96216
2.91995
2.84063
2.92599
2.94427
2.88504
2.99149
2.95791
2.76989
2.79815
2.99069
2.99326
2.99643
2.96283
2.8482
2.9154
2.92029
2.82992
2.82009
2.92505
2.859
2.9144
2.69271
2.87197
2.87298
2.85549
2.82156
2.86566
2.93103
2.97794
2.87518
2.96893
2.97458
2.86258
2.96069
2.98199
2.89065
2.88955
2.61058
2.95477
2.97192
2.88937
2.43303
2.88308
2.98083
2.89972
2.94348
2.9827
2.94662
2.86648
2.99252
2.99316
2.91604
2.84356
2.82116
2.85134
2.9982
2.84204
2.69301
2.931
2.53661
2.98975
2.98788
2.73537
2.97516
2.77789
2.92392
2.96356
2.77248
2.84674
2.80728
2.77477
2.77535
2.95679
2.79
2.92459
2.91183
2.83697
2.90719
2.74136
2.94766
2.87347
2.87875
2.92361
2.90991
2.89026
2.98187
2.98773
2.98007
2.93088
2.71184
2.96231
2.97803
2.99985
2.90542
2.68816
2.63939
2.73434
2.95303
2.92132
2.88931
2.74703
2.674
2.97604
2.88177
2.93545
2.95306
2.84851
2.88925
2.6354
2.92615
2.99469
2.82275
2.94925
2.99405
2.75072
2.95569
2.66399
2.81375
2.83651
2.81722
2.94745
2.944
2.88971
2.84732
2.85092
2.99774
2.86187
2.88153
2.73843
2.76482
2.8985
2.50352
2.93777
2.84475
2.85018
2.87548
2.86407
2.97504
2.72027
2.92947
2.94952
2.7496
2.84841
2.9856
2.71319
2.77233
2.68578
2.94543
2.93246
2.95361
2.91858
2.94705
2.86389
2.99716
2.97229
2.90387
2.77328
2.79696
2.89373
2.92492
2.92972
2.72692
2.7365
2.91186
2.97751
2.86401
2.59636
2.893
2.69295
2.9935
2.99905
2.91287
2.38108
2.98587
2.90167
2.95911
2.99625
2.57262
2.83432
2.99554
2.91574
2.88327
2.81732
2.71621
2.88748
2.99509
2.9407
2.91299
2.88968
2.88961
2.67531
2.8572
2.8703
2.98947
2.89767
2.96173
2.99579
2.93414
2.83261
2.9729
2.68389
2.91974
2.99335
2.97632
2.90912
2.68099
2.81521
2.83291
2.99747
2.85427
2.77364
2.99744
2.97748
2.86337
2.99997
2.89303
2.90088
2.82403
2.94214
2.74276
2.97473
2.71203
2.8388
2.9758
2.6223
2.98444
2.96075
2.98871
2.90478
2.86679
2.87243
2.83465
2.97711
2.91034
2.90344
2.97696
2.97302
2.67797
2.72399
2.81832
2.91995
2.92425
2.85812
2.99805
2.87393
2.91888
2.96918
2.83264
2.96823
2.96976
2.71612
2.98975
2.97772
2.93786
2.98334
2.94348
2.95248
2.77584
2.89779
2.97049
2.69018
2.8822
2.90234
2.92334
2.98047
2.85015
2.94165
2.85742
2.94998
2.95202
2.83969
2.72167
2.92788
2.95062
2.98486
2.96887
2.97327
2.966
2.93808
2.79916
2.73183
2.72411
2.71871
2.93255
2.76412
2.76458
2.71963
2.82763
2.87777
2.98096
2.76583
2.71398
2.79012
2.93994
2.9075
2.95578
2.9855
2.98022
2.97684
2.9603
2.92953
2.93423
2.95569
2.89645
2.96811
2.91937
2.83267
2.97821
2.83432
2.98599
2.96216
2.94928
2.93219
2.8012
2.93423
2.88757
2.79717
2.92294
2.75314
2.98865
2.85961
2.89398
2.86184
2.84088
2.94507
2.73678
2.77752
2.71929
2.80447
2.8753
2.91641
2.69762
2.99719
2.94296
2.99713
2.69082
2.95779
2.93072
2.80349
2.81286
2.79046
2.90405
2.79055
2.98206
2.9787
2.48512
2.85372
2.94351
2.93835
2.99503
2.94266
2.82406
2.83648
2.96533
2.82073
2.68847
2.72246
2.87442
2.93274
2.92889
2.88891
2.93399
2.66442
2.89496
2.81811
2.98709
2.72543
2.65587
2.89523
2.6014
2.9479
2.98462
2.92138
2.9747
2.68007
2.9722
2.86718
2.94299
2.897
2.99167
2.99252
2.94613
2.88897
2.83129
2.85913
2.80041
2.83993
2.92062
2.90963
2.59285
2.58269
2.64141
2.84085
2.52193
2.94363
2.92975
2.93646
2.96289
2.89364
2.93466
2.95703
2.95404
2.98898
2.67275
2.89038
2.7543
2.92343
2.96081
2.8732
2.75463
2.95303
2.80419
2.89947
2.93023
2.74386
2.89386
2.78451
2.84967
2.97897
2.89944
2.97702
2.95187
2.89279
2.83569
2.99255
2.85681
2.99023
2.57073
2.85733
2.90967
2.86157
2.98901
2.9624
2.93866
2.99304
2.96829
2.98257
2.94641
2.9028
2.991
2.7456
2.85281
2.74499
2.9765
2.93323
2.92764
2.92621
2.9512
2.8637
2.99384
2.99576
2.96725
2.84582
2.95587
2.99265
2.99088
2.86944
2.97473
2.82965
2.76507
2.99261
2.92196
2.88903
2.89111
2.9125
2.9982
2.69756
2.66756
2.95669
2.92022
2.94378
2.80605
2.84985
2.76037
2.87173
2.92624
2.63527
2.86587
2.81057
2.99014
2.97201
2.92941
2.98065
2.89193
2.97198
2.90088
2.73373
2.78603
2.71667
2.99103
2.80215
2.86383
2.98923
2.99786
2.9443
2.90683
2.86117
2.92694
2.98059
2.99539
2.98096
2.7224
2.8883
2.87524
2.98721
2.91726
2.70589
2.96796
2.66634
2.98535
2.83193
2.91418
2.8652
2.92254
2.74465
2.623
2.98544
2.7326
2.69176
2.79611
2.97824
2.93884
2.98148
2.98883
2.90799
2.96658
2.884
2.97043
2.88595
2.93912
2.96237
2.86416
2.9172
2.82382
2.87384
2.99878
2.86236
2.68944
2.77941
2.81011
2.90841
2.85073
2.97516
2.99988
2.97287
2.93735
2.82888
2.90396
2.89767
2.85308
2.90722
2.99069
2.94382
2.93606
2.68416
2.94357
2.87588
2.9729
2.99304
2.83441
2.97183
2.95025
2.74212
2.71838
2.65993
2.86132
2.9057
2.92227
2.71627
2.9675
2.96451
2.85409
2.71947
2.93481
2.88638
2.86493
2.82821
2.94043
2.95614
2.9487
2.97247
2.84948
2.88635
2.75445
2.91775
2.70315
2.81735
2.99704
2.81234
2.97037
2.87103
2.89499
2.96585
2.95202
2.93731
2.91501
2.96179
2.84899
2.90197
2.99112
2.92318
2.88467
2.98651
2.99728
2.91458
2.99686
2.92428
2.88061
2.92877
2.98379
2.83627
2.97967
2.84338
2.99338
2.84179
2.52886
2.96774
2.98932
2.71841
2.93512
2.92898
2.79647
2.78536
2.93878
2.93966
2.77276
2.92581
2.98035
2.65831
2.92538
2.84887
2.93793
2.96799
2.79089
2.4756
2.97501
2.91321
2.78628
2.84414
2.86367
2.2317
2.888
2.82919
2.92511
2.96365
2.96335
2.9125
2.92923
2.88907
2.59053
2.97085
2.81802
2.93002
2.85952
2.92874
2.86706
2.90847
2.92563
2.89444
2.93335
2.81491
2.80712
2.8829
2.8714
2.97449
2.72637
2.70946
2.95013
2.85943
2.98999
2.95602
2.98209
2.98062
2.97485
2.9628
2.80099
2.80233
2.87335
2.85882
2.99054
2.84411
2.92627
2.98267
2.51637
2.86819
2.28751
2.8272
2.93078
2.99539
2.8178
2.71981
2.93503
2.89242
2.76852
2.92184
2.99683
2.9769
2.70745
2.98404
2.87844
2.92343
2.97775
2.91046
2.99326
2.87924
2.92148
2.99976
2.89157
2.83175
2.91427
2.99445
2.85003
2.94919
2.99814
2.83877
2.56621
2.77123
2.72613
2.95978
2.85482
2.88479
2.88256
2.60701
2.9722
2.98413
2.83151
2.656
2.76424
2.66195
2.88818
2.8797
2.91024
2.98502
2.75542
2.81951
2.95642
2.97906
2.99918
2.70437
2.91336
2.94827
2.77688
2.90466
2.9032
2.85104
2.89196
2.57598
2.90399
2.98764
2.87829
2.89386
2.98795
2.93957
2.70519
2.94906
2.79928
2.84796
2.832
2.89752
2.84103
2.9386
2.90799
2.79449
2.92465
2.90143
2.94946
2.82144
2.87643
2.73757
2.96527
2.58675
2.84637
2.93435
2.88488
2.9986
2.93167
2.89862
2.84011
2.8164
2.95059
2.77367
2.87411
2.84194
2.73586
2.91165
2.99738
2.89969
2.93616
2.87283
2.89602
2.74422
2.75527
2.85144
2.75448
2.9238
2.95209
2.95981
2.92718
2.9968
2.74728
2.93002
2.98053
2.99695
2.98288
2.96588
2.98657
2.8609
2.94192
2.94049
2.98523
2.63753
2.87103
2.99466
2.88327
2.84112
2.88751
2.98367
2.94217
2.75887
2.8244
2.6549
2.95331
2.82009
2.64342
2.86398
2.99866
2.89596
2.99023
2.97754
2.88388
2.87844
2.86792
2.80663
2.69069
2.99005
2.93216
2.8558
2.97989
2.97858
2.83261
2.95727
2.84347
2.98123
2.85348
2.95499
2.91415
2.96524
2.90847
2.95422
2.69597
2.97931
2.88968
2.96982
2.9415
2.9823
2.7839
2.80935
2.98279
2.92401
2.89987
2.98624
2.97012
2.9848
2.98383
2.86364
2.91263
2.87115
2.90298
2.95907
2.86322
2.98151
2.80264
2.77273
2.94479
2.9219
2.79363
2.97351
2.88156
2.99322
2.78326
2.95907
2.61675
2.96304
2.70052
2.90652
2.97949
2.78271
2.98727
2.99414
2.86734
2.80645
2.89145
2.8623
2.96393
2.89535
2.84222
2.98444
2.97253
2.98083
2.94555
2.81033
2.99713
2.8461
2.92068
2.8844
2.91482
2.88644
2.89398
2.50294
2.99744
2.87078
2.83947
2.67116
2.96084
2.93506
2.99991
2.94571
2.98331
2.83862
2.82632
2.88552
2.97617
2.96377
2.92151
2.9903
2.80123
2.90152
2.80621
2.97006
2.84863
2.94229
2.45988
2.9104
2.83663
2.83792
2.58434
2.98273
2.97494
2.80291
2.83782
2.95819
2.7702
2.92105
2.73675
2.89331
2.90197
2.83734
2.86599
2.8536
2.66555
2.9606
2.87921
2.99536
2.93411
2.88629
2.77184
2.97864
2.74587
2.83621
2.92871
2.84402
2.8442
2.96609
2.83581
2.87762
2.96793
2.9339
2.8113
2.90298
2.79778
2.88418
2.86953
2.95785
2.63469
2.62255
2.88449
2.89978
2.93631
2.97089
2.79885
2.97143
2.91284
2.82595
2.88702
2.84082
2.81408
2.90017
2.85931
2.91958
2.61776
2.83328
2.84683
2.94937
2.64177
2.90103
2.94958
2.99677
2.84683
2.87603
2.3401
2.83605
2.95224
2.92822
2.98267
2.96478
2.96115
2.86029
2.86721
2.90374
2.98514
2.91336
2.80639
2.97021
2.89428
2.90802
2.98508
2.9888
2.98828
2.98117
2.67379
2.64876
2.9523
2.94015
2.79269
2.62597
2.85824
2.9006
2.94021
2.73284
2.6982
2.87677
2.98883
2.88369
2.82293
2.85888
2.98193
2.91223
2.87851
2.93142
2.95758
2.73446
2.87692
2.85989
2.76089
2.80007
2.89673
2.77175
2.93521
2.93728
2.94235
2.59139
2.71093
2.96689
2.99918
2.71255
2.92367
2.61779
2.73577
2.99475
2.71981
2.96893
2.95025
2.91528
2.84365
2.65413
2.93561
2.99274
2.97296
2.99332
2.91
2.95059
2.87738
2.88894
2.9946
2.94736
2.83956
2.91821
2.91531
2.77892
2.72457
2.93121
2.98099
2.74548
2.97803
2.83843
2.90997
2.83386
2.95639
2.95303
2.83831
2.95706
2.93521
2.56624
2.89123
2.74715
2.88421
2.93612
2.93753
2.50316
2.88891
2.84469
2.9494
2.97476
2.93506
2.92489
2.99374
2.86453
2.80496
2.9895
2.91409
2.99463
2.93393
2.92199
2.97409
2.98788
2.82891
2.97989
2.92495
2.77206
2.82543
2.78863
2.86099
2.90905
2.98874
2.82974
2.68938
2.99771
2.95819
2.91223
2.89697
2.91433
2.96002
2.88101
2.82583
2.82577
2.96838
2.95907
2.98407
2.94479
2.96558
2.86755
2.80401
2.68743
2.97977
2.97397
2.92416
2.99484
2.95474
2.9393
2.95532
2.88287
2.9472
2.77364
2.94162
2.91327
2.82452
2.87985
2.95956
2.96088
2.78011
2.96054
2.77731
2.86917
2.96225
2.95447
2.99396
2.92883
2.99695
2.91586
2.79412
2.88324
2.99869
2.98444
2.98932
2.9895
2.96402
2.9704
2.67522
2.72701
2.96231
2.97125
2.70876
2.92581
2.56676
2.88855
2.90432
2.88403
2.84387
2.93927
2.92993
2.93344
2.75906
2.94562
2.95816
2.98917
2.97653
2.68462
2.96826
2.96884
2.79925
2.95209
2.89923
2.9711
2.78326
2.95651
2.97006
2.9259
2.9097
2.58824
2.7246
2.94534
2.99399
2.94324
2.84201
2.88775
2.4984
2.97543
2.79275
2.85394
2.88897
2.88482
2.8793
2.73907
2.97186
2.8999
2.8233
2.86993
2.75802
2.95215
2.95898
2.93573
2.89517
2.65929
2.87063
2.84396
2.99838
2.85989
2.98209
2.91742
2.78481
2.90207
2.85717
2.92846
2.99631
2.99942
2.96619
2.89578
2.94433
2.90921
2.8236
2.92511
2.94745
2.75234
2.95874
2.65807
2.6946
2.92798
2.72243
2.9696
2.86734
2.86718
2.76742
2.83541
2.87259
2.75619
2.89648
2.66094
2.97519
2.98132
2.58754
2.98453
2.90503
2.83343
2.98068
2.85778
2.55394
2.89663
2.45311
2.92911
2.87967
2.83959
2.8695
2.80532
2.49596
2.94311
2.98975
2.77758
2.83993
2.88791
2.93457
2.74847
2.92865
2.93808
2.96484
2.80715
2.99765
2.88653
2.98865
2.89358
2.85208
2.90329
2.96854
2.99756
2.8208
2.9223
2.95965
2.96893
2.91937
2.95419
2.98294
2.7478
2.77548
2.97842
2.70974
2.96841
2.9209
2.95367
2.75222
2.79205
2.93149
2.88232
2.97324
2.93777
2.84179
2.79748
2.79644
2.88952
2.90002
2.96786
2.85113
2.94498
2.98883
2.79345
2.99109
2.95416
2.97919
2.80523
2.84347
2.96695
2.98654
2.99481
2.99872
2.87594
2.96536
2.97736
2.90304
2.90075
2.64937
2.80706
2.83316
2.7582
2.87603
2.95853
2.93634
2.98923
2.92746
2.94903
2.56212
2.68834
2.63536
2.97281
2.92895
2.90243
2.93744
2.98505
2.90939
2.98761
2.90674
2.79867
2.92105
2.97562
2.9256
2.74624
2.97516
2.94906
2.96072
2.93377
2.85989
2.97372
2.94229
2.76199
2.86389
2.50853
2.89547
2.95819
2.81576
2.80557
2.97519
2.96359
2.85726
2.54982
2.86834
2.97143
2.93277
2.84054
2.95245
2.95044
2.76745
2.73794
2.6968
2.8124
2.92111
2.96344
2.92117
2.79492
2.8891
2.9321
2.76733
2.69579
2.97931
2.98773
2.99213
2.84942
2.98239
2.82257
2.98505
2.9096
2.96487
2.9816
2.9487
2.87371
2.82226
2.91592
2.61092
2.79238
2.51112
2.96442
2.95914
2.94378
2.94653
2.9331
2.98083
2.84561
2.92248
2.9754
2.98801
2.98206
2.94913
2.84951
2.77789
2.9667
2.5992
2.9505
2.86175
2.91552
2.90564
2.79772
2.90262
2.75777
2.89868
2.91443
2.73495
2.88818
2.98614
2.99536
2.81927
2.72451
2.95099
2.92557
2.93307
2.96545
2.94989
2.98209
2.91842
2.96945
2.71697
2.94028
2.84982
2.95859
2.99652
2.88516
2.84616
2.99622
2.85595
2.89706
2.63497
2.97134
2.98605
2.87207
2.90945
2.992
2.94864
2.86544
2.78188
2.88058
2.83465
2.991
2.97961
2.95672
2.88842
2.93399
2.85949
2.89297
2.94989
2.86175
2.99582
2.95279
2.8525
2.89361
2.95926
2.97113
2.98184
2.99829
2.9744
2.94284
2.58608
2.9765
2.91842
2.94766
2.98199
2.88961
2.99261
2.89254
2.98724
2.90594
2.44163
2.90564
2.81326
2.93655
2.94552
2.75826
2.76565
2.94971
2.93933
2.78387
2.91726
2.9996
2.91336
2.88403
2.80081
2.92837
2.92904
2.95032
2.97262
2.7944
2.82025
2.95764
2.9603
2.85977
2.859
2.95468
2.96109
2.76196
2.7586
2.56615
2.88794
2.93722
2.98688
2.87158
2.93789
2.68606
2.79827
2.93793
2.68493
2.87439
2.94864
2.99475
2.78097
2.91656
2.91931
2.85171
2.71352
2.91873
2.95019
2.85656
2.91726
2.88659
2.77526
2.93197
2.9841
2.95145
2.78845
2.84268
2.99484
2.95102
2.91531
2.85476
2.89438
2.92413
2.7785
2.88504
2.90817
2.92889
2.95413
2.95465
2.87017
2.91958
2.83114
2.95672
2.96182
2.93387
2.72066
2.34446
2.94894
2.97476
2.97357
2.87201
2.92084
2.90057
2.89944
2.89395
2.56157
2.76565
2.96246
2.81634
2.71334
2.96054
2.84503
2.87085
2.74041
2.99368
2.96783
2.936
2.88202
2.94839
2.71514
2.89767
2.90478
2.94378
2.82305
2.91073
2.96542
2.87457
2.91226
2.95175
2.72558
2.95889
2.99667
2.75857
2.87069
2.9075
2.65993
2.79067
2.88604
2.95697
2.83877
2.94552
2.84713
2.97851
2.79675
2.99527
2.95584
2.7224
2.9053
2.60268
2.66317
2.88513
2.98227
2.8818
2.86627
2.95856
2.83557
2.97232
2.77337
2.99802
2.87667
2.87484
2.96106
2.97678
2.97586
2.76235
2.78393
2.98517
2.83993
2.95785
2.81802
2.95972
2.73943
2.94415
2.85052
2.5226
2.68383
2.95441
2.93326
2.5114
2.66991
2.97049
2.87326
2.99377
2.95227
2.9935
2.86538
2.85516
2.94183
2.86706
2.96722
2.93286
2.82977
2.8359
2.79131
2.90478
2.9425
2.99258
2.7607
2.93658
2.77529
2.9461
2.77337
2.89187
2.9444
2.90591
2.65172
2.60094
2.9306
2.94293
2.99008
2.85214
2.94592
2.72005
2.901
2.83963
2.89331
2.92041
2.96475
2.74151
2.93295
2.68377
2.98209
2.8749
2.84954
2.9635
2.98932
2.86648
2.94562
2.92059
2.9809
2.84927
2.98364
2.97198
2.8518
2.71688
2.97595
2.98227
2.82452
2.97775
2.83526
2.99377
2.95901
2.95743
2.89718
2.94296
2.86218
2.79904
2.71374
2.82687
2.74514
2.94446
2.98819
2.70989
2.9718
2.90069
2.97406
2.94937
2.99075
2.94293
2.97906
2.83221
2.97601
2.96805
2.96686
2.86138
2.82833
2.94626
2.92456
2.9809
2.95453
2.81729
2.99124
2.95733
2.83251
2.93637
2.78106
2.96539
2.86544
2.92694
2.74468
2.52245
2.92157
2.96127
2.66375
2.99265
2.78912
2.57311
2.83798
2.9592
2.6017
2.97302
2.70537
2.9306
2.89459
2.98752
2.88498
2.66161
2.8414
2.86163
2.83895
2.77966
2.94958
2.98795
2.88336
2.91412
2.9024
2.9649
2.96612
2.95242
2.95022
2.97076
2.96396
2.95834
2.94055
2.94128
2.99988
2.99527
2.69601
2.69906
2.98337
2.96606
2.82797
2.9241
2.80749
2.96042
2.87039
2.85287
2.82168
2.86978
2.9516
2.80844
2.96185
2.96487
2.74517
2.65175
2.89297
2.96695
2.70983
2.70663
2.70852
2.77871
2.96463
2.97827
2.96338
2.9436
2.8724
2.96283
2.88891
2.89215
2.92712
2.81417
2.94501
2.97488
2.8189
2.96509
2.84094
2.86523
2.97617
2.89618
2.96271
2.98834
2.85382
2.94339
2.9003
2.79077
2.99875
2.59819
2.9957
2.47038
2.7011
2.82211
2.66021
2.97433
2.99982
2.99234
2.99625
2.97531
2.9324
2.98618
2.95016
2.98727
2.93454
2.97189
2.91772
2.57869
2.905
2.74139
2.96811
2.86218
2.82519
2.74581
2.92514
2.97446
2.61632
2.9082
2.9874
2.91287
2.85531
2.91452
2.99756
2.85095
2.96866
2.9068
2.52971
2.8395
2.97794
2.87252
2.90124
2.95276
2.88629
2.93298
2.76296
2.95233
2.90536
2.93426
2.67037
2.84667
2.80627
2.97909
2.98373
2.89605
2.89059
2.73403
2.77831
2.72198
2.98999
2.74111
2.95599
2.94971
2.93738
2.88903
2.98889
2.9285
2.93258
2.88287
2.64852
2.83483
2.87698
2.78607
2.98767
2.80871
2.87875
2.97436
2.9718
2.92685
2.85205
2.79769
2.88003
2.79577
2.99008
2.87429
2.89465
2.86215
2.84307
2.99185
2.87738
2.62471
2.95044
2.96139
2.90411
2.66268
2.87075
2.98511
2.76687
2.62822
2.98151
2.60399
2.83792
2.98419
2.96304
2.95077
2.7011
2.88366
2.82589
2.88888
2.871
2.93539
2.50633
2.9096
2.97913
2.85894
2.64345
2.78723
2.78805
2.89883
2.68972
2.97519
2.99145
2.8742
2.8974
2.97424
2.914
2.72582
2.9093
2.99326
2.95355
2.67589
2.8345
2.55394
2.90591
2.86319
2.99026
2.77343
2.90704
2.73189
2.97366
2.91968
2.9642
2.93384
2.79254
2.9949
2.93057
2.97861
2.98959
2.97473
2.85006
2.99207
2.9285
2.99234
2.92303
2.91931
2.79803
2.9154
2.83572
2.96594
2.84765
2.52351
2.94537
2.93231
2.72079
2.99298
2.98697
2.95083
2.99591
2.90982
2.93469
2.89285
2.79595
2.93725
2.94861
2.7138
2.90402
2.42805
2.9527
2.87436
2.8478
2.75896
2.92148
2.78082
2.92505
2.67153
2.83026
2.97916
2.78567
2.90289
2.9444
2.8056
2.74017
2.69109
2.94778
2.75124
2.93945
2.93457
2.74154
2.64696
2.97568
2.93912
2.94629
2.97668
2.87042
2.82208
2.88644
2.78994
2.98166
2.64931
2.81268
2.97018
2.97531
2.92962
2.70425
2.88165
2.65651
2.72887
2.80789
2.9834
2.94348
2.95746
2.77645
2.97366
2.89477
2.89517
2.9252
2.88546
2.84027
2.88479
2.8843
2.90484
2.99704
2.98602
2.93304
2.82339
2.91034
2.76754
2.97266
2.98419
2.94968
2.75579
2.57509
2.9563
2.86236
2.96448
2.90838
2.91336
2.98071
2.9498
2.93622
2.9501
2.72015
2.89627
2.90674
2.99094
2.92895
2.99533
2.98679
2.76553
2.88397
2.74279
2.77505
2.70669
2.87338
2.91449
2.82333
2.90219
2.74609
2.82406
2.76696
2.91153
2.93176
2.95761
2.88076
2.92273
2.94681
2.96838
2.94977
2.75173
2.98105
2.7893
2.99191
2.99234
2.77215
2.9906
2.66405
2.94626
2.95706
2.97574
2.88424
2.91702
2.99384
2.62459
2.9783
2.9816
2.96118
2.98764
2.96609
2.97046
2.97626
2.88711
2.978
2.84552
2.76012
2.98691
2.83401
2.80062
2.8273
2.73952
2.91269
2.89993
2.9292
2.94693
2.97476
2.95007
2.72005
2.69735
2.87054
2.67135
2.98383
2.87487
2.86258
2.98273
2.75777
2.8858
2.82434
2.98187
2.94931
2.88693
2.97369
2.98975
2.96252
2.68767
2.95273
2.92624
2.8746
2.97128
2.80105
2.93454
2.91906
2.94803
2.97562
2.99756
2.82534
2.6231
2.96423
2.99011
2.84759
2.94662
2.92532
2.66301
2.67055
2.96127
2.90289
2.99402
2.95828
2.99197
2.94037
2.84872
2.79073
2.87658
2.99997
2.87164
2.81445
2.84509
2.90646
2.98273
2.90097
2.87082
2.99734
2.83435
2.75439
2.99136
2.9389
2.73565
2.59239
2.93884
2.91049
2.96771
2.92535
2.77392
2.95865
2.94253
2.92752
2.88842
2.98254
2.8258
2.97851
2.77639
2.62597
2.97626
2.98602
2.93033
2.92975
2.99197
2.84597
2.97125
2.96017
2.62612
2.87301
2.96774
2.83618
2.59758
2.82873
2.97027
2.98184
2.81652
2.91018
2.93323
2.91638
2.90808
2.94665
2.83837
2.78487
2.98761
2.90692
2.8807
2.9209
2.91357
2.91528
2.95257
2.70544
2.75811
2.88299
2.94168
2.9892
2.85934
2.85623
2.87768
2.99411
2.83761
2.77477
2.83489
2.81603
2.89093
2.93356
2.86932
2.94449
2.93213
2.91202
2.59987
2.76617
2.97772
2.99173
2.98636
2.77981
2.72921
2.9729
2.93823
2.8211
2.99237
2.54317
2.68465
2.95761
2.86636
2.92279
2.96487
2.81787
2.88351
2.9302
2.99225
2.96612
2.72436
2.94766
2.73852
2.81469
2.99133
2.98242
2.97397
2.97562
2.96069
2.63753
2.97079
2.95587
2.72903
2.86975
2.73608
2.94494
2.80651
2.97555
2.94986
2.9086
2.96219
2.84829
2.62899
2.49614
2.87182
2.92084
2.92785
2.97882
2.94308
2.91714
2.9386
2.94354
2.837
2.99435
2.9697
2.99292
2.95846
2.96274
2.9386
2.83807
2.96261
2.96582
2.90954
2.89123
2.81915
2.98572
2.95926
2.98239
2.88134
2.81539
2.9993
2.89352
2.97269
2.62032
2.37916
2.71996
2.80978
2.97986
2.81225
2.79116
2.94525
2.95672
2.73843
2.90539
2.94519
2.94021
2.97034
2.92602
2.79345
2.99683
2.8189
2.77743
2.95364
2.87844
2.81774
2.94003
2.90616
2.91024
2.75253
2.88614
2.63338
2.99429
2.8508
2.91284
2.99561
2.81747
2.90347
2.92306
2.99405
2.98611
2.92538
2.86483
2.88733
2.96646
2.81841
2.7513
2.80563
2.97775
2.95636
2.76113
2.98474
2.68371
2.99466
2.94775
2.8348
2.73907
2.8999
2.79168
2.9642
2.9826
2.62435
2.9808
2.76235
2.59859
2.97397
2.99509
2.92361
2.99692
2.72454
2.97153
2.86813
2.9559
2.94803
2.93976
2.63778
2.79858
2.99521
2.9548
2.72716
2.86178
2.91589
2.88977
2.7311
2.65569
2.96188
2.9863
2.86862
2.90179
2.98938
2.9125
2.8012
2.87103
2.96826
2.96582
2.97409
2.91144
2.98962
2.83212
2.97656
2.8305
2.99576
2.9527
2.88675
2.98328
2.95041
2.69903
2.99304
2.75115
2.92431
2.93783
2.979
2.91668
2.89468
2.92318
2.91842
2.97366
2.77816
2.95459
2.85171
2.91299
2.97183
2.77645
2.97415
2.6736
2.99603
2.88076
2.96899
2.63463
2.96585
2.70904
2.89087
2.96316
2.99969
2.87658
2.83297
2.96478
2.89645
2.95459
2.8374
2.93054
2.86468
2.9212
2.9071
2.85516
2.81256
2.90274
2.85498
2.77358
2.52348
2.99805
2.96857
2.93979
2.81655
2.64818
2.92868
2.87686
2.77554
2.74734
2.98071
2.91986
2.94015
2.93139
2.85192
2.98975
2.59856
2.86422
2.94693
2.97977
2.83499
2.9845
2.58562
2.90451
2.90265
2.9776
2.41246
2.88858
2.80758
2.89795
2.93411
2.92483
2.86459
2.97217
2.72146
2.99814
2.99152
2.87881
2.84924
2.95404
2.97534
2.91052
2.76
2.88589
2.92508
2.9841
2.88577
2.92599
2.96838
2.79211
2.98227
2.98505
2.80389
2.94803
2.99829
2.92892
2.8753
2.87432
2.97931
2.70882
2.93286
2.9935
2.99948
2.84664
2.89685
2.906
2.98666
2.90515
2.88736
2.9303
2.90915
2.91824
2.86715
2.9259
2.85977
2.89053
2.95074
2.8717
2.92337
2.9031
2.7857
2.94107
2.80416
2.98962
2.87497
2.95984
2.85617
2.81381
2.84658
2.85891
2.76672
2.73907
2.9805
2.87317
2.85601
2.95822
2.94586
2.86837
2.95495
2.84295
2.97076
2.99661
2.94406
2.77151
2.84994
2.91693
2.94897
2.99527
2.92004
2.98602
2.95285
2.98959
2.97293
2.84353
2.82159
2.91559
2.99438
2.87558
2.96493
2.76275
2.97491
2.8464
2.78204
2.67757
2.98807
2.9968
2.94732
2.87136
2.87707
2.87445
2.96203
2.88882
2.85473
2.92996
2.96103
2.79574
2.92416
2.87945
2.86203
2.86825
2.99716
2.94037
2.92065
2.80679
2.99545
2.98135
2.85772
2.90808
2.97839
2.73363
2.99377
2.9194
2.97162
2.99536
2.77078
2.81997
2.94632
2.99503
2.96173
2.83706
2.99274
2.9208
2.97415
2.95224
2.90097
2.76214
2.82952
2.91726
2.94263
2.83489
2.72253
2.96338
2.92489
2.9617
2.8262
2.93426
2.97839
2.73638
2.96088
2.89605
2.95654
2.91882
2.81585
2.89969
2.97027
2.75903
2.93442
2.95035
2.92196
2.97909
2.78115
2.66976
2.66747
2.73586
2.99738
2.96829
2.99408
2.90289
2.83023
2.88675
2.87097
2.85751
2.97961
2.92856
2.87048
2.73391
2.99188
2.95248
2.96814
2.85366
2.99115
2.7402
2.93582
2.84149
2.92282
2.99127
2.98834
2.88379
2.98737
2.80978
2.9606
2.67125
2.97101
2.8847
2.97934
2.93558
2.73247
2.85665
2.99069
2.93939
2.96481
2.84887
2.87924
2.80389
2.7889
2.98776
2.78811
2.96567
2.98321
2.99658
2.98239
2.71325
2.88253
2.94498
2.91745
2.90805
2.89203
2.60216
2.87503
2.93783
2.44386
2.82546
2.88989
2.8583
2.97479
2.98746
2.92892
2.76614
2.92853
2.92633
2.87796
2.80197
2.88788
2.9273
2.85913
2.88055
2.87686
2.77078
2.93225
2.71746
2.8684
2.72109
2.9624
2.83847
2.85992
2.99905
2.99686
2.89431
2.96963
2.99091
2.85214
2.96985
2.77041
2.92016
2.97461
2.90561
2.9657
2.95157
2.77367
2.98444
2.96426
2.9523
2.99057
2.94833
2.88482
2.75408
2.98782
2.92715
2.99048
2.9509
2.93887
2.82934
2.95306
2.90262
2.86123
2.87176
2.96158
2.99234
2.74282
2.8908
2.94968
2.97235
2.9451
2.80862
2.91644
2.94769
2.91067
2.98105
2.81008
2.9498
2.93262
2.76995
2.88446
2.87521
2.99054
2.9776
2.72246
2.88479
2.75842
2.85028
2.94314
2.77422
2.71126
2.90075
2.95202
2.82727
2.89657
2.74453
2.84494
2.85623
2.91171
2.97736
2.91342
2.96295
2.82064
2.80383
2.77712
2.86303
2.94891
2.90506
2.88766
2.87484
2.60332
2.88598
2.70003
2.8677
2.99051
2.80783
2.70846
2.71923
2.99246
2.99341
2.91449
2.96826
2.91504
2.7246
2.8131
2.94348
2.86715
2.84381
2.92749
2.79553
2.83987
2.88256
2.8457
2.99216
2.93225
2.90127
2.9628
2.92062
2.84121
2.85134
2.79046
2.65065
2.97986
2.50948
2.89373
2.97595
2.99417
2.86685
2.91958
2.80264
2.97909
2.8898
2.97418
2.93716
2.90692
2.88385
2.96908
2.87002
2.4485
2.98654
2.82318
2.93176
2.92062
2.9527
2.96185
2.97314
2.95163
2.85452
2.8905
2.86221
2.60186
2.94256
2.91803
2.9187
2.97305
2.84796
2.69915
2.90121
2.69796
2.99792
2.98642
2.85943
2.94507
2.92666
2.93512
2.94903
2.64849
2.94604
2.88107
2.9436
2.9819
2.79357
2.81301
2.91076
2.83514
2.98965
2.99078
2.99829
2.84259
2.96716
2.91214
2.65758
2.73891
2.88305
2.87005
2.89593
2.9487
2.88079
2.98474
2.75997
2.95056
2.98447
2.96329
2.95932
2.87637
2.93463
2.78716
2.87963
2.97226
2.94415
2.97415
2.88974
2.82424
2.93616
2.98331
2.9039
2.49995
2.9765
2.99332
2.93652
2.9516
2.97421
2.97009
2.96661
2.88357
2.88327
2.90686
2.93921
2.85711
2.94388
2.92529
2.76437
2.89807
2.89044
2.98511
2.54909
2.66213
2.69338
2.95813
2.92801
2.90039
2.76424
2.82916
2.67583
2.60134
2.88757
2.99234
2.92535
2.93902
2.5584
2.89874
2.97461
2.95077
2.2956
2.79406
2.90057
2.96481
2.92987
2.96396
2.79113
2.89474
2.99585
2.69002
2.75103
2.95376
2.93646
2.98004
2.91794
2.88867
2.48216
2.93313
2.996
2.82321
2.98712
2.97528
2.94018
2.86413
2.60259
2.90582
2.65404
2.83486
2.69546
2.96063
2.96509
2.66649
2.80587
2.92572
2.96054
2.97851
2.94812
2.74856
2.81469
2.86483
2.8717
2.94964
2.84921
2.91711
2.98993
2.65609
2.89822
2.965
2.71502
2.84741
2.91034
2.79659
2.97641
2.9812
2.98846
2.99136
2.9227
2.72808
2.83755
2.90817
2.96124
2.99643
2.91501
2.87637
2.94504
2.94104
2.93674
2.8233
2.56087
2.71496
2.94583
2.90197
2.87307
2.87356
2.86883
2.85034
2.95911
2.99353
2.96481
2.7824
2.97119
2.9266
2.93939
2.84951
2.78594
2.88308
2.93573
2.80599
2.96445
2.99118
2.91958
2.87268
2.9306
2.98193
2.95901
2.94412
2.92593
2.98761
2.98022
2.93677
2.8952
2.90088
2.98865
2.93072
2.58983
2.81967
2.96014
2.8511
2.9219
2.93152
2.99377
2.99722
2.83877
2.98334
2.86679
2.92618
2.98987
2.75164
2.95569
2.97391
2.64681
2.8937
2.76107
2.94757
2.94372
2.62755
2.98361
2.59569
2.97961
2.94815
2.81094
2.95969
2.95755
2.98157
2.81066
2.81838
2.83416
2.95029
2.90088
2.83535
2.87942
2.93042
2.87082
2.80697
2.83285
2.88656
2.56667
2.99762
2.86795
2.97824
2.85931
2.88186
2.97876
2.93417
2.98007
2.96091
2.56014
2.96521
2.94937
2.80337
2.82427
2.97143
2.86123
2.89007
2.91635
2.79592
2.80673
2.97262
2.11457
2.6332
2.87881
2.98242
2.98138
2.89926
2.93207
2.67641
2.96216
2.85272
2.97794
2.9216
2.9505
2.77255
2.9649
2.90912
2.78948
2.90768
2.89022
2.69988
2.81469
2.89871
2.88263
2.97052
2.78344
2.99017
2.85949
2.38157
2.97861
2.95672
2.92911
2.8797
2.89465
2.92444
2.93454
2.94052
2.79131
2.69579
2.38771
2.78628
2.87085
2.85693
2.95331
2.99445
2.66268
2.99197
2.99521
2.93674
2.84088
2.91623
2.97385
2.54112
2.84146
2.79592
2.82015
2.89932
2.80834
2.97443
2.98904
2.63207
2.8489
2.89819
2.99097
2.88961
2.88565
2.88574
2.91745
2.98422
2.69976
2.92364
2.86947
2.84469
2.99084
2.96258
2.90973
2.99652
2.90939
2.8612
2.94711
2.88354
2.95999
2.74566
2.93469
2.95297
2.73891
2.95422
2.85543
2.89673
2.79446
2.63848
2.81304
2.85498
2.88723
2.80508
2.94928
2.95981
2.62532
2.82415
2.95526
2.90139
2.68313
2.87164
2.96564
2.84689
2.94113
2.94958
2.88604
2.75036
2.85409
2.94369
2.91311
2.92175
2.73925
2.83236
2.9776
2.86303
2.8782
2.8941
2.87191
2.89926
2.97781
2.96084
2.99234
2.71264
2.98703
2.71831
2.96228
2.96268
2.91998
2.84619
2.46092
2.82675
2.95703
2.85952
2.94894
2.86227
2.87768
2.81869
2.85195
2.96912
2.86239
2.93484
2.59175
2.92749
2.94903
2.88083
2.96222
2.94745
2.7925
2.64324
2.99115
2.96713
2.88766
2.73675
2.92761
2.98706
2.93759
2.76101
2.7864
2.91513
2.90027
2.58846
2.94632
2.70229
2.99661
2.92093
2.98767
2.98871
2.69622
2.96616
2.93695
2.98865
2.90399
2.99765
2.98508
2.99655
2.94086
2.62523
2.75774
2.94818
2.93023
2.92062
2.83108
2.88021
2.962
2.99857
2.76229
2.974
2.92038
2.97363
2.93753
2.89557
2.98248
2.84771
2.94977
2.97751
2.84042
2.9675
2.94891
2.73092
2.95727
2.76138
2.91861
2.90277
2.97089
2.67843
2.97653
2.90982
2.84796
2.86306
2.9874
2.60628
2.87716
2.76522
2.93197
2.99698
2.91876
2.96564
2.91269
2.93326
2.89117
2.86572
2.92767
2.98877
2.9689
2.79467
2.73739
2.99615
2.93915
2.96521
2.93088
2.82516
2.69323
2.86337
2.85382
2.94348
2.56276
2.87829
2.74932
2.94675
2.97324
2.86154
2.98157
2.992
2.99973
2.70556
2.9292
2.73501
2.97101
2.92364
2.76687
2.92987
2.95297
2.93814
2.89099
2.92141
2.91534
2.91571
2.88461
2.98642
2.95468
2.92926
2.84335
2.84298
2.98315
2.76186
2.83374
2.95291
2.95032
2.80114
2.87515
2.97635
2.77453
2.97998
2.95996
2.89926
2.78585
2.96475
2.87448
2.75201
2.99496
2.98038
2.76873
2.83471
2.98773
2.97418
2.98633
2.803
2.62548
2.90997
2.63332
2.97806
2.74746
2.75671
2.61602
2.931
2.73189
2.96698
2.94266
2.97223
2.96963
2.9689
2.96274
2.9848
2.99036
2.96243
2.75842
2.98642
2.95169
2.72723
2.88687
2.82015
2.56963
2.95193
2.77679
2.8428
2.96185
2.97867
2.94598
2.97577
2.93042
2.93655
2.86267
2.71725
2.74108
2.83108
2.94943
2.71493
2.84069
2.84066
2.87613
2.91656
2.85061
2.85641
2.97732
2.98691
2.81112
2.9761
2.9274
2.9957
2.95025
2.92584
2.94305
2.82354
2.98029
2.92096
2.99744
2.89004
2.88742
2.86056
2.91137
2.89441
2.93292
2.52641
2.85238
2.62679
2.72362
2.90292
2.88696
2.98178
2.94638
2.73016
2.9371
2.93875
2.82342
2.86544
2.92914
2.773
2.7513
2.95822
2.85836
2.57192
2.98224
2.91494
2.69713
2.90551
2.98709
2.94024
2.92007
2.70562
2.82025
2.60491
2.80084
2.83596
2.98035
2.91345
2.99829
2.88745
2.93786
2.9603
2.40422
2.78506
2.96936
2.94192
2.82659
2.88354
2.68221
2.84915
2.93945
2.84704
2.86328
2.99432
2.99121
2.8594
2.93789
2.80364
2.94153
2.92654
2.98849
2.7206
2.90326
2.91748
2.987
2.81512
2.93579
2.57228
2.97977
2.78118
2.96234
2.84521
2.94122
2.9064
2.90942
2.87912
2.95611
2.83352
2.9863
2.97412
2.98718
2.96402
2.89697
2.97089
2.91113
2.91925
2.88476
2.5284
2.94421
2.99832
2.69924
2.96014
2.92962
2.85171
2.97845
2.80236
2.96091
2.82604
2.99951
2.86187
2.96835
2.99643
2.82769
2.85577
2.80288
2.43364
2.68062
2.98672
2.9143
2.96063
2.91958
2.8966
2.99197
2.95273
2.9111
2.97537
2.91369
2.89727
2.71981
2.99161
2.8815
2.99213
2.95914
2.95309
2.85122
2.97794
2.88965
2.88888
2.75604
2.8583
2.76281
2.86621
2.89349
2.75442
2.97842
2.97204
2.97644
2.9238
2.78835
2.87225
2.98947
2.54512
2.88049
2.74071
2.89132
2.73583
2.95117
2.85257
2.91037
2.97571
2.86389
2.78945
2.95807
2.96103
2.88842
2.56392
2.76675
2.97836
2.996
2.78487
2.87368
2.97784
2.99683
2.63649
2.78823
2.7644
2.6726
2.90829
2.77905
2.89163
2.98099
2.89242
2.95993
2.94
2.96704
2.83111
2.90356
2.88571
2.98175
2.94589
2.94589
2.90695
2.9064
2.97522
2.91269
2.64879
2.89236
2.7922
2.99249
2.96216
2.96301
2.97342
2.82363
2.92645
2.84918
2.70034
2.88803
2.92523
2.8941
2.94153
2.76833
2.97674
2.99207
2.79153
2.99283
2.94522
2.51787
2.9274
2.75948
2.96716
2.84759
2.91263
2.94424
2.93023
2.83816
2.82034
2.90707
2.92868
2.89242
2.88162
2.77432
2.86892
2.79907
2.84887
2.86026
2.94555
2.69832
2.76928
2.94357
2.98715
2.94348
2.95254
2.6888
2.83679
2.93371
2.79537
2.91067
2.9856
2.99237
2.63515
2.77438
2.91519
2.89376
2.96435
2.94861
2.96158
2.8988
2.90204
2.57463
2.94263
2.77685
2.69857
2.75381
2.82952
2.89782
2.97229
2.69665
2.97253
2.97333
2.72945
2.95087
2.94644
2.89242
2.84167
2.54369
2.39912
2.98285
2.76095
2.97604
2.83984
2.64623
2.95434
2.92636
2.95737
2.85757
2.98029
2.85858
2.85678
2.86642
2.9498
2.93161
2.7748
2.87786
2.94458
2.76119
2.90179
2.91525
2.89618
2.99039
2.71953
2.98556
2.97842
2.89456
2.9508
2.96417
2.98483
2.91827
2.86203
2.99869
2.93841
2.69359
2.9826
2.93554
2.94321
2.9834
2.99805
2.99435
2.82089
2.88354
2.65294
2.96533
2.82244
2.86993
2.96673
2.88928
2.86361
2.71612
2.8981
2.76128
2.80728
2.86953
2.74065
2.93725
2.9725
2.55034
2.91324
2.99164
2.9928
2.97363
2.92914
2.57839
2.96481
2.84982
2.54036
2.95166
2.84765
2.90704
2.87277
2.9491
2.99554
2.84362
2.96844
2.80856
2.80099
2.95282
2.90756
2.84121
2.75362
2.98807
2.64986
2.89462
2.88372
2.9707
2.92199
2.9939
2.97659
2.78109
2.74383
2.56154
2.90384
2.97769
2.95697
2.96344
2.71325
2.84603
2.78185
2.9834
2.77325
2.96677
2.88617
2.99228
2.73833
2.98965
2.92267
2.92853
2.88653
2.90323
2.74657
2.97006
2.97397
2.96835
2.82922
2.99167
2.97546
2.72137
2.867
2.75561
2.8522
2.81249
2.914
2.61452
2.94455
2.7293
2.71722
2.83019
2.94244
2.94375
2.86584
2.6426
2.80761
2.91784
2.79244
2.93179
2.72543
2.91293
2.99258
2.99271
2.85055
2.83343
2.96838
2.87014
2.99356
2.74947
2.99063
2.91687
2.75927
2.79302
2.76858
2.89346
2.91195
2.84027
2.94742
2.85595
2.86474
2.85598
2.90802
2.99924
2.9714
2.7008
2.8377
2.73974
2.95007
2.89816
2.97189
2.85369
2.99014
2.7712
2.67598
2.78976
2.87255
2.94363
2.87851
2.99094
2.81726
2.67089
2.9371
2.96268
2.9505
2.60137
2.97107
2.96347
2.99539
2.93973
2.97995
2.57363
2.82717
2.99509
2.97922
2.5049
2.8959
2.72195
2.99805
2.91024
2.94327
2.97397
2.54369
2.90085
2.99011
2.95935
2.98953
2.94119
2.96802
2.98041
2.99091
2.92911
2.75762
2.85098
2.74648
2.92358
2.98267
2.79824
2.79196
2.79312
2.85467
2.80081
2.97516
2.79507
2.64785
2.99475
2.70629
2.99316
2.9176
2.7394
2.82031
2.84506
2.96194
2.74181
2.82305
2.92462
2.9697
2.94201
2.97455
2.92553
2.98236
2.98627
2.82104
2.90591
2.84719
2.99295
2.92886
2.95614
2.93103
2.90872
2.86856
2.9668
2.92264
2.94528
2.89871
2.75683
2.93542
2.9266
2.92798
2.99646
2.8124
2.87878
2.96377
2.70382
2.74966
2.88586
2.96625
2.93023
2.89584
2.88342
2.96332
2.93731
2.64498
2.923
2.86847
2.50282
2.84188
2.97617
2.918
2.9765
2.81695
2.92981
2.72079
2.96643
2.99844
2.89941
2.94061
2.85986
2.73547
2.99863
2.81469
2.66411
2.97375
2.74874
2.79876
2.96338
2.91586
2.96698
2.81274
2.89807
2.95859
2.67428
2.91394
2.99017
2.87204
2.66121
2.91961
2.92813
2.70638
2.94235
2.94024
2.99255
2.67507
2.89434
2.76388
2.85116
2.84127
2.93371
2.80563
2.87088
2.91061
2.90011
2.75954
2.55791
2.82205
2.86007
2.98999
2.70974
2.95282
2.67821
2.66332
2.96023
2.93973
2.88128
2.89529
2.9787
2.554
2.86499
2.90115
2.70119
2.89416
2.87024
2.86663
2.7026
2.8732
2.86819
2.82134
2.96469
2.90506
2.74477
2.82284
2.97818
2.89431
2.95343
2.99304
2.93951
2.87481
2.9743
2.98212
2.87725
2.95376
2.85189
2.9588
2.91055
2.96319
2.97113
2.71139
2.96884
2.9671
2.88965
2.92157
2.45573
2.95276
2.75527
2.93225
2.92203
2.89367
2.89142
2.94638
2.94092
2.82998
2.80609
2.84048
2.70858
2.97049
2.7466
2.83615
2.96762
2.80425
2.71667
2.6411
2.96741
2.55541
2.98151
2.9057
2.99826
2.94485
2.8681
2.76479
2.8699
2.98267
2.9577
2.95508
2.8479
2.92099
2.99222
2.8157
2.77041
2.95718
2.86135
2.70519
2.79638
2.9939
2.83001
2.70873
2.72051
2.95706
2.72698
2.77325
2.99362
2.74029
2.9317
2.72143
2.9592
2.96042
2.80438
2.78018
2.69015
2.93973
2.59001
2.98978
2.77075
2.87765
2.92245
2.70705
2.90667
2.98968
2.97226
2.94394
2.83352
2.79546
2.82394
2.84964
2.88418
2.80728
2.9353
2.99185
2.99542
2.93652
2.91943
2.89962
2.78518
2.98383
2.73266
2.72515
2.98087
2.95056
2.7513
2.99387
2.89944
2.90634
2.98529
2.94388
2.98511
2.87426
2.95105
2.99197
2.94098
2.98318
2.95889
2.76202
2.87469
2.81573
2.88891
2.76015
2.97659
2.91247
2.8251
2.89251
2.97382
2.90588
2.95871
2.75747
2.88595
2.68596
2.88739
2.93304
2.93619
2.98776
2.96225
2.98691
2.89355
2.98715
2.91729
2.79403
2.93558
2.92792
2.92874
2.8757
2.98193
2.97049
2.96826
2.98135
2.94449
2.751
2.91263
2.64638
2.72161
2.82629
2.80795
2.96161
2.95276
2.93435
2.86801
2.97903
2.88974
2.81597
2.93994
2.94217
2.94012
2.92959
2.85571
2.92669
2.60912
2.84326
2.9302
2.86044
2.932
2.71306
2.91726
2.87826
2.9855
2.65746
2.85275
2.98395
2.83151
2.89325
2.99197
2.76949
2.96097
2.9762
2.87677
2.93744
2.93881
2.71764
2.61202
2.97513
2.94244
2.88696
2.93219
2.9317
2.98025
2.95047
2.98685
2.91455
2.53197
2.98502
2.92624
2.52644
2.72726
2.72259
2.86627
2.98276
2.64638
2.90695
2.9827
2.98315
2.95688
2.6487
2.50938
2.92471
2.83923
2.9935
2.88791
2.72088
2.93924
2.90924
2.97082
2.90014
2.8786
2.85015
2.83355
2.7814
2.63997
2.91055
2.76556
2.99915
2.94162
2.96182
2.96112
2.94479
2.85308
2.91971
2.94705
2.81451
2.96481
2.70336
2.93945
2.8254
2.71932
2.59517
2.92984
2.9667
2.9975
2.8573
2.93277
2.96496
2.94348
2.75448
2.81347
2.81341
2.87805
2.93112
2.85421
2.95251
2.87518
2.93027
2.67931
2.90619
2.9935
2.90854
2.99426
2.87988
2.92108
2.95117
2.83544
2.8674
2.8157
2.93133
2.99582
2.93564
2.73327
2.89239
2.89276
2.99417
2.92126
2.78487
2.55724
2.95035
2.98108
2.98563
2.93674
2.98489
2.80773
2.67025
2.95657
2.97931
2.9856
2.90378
2.87411
2.92547
2.81594
2.95926
2.85531
2.89972
2.8956
2.85678
2.97983
2.9302
2.96506
2.87524
2.98492
2.93951
2.71429
2.80725
2.97507
2.70037
2.81121
2.97894
2.80966
2.5689
2.79431
2.96088
2.92587
2.84683
2.91177
2.78314
2.98389
2.80688
2.94095
2.71654
2.80911
2.65865
2.95389
2.92605
2.91858
2.95285
2.81628
2.9751
2.89239
2.90692
2.89489
2.88513
2.91284
2.79858
2.93902
2.93139
2.89599
2.9924
2.9133
2.98724
2.9855
2.72924
2.89529
2.74734
2.61794
2.95883
2.98703
2.90262
2.77639
2.84735
2.50755
2.82403
2.70217
2.96179
2.94086
2.98621
2.77303
2.98795
2.90063
2.88549
2.93161
2.70574
2.75655
2.86581
2.93646
2.99512
2.92593
2.97928
2.95718
2.70684
2.98401
2.73763
2.99811
2.99188
2.83584
2.58519
2.99408
2.95999
2.95944
2.93063
2.83712
2.87268
2.68831
2.89914
2.8222
2.94009
2.99698
2.98065
2.96521
2.62871
2.90185
2.98935
2.95236
2.85223
2.6729
2.99225
2.73998
2.93252
2.9509
2.86142
2.90786
2.84225
2.87753
2.88363
2.89285
2.90313
2.94171
2.8269
2.87313
2.86483
2.99518
2.86862
2.68282
2.78655
2.89688
2.92807
2.74978
2.69262
2.97021
2.88455
2.80639
