-1.46299
-1.04239
-12.2133
3.43845
-16.3535
2.6959
1.5555
-5.7816
-20.2677
-2.27766
12.6227
-6.2669
26.35
-2.35291
10.2348
-3.90571
-3.35471
4.91398
-12.5143
-12
-6.62975
19.7622
22.0853
-10.4107
-6.73114
9.36496
10.3462
10.9151
15.2166
3.34019
14.2884
-15.4058
6.39794
1.87819
-5.06579
15.7204
21.2102
14.225
7.1061
5.90394
-6.7935
-14.2933
8.87473
-19.6584
6.38993
12.543
-11.8601
-6.97429
11.7581
-5.60008
2.15084
-7.37592
9.835
3.11776
8.54175
-9.40131
9.21443
-8.4566
8.2061
-6.24596
23.1243
-4.99584
-6.71887
17.0787
-7.94813
-6.52149
-3.65768
5.59593
0.747802
-5.53701
5.02265
11.301
-2.23769
6.97897
-7.88516
2.45777
-4.91355
-21.8487
-4.59444
1.70756
6.19058
15.0327
3.24339
3.21579
17.7523
4.49421
-14.6386
1.81366
3.9647
3.01166
4.30064
6.00831
-2.42404
-3.41128
-2.22634
0.807736
5.28577
15.1675
16.7938
10.547
3.67934
12.7605
-6.94631
-18.951
-10.0855
-15.0357
25.5155
5.20207
-12.7433
-3.22318
-0.99299
3.44066
-3.54516
2.62629
17.3222
10.0015
6.45975
1.54085
3.46978
9.28116
3.26889
1.66659
5.22475
19.9077
-8.46755
-11.0379
-1.77236
-16.79
-5.99385
5.45773
-2.14478
-5.55367
5.92939
9.26801
1.82918
7.21182
-7.43152
-3.38268
-5.95159
-3.87874
1.3047
7.66673
16.0728
15.0849
1.75414
8.44302
2.74668
7.83737
2.53938
-7.36001
-4.31114
4.14508
25.6395
8.06358
0.62096
8.82275
1.81299
5.722
22.8805
5.0866
4.13546
-3.30547
15.8792
-0.766475
3.67908
12.4775
-2.03757
-7.9987
-13.2388
2.87214
-2.23409
0.0583441
5.90019
11.2671
-3.66966
1.97391
-6.23487
6.45152
10.9322
1.29848
1.40847
4.39637
6.90635
-0.639938
4.19466
22.4446
8.47117
-1.71775
10.3524
-5.28535
10.5844
23.3465
10.4674
6.66852
15.6313
5.88698
2.85089
2.7687
-4.7691
1.73123
-4.48593
-5.97552
0.765787
0.875797
-5.4388
22.955
-2.06083
11.6527
10.704
12.2965
11.0854
8.92659
12.6617
-3.68757
8.20278
9.86033
-4.83786
23.2829
19.3577
13.8483
1.90095
11.1083
7.3697
-2.20119
-3.10981
-0.765803
1.68979
4.61027
11.9135
-3.0253
-23.6077
8.26492
11.1624
0.47198
12.9724
15.0259
-1.81102
9.10729
8.54146
-6.75849
6.59855
4.78404
4.77561
-10.0875
-5.22021
10.3294
-9.6017
-5.07832
-0.383999
-1.58704
-2.72601
8.45286
-5.52689
-10.5817
-6.71994
18.1198
-1.08786
9.81075
11.6046
-6.29928
-3.26515
-4.21419
1.10579
3.54948
3.46699
-5.17837
7.89415
11.5792
15.9332
13.237
20.951
19.9124
25.1456
5.86129
-16.9248
10.0118
-0.94218
10.6521
-15.3589
3.84732
1.87286
-11.1073
10.806
24.3367
15.7666
-8.9595
-5.66575
-20.9143
6.9156
-0.561751
2.9433
6.15469
3.06351
-15.0522
5.57719
-1.78953
-5.91751
0.893656
-2.20536
-3.22304
9.79812
-5.3472
-10.0601
17.0598
-18.87
-1.88255
16.7492
2.78863
16.6993
6.63381
4.95462
-1.26001
30.8803
1.53497
-8.78414
-5.32851
13.5488
2.89644
3.97272
15.6121
-6.69464
6.44311
-1.38421
4.32086
-0.377188
8.87144
12.2849
15.9335
-3.15422
-3.47835
14.9213
-11.1424
-8.96149
4.52415
17.2389
21.126
20.0512
14.1406
1.98526
1.38943
18.8468
6.01153
3.2302
11.0859
-2.81181
5.7534
16.6258
7.25201
8.73803
9.58741
19.1262
-15.2635
-6.16139
-0.743091
25.6867
-8.85071
16.5822
-10.4546
-10.7361
-11.955
14.3233
16.4227
-4.50352
-3.51556
6.63013
-5.81898
8.40054
11.8583
-11.0335
-1.61611
9.96173
0.922466
19.846
9.9351
-16.5322
-11.536
-0.481534
4.37846
10.5157
11.9707
13.1845
18.3691
-1.7322
7.40537
1.65936
-2.89051
-9.75824
-21.5013
-4.2605
0.344046
8.3333
-7.03119
28.7982
-11.3564
5.33464
11.8632
-14.2708
-5.69392
-5.54728
-10.2848
1.81535
9.18041
-4.50681
-1.42045
20.8788
4.38196
-8.78335
9.58545
17.988
5.32833
26.4793
1.36143
0.0633032
-12.939
-5.21406
17.1021
-4.0408
10.0628
14.8451
14.3491
-0.981005
-2.6921
-7.17349
-4.11546
-6.03454
-18.7633
-3.30473
18.9683
3.0549
2.29622
-9.36115
2.38171
10.4728
-3.8976
6.66401
-1.44851
8.74622
-0.930849
15.9569
0.736065
-8.30838
-11.1641
0.457567
-2.62145
15.6277
11.5962
14.4728
13.1976
-1.7134
26.694
12.4275
-5.90719
3.83568
13.5389
-18.7581
-9.51861
-4.30245
-10.6031
-7.4965
23.6002
-17.0829
-12.09
8.5694
16.3294
-11.8911
15.6259
-7.42392
9.58535
5.97545
-20.4161
2.8244
3.46705
4.53696
-7.28953
-1.93238
7.06132
-0.0572014
5.96665
4.23017
7.66117
0.966044
1.01376
25.4593
-1.91475
-31.3526
24.3833
1.70002
10.724
16.9114
5.49332
19.1491
4.13103
5.88389
0.268291
27.2258
-11.2856
8.24161
16.0069
11.9736
2.32552
7.44424
1.11733
-3.70499
15.2345
-6.0406
7.43459
9.55595
-15.2413
-6.3321
5.90381
2.19322
-0.399734
2.07989
-11.5137
-1.47854
-6.97986
19.661
-5.42996
15.0846
-8.51194
10.0102
24.2393
12.6929
0.943745
-3.68129
-6.84601
20.3471
-3.93524
8.68816
11.5693
13.3856
-16.1422
-7.31618
-2.91033
9.51005
11.508
-2.63982
14.0642
2.21453
-0.391559
-3.84316
17.8876
4.54458
18.1169
-2.72014
-12.9442
-7.76026
2.37109
37.9109
6.13488
-2.04507
22.7003
-7.09235
1.35566
4.34566
-0.812535
13.8627
0.10386
0.737118
-6.45342
10.448
15.7108
2.5876
-10.8803
-6.17853
24.8598
25.2962
3.45378
5.76105
-0.112904
6.78858
4.03739
18.5168
9.09
11.2503
14.2314
2.85744
-11.305
17.4748
18.3496
-11.3763
-1.80803
2.53273
9.74922
0.29441
-5.62917
16.6916
-3.40917
-3.69373
-1.89429
-4.501
9.46016
16.7905
15.2189
8.85576
-9.08515
-0.486255
2.6629
-2.99354
1.14474
4.98041
-4.16913
1.77298
-8.01239
-7.69598
2.1862
-5.88971
-17.6999
18.3444
-9.0682
-8.66436
-13.512
-10.975
1.92442
2.70895
8.13329
7.53261
-7.31084
17.621
-5.34674
9.25121
-0.676787
6.04802
-5.52936
14.5996
-14.4583
7.71211
14.2722
-11.3799
7.23785
-5.26373
16.5698
14.6314
-5.70824
-4.06932
7.19126
29.3393
6.91695
4.8497
-5.33411
7.89893
6.23599
1.65221
-8.79542
14.9359
15.3587
-11.2594
8.44697
7.08263
-21.369
-12.3418
13.1383
20.524
-2.65811
15.2235
5.69749
3.31294
-2.31217
-4.2507
9.40258
2.54143
-8.42018
17.6551
-0.245137
10.655
21.0539
0.509301
2.28747
5.57571
8.87938
-16.9362
-4.61013
25.142
13.067
0.676219
11.196
-6.423
4.63492
31.1439
3.56945
21.8452
1.59198
1.19796
-9.78289
-10.6567
6.67007
14.0753
20.5689
-2.81327
-5.0172
-6.8828
3.3211
11.7474
7.16199
-8.99904
-10.7371
-7.05969
-6.98571
1.91543
21.877
3.31215
3.81649
6.66566
-7.30497
11.506
15.8057
4.96029
32.0991
-15.3533
-2.87754
-7.68901
-0.267828
26.8893
-0.91791
-1.34816
1.60434
13.8571
-6.73574
-2.80328
9.6345
0.208338
9.72972
6.04768
-1.51557
14.4017
-0.952533
-9.49077
10.0148
5.65618
-2.57442
6.73052
-5.61934
-4.09018
3.53284
32.3648
3.69289
-3.52315
-0.143553
5.32288
-9.33395
-10.7111
22.363
-4.23883
7.45904
12.0376
12.3139
-7.89707
-1.37671
17.512
11.1799
12.4441
-1.88946
3.92295
-3.1222
12.1267
-0.518719
-0.420809
13.466
7.82405
4.57289
13.9996
14.9111
-6.04845
6.28689
4.34092
1.10784
-2.76417
4.28529
-6.99946
-0.199296
-3.69032
6.88864
-11.4529
-6.35232
-12.4103
11.2927
6.63505
-4.09786
12.6894
-11.1039
6.55915
7.24545
2.03952
-6.37731
10.2909
21.7868
-0.857941
-5.18226
14.3998
-6.94769
-0.651224
1.09501
-18.4367
21.0742
-8.41436
14.0999
-23.1343
2.27702
-8.1857
2.32403
15.7203
1.71214
17.9507
0.977783
3.03558
1.92909
-7.40997
7.41764
2.17895
4.37682
6.7172
-12.3323
7.58887
5.56469
5.46498
12.4231
-7.81768
0.412942
1.3988
9.63657
-3.40113
4.63196
-0.465105
0.570608
-1.06571
13.7803
-4.78373
21.2535
-5.74195
0.315324
-6.41964
-18.0283
25.7251
6.32413
-2.54903
6.10928
10.9524
-4.79841
8.2348
-0.34789
1.08289
16.6642
6.04187
-1.63313
10.9834
21.427
-24.4423
13.8398
7.25048
-12.0298
-3.90874
-6.49562
2.37845
4.46004
7.49477
1.35287
-3.34226
4.31476
8.76157
21.6875
-8.65812
0.357017
-6.18985
-5.20017
23.1995
1.18211
14.1732
13.2819
6.26039
6.29153
5.19574
9.94905
11.9575
-3.36724
-4.2748
6.92128
10.3085
4.39403
-6.20491
12.3927
5.07468
8.69738
4.68549
11.8945
-4.2716
20.3609
-2.33363
-1.4468
19.2306
-4.07797
-22.9383
-2.98939
-3.52494
9.8842
0.816417
11.963
6.75101
1.80681
5.61618
5.83432
8.96185
-4.78867
15.8654
-3.79802
1.34065
3.29731
-0.0813661
1.95266
7.82631
9.80139
-5.76446
6.77443
10.2236
-3.66147
8.23973
-12.8259
-3.3904
6.39506
4.93737
-6.75655
8.12181
5.88871
7.32521
4.99141
14.5884
14.582
0.807482
-10.284
5.44033
9.3662
-0.316416
-1.52422
-0.1897
-4.2525
8.05431
-3.82964
-3.3055
-14.9428
8.52777
4.50734
13.042
8.56525
-13.926
17.3938
-13.8278
-1.56292
1.78372
8.47499
11.8341
-7.02139
9.84694
-8.74244
-8.33457
-4.12997
3.48608
2.718
6.39439
0.00715637
5.6718
8.45525
10.8445
3.26868
20.4304
12.2421
2.7147
1.94866
22.5115
-2.23642
-0.356114
19.5088
6.34095
-0.111859
5.82703
7.13294
3.42751
10.9859
2.41376
-3.82579
14.5715
16.8326
-1.35412
0.59604
0.535853
-11.9626
10.2092
17.0909
19.9691
-12.0635
-6.75207
-2.81246
6.89905
23.9948
-10.1471
2.58713
0.734927
1.06535
-8.25371
-3.87454
22.3413
3.14068
