0.0112431
0.196459
0.00132614
0.0911206
0.0678668
-0.0435496
-0.0220617
0.0717465
0.114351
-0.0539141
-0.0371001
-0.0803681
-0.128223
-0.153134
-0.129851
-0.135527
0.245868
-0.0236346
0.0333953
0.00896471
-0.108405
-0.083119
-0.076519
-0.0343429
-0.145278
-0.186236
0.146675
0.0332338
0.149562
0.0679241
-0.119289
-0.0577889
-0.170327
0.0247442
0.0259159
0.184984
0.0839554
0.0278594
-0.0986784
-0.00210328
0.00247506
-0.0815495
-0.47388
-0.217256
0.047556
0.116663
0.211574
0.124822
-0.168214
0.0060072
0.0976189
-0.0858613
-0.485334
-0.177875
0.00283107
-0.215203
-0.0808278
-0.293777
-0.292027
-0.177018
-0.0580884
-0.170635
0.208028
0.154796
-0.349103
0.0306214
-0.219997
0.135538
0.0484841
0.142389
-0.0642169
0.163351
-0.0239499
-0.0633567
0.0305426
-0.0647626
0.0175726
0.0726148
-0.291296
0.0234292
0.173378
-0.0148897
-0.0192556
-0.111862
-0.182921
0.141199
-0.0328542
-0.12211
0.0657597
0.210452
0.045101
0.0836278
0.0459236
0.0981867
0.0719996
-0.258619
-0.287963
-0.246569
-0.0283007
0.0793036
8.30152e-05
-0.177921
-0.127961
-0.189262
-0.107493
-0.0191142
-0.00995056
-0.180343
-0.0484849
0.0336667
0.0489586
0.251687
0.11415
-0.0504798
-0.0813493
0.0740076
-0.221711
0.264311
0.165299
-0.0273247
-0.323067
0.134018
-0.0151967
-0.0220686
0.211769
0.033816
-0.173991
0.139671
0.093222
-0.125892
0.163963
-0.117124
-0.0862604
-0.0117862
0.0662271
-0.0340885
0.0295286
0.130447
0.298955
0.146764
0.0822768
-0.373418
-0.0719744
-0.382635
-0.296304
-0.252024
0.103108
0.368732
-0.0302605
-0.0430269
0.0917657
0.0669183
-0.151234
-0.368781
0.0855075
0.0196004
-0.199065
0.118295
0.135228
0.0323483
-0.0104737
0.157762
0.411005
0.471487
-0.221724
-0.0846163
0.0149935
0.273613
0.339275
0.152124
0.127937
0.0424987
0.0335031
0.220185
0.102251
0.00670745
-0.0471967
-0.0728499
-0.0524683
-0.221346
0.0458079
-0.0529786
-0.296413
-0.203984
-0.293752
0.04174
0.00647894
0.0390329
0.135205
-0.118558
-0.209654
-0.218357
0.170453
0.269268
0.271936
0.296583
-0.0577108
0.141521
-0.0158166
0.0884323
-0.00155617
0.33712
-0.0501629
-0.117442
-0.0408739
-0.227382
-0.183102
0.121274
-0.0568358
-0.128072
-0.465603
-0.410725
-0.273325
-0.200707
-0.137806
0.187094
-0.119052
-0.00386272
-0.288692
-0.0616721
0.196184
-0.0484874
-0.037569
0.0751337
0.0679039
-0.206123
-0.00567585
-0.142463
0.0584808
-0.138037
-0.312556
0.0490976
-0.0994055
-0.0329828
-0.000480137
-0.0134495
-0.000148919
0.246047
0.203794
-0.185553
-0.0292335
-0.0394832
-0.112631
0.129295
0.15694
0.121498
0.260599
-0.129565
-0.0319127
0.237805
0.132962
0.083764
0.253424
-0.153994
0.146413
0.0268346
-0.0785486
-0.0784701
-0.0318103
-0.312666
0.0232263
-0.0204861
-0.0520022
0.113014
0.0715885
0.240261
0.0208579
0.0869556
0.157981
-0.201415
-0.151755
0.224995
-0.0725558
0.00446391
0.0109213
-0.162684
0.150033
-0.206698
-0.0512369
-0.318079
0.0827264
-0.253026
-0.0968065
-0.172143
0.10186
-0.0865522
0.0331462
-0.0245787
0.0236273
-0.266841
-0.149236
-0.0895061
0.108023
0.0710522
-0.137671
-0.169417
-0.0300411
-0.135517
0.113413
0.235761
0.275447
0.0862155
-0.190039
0.0107826
0.0630945
-0.100329
0.107946
0.0271767
0.139942
0.197754
-0.0190133
-0.0130415
0.229053
-0.165148
0.0888126
0.0398588
-0.106144
0.115179
0.165029
0.460323
0.0071315
0.0399564
-0.292887
0.0405627
-0.0310526
0.2756
0.073649
-0.17609
-0.221747
0.310807
0.0852996
0.416297
0.177982
-0.0674087
0.00960461
-0.31747
-0.114197
-0.397032
-0.311459
-0.0362726
0.0777051
0.246983
0.122048
0.139925
-0.062762
0.286641
-0.253007
-0.0632093
0.0995465
0.251699
-0.131994
0.0842762
-0.244698
0.0621643
-0.0655816
-0.0949507
-0.192501
-0.317854
0.0348648
-0.0368698
-0.0268389
0.0554067
-0.0184111
0.196295
0.0647828
-0.100629
0.0703913
-0.0834671
-0.114488
0.00968624
0.369716
0.115578
0.198032
0.334214
0.0143663
-0.0622525
-0.215423
-0.279867
-0.454575
-0.177545
0.266622
0.141847
-0.11336
0.14146
0.0215958
0.403684
0.313192
-0.10676
-0.0423915
-0.231991
-0.00252229
0.0708923
-0.15831
0.122614
-0.023517
0.1168
0.12874
0.0752663
-0.0244914
-0.175966
-0.288104
0.167134
0.268672
0.126433
0.06986
0.22433
-0.376276
-0.274974
0.00608512
0.208061
0.0233029
0.206041
-0.0088236
0.0872177
0.136384
0.316381
0.00149522
0.122645
0.0238797
0.0173248
-0.0428527
-0.06282
-0.0399617
-0.0897896
0.306721
0.272304
-0.0538591
0.412867
0.019209
0.185223
0.0937659
-0.214357
-0.450528
-0.279851
0.000547614
-0.00698508
0.288128
-0.0759533
0.151399
-0.0981748
0.142687
-0.111817
-0.150497
0.213063
-0.0425309
-0.0611545
-0.0448778
-0.0782738
-0.254317
0.128708
0.333246
0.30976
0.0559344
-0.0028068
-0.21946
-0.317584
-0.198357
-0.0866398
0.155476
-0.00307524
0.0166469
-0.132799
0.066391
0.0105413
0.249531
-0.350763
-0.447576
0.0354863
-0.125963
0.0120097
0.105018
-0.238089
-0.0540322
0.012182
-0.158913
0.1825
-0.0427858
-0.191255
-0.0792473
-0.259006
0.122963
0.110116
0.0988728
-0.000498035
0.0786634
-0.108917
-0.179745
-0.0568391
-0.0924153
-0.0963193
0.0323475
0.176933
0.0232814
-0.15147
-0.208664
-0.174461
0.098249
-0.141101
0.307783
-0.0397205
0.0612615
0.409768
0.194405
0.0609347
-0.252192
0.0828121
-0.0684836
0.00936563
-0.0868381
0.0755408
-0.0330514
-0.0656099
-0.266186
-0.0724085
-0.131088
-0.107542
0.221756
-0.11481
0.0453034
-0.0235835
-0.215423
0.0590874
0.173244
0.179161
-0.0778704
-0.090769
-0.113842
-0.33008
0.00114564
0.163874
0.0932944
0.285415
-0.0823617
-0.178737
-0.100502
0.0861313
0.241092
-0.0763505
-0.3416
0.202482
-0.107225
-0.0265536
0.22899
0.238251
-0.0926799
0.0850041
0.107405
-0.168076
0.219004
-0.0988925
0.10481
-0.0657587
-0.0242105
0.0499911
-0.273833
0.0670651
0.264954
0.222609
0.118194
-0.217447
-0.126365
-0.0901433
-0.310726
-0.36766
-0.0503394
0.11806
0.154062
0.174517
0.244754
-0.140615
-0.379644
0.106498
0.160515
-0.274081
-0.103158
-0.0696106
-0.0211693
-0.0908343
0.0581119
-0.154993
-0.152481
0.106372
0.177304
-0.142185
-0.180328
0.441431
-0.300115
0.106958
0.472726
-0.0116473
0.0254092
0.348253
0.325555
0.256156
0.0678144
-0.0323764
-0.197663
-0.0955903
-0.292552
-0.323173
-0.00473612
-0.158282
-0.14338
0.112804
0.0490312
0.0439122
-0.074696
-0.116859
0.366648
-0.0750478
0.190017
0.0118206
0.0754815
0.00640419
0.0495246
-0.30404
0.282944
0.0607993
-0.0134643
0.0662488
0.32033
0.139501
0.261368
-0.0708952
0.16997
0.288597
0.298028
-0.0192457
0.233914
-0.0673316
0.1724
0.0329669
-0.249965
-0.172737
-0.0637833
-0.205246
-0.123302
-0.250652
-0.118906
-0.0654961
-0.168985
-0.204959
-0.173918
-0.0932881
-0.133829
-0.187386
-0.32536
-0.0918947
0.0955476
0.0367994
0.0778012
-0.146345
-0.384102
-0.0330162
-0.321668
-0.0374201
-0.159455
0.182164
-0.058532
0.1273
0.0617848
0.0262951
0.114255
-0.156822
0.0400551
-0.16286
0.150452
0.0745645
0.0441039
-0.19511
-0.164511
0.277175
0.0442904
-0.131499
-0.134736
0.182602
-0.148654
0.129659
0.27701
0.0748158
-0.0983718
0.0636652
0.0701138
-0.00811819
-0.0377504
-0.108144
-0.24792
0.147364
0.0682045
0.181874
-0.00957812
-0.214244
-0.0290905
-0.0224805
-0.023361
0.0360709
0.0593945
0.0487717
-0.115351
0.246595
0.0967438
-0.206872
-0.229765
-0.0958699
0.0389849
0.107888
-0.298851
-0.276671
-0.225651
0.174287
0.396831
0.0867938
-0.0529284
-0.0225387
0.0933219
-0.402746
0.0379247
-0.118375
-0.0342313
0.183956
0.170076
-0.0362263
-0.111187
-0.144623
-0.173875
-0.143329
-0.202717
0.030331
0.0605304
-0.0537885
-0.225024
-0.0999028
0.12103
-0.104426
-0.1918
-0.0369354
0.0625869
0.0550055
0.278188
-0.100343
-0.270949
-0.0470526
-0.0610837
-0.0793313
0.0265615
-0.0206998
-0.108103
-0.183401
-0.0570752
0.00317093
0.0617104
-0.40178
-0.342185
0.192655
0.256503
0.0983166
-0.06862
-0.162392
0.109776
0.0686961
0.254412
0.182251
-0.20975
0.116935
-0.151954
0.209964
-0.183156
-0.108564
-0.0405005
0.335156
-0.0323622
0.0616147
-0.195636
-0.0576139
0.0975205
-0.142963
0.0064274
0.0514723
0.101602
0.356918
-0.0907424
0.118701
-0.0303378
0.0815281
0.203472
0.392503
0.265865
0.171248
0.0943346
0.212893
-0.410025
-0.0440394
0.041692
0.0401682
0.0478655
-0.107364
-0.0685951
-0.362776
-0.382813
-0.177053
-0.0260935
0.253685
0.129591
0.263679
0.255297
0.422744
0.13486
0.192463
-0.0075282
-0.238649
-0.153877
-0.138356
-0.0817626
-0.204312
0.257076
0.175707
0.143926
0.00836597
0.249212
0.240003
0.00696447
-0.166386
-0.361736
-0.096541
0.333068
0.337679
-0.151644
0.151549
-0.170648
0.0964647
-0.0226023
0.114513
0.166951
0.015584
-0.0208919
0.0547368
0.0391499
-0.281633
-0.204967
-0.0770987
0.0196787
-0.161915
-0.0627863
-0.0351055
-0.050981
0.251035
-0.00552691
0.191096
-0.117116
0.150976
0.224373
-0.310937
-0.115815
-0.204576
-0.173094
-0.0727225
-0.128169
-0.032562
0.159921
0.0897588
0.0070791
-0.0272125
-0.110192
-0.00265897
0.334372
0.47045
0.297401
0.0599411
-0.218884
-0.153376
-0.307482
-0.100629
0.32453
0.115523
0.0328039
0.143189
0.17927
-0.31577
-0.337464
0.0632887
-0.0286021
0.0800741
0.0085657
-0.0228554
0.194133
0.31088
-0.00851239
0.105612
0.244418
-0.0935642
0.320649
0.169069
0.285213
0.0921788
-0.370782
0.183498
-0.0861419
-0.445074
-0.235111
0.17364
-0.0658498
0.191502
0.0569128
-0.0606188
-0.0429101
-0.0878446
0.140748
0.191225
-0.0811339
0.0972495
0.166831
0.0637148
-0.138832
-0.260779
0.287322
0.174708
-0.100816
-0.176613
-0.21372
0.0024963
0.0876271
-0.0349789
0.100741
0.245974
-0.12966
-0.0426603
0.101354
0.35519
-0.0139512
-0.164303
0.0389465
0.284618
0.242781
-0.0300089
-0.100147
-0.190971
-0.159019
-0.304776
-0.167457
-0.434899
0.0477897
0.090829
-0.038756
0.121704
0.101777
0.273495
-0.0919761
0.0975713
-0.212661
0.0350869
0.10507
-0.0544831
-0.131898
0.149168
0.0236931
-0.116824
-0.214568
-0.265193
0.0113037
-0.324033
0.0950478
-0.0183254
-0.0274529
-0.143539
-0.120094
0.150051
0.0598892
-0.0592339
-0.121695
-0.0731527
0.0927358
-0.0603036
0.319087
-0.114262
0.00289885
-0.186292
-0.0188696
-0.0621593
0.100995
0.123166
0.071852
0.155651
-0.160071
0.0261689
0.232598
0.0358193
0.0404168
0.158283
-0.00369395
0.0490651
-0.177906
-0.154975
-0.0887585
0.105732
-0.0624053
-0.110725
0.26623
-0.127655
0.00214448
-0.0281094
