0 E 13.1715 %
1 T 10.2151 %
2 O 8.03875 %
3 A 7.29652 %
4 N 6.74299 %
5 I 6.61718 %
6 R 5.86237 %
7 S 5.18304 %
8 H 4.88112 %
9 L 3.6231 %
10 U 3.48472 %
11 D 3.14505 %
12 M 2.71732 %
13 Y 2.44056 %
14 C 2.40282 %
15 G 2.33992 %
16 W 2.2267 %
17 F 1.86187 %
18 V 1.77381 %
19 P 1.59769 %
20 B 1.38382 %
21 K 1.24544 %
22 Q 0.905774 %
23 J 0.176123 %
24 0 0.150962 %
25 X 0.125802 %
26 1 0.0880614 %
27 7 0.0503208 %
28 6 0.0503208 %
29 4 0.0503208 %
30 9 0.0377406 %
31 5 0.0377406 %
32 2 0.0251604 %
33 Z 0.0251604 %
34 3 0.0125802 %
35 8 0.0125802 %
