2.41073
3.06161
2.04993
2.11235
4.01764
2.37311
3.26545
2.02163
3.698
6.35692
2.32851
2.07104
5.46473
2.18576
2.31112
2.17604
2.80035
3.44885
3.14916
2.97044
2.11433
2.12213
2.08221
2.83964
2.59972
3.46907
2.4366
2.165
2.09723
3.6446
4.64656
3.05047
2.07979
5.45405
2.61135
5.4005
2.92979
2.51752
3.27458
2.82797
2.46505
2.35393
4.06439
2.43485
2.00474
2.1772
3.16743
2.88577
2.75265
2.07993
5.31799
2.31822
2.28932
3.07306
3.3284
2.1443
5.74045
2.03889
2.6352
3.13862
5.16012
3.00652
4.14083
2.46564
2.67815
6.75883
2.75668
2.61552
2.8321
2.64562
3.9532
2.6588
2.58674
2.113
3.74931
7.64358
3.03043
2.36143
3.61378
2.77149
2.1604
3.74825
3.8858
2.45327
2.38179
3.20317
2.097
2.00526
2.45068
2.5046
2.35054
2.15593
3.70385
2.05718
2.37849
4.09615
4.28046
2.03251
2.89753
4.00125
2.17066
2.78144
2.40554
2.54926
2.43745
3.20033
2.76092
2.07111
4.63246
3.23687
2.69562
2.84041
6.44393
2.74298
2.05209
2.0044
2.26588
3.23508
7.11906
4.32097
3.19689
3.78777
2.12192
4.86188
3.32346
2.15166
2.30846
2.35615
2.14805
3.63625
3.37473
2.12555
3.73814
2.7462
2.99374
2.20136
5.12617
3.45184
2.18411
2.3482
4.7333
2.51967
5.4706
2.49941
2.17375
2.09465
2.06888
5.13175
5.16589
2.06353
2.83007
3.20796
2.91589
3.35537
6.98107
2.13692
3.58956
4.01535
2.0544
4.67716
2.88733
2.56669
4.12614
3.66713
2.04125
2.29414
2.71802
3.26307
3.00293
2.52029
3.16684
2.05527
3.47212
2.38555
3.09071
4.12921
2.36222
3.886
2.18911
3.02276
2.65368
2.03909
2.23313
2.57414
2.2464
4.60071
3.50333
2.52616
2.1357
2.12396
2.32648
2.24769
2.17092
2.58247
3.08041
2.21409
2.3724
2.6234
2.02729
2.14918
2.35798
2.13058
3.78195
2.48647
2.85029
2.3423
2.39761
2.0596
2.90249
2.75304
2.55487
2.14272
3.71685
3.75635
2.94853
2.35441
2.26711
2.8935
2.10138
2.16453
4.12129
3.13843
3.73883
3.46048
2.33263
3.45171
2.76583
2.18286
2.18867
3.57884
2.69556
3.25319
2.5205
3.75194
2.12344
6.01198
2.71471
2.05922
6.12242
2.11149
3.33013
2.31404
3.09754
2.18254
2.03184
2.73908
3.37112
2.99953
3.96685
2.43189
2.44471
2.47399
2.27496
2.28973
3.92039
2.41045
4.74511
3.36932
3.32438
2.34976
2.21216
3.56883
2.78464
4.03034
4.59824
3.80006
3.84539
2.2153
3.53639
2.31684
4.73471
2.44948
5.29139
2.949
2.72159
2.14022
2.21822
2.13239
3.94976
4.80683
3.82512
2.25534
3.41073
3.44561
2.55142
2.56911
3.66423
3.84539
2.95883
2.13629
2.31254
3.57929
5.42645
4.41921
2.04536
2.20065
2.46103
4.03874
2.09501
2.02716
2.98602
2.66727
3.4576
2.38838
2.04395
2.71054
2.46302
2.07271
2.56031
2.77321
2.64958
4.11849
2.58915
3.02361
2.30026
3.04049
3.13273
3.32817
2.54772
2.44081
2.44352
2.06571
4.66612
2.76911
2.14036
2.71602
2.19148
2.49474
3.50237
2.06291
3.28931
2.15486
2.3565
2.18001
2.42547
3.00961
2.32066
2.37462
2.54298
3.15883
4.08652
2.8641
2.54146
2.31095
2.664
2.56042
2.97358
2.01501
2.32966
2.84176
3.18354
2.11518
3.28776
2.11999
2.34764
2.05424
2.42011
3.95514
2.48751
2.4893
3.27731
4.87586
2.49025
3.98312
2.103
3.11647
3.71957
2.1168
2.66566
3.54351
2.97601
2.41031
3.25095
5.30543
3.47759
2.0757
2.35098
3.76558
2.47664
2.72499
2.78244
2.29644
4.46661
2.66158
3.65732
2.27568
3.24722
2.75155
2.35141
2.13308
2.53227
2.24961
2.36178
2.61507
2.7025
2.17226
2.42524
2.33404
2.96521
3.23372
2.03956
2.10368
3.30427
2.03589
2.16352
2.38264
4.44316
2.55164
3.3704
2.66371
3.86825
2.6015
3.63219
2.02466
3.06515
2.0235
2.27455
3.7067
2.391
3.6361
3.25405
2.49119
2.31446
2.10253
2.17262
5.12826
2.33157
3.08573
2.51425
2.19715
2.60044
2.80001
3.7397
3.73381
2.30361
2.60228
2.55636
2.19111
2.68818
2.92617
2.26759
2.59517
2.12627
3.52862
2.57718
2.00551
3.44898
2.5519
2.19096
2.97658
2.04465
2.48097
2.43566
3.00402
2.29206
2.47511
2.60038
2.20847
3.23016
3.08446
3.058
2.5863
2.37015
4.4254
2.30925
4.84284
2.75674
4.45909
3.67167
5.47848
2.61954
2.05379
3.18195
2.19433
2.07943
2.13301
3.8864
2.27355
2.47296
2.77751
2.35571
3.82891
2.84701
2.53196
8.38984
3.39398
4.82108
2.86969
4.1094
2.37938
2.79865
2.10602
2.72967
2.07307
2.62654
2.25267
2.38255
3.83539
2.97958
2.51767
2.93865
2.04852
2.02431
2.45471
2.87656
2.76105
2.47526
3.37836
2.63266
3.11294
4.33917
2.48151
3.8112
2.05831
2.48815
3.23194
2.63037
2.77692
2.21069
2.47752
3.10305
4.35931
2.44509
2.86338
2.59379
5.17388
2.64248
2.07686
2.62676
2.37511
2.53347
2.82136
2.16298
3.07592
3.15012
2.34959
4.29793
3.54609
2.62551
2.87086
3.45237
2.16658
2.04083
2.12271
2.76925
2.31672
3.38431
3.33175
2.9417
3.21
2.15294
2.92848
2.86475
4.66568
2.62831
2.43231
4.57754
4.42644
2.1862
2.23333
3.29554
2.81693
2.79655
3.13282
3.61547
5.23246
2.24906
3.38565
2.18063
2.9543
2.81755
2.23448
2.27063
2.5863
3.43543
2.06506
3.14608
4.1757
3.21503
2.96505
2.36472
3.87321
2.24468
2.27834
4.31354
3.46814
6.16473
2.40216
2.61557
3.02736
3.10766
2.74703
3.04308
2.20143
2.62442
3.23319
5.14654
2.0147
3.19396
3.58225
2.57419
2.10439
3.08428
4.05077
2.52901
2.23086
2.39525
3.21565
2.09073
3.23929
2.0738
2.14723
2.62705
2.67282
2.12568
2.57425
2.60944
2.23383
3.6446
2.09133
2.91353
3.45616
2.46369
2.08909
2.36988
2.21993
2.46758
2.30125
2.04577
3.56211
2.60876
3.0496
2.35881
3.30236
2.82004
2.62568
3.87659
2.01173
2.31739
3.11424
2.1003
5.1812
2.61202
3.29275
2.0338
2.05556
3.76398
2.66477
2.90996
2.57751
2.93865
3.86018
4.49026
3.6594
5.05764
2.10347
2.38793
2.02159
2.31697
2.90693
2.73978
2.17775
2.12974
3.18195
4.10038
2.50505
3.70017
2.78357
2.14663
2.41087
2.54115
3.42471
2.8781
2.29026
2.28651
2.6476
6.00359
4.0227
2.9505
3.86155
2.23371
2.0599
3.875
2.66045
2.02122
2.22393
2.4711
4.73002
3.75194
2.65151
4.74179
3.01372
4.12486
4.45021
2.91551
2.61275
3.68606
2.52003
3.52343
2.37835
4.31942
2.83238
4.00419
4.45021
5.24962
2.96337
2.94798
2.1495
2.38045
2.1806
2.01895
2.13378
3.21926
2.0736
3.41789
2.78037
2.79527
2.32256
4.12537
2.12818
2.6877
3.61087
4.56397
5.20049
3.01836
3.31183
2.07979
3.00552
2.34808
2.62039
2.87188
3.03816
3.5909
6.21097
7.50683
2.27239
2.17965
2.67671
2.68582
2.12396
2.07663
2.09166
4.05577
2.10033
2.03285
4.18542
2.448
2.23963
2.18499
2.32488
6.65097
2.41064
2.77235
2.97528
2.85129
3.58597
2.4301
2.23279
2.02097
2.0695
2.02766
3.14053
2.1349
2.05931
2.70318
3.57515
2.64126
7.06446
3.09116
3.24468
2.99531
2.636
2.38757
3.14522
2.33089
3.13748
3.10747
2.39244
2.61
2.42645
2.87349
2.4375
2.7116
2.54873
3.15369
6.59506
2.00634
2.03462
2.90656
3.8647
2.19983
3.42497
2.2987
2.86642
2.11177
3.30247
3.36226
2.09468
2.27729
2.90542
2.61914
2.74549
2.74575
4.501
2.1719
4.31694
3.01574
5.15224
2.98186
2.92871
2.98267
2.59816
2.73621
2.82456
2.73799
2.46413
2.22752
2.4317
2.13259
2.24949
6.94614
2.05045
2.88755
4.03664
3.43299
2.08976
6.88779
2.67665
2.30158
4.165
2.75097
2.9593
2.09337
2.8792
2.64306
3.78377
3.25106
2.93103
2.94562
2.18103
2.57968
2.44285
2.26242
3.1534
3.37655
3.9675
2.50298
2.40705
4.23609
2.82289
2.9406
2.81403
2.20536
2.14261
2.80772
3.24468
3.84984
2.75844
2.04026
3.82512
3.78905
2.09642
3.82171
3.54194
2.94319
4.9754
2.79838
2.27729
2.1628
2.82344
2.16864
3.19517
2.20431
2.96369
2.53754
4.02918
2.0577
2.12517
3.49991
2.96361
2.08626
4.14187
4.61229
4.30402
3.90674
2.37858
3.11331
3.41789
2.41451
3.06488
2.33017
4.47855
2.31646
2.75726
5.24413
6.44653
2.96995
2.08646
2.93452
3.79767
3.0787
2.57838
2.69801
2.10703
2.6213
3.76487
2.11173
2.64888
2.3176
2.11385
2.90542
3.16049
3.00169
6.13188
2.38663
3.44509
3.19901
3.27742
3.68639
3.00552
2.96666
2.92025
2.76216
2.748
2.53895
4.65088
5.37699
2.30754
2.2827
3.95062
2.33149
5.00576
2.62877
3.70687
2.18407
2.08713
2.52399
3.81083
2.00686
3.02719
2.29083
2.71346
2.06376
2.17237
4.73753
4.80431
3.70536
2.38497
2.62796
2.48221
2.15021
2.13298
2.87546
4.54707
2.49895
2.13892
2.1523
4.52548
2.22772
3.67688
2.15568
2.80191
6.82502
2.88903
3.74738
2.20311
4.96588
2.70262
3.15631
4.26124
2.93328
2.16223
4.16102
4.42093
3.09901
3.65636
4.44456
2.26107
2.25799
2.4981
4.59906
2.27047
2.08593
2.18466
3.08266
2.85036
2.27159
3.83673
2.42884
2.04303
2.36609
6.33339
2.69985
3.88239
4.73565
2.51793
2.02365
4.60153
4.53661
2.4831
2.67689
3.09965
2.19137
2.58762
2.09267
3.62596
2.20259
2.8463
2.02128
3.35455
2.14741
2.62614
4.10789
2.13738
2.44843
3.98312
3.69118
4.50547
2.25842
2.56438
5.64608
3.35266
2.20806
2.35132
2.04469
3.81195
2.09585
3.22828
2.47364
2.41812
2.58674
4.23267
2.80963
2.24453
3.42395
2.98218
3.68228
2.87987
3.09517
2.75928
2.28015
3.46589
4.49765
3.13159
2.17208
3.64539
5.72388
2.61236
2.77638
3.30292
2.36135
2.39979
6.05858
2.46146
2.04296
2.52327
2.01668
2.0146
2.25078
2.62517
2.26951
3.00735
2.17132
2.4524
2.14377
2.01851
2.2147
2.59678
2.04398
2.82491
2.59478
4.75705
2.1052
2.01086
3.27621
3.73675
2.99152
4.65261
2.23106
2.45231
3.95665
2.19663
2.20618
2.96674
2.46612
2.20438
2.42328
2.15422
2.22856
2.33395
4.02895
2.35724
5.93727
4.46266
6.05858
2.33293
2.0191
5.00576
2.0928
2.39811
3.55327
4.88565
2.16054
2.2048
3.01003
2.85022
2.65298
2.4401
2.2069
2.06022
2.95319
2.15629
2.3972
3.90633
2.47816
2.04306
2.18878
2.43292
3.92435
2.65686
4.53506
5.07401
2.43854
2.68026
2.02156
2.22001
2.13019
2.3473
2.75824
2.3548
3.82834
2.40207
2.09915
3.89652
3.08835
3.80154
2.56459
5.40324
4.38218
2.48053
3.42231
3.08744
2.0444
2.73716
2.03509
3.32932
2.18507
7.07417
2.58143
4.80936
2.93429
2.81693
2.0108
3.34349
3.54237
5.90797
3.6167
2.51921
2.06097
2.21519
2.74331
3.40499
2.96842
2.20121
2.03709
2.36038
2.18867
2.91353
2.90981
2.11779
2.69446
3.09171
2.36104
2.12572
2.96082
2.46442
2.90928
2.25518
2.96401
2.74936
2.31504
4.61437
4.57754
3.09144
3.90141
3.4321
2.04888
2.4333
3.583
2.45533
2.81845
4.80028
2.48092
2.53822
2.49084
2.3053
3.2772
2.26425
2.14469
2.42524
3.49391
2.40106
2.76609
2.97974
3.65572
3.22277
3.35443
3.30214
2.18092
2.13012
2.85811
2.43424
3.52511
2.21754
2.52008
2.28387
2.42739
2.79351
3.6457
3.94506
2.7054
3.68392
3.10075
3.02625
2.01898
3.54924
4.11748
2.94405
2.33767
2.64416
2.34669
2.10884
2.14953
2.43878
2.07153
2.41354
2.35319
2.9494
2.10948
3.51812
2.54535
3.0026
3.10664
3.79528
2.14025
2.76635
4.71423
4.41579
4.82983
2.03307
2.71896
2.5117
2.639
2.49699
3.24489
2.84126
4.13746
3.51022
2.95287
4.51789
4.32128
3.48349
3.10701
2.05228
2.49735
2.38937
4.8371
2.77512
3.71838
4.72488
3.11127
4.08701
2.85315
2.46491
2.36807
7.12932
2.69415
3.02616
3.11461
2.53587
2.91666
2.81121
2.50152
2.78317
2.30179
3.03497
2.35872
2.15643
4.9814
3.22943
4.22614
2.77274
3.45838
3.49418
2.8395
2.75078
3.47
3.49418
3.48094
2.95573
2.61891
3.10895
3.17956
2.72449
2.46137
2.44328
3.14742
2.71477
2.11358
2.12368
2.06695
3.12668
3.75194
3.99159
2.62181
2.69623
2.63485
2.02741
2.39389
4.99473
3.30765
2.35046
3.58018
2.64184
2.12206
2.03782
2.85344
2.02908
2.04112
3.09007
5.32986
2.94727
2.40733
3.29632
3.20205
2.44281
2.08556
2.01801
3.44846
3.26588
2.22164
2.63025
3.8204
3.45393
3.05739
2.11494
2.71515
2.16173
3.31195
4.28465
5.11373
3.27556
2.3053
3.11684
2.20199
2.49104
2.2324
2.01917
2.80717
2.22764
2.69446
2.41997
3.20114
2.26258
2.88127
4.48037
2.69942
2.24554
2.72796
2.20266
2.36917
2.93274
2.05479
2.11594
8.75957
4.46446
3.02761
3.89571
2.11813
2.01609
3.21761
2.74222
3.03214
2.43081
2.12957
2.46836
3.21205
2.91597
2.41391
2.09277
3.0648
3.96358
5.93884
2.85552
4.83866
3.76844
2.4975
5.18341
2.21905
2.06845
2.0121
2.09804
3.88279
3.73122
5.95305
2.45053
3.80451
2.7067
4.20738
2.05353
2.9661
2.33861
2.08629
2.0796
2.13221
4.17974
2.52353
2.41738
3.50333
2.08779
3.8021
2.73328
2.3667
5.21787
3.83558
2.75084
2.57382
2.5473
5.25593
2.6511
2.16781
2.03081
2.57133
2.4983
3.1979
3.10932
2.38897
2.60524
4.49469
2.08656
2.02272
2.09106
2.18735
3.63563
2.89268
3.00593
2.5288
2.76944
3.40773
4.55529
2.95398
2.6382
2.05379
2.67743
2.24781
2.97804
5.58814
3.49908
3.24182
3.13112
2.76301
2.00772
2.03244
2.50036
2.20615
2.1411
5.13736
2.11385
2.59783
2.72688
2.10067
2.41715
2.2194
3.31706
3.14867
2.07045
6.04281
2.20068
3.61164
3.08185
2.40038
4.05125
2.22504
2.05154
2.47629
2.09653
2.48468
2.13602
3.60569
2.35885
2.0757
4.56914
2.47732
6.12619
3.45184
2.90603
2.21833
3.46193
2.69581
3.38883
3.4593
2.89059
2.69795
2.14494
2.10795
2.1876
3.9254
2.26194
2.04612
2.9417
4.04392
3.50347
3.76078
2.42907
2.36613
3.44044
2.26631
2.37391
2.07643
4.31911
2.32226
2.67264
2.94428
2.15351
3.61424
3.38981
2.8538
2.26512
4.61729
2.18118
6.80247
4.04746
3.2375
2.96393
2.80008
2.64335
5.1812
7.13449
2.17946
2.1088
2.90641
3.25876
2.65292
2.82233
2.64906
4.54357
2.65403
2.23618
2.06989
2.05186
3.84442
2.76655
4.17812
2.14405
2.21803
5.61272
2.14057
2.81894
5.13035
2.05857
2.46554
2.90128
4.02941
2.50505
3.35846
2.60787
4.73753
2.74658
2.72676
2.22001
4.07381
2.16619
2.66181
2.22703
3.45799
3.83425
2.03785
2.82518
2.05469
3.04404
2.449
2.11958
2.7426
3.48201
3.04916
2.57019
2.65222
3.24013
3.32667
2.83245
3.17976
5.74561
2.05812
3.3054
2.43651
4.42678
2.4526
3.95363
2.99928
2.9468
2.06087
2.20315
2.02675
2.70071
2.89022
3.14253
2.16853
2.92432
3.59676
3.04812
2.14921
6.44653
2.99259
2.23529
2.27031
2.72273
2.11958
7.68764
4.23981
2.36622
2.00717
3.77978
3.86431
2.0576
2.03626
3.05809
2.59844
3.0695
2.10731
2.67575
4.27927
2.2373
2.51043
3.43568
2.58718
4.72675
3.73398
3.09508
2.42351
6.85984
2.86707
5.48842
2.9944
3.60919
2.5355
5.19006
2.47443
3.70134
2.4384
3.78504
3.05906
2.45996
2.47124
2.39606
3.41223
2.72714
4.27243
3.92708
4.86241
2.75227
2.7255
4.58967
2.31592
5.18858
4.15101
2.15911
3.31729
4.13127
2.13773
2.86454
2.3878
2.36587
3.33603
3.25042
2.22638
2.36785
2.34665
4.15284
2.98292
4.25279
6.34274
2.44566
3.40077
2.17513
2.35475
4.62358
2.05244
3.33071
3.4218
2.25905
2.50576
2.0837
2.22012
3.01129
2.8468
3.03781
2.4891
5.22937
2.32365
2.57279
2.65222
3.38285
2.42856
2.0011
2.1664
2.65362
2.37466
2.4991
4.0484
2.53555
4.83242
2.12323
2.16338
2.51619
5.54917
2.92324
2.30841
2.53436
3.00677
2.28294
2.31559
2.07837
2.17382
2.7357
3.46563
2.00818
4.29702
2.24816
2.38108
2.26075
2.28023
2.42631
4.11875
2.52973
5.60035
3.16429
2.27934
2.31781
2.21982
2.89821
3.54566
4.18488
2.83295
2.00637
2.73245
2.21541
3.99539
2.31659
3.59285
2.64318
3.18324
3.34197
2.95113
2.10887
2.44447
3.25801
4.15363
2.40052
3.01507
3.53526
2.94806
2.49154
2.87796
2.01913
2.45755
3.22402
2.02147
2.14441
5.09873
2.69568
4.08676
2.10618
3.23613
2.78692
2.02103
2.28505
2.35232
2.45934
3.47439
2.50946
2.58789
3.21298
3.19215
2.05999
2.69299
2.55355
4.34584
2.20686
2.25747
3.59646
2.59622
2.91673
3.36119
2.32412
2.02644
2.71833
2.00883
3.14072
2.92363
2.30796
3.44638
6.10746
2.16047
3.45629
2.41469
2.76602
2.11861
3.13662
2.24761
5.50454
3.67525
4.08039
3.57103
2.91414
2.4976
2.2324
2.1897
2.82303
2.66626
2.11889
2.72222
2.71746
2.3264
2.08643
3.2432
2.15251
2.084
2.78652
4.33948
2.33964
2.11378
2.17425
3.14522
4.84652
2.90565
2.10232
2.52503
4.44809
4.57113
2.34803
2.80594
2.59451
4.21294
2.28011
2.60535
2.84445
3.666
2.42249
2.52255
2.57387
2.86099
2.39403
2.67972
2.65774
2.43325
3.63469
2.04984
3.00719
2.0409
2.67073
2.2005
2.49139
2.23106
2.05721
2.28359
2.00563
2.8694
2.29328
3.13767
3.02497
3.72795
2.27862
2.10199
3.07503
3.16351
3.23163
2.07923
4.64013
2.30804
3.53484
2.71011
2.48557
2.56208
2.38286
4.85232
2.97189
2.19296
2.68418
3.70738
3.69036
5.82071
2.4688
2.00444
3.37473
3.90777
2.42309
2.75805
2.23572
2.28408
2.05789
4.92866
2.8806
2.60865
3.79399
2.198
3.99181
3.10194
2.13284
2.40838
4.23895
2.42683
8.27004
2.37711
2.15472
2.08231
2.26927
3.11256
3.39226
2.77327
2.0401
2.95875
2.16123
3.38346
4.18163
2.83119
2.03731
2.32433
2.86063
2.14854
7.73373
2.73455
5.83473
2.03579
2.73417
3.39941
2.7522
3.08455
3.3124
2.0796
2.00692
4.80885
2.89119
4.69101
2.94821
2.21401
3.94912
2.41553
4.14213
2.73665
2.91216
2.71384
2.64964
2.84098
2.70571
6.5771
2.46098
2.08956
3.80339
7.97834
2.61118
2.22424
2.24044
2.11207
2.16442
3.62024
2.1335
4.5848
4.94594
4.74416
2.40806
4.82057
2.74626
2.99152
2.05058
2.19225
2.52994
2.04459
2.08161
3.66037
3.26188
2.45356
3.58627
2.58247
2.0083
2.40403
2.18041
2.12392
3.71007
3.73277
2.98774
3.6562
3.87819
2.48642
2.1223
2.67749
2.45149
2.14532
6.29238
2.61857
4.00736
4.57714
2.17074
2.06973
2.70862
2.19096
2.23529
2.71815
2.40673
2.35371
3.43954
4.01649
3.92708
2.11081
4.1341
5.33499
6.17659
2.10134
3.65716
2.39802
4.21742
2.06545
3.63203
3.55761
3.44574
4.18488
2.44833
4.94361
2.0588
5.07599
2.90769
2.14635
2.24227
2.08466
2.08719
2.04756
2.57095
2.47203
4.46374
3.08627
2.64807
4.49765
2.32142
3.10969
2.06924
3.1297
2.36082
6.852
4.48769
2.86918
2.75285
2.9284
4.26359
2.13221
3.08781
2.3521
2.48324
2.57198
2.0191
2.73748
2.40472
2.23344
2.43745
2.00309
2.08792
2.49905
2.52405
2.28505
2.59196
2.07202
4.46697
2.98015
2.09639
2.50485
2.48443
2.17549
3.52497
2.04769
2.52921
3.27131
2.63721
2.03718
3.71719
3.22745
3.61409
2.43618
2.52193
5.55449
2.03446
2.34041
2.82303
2.04763
4.92981
4.12155
2.83147
2.50632
3.26242
2.47149
3.76934
3.73588
2.41266
2.12565
4.01764
3.13776
2.8854
3.42155
2.30941
2.06256
2.08886
2.23754
2.62317
2.9735
2.63537
2.28278
2.88245
2.19473
2.26016
2.14208
2.15654
3.32506
2.22687
2.26995
4.01283
2.14434
2.37214
6.04804
2.57718
4.73753
2.72235
2.08165
2.60557
3.22568
2.82212
2.54089
2.40522
2.49184
2.75136
2.82185
2.70065
4.06079
3.2564
2.22301
2.98267
2.61135
4.23181
2.74196
2.14532
2.41299
2.61637
4.05648
4.2421
3.54982
2.76216
2.91949
2.24941
2.19733
2.68098
2.81997
2.09824
2.72291
2.03364
2.08304
3.57943
2.94217
2.25047
4.2589
3.52637
2.90346
3.00894
4.19579
2.08912
4.13127
2.07258
2.07458
5.4199
2.30555
4.06728
3.2518
2.20162
2.35076
2.56159
2.01513
2.85617
2.9558
3.73727
2.26839
2.37929
2.43953
2.24957
3.16058
2.80614
2.37755
6.29015
2.67401
3.45563
2.0309
2.08906
2.71259
2.89335
2.54952
3.54166
2.44958
2.52014
2.16525
2.22576
4.50585
2.62614
2.44557
3.21709
2.21451
3.89429
4.74037
3.30923
2.03579
2.01786
6.04281
2.03077
2.74017
2.28639
2.96859
4.06223
2.63606
3.37836
3.58419
2.2789
5.04154
3.19477
2.27934
2.84787
2.28708
2.03959
2.32547
2.01349
2.13948
2.30866
2.76065
3.71906
3.97848
2.00293
2.42612
3.78123
4.02895
3.08998
4.58237
2.93943
2.57555
5.12062
4.72955
2.3063
2.47688
2.74446
3.24077
2.66763
2.05051
2.72046
3.19517
3.77203
3.01726
2.37991
2.36807
3.41587
2.14628
2.37795
3.87539
2.70818
4.07066
4.06055
3.051
2.34458
2.05705
2.46108
2.11388
3.96707
2.1973
2.8188
3.24193
5.57063
3.42193
2.03099
3.60828
3.57221
2.28883
2.05547
2.15754
3.41575
2.89611
2.89716
2.04558
4.63203
2.29206
3.42827
2.06418
2.46958
2.25
2.71833
2.10256
2.95208
3.63657
3.83367
4.46589
3.0107
3.1535
2.30142
3.63437
2.7977
2.09942
4.08308
2.74543
2.47614
2.83512
3.55515
2.20596
2.0409
2.12275
2.16557
2.25526
2.0337
2.35488
3.0026
2.15141
4.08455
2.03292
2.85101
2.1356
3.67655
2.88718
3.00019
2.32771
3.80432
3.1025
2.20832
2.72834
2.76007
5.34532
2.32471
4.14865
3.69483
2.12385
2.44523
2.47536
2.04823
2.61399
3.15244
6.12242
2.88481
2.65833
2.78478
2.03115
2.38703
2.51369
2.21175
2.84488
2.18286
3.35727
3.21647
4.33822
2.12454
2.43311
2.8686
4.56477
3.77149
3.33337
2.419
2.56031
2.37791
2.15501
4.63884
2.07124
3.3198
2.3245
2.1783
2.06399
3.89713
2.06908
2.07907
2.45226
2.18668
2.49659
2.44105
2.55248
2.33259
2.17873
3.29732
2.22397
2.60362
3.14598
2.70961
2.85566
6.47828
3.06985
2.18632
3.83329
2.5316
3.696
2.14518
2.51634
5.63214
2.69251
2.98996
2.45929
2.7502
2.15106
3.87241
2.16241
2.3813
2.05276
2.26194
3.50801
3.14646
2.53514
2.13535
2.05176
2.27151
4.1104
2.93701
2.19722
2.77804
3.13967
3.37957
2.11146
3.53781
3.14406
2.12759
2.13193
2.80648
2.28189
3.63563
5.67937
2.16907
2.4196
3.19527
2.07278
2.88215
3.61332
2.467
7.76244
3.0051
2.11132
2.38488
5.26788
2.18882
3.06179
3.58642
2.40605
2.17469
4.05983
2.11525
4.72395
2.49885
2.10222
2.89723
2.27488
2.73519
3.00335
2.05669
2.15997
2.47939
4.22614
7.84331
2.61416
2.17888
2.01389
2.44982
3.36298
2.59644
4.16235
2.12257
3.34232
3.02992
5.04795
2.5473
4.63799
3.86529
3.36489
3.24034
2.65497
3.14435
2.6963
2.52549
2.19481
2.13791
3.74475
2.95366
2.70546
4.00351
3.39472
2.70818
2.84013
2.19551
2.16886
3.4353
5.0531
5.15796
4.16527
3.41123
2.27552
3.6854
2.79913
3.9008
2.34656
3.84636
2.42776
2.73627
5.67094
2.06506
3.90428
2.98594
2.65105
2.09317
2.16702
2.90136
4.28615
2.02478
2.339
3.5903
2.23665
2.15686
2.36878
4.4598
2.38834
2.48369
5.39867
2.81431
2.40715
2.16493
2.44728
4.5051
3.17907
2.76793
2.66448
3.43761
2.44276
2.48811
2.08145
2.71166
3.13159
2.42081
3.10886
3.21843
2.10128
2.3947
2.28574
3.06994
2.46374
2.71671
2.57653
2.74145
2.5857
2.42067
2.92732
2.96859
2.98439
2.90279
3.55025
2.28221
2.30576
2.01941
4.0777
3.58151
2.71802
2.97674
4.41306
2.58208
2.53279
2.08976
5.23866
2.20188
4.26242
2.44728
2.56101
2.71241
4.15521
6.94614
2.26931
2.68606
2.16151
2.19648
3.43902
2.8923
2.07695
2.10395
5.61953
4.08112
5.97231
2.82763
2.94798
2.10341
2.1989
2.66763
4.24182
2.26919
2.50243
2.27858
2.85926
4.14786
3.27218
2.52451
3.86116
2.28161
3.46854
4.8972
4.18978
2.01562
2.19011
2.4236
2.91194
4.49284
2.07022
3.46615
2.32627
2.2178
3.40574
3.22527
3.51132
3.80506
2.18243
2.21943
5.35927
3.56153
2.36697
2.15049
4.46266
2.00137
2.38009
3.26469
3.45276
2.67539
2.38596
2.64702
2.94052
2.36618
3.27327
2.08616
2.41004
2.91987
2.079
2.35072
3.88319
2.99638
2.27906
2.20405
2.76124
4.91056
4.50472
2.12506
2.54246
2.83021
2.281
2.8247
4.32284
2.51737
3.04135
2.2455
2.62836
3.40561
2.7619
2.74594
2.34656
2.07626
2.03848
2.07265
2.18312
4.13927
2.59672
4.48585
2.90603
2.05405
2.66638
2.53264
2.7533
2.29336
2.07679
2.65686
2.93072
3.909
3.50801
4.81648
2.38286
2.03024
2.81817
4.10088
2.00997
2.5586
6.15495
2.96154
2.11515
2.06908
2.87774
2.35995
2.69691
3.86786
2.64859
2.98096
2.61704
2.50162
4.8345
3.37184
2.01951
2.82275
2.08284
4.54591
2.24546
2.37311
2.27183
4.06463
2.11368
2.40431
2.4023
2.57626
4.74748
2.11429
3.31843
2.73863
2.52327
3.4155
4.16076
4.23267
2.56669
2.53456
2.34101
3.82474
2.31379
2.55978
2.02487
2.26568
2.62141
2.18823
2.61727
2.02716
2.67485
3.28666
2.37333
3.21349
2.73379
2.26425
3.19074
3.30472
2.19841
2.23881
2.43485
2.75779
3.43363
2.86802
3.11321
2.0293
3.3631
3.17946
3.18834
2.29038
2.0622
2.1983
3.37872
2.08609
2.00266
3.90019
3.87759
3.0306
2.19782
2.59467
2.80642
2.46142
2.55424
2.78927
2.54488
2.3482
2.07679
2.43509
3.169
2.85351
2.68582
3.28038
2.51211
3.59165
2.37956
2.14398
2.82714
2.09136
2.22435
4.83606
2.78538
2.82337
3.03695
3.05959
2.42123
2.14773
3.02336
2.78672
4.23609
2.30002
3.04092
2.45466
2.04865
2.78224
3.46973
2.5749
2.55153
4.19661
2.79608
4.4731
3.34971
2.09535
2.30228
2.69007
3.6859
2.62739
2.16342
2.45207
4.07187
2.78404
2.67359
2.95994
2.41622
2.41784
4.06247
2.03068
3.34443
2.30555
3.05888
2.43306
4.23068
2.15333
4.69779
5.50657
2.05241
2.63468
2.00211
2.24173
2.13138
2.411
3.03644
2.07192
3.06144
2.12503
2.23472
2.87891
3.25469
2.56047
3.89429
3.46642
2.43825
2.50987
3.93086
2.27379
3.49268
3.47612
2.61354
2.53129
4.11444
4.09243
2.04239
2.72808
2.44048
2.00911
2.14568
2.24274
5.08396
2.26365
2.14025
2.10666
2.10418
2.15632
2.09945
4.0329
2.72279
3.04473
2.93701
2.56299
2.00275
2.26222
2.02707
3.4155
2.03623
3.68097
2.07274
3.32713
2.386
3.15544
2.16245
3.64634
6.5653
2.79804
2.41271
3.18534
2.85933
2.2656
2.48761
5.26069
2.55865
2.06695
3.19245
3.29364
3.25159
2.64306
3.07924
2.32251
3.16743
3.79326
2.29562
4.21966
2.44833
2.07505
2.39752
3.02268
2.25885
2.10666
2.58279
2.57089
2.25969
2.85051
3.29286
2.13903
2.86085
2.01163
2.93344
4.84494
2.98594
3.85959
3.86411
5.6543
2.55323
2.44905
3.47225
2.13211
2.11872
2.15593
2.14592
2.17052
3.73987
5.94198
2.65727
2.2604
2.29386
3.66924
2.56293
3.01524
2.74504
3.31888
3.64286
2.08204
2.76576
2.87086
7.322
2.22362
2.56299
2.15904
2.58411
3.2902
2.44948
2.75045
3.22195
4.5917
2.19666
3.11424
5.122
3.33557
2.24589
2.99366
2.42631
2.33694
3.89957
2.80362
2.15804
2.11934
4.63246
5.28322
2.04319
4.07503
3.61716
2.40815
2.76203
3.66552
2.05644
2.72128
3.60828
3.3698
2.96521
7.95453
5.54811
4.45873
2.5412
2.98365
2.2119
2.49915
2.22783
3.2049
2.4885
2.53316
3.34092
2.0636
2.16334
2.42067
5.76517
2.18407
3.02506
2.9558
2.52466
3.18784
4.33317
2.48142
2.23858
3.17877
2.7371
2.20132
2.48642
3.76862
2.01188
2.50936
2.68074
3.42776
3.90182
3.55327
2.23808
2.14759
2.8141
3.98312
2.35197
2.36913
3.30045
2.52214
2.17513
2.25779
2.57019
4.46517
3.18824
2.9257
4.20571
2.2471
2.69924
3.80748
3.52947
2.10357
2.21602
3.36214
2.2258
2.16306
4.34488
3.03154
2.76543
3.20276
3.16039
3.55631
2.31408
2.03106
4.85232
3.25823
2.09394
3.28776
2.7653
2.72329
2.19329
2.47457
3.4009
2.8446
2.12551
2.67984
3.50677
3.56547
2.42528
3.66005
3.61716
4.02155
2.66424
4.0204
2.62671
2.88112
2.7707
2.08194
3.47452
3.30169
2.36192
2.0975
2.11762
2.90188
4.95176
3.31319
2.88903
3.11694
2.11289
2.32205
2.32395
2.67894
2.61394
2.49956
2.8378
2.21137
2.16395
2.64812
2.32864
3.70402
7.66979
3.14387
3.12105
4.64441
3.84674
2.57849
2.02588
2.63485
2.02066
3.33522
4.6152
2.71459
2.33451
4.66964
5.25593
3.84346
2.14677
2.48786
4.43965
5.68422
5.14867
3.27109
2.17706
2.85101
3.80618
4.59989
2.5675
3.85901
2.72581
2.18746
2.76727
4.64829
2.44176
2.76157
2.31785
3.6887
3.26772
2.63583
2.16788
3.63578
3.12772
2.35811
2.09784
2.07877
2.64265
2.63704
3.25116
2.43726
2.96329
4.28585
2.60899
2.28189
2.02097
2.18158
2.11954
2.27697
2.10182
3.92791
5.3071
4.87316
2.25546
3.5438
2.17629
2.74485
2.64655
2.63589
2.75304
5.81101
2.00997
2.74215
2.53519
2.16958
2.06243
2.43599
3.4847
2.17899
4.31911
4.10789
2.13374
2.11697
3.22745
2.85926
2.78171
3.44626
3.23508
2.99696
2.40088
2.15362
2.82923
2.62562
2.80314
2.81445
2.39091
2.58126
2.05715
2.17775
4.7037
2.00582
2.17255
2.74337
3.03154
2.07088
3.04473
2.2789
2.30179
4.14135
2.29018
2.18838
2.98528
2.25275
2.26639
2.28145
2.28408
2.14603
2.32336
2.62991
2.62545
2.03709
2.35488
2.07633
2.0931
2.59594
2.4687
2.52745
4.17007
2.17171
2.5049
2.81046
3.82266
2.05876
3.06692
2.24718
2.86157
2.65263
5.91713
4.89279
4.25018
2.33289
2.90203
2.16514
3.3483
2.65868
2.44547
2.05151
2.95612
3.19638
2.78498
4.92184
3.43568
2.23657
3.52778
6.66708
2.05837
4.34488
2.48786
4.14525
2.01907
4.01971
3.0342
2.84865
3.79583
4.97301
2.3538
2.65709
3.61654
2.03883
3.69102
2.34661
2.1193
2.44062
3.04265
3.68557
2.45389
2.7742
2.1085
5.59701
3.27054
3.55848
2.01244
2.59639
2.11142
4.19278
3.76648
2.00517
2.48181
2.40751
2.3933
2.01367
3.9721
2.52008
2.77904
2.27251
2.0976
2.53061
2.15376
2.49224
2.40935
4.69552
3.84307
2.65046
2.90384
2.37019
2.04051
2.74337
3.061
2.20091
2.42463
2.95771
7.88633
2.42351
2.13955
4.12921
2.0321
3.23939
3.44587
2.48632
2.71802
3.05292
3.23929
2.68418
2.86911
2.72342
2.11556
3.33476
2.38528
2.87422
2.02908
3.11787
2.26544
2.29632
2.02644
3.87301
2.80819
3.40973
2.19893
2.36157
3.57132
2.11354
2.29079
3.35136
2.54335
3.2207
2.13609
3.62194
2.11443
2.25349
2.22035
2.80854
2.55227
2.18624
3.84365
3.13462
2.47639
3.85881
3.05677
2.51896
3.38565
2.0052
2.85984
3.28511
2.85861
2.01034
2.96305
4.29793
3.32392
3.2564
2.30138
3.76862
7.49934
4.48512
2.30974
2.30584
2.66662
2.95438
2.01445
2.56309
4.71746
4.13901
2.01907
2.09827
2.98782
2.95232
3.61194
2.8407
2.66822
4.95879
3.41136
3.33638
2.16255
2.99004
2.20881
2.87935
2.65345
2.10585
2.16094
2.35124
2.52487
2.95192
2.28912
2.57409
2.71796
2.12565
2.12099
2.29562
2.26357
2.25854
2.87664
3.0176
2.14982
2.04596
2.50916
3.34337
2.17706
2.11975
2.59644
3.76185
2.18488
2.33968
2.3381
2.48518
3.70687
3.65126
2.04766
5.19974
2.09371
2.41511
2.56047
3.90448
2.48389
2.33421
4.36612
2.1232
2.96714
2.13448
3.62055
4.94015
2.2464
2.10805
2.52611
5.1227
2.48622
5.81654
3.56284
2.48384
2.91605
2.22504
2.56519
3.49649
3.26404
2.26301
2.498
2.16647
2.87869
2.36587
2.12237
2.22787
2.87298
2.59252
2.80403
2.76596
7.76244
5.32986
3.42649
2.72078
2.99012
2.30183
2.9661
3.28071
2.77997
2.22798
3.86411
2.84084
2.45317
3.92039
4.61604
2.07943
2.04427
3.72435
2.19004
2.4892
2.61405
2.05299
2.69556
2.00723
3.65556
2.34441
2.15053
2.40435
2.18217
2.04891
4.23666
2.64527
2.12375
2.35523
2.13682
4.70051
4.11368
3.38237
2.14522
2.13033
3.75741
4.3379
2.02773
2.38367
3.61439
3.38517
3.73294
2.02294
2.13521
2.38771
4.11647
2.34497
3.38456
4.64441
2.39154
2.06761
2.48349
2.4117
3.04075
2.01593
2.08526
3.11852
2.11279
5.11579
2.15319
2.41483
2.1133
2.40453
3.36405
3.28821
2.22355
3.86332
2.26604
5.85326
4.068
3.21812
2.59777
3.05371
3.49445
2.87737
2.01485
2.60635
2.7736
3.50567
5.79867
4.98441
3.91065
2.92493
3.31274
2.55418
4.88729
2.86722
2.91285
3.43248
2.13896
2.5366
2.00456
2.78344
2.8576
2.39879
2.98766
2.25562
4.93611
3.36179
2.59534
2.95105
2.08556
4.11951
2.1028
2.59661
2.44848
2.3264
2.51855
2.48122
4.51637
3.55834
2.82574
2.11149
2.44319
2.05473
3.63955
4.85284
2.12919
2.00741
2.01932
3.06683
2.19897
2.59849
2.18173
3.4843
2.21485
2.21439
5.31128
2.22137
3.5527
3.76648
3.17946
2.50789
2.14212
3.06861
2.82511
4.82467
2.57849
3.5134
2.74202
3.10849
2.84708
4.60112
5.0694
2.3508
2.50404
2.00306
2.09875
3.1432
2.04913
4.77061
3.12885
2.93476
3.41864
3.67704
2.96842
2.35641
2.5114
3.91727
2.24632
2.68328
2.54309
2.31053
3.26081
2.3987
2.33681
2.69532
3.1752
3.76487
2.16144
4.50734
2.14099
2.34454
3.75036
2.58531
3.00402
2.39371
3.61439
2.21959
2.94695
3.84269
2.47193
3.09326
4.74084
3.47853
3.02966
2.53077
4.22191
3.60296
2.54267
4.23637
4.20157
4.06391
3.68755
2.47791
3.6255
3.65014
2.87876
2.76977
2.45577
3.28478
4.43059
3.14282
2.7296
2.98275
3.5924
2.29267
2.1224
4.35834
3.16998
2.76832
4.38781
2.02967
2.77387
2.15241
2.21262
2.23924
4.27214
2.37311
2.03658
2.43415
2.29018
2.80731
2.70349
7.76244
2.2656
3.04066
3.45276
3.03446
3.91147
2.78418
2.68837
2.15084
2.56288
2.23618
2.70219
2.61264
2.47159
4.60855
4.85815
3.05906
2.61535
2.08022
2.0636
2.29582
3.38541
5.66975
4.0541
4.28855
3.98868
3.31945
3.0231
2.59572
3.15195
3.31717
2.9821
2.57457
2.23839
3.21236
5.00084
2.05518
3.18095
5.13947
2.02898
2.6955
3.16478
3.63704
2.58723
5.92329
2.27399
3.15767
3.17501
2.0971
3.55935
2.03352
3.14906
4.81903
2.00456
2.55903
2.56998
3.21957
2.18118
2.05434
3.73571
6.10007
2.32957
5.94198
3.84173
3.11006
2.84666
2.41303
2.26381
3.06914
2.67996
4.02872
4.70051
2.14504
4.98744
4.54668
2.24949
3.5608
3.85685
2.53295
5.43021
3.05924
3.02259
3.48376
4.45695
4.36905
2.0831
2.54936
2.46055
2.53186
3.23897
3.63719
2.26811
2.29701
2.49299
2.71054
3.49336
2.08347
2.52968
2.69685
2.01867
2.65603
2.5454
2.02757
2.24266
2.32336
3.43274
2.18694
2.28745
4.22247
2.55525
3.03781
2.52745
3.11368
2.29148
3.73398
2.55946
2.48632
2.7619
2.76425
2.2186
3.23739
3.15079
3.13986
2.05747
5.76254
2.14783
2.20057
2.08423
5.10825
2.12144
2.35206
2.28611
5.23944
2.54915
3.81626
4.44105
2.068
5.00947
2.38551
2.64952
3.18904
2.00517
2.86106
3.16205
2.49439
2.16248
4.00623
2.56191
2.01343
3.21761
7.46271
2.63175
2.2116
2.80662
2.73978
8.17767
2.29615
2.57073
2.73735
2.58433
2.67647
2.42151
6.08001
2.49885
4.74701
2.26091
2.44595
2.09733
2.79981
2.98406
2.34795
2.48166
2.01836
2.47989
2.05922
2.69293
5.15152
2.14578
3.33789
3.06188
3.79804
3.24701
3.19034
3.46219
2.43906
2.07219
2.40889
2.36341
2.95565
5.58593
3.22495
2.85962
3.56459
2.04555
5.77577
2.60072
3.05748
2.43485
2.3732
3.92352
3.15244
2.19581
2.18963
5.59367
2.08629
2.14543
2.89791
2.86693
2.55865
2.34972
2.56933
2.45914
2.35319
2.61727
2.19837
3.24013
2.94217
2.30406
2.32454
3.39006
5.91713
2.25031
2.8436
2.26198
3.97364
2.58334
3.9053
5.16517
3.44289
2.08742
2.068
2.39516
2.39457
2.32395
2.21451
3.55443
2.72998
2.99514
2.42286
3.17018
3.44263
7.26137
2.11163
2.46195
2.29936
2.99622
3.04794
4.83398
2.31212
2.5852
3.08473
3.02864
3.14752
2.57203
2.92355
2.20158
2.95851
2.0443
2.40696
5.68909
2.39743
2.68606
3.05598
3.11405
2.27725
4.08137
3.37715
4.32658
2.446
2.00988
2.14258
2.97787
3.78177
4.14083
2.06087
6.50002
5.90191
3.16214
5.26229
2.1473
2.79398
2.22956
5.24883
3.69566
2.61886
3.04768
5.04026
2.27805
4.10263
3.01322
2.37307
2.10344
3.66294
2.5897
3.41248
2.08613
2.11044
2.23194
2.48726
4.48146
2.05074
2.22183
2.56492
2.23294
2.52008
4.17974
3.41713
2.08943
2.13801
4.08235
2.9968
2.00618
2.85581
2.54957
3.6187
3.02574
2.61886
3.13301
2.54572
2.29046
2.46491
2.34583
3.73554
2.60479
2.08596
2.83681
3.27545
3.52595
2.67665
3.54637
3.67346
5.34273
2.57106
4.34329
2.46525
2.35397
2.18071
2.24652
3.7177
2.05318
3.51715
2.25074
3.756
2.34015
2.47944
2.28977
5.42551
2.01708
2.26604
2.12631
2.62997
2.08649
3.3149
2.44704
2.07114
3.20083
2.54741
2.32555
2.78344
2.02738
4.19059
2.52973
4.20157
3.2468
3.47252
2.9479
3.35313
3.5268
3.19477
2.45987
2.02378
3.66471
2.53733
2.76445
2.4733
3.40325
4.33474
2.13717
2.50703
2.46827
3.32886
2.4301
2.23325
3.01794
2.68552
2.6412
2.51104
2.023
2.71677
3.50018
4.10739
2.10792
3.15447
2.17106
3.00627
2.441
3.26113
2.89933
6.1243
2.86969
2.68038
2.11656
2.35449
3.69666
4.53776
2.51466
3.43967
2.23036
6.26378
3.47279
2.20892
3.12236
2.40015
2.75525
2.53503
3.92624
2.1181
2.78578
2.39765
2.1565
2.58498
2.04472
2.03798
2.39448
2.19685
2.48379
2.25051
2.97966
2.41511
4.26506
2.22141
3.03017
5.06089
2.68636
3.32243
2.05685
2.89081
2.21788
2.13235
2.64678
2.47703
2.1964
2.89701
2.53118
3.54695
2.91864
2.72197
3.19024
4.6457
3.46022
2.73157
2.38072
3.24309
3.82853
6.32413
2.04811
2.85172
3.30991
5.97881
3.49377
2.11965
2.43504
2.15326
5.01257
2.47939
3.99226
2.85101
2.04427
2.12936
2.06885
2.29467
2.56256
3.34724
2.9987
2.01721
2.94515
2.33289
2.33404
2.89618
2.17505
2.23198
2.96722
3.58389
2.38636
2.24859
3.22402
2.43095
3.03669
5.8277
2.12565
2.51084
2.91536
4.46481
2.85696
2.25692
2.72815
6.40822
3.75724
2.24546
3.76576
2.97189
4.94535
2.93678
5.3096
2.99605
3.17877
2.02823
3.76185
2.51129
2.08596
2.49074
2.32454
2.11635
3.94805
2.14479
2.63525
2.32513
5.41431
2.5224
2.76059
2.52642
3.38565
2.12853
2.5422
2.03216
5.17607
2.73544
2.48835
4.22135
2.33673
2.25396
6.76597
2.92263
2.80403
2.34286
2.00284
2.73442
2.22752
2.42393
2.16237
2.13581
2.32936
2.35497
2.11122
3.23068
2.73176
3.12039
2.94342
2.91368
3.29989
2.09753
2.16399
3.55428
2.11536
4.8502
2.08882
2.16785
3.12687
3.38346
3.00443
2.12288
2.54099
2.3653
3.02582
6.03071
2.4734
2.06793
2.7067
3.53229
2.34161
3.87938
2.21651
3.95212
4.88894
2.47443
3.33209
5.82071
4.57594
3.21452
2.12579
2.36468
4.06391
2.00024
5.69768
4.89444
5.23014
3.71481
6.07821
2.48043
3.15495
2.34734
2.45572
2.89193
3.15051
2.40389
2.54625
2.08906
3.19719
2.43769
2.62465
3.21534
2.4392
2.83604
2.11913
2.50157
4.53199
2.40641
2.34505
3.62658
3.11834
3.10951
4.30494
4.5917
2.0737
2.47345
2.71253
2.94656
2.43133
4.00736
2.02835
2.24418
3.28291
2.21137
3.2772
2.16385
3.73953
2.39852
2.69856
3.0277
2.85058
2.26536
4.27421
2.62779
2.0927
3.18115
2.87627
4.87316
3.81532
2.76111
4.60565
5.61953
3.04647
2.19715
2.50323
2.49639
3.47
2.13713
2.34363
2.56449
2.93173
2.42612
3.09745
2.84502
2.36847
2.14402
4.02756
2.77891
3.98913
2.64847
2.89484
3.56124
3.83807
2.56949
3.9408
2.1821
2.61
2.85036
3.71991
2.12631
2.10975
7.56886
3.73623
2.2021
2.01426
6.52788
2.85301
2.04523
2.22278
3.68228
4.1757
4.99656
2.40999
3.16488
4.08578
3.42522
3.35242
2.64277
2.00803
2.52539
2.10955
2.12302
4.55529
2.07491
2.13058
2.42561
2.5545
3.63172
3.23456
3.23027
2.83801
4.81088
4.42333
2.51399
2.22424
2.03522
2.2406
2.01739
4.75946
2.99514
2.46374
3.05519
4.25803
2.97108
2.56384
2.6333
2.18092
2.70682
2.10928
2.24418
2.46496
2.36939
2.14089
3.34302
2.30456
2.57609
3.71007
2.01578
3.27065
2.33754
2.47193
3.41311
2.10303
3.78959
2.26313
2.08799
2.36341
2.03677
5.6356
2.40898
2.72638
2.35968
2.0794
2.72348
4.95351
3.63406
2.06308
2.55668
2.85739
4.83658
2.29734
2.02428
2.252
3.21328
3.67443
7.90855
4.40931
2.27834
2.12082
2.1539
4.14812
2.55418
2.31462
2.76353
2.2462
2.99523
3.69933
2.0343
2.5341
2.92086
2.3575
2.19018
4.09268
2.96345
4.19826
4.70006
3.22101
3.45472
3.137
2.60529
3.13311
2.913
3.87241
2.2418
3.93107
5.16734
2.3495
3.19638
3.18534
2.28676
5.52712
2.08916
2.09922
4.81954
2.66022
2.01083
2.3087
2.84509
2.2271
4.27362
3.8204
2.05366
2.65986
4.46302
2.1193
2.78605
2.17884
2.09562
3.96445
3.13453
2.01904
2.91582
2.85581
2.54535
2.35046
3.44341
2.90136
2.42748
2.00751
3.62627
5.72515
2.98137
2.14487
3.94848
2.82351
2.60949
2.49499
2.37724
2.11471
2.35406
3.22091
5.78111
4.50622
2.95256
2.09508
2.10734
3.89794
2.60016
2.03734
3.78504
2.14589
2.96481
2.09976
2.07189
4.31231
3.40375
3.66989
2.36008
3.5915
2.05405
3.07996
2.56836
3.03988
4.90164
2.14293
2.13857
2.73972
2.70324
3.04118
3.30135
2.15815
3.99854
2.54425
2.26576
2.02766
2.54619
5.66021
2.56502
2.28371
2.12413
2.55323
3.0617
2.33994
2.85015
2.22768
2.25408
3.72059
2.43802
2.48132
2.12513
3.89815
2.1724
2.2812
3.99517
2.1385
2.2102
2.31948
2.25802
2.28781
2.74241
2.21028
3.17501
2.37125
3.29665
2.25538
2.33
2.83992
2.71615
2.30904
3.41953
6.81745
3.28965
2.02735
3.24298
2.10921
2.56293
4.5549
2.87378
2.03225
2.48112
3.49336
2.16633
2.1917
3.07163
2.03497
2.74774
2.476
3.36968
3.03515
2.1442
2.04625
3.94805
2.26979
3.61103
2.06415
3.37848
3.52063
2.4977
5.73277
3.77996
2.4761
2.09575
2.36341
4.00238
2.38955
3.68771
2.50951
6.55945
2.11608
3.70469
3.43095
2.51517
2.78044
2.00911
2.24816
2.59567
2.87261
2.00938
4.12282
2.52235
2.12503
2.67108
2.27616
3.40836
2.33784
3.64697
2.50374
2.22145
2.75194
2.68177
3.26156
2.26476
2.00766
2.90974
4.76043
2.76386
2.85065
2.56545
2.02456
5.06024
4.35834
3.43274
3.45917
2.49374
2.01265
4.8345
2.63066
2.4111
3.28588
2.05847
3.05231
2.46564
2.42053
2.88259
2.22676
2.46929
2.12884
2.96971
3.80506
3.40437
3.16694
2.18867
2.33938
2.64097
2.13727
2.91346
2.18672
2.14465
3.7143
3.15611
3.95773
4.67273
3.31274
2.5087
2.41854
3.28115
2.35715
3.98091
2.56454
2.03415
2.8561
2.84282
2.27247
2.2846
3.40636
2.47487
2.39407
3.50306
3.61332
2.36433
2.57528
2.68861
2.30783
3.09535
2.24535
2.24519
8.10672
2.85452
3.71109
2.64533
4.18217
2.43816
3.6831
2.57772
2.34028
4.06487
2.36486
2.20555
2.35493
2.41571
3.06373
2.16925
2.76484
2.92725
3.28225
2.04619
2.83611
2.6382
2.03747
4.70872
3.10682
2.08546
3.55443
4.48842
2.04274
4.05481
2.06829
2.03652
2.1677
2.17356
2.25961
3.47692
2.47728
4.08922
3.78996
4.29157
2.82484
2.66098
2.01157
5.57389
3.14887
2.91727
3.2501
2.25767
2.32966
2.46919
3.25074
2.20188
3.48551
2.14082
3.58151
3.26329
2.43231
2.39706
2.0076
4.37461
2.8795
2.42128
2.5519
2.51973
2.54094
2.15618
2.32096
3.03412
3.14839
2.41784
4.19991
3.02031
3.69036
3.15718
2.42072
3.13481
4.40052
2.74196
2.24099
3.13273
3.48767
2.28672
2.43651
2.66394
2.16554
2.32433
2.092
4.41681
3.39067
2.85847
3.3619
3.46391
2.2762
2.34337
4.45659
3.23382
4.19634
2.64982
2.45327
2.12957
5.3367
2.69129
6.40822
4.25715
2.90656
2.09491
3.26145
2.37068
2.24239
3.04378
3.58314
3.85783
2.29545
3.40412
2.37933
2.20203
2.30295
2.66377
2.57664
2.22515
2.05812
2.72789
2.1964
2.23506
2.14971
2.86229
2.21066
2.26879
4.98441
2.30489
2.57463
3.01255
2.18959
3.40003
2.18067
3.64602
3.31229
2.62796
2.08118
2.32293
2.9665
2.18166
2.13266
5.44159
2.28594
2.84794
3.62969
4.44245
2.57821
6.45176
2.50627
2.20304
3.32863
7.59315
2.02353
2.41984
2.20768
3.29855
4.74987
2.20027
2.30522
3.42497
5.28241
2.03049
2.0382
2.18063
2.67186
2.54852
2.39788
3.33557
4.35351
2.50076
4.55647
4.63671
4.33664
2.2213
2.81362
2.77506
2.80792
3.26837
3.64065
3.12584
2.79479
2.44233
2.76872
2.01606
2.73818
3.16664
2.08065
4.48183
4.02941
3.04421
3.48835
2.48473
4.84337
2.79392
2.07225
2.60105
2.06032
3.18334
3.5069
6.06746
2.23152
4.1757
3.22081
2.58126
3.99248
2.89297
2.308
3.05458
3.79106
2.05067
2.30667
2.09663
2.70503
2.1384
2.67473
3.32667
2.5965
2.18956
2.32966
5.91254
3.32748
3.03094
3.23393
3.2355
4.3802
3.85081
2.8247
6.27908
2.0033
2.65674
3.39571
2.58072
2.74113
2.4824
2.40034
4.00804
3.46127
2.11119
3.34794
2.06113
2.57816
3.43082
2.68485
2.57843
4.47383
3.67053
4.4066
2.62917
2.11752
2.13629
2.05209
2.52492
2.37613
2.08526
2.85315
2.62306
4.56794
5.64374
2.88355
3.59918
2.66347
2.8011
2.22622
2.69869
4.61354
4.50249
4.8288
2.022
2.52901
2.94162
2.99382
2.07173
3.20775
2.1222
5.36544
2.85487
2.60658
2.97885
2.4892
3.15176
2.42169
2.34441
2.54757
2.42814
2.53482
3.53158
2.17179
2.76013
2.87759
2.5205
10.0946
2.85079
3.19084
2.85581
2.4501
3.26837
2.01957
4.72256
2.62192
2.48414
2.96066
4.10839
3.98735
2.15604
2.65386
3.51479
4.5051
2.01234
3.78032
3.17669
3.58986
2.01275
2.72821
3.65684
2.23472
2.92294
4.10563
2.64684
2.75531
5.13736
2.01659
2.01015
2.57371
3.05906
3.96991
2.14089
3.37498
3.57825
4.73989
2.32729
2.92317
2.08643
2.28015
2.89357
3.04882
4.34871
2.18327
3.77562
2.47969
4.5549
3.5371
2.04673
2.34652
2.27011
2.75499
2.26409
2.01037
2.99622
2.86208
3.57191
2.04255
4.71562
4.09988
2.06656
2.37773
2.03772
2.26584
3.2206
2.16575
2.88963
2.41571
2.23167
3.87998
4.36774
2.19811
2.40485
2.6568
2.1334
3.16068
3.3751
2.17611
2.14047
2.09033
2.97795
2.37697
2.35054
3.67819
2.72821
2.22718
2.79398
2.53832
2.31634
2.39226
3.70301
2.44015
2.29103
3.7854
2.47634
2.10673
3.15981
3.06888
2.13138
2.56218
2.47438
2.62716
2.35349
2.4196
2.90981
2.14054
3.33778
2.67743
2.53926
3.88902
2.12932
2.77116
2.31533
2.86208
2.33626
2.39933
2.02851
4.94361
2.13483
2.39861
2.4438
2.34523
2.12634
2.18882
3.09207
5.48245
6.58305
3.52119
2.4669
2.96066
2.84282
4.70187
3.95579
2.70973
2.44181
3.15108
3.52722
3.05713
3.7758
2.84183
2.1424
3.67786
2.03244
5.56414
3.33001
2.08673
2.61354
2.84701
2.76478
2.20236
3.57604
2.33017
2.5206
2.14921
2.69832
2.85991
3.59315
2.66667
3.81102
2.97601
5.44828
3.12377
2.29932
2.11406
2.13026
3.63845
3.83539
2.20382
2.21594
2.47954
3.04551
2.5703
2.90233
2.23129
3.07324
2.29214
3.12574
2.11724
2.25243
2.83035
2.23901
3.00218
3.00343
2.31596
3.11321
2.41599
3.57044
2.43495
2.80232
4.61063
2.78184
2.00634
2.87086
3.3881
3.13083
3.36656
2.04881
5.53756
2.17447
3.95041
2.04367
4.6996
2.89588
2.14713
4.38053
5.25593
2.60005
2.32614
3.05968
2.25129
2.15529
3.99203
3.03412
3.60736
2.48965
2.39525
2.38519
3.06179
5.37699
3.67933
2.27231
2.94806
2.48965
2.41905
2.25953
2.0474
2.63106
2.18155
4.53237
2.50688
2.48562
3.37836
2.59015
2.23025
2.24503
2.29431
2.87708
3.57103
2.73182
5.63214
2.14851
2.30212
4.84441
2.81383
3.70788
5.43021
2.60016
2.70868
2.54646
2.12606
2.17313
3.63047
2.84815
3.04777
2.36587
2.07669
3.78322
2.04724
2.56202
2.25318
2.56631
2.30228
2.27319
4.66656
2.55695
2.47595
2.27227
4.29945
2.78117
2.21568
2.98153
2.3528
2.70238
2.4317
2.68159
2.30427
2.13941
2.22649
4.10965
4.36093
5.0409
2.05421
3.0869
3.20694
3.11862
4.56239
4.22812
3.12311
2.248
2.72329
2.73093
2.35946
3.14292
2.72777
2.11016
2.7174
4.48256
4.43094
2.74279
3.24765
2.11241
2.5863
2.21099
2.27319
2.03528
4.2754
3.79804
2.13896
2.47762
2.43344
2.47585
3.02906
3.59165
2.0597
4.5848
2.52963
2.07301
2.10585
2.4992
3.05012
2.13521
2.69031
3.86608
2.38005
2.18738
4.33853
2.01798
2.99523
3.38724
2.7921
2.10591
4.02086
2.00738
2.91338
2.34294
3.71278
4.47709
2.88525
2.16496
3.83215
3.49078
2.04386
2.38067
4.05768
3.3581
2.01621
2.79479
2.46802
3.19426
2.9958
3.24871
2.76865
2.21477
2.39262
3.13311
3.24776
3.67199
4.80129
3.11834
2.60669
3.11099
2.36618
2.16151
2.07035
2.48151
2.69068
3.0736
2.09535
2.27777
2.49289
3.57648
2.92902
4.64312
3.15738
3.25287
3.51063
2.66775
2.09485
2.34803
2.81776
4.2378
3.35834
2.53357
4.31385
5.41524
2.92109
2.5811
2.63445
4.54357
4.58036
2.54514
2.20562
2.39566
2.68237
2.0083
2.79825
3.487
3.44302
3.14829
2.14656
2.01463
2.80239
2.30134
2.18455
3.97782
2.63618
2.28733
2.86678
2.99713
3.29375
2.08085
2.62899
2.51993
2.59511
3.24172
2.42044
4.31725
2.24851
3.25127
2.1009
2.25063
4.80936
2.308
2.05669
2.31898
3.19115
2.18908
2.0835
2.1417
3.58731
2.52642
2.07284
2.14911
2.93065
2.23719
3.635
9.13911
2.46185
2.29718
2.73602
3.14781
3.04334
5.57935
2.1405
2.48796
2.77559
2.65251
2.679
2.43972
2.43118
2.26643
2.99903
3.84597
3.8864
4.04109
2.39384
5.54282
3.50388
2.34501
5.14159
3.67395
3.49963
2.7744
2.03921
2.55727
2.45063
2.61806
2.38632
2.19096
2.14663
3.29799
4.13384
2.05792
3.99092
2.23052
2.12213
2.50117
2.89059
2.28436
2.01145
2.90656
2.58871
4.24182
3.04586
2.38286
2.34799
2.80717
2.34436
3.55126
4.18136
2.19074
2.00917
2.86034
3.11396
2.56159
2.24585
2.91544
4.47709
5.94355
2.05334
2.97828
2.36341
2.36508
5.55556
2.07521
3.08239
2.17928
2.72046
2.50192
5.06415
2.22519
2.89506
3.58196
2.27151
3.35632
2.28684
2.89469
3.20857
2.34424
2.32564
8.04047
2.60373
3.5191
2.91095
2.90083
2.25578
2.10013
3.69833
2.32991
3.02064
4.27481
4.02455
7.22669
2.21122
2.35232
2.14092
5.17097
2.94342
2.49109
5.0544
3.42256
3.45537
2.20292
5.143
2.02958
3.36107
6.21509
2.07042
2.00954
2.32445
3.24956
3.02727
3.5134
2.20611
2.26576
2.95382
2.57512
5.36191
2.23048
2.07804
2.00281
2.20975
2.68153
2.184
2.41036
4.21211
3.07709
3.32449
3.87063
2.82707
2.85602
2.89282
2.30721
4.93726
3.17738
3.98623
2.3354
2.29919
6.12242
2.31454
2.39597
2.00861
2.11375
3.47639
2.24957
2.08088
3.64112
2.65945
2.09263
2.22115
2.092
2.3051
2.22664
2.69611
2.23727
4.14812
2.11337
2.33285
2.00874
2.20184
3.49459
3.04768
2.86562
2.1224
2.10016
2.21401
4.12819
2.10047
2.60267
2.44652
2.29558
2.80178
3.21781
3.09271
2.54021
2.08953
2.37555
2.51119
4.68072
2.17038
4.71885
2.01423
3.28765
3.14771
2.25487
3.5821
3.03394
2.64568
2.18632
2.0281
2.95859
4.43546
3.17976
2.33366
2.52797
3.37425
3.84173
6.10561
2.82435
2.64045
2.39956
4.37395
2.64556
2.15145
3.22943
3.58702
2.27805
2.03544
5.10688
3.23037
2.21978
2.12971
3.45799
2.33242
3.39941
3.10066
2.38506
2.83801
2.7892
4.79278
3.58374
2.83231
2.52926
2.49279
2.59545
2.17516
2.26715
2.27039
2.69153
2.86867
2.22385
3.85588
2.96361
2.03943
2.64115
3.5906
2.37129
3.31729
3.83119
2.10622
5.04218
3.8058
2.42781
2.50202
3.54967
3.06746
2.63606
2.87144
3.03035
2.91849
3.73675
3.59481
3.07155
2.12409
5.7366
2.11656
3.61901
2.2957
2.46905
4.02201
2.6371
2.02613
4.54591
2.09203
4.65391
2.19447
2.26855
3.65381
4.21742
2.88503
2.12866
3.5915
2.01535
4.30433
2.33464
2.74215
2.91864
2.83667
3.75812
3.72161
2.29882
5.13806
2.78398
2.11265
3.83597
3.15912
2.8043
2.92601
2.53879
3.75282
2.36939
2.60272
2.83512
2.15426
2.70114
2.12451
3.50801
2.02369
4.3548
9.62462
2.26891
2.29406
3.06232
3.09627
3.43427
2.35541
2.06529
2.88829
2.24718
2.26024
2.56545
3.67721
2.14405
5.80003
4.59415
2.60591
3.78577
2.05964
2.03772
2.56277
3.98958
2.52952
3.11722
2.41123
9.35269
2.76944
2.48384
4.06969
2.88584
2.8263
3.51882
3.27829
2.76767
2.52688
3.09471
2.33502
3.25629
3.24288
4.27927
2.22244
2.06197
3.01709
2.7927
2.01566
2.15772
2.33994
2.42566
5.19526
2.75013
3.59661
6.04281
2.19923
2.96425
3.76541
2.29775
2.50627
2.4976
2.89903
3.05686
2.40325
3.15524
2.06019
2.3838
3.95643
2.49309
2.7093
2.03554
2.30043
2.36521
2.10239
2.17081
2.68952
4.97063
2.84651
2.09891
4.50174
2.07804
3.57914
2.41715
2.31475
2.2583
2.28989
2.91133
2.64812
2.06836
2.19938
2.01052
2.04128
3.47719
2.65233
2.06064
2.68612
2.36437
2.05954
2.13896
3.75018
3.60996
3.54939
2.35724
2.25909
4.03921
3.1982
2.45731
2.17197
2.12271
2.88001
3.04638
2.04223
2.94005
3.14359
2.91171
2.8402
3.02014
2.79594
3.38334
5.61046
2.68243
3.88983
2.03614
2.22998
2.84944
2.15497
2.00735
2.51752
2.89067
2.49079
6.01198
2.84595
2.19696
2.31091
3.06524
3.96729
3.04821
2.03759
2.2351
2.48315
2.21997
2.02004
2.58668
4.77305
2.41979
2.54235
5.32137
2.83519
4.09268
2.91232
5.16806
2.43599
2.10524
2.68636
2.89783
2.44977
3.0051
2.37983
2.81797
2.13016
2.87906
2.1711
3.60569
2.84452
2.41844
3.37377
4.98925
3.93529
3.57677
4.4921
2.73953
4.40086
2.27159
7.3799
2.45924
2.21035
3.49445
3.40686
2.58056
2.70707
2.61433
2.09535
2.51405
2.40692
6.11866
2.07084
2.103
2.7174
2.2268
2.70825
2.56197
3.38431
2.28019
3.41023
3.08509
3.79252
2.71846
3.64935
3.16949
4.92525
2.44095
2.55254
2.35785
2.00333
3.15854
2.53331
5.4171
2.53181
2.37733
3.2772
2.20611
2.18052
2.37475
2.69007
4.47202
3.0879
2.16741
3.56153
2.13239
2.20731
4.68563
2.01025
7.18769
2.53874
2.55844
3.93044
3.64554
4.31015
2.38506
3.67492
2.03775
4.25657
2.35706
4.5917
3.18634
2.62221
2.50718
5.13877
2.58345
2.28973
2.31693
2.99069
2.72581
3.87659
3.46774
2.07695
6.53639
2.12579
2.74543
2.1851
2.51038
2.60083
4.11571
4.27927
2.33068
2.33468
4.31508
2.52199
2.9861
3.85568
3.60281
4.35609
3.66633
2.68636
2.67701
2.06904
2.01105
2.96345
3.00811
2.09367
3.05126
2.48443
4.0142
2.0732
4.31077
2.49299
2.84063
3.91251
3.4688
2.71247
4.50435
6.9945
3.66085
4.30524
2.71527
2.02484
5.78648
2.7894
2.41031
3.03523
3.11127
2.30787
2.49644
2.01049
2.6662
2.85739
3.22101
3.5069
3.2485
2.3997
2.06839
2.05867
2.11259
2.72967
2.25404
4.54163
5.4321
2.17502
3.92645
3.04603
2.06197
3.13377
2.06116
2.40399
2.50445
3.07655
3.19608
2.02729
2.551
2.55296
2.37422
2.08806
3.033
2.35488
4.90888
3.80025
2.21568
6.54785
2.96698
2.31504
2.54498
6.44393
3.44963
4.17167
5.92174
2.4992
2.47237
2.40958
2.69336
2.06249
2.19585
2.0621
2.38484
2.68594
2.87159
2.7707
2.43949
2.48781
3.26253
2.38861
2.96441
2.19381
2.37506
2.73646
2.52451
2.94232
3.25608
4.00691
3.27797
2.98226
3.72709
2.03437
4.38549
2.72941
2.24009
2.48493
2.1031
3.51354
2.30204
3.39386
2.57593
2.73442
2.68618
2.62562
3.08853
4.02316
2.02503
2.27455
2.04309
2.31391
2.29181
2.1146
2.24507
2.09049
3.30618
2.03345
5.96263
2.50425
2.44795
2.46491
2.71765
2.51634
3.63328
3.84327
2.11464
2.46603
2.35306
2.15191
4.85709
2.65503
3.27665
4.17785
4.09342
2.6963
2.19081
2.02294
3.99025
3.29855
3.79564
2.43712
5.37878
2.0298
2.50394
2.45485
2.75531
2.64138
3.95514
5.8235
2.76905
2.48423
4.98804
2.5166
3.09663
2.31906
5.38326
3.37812
2.11584
2.77215
2.37187
2.74736
3.05783
2.39806
2.70862
3.34618
2.07156
2.68928
5.87803
3.12002
2.42711
2.04121
2.4481
2.07672
3.575
4.48989
3.02625
3.92791
2.74266
3.15757
4.34424
7.71504
2.51957
3.78813
5.07401
3.56956
4.79978
2.24441
2.94452
2.0918
2.16907
2.7572
5.0409
3.17817
2.02415
2.20795
2.32454
2.89551
2.55037
2.76445
2.09351
2.15092
2.22351
3.63516
3.99832
4.08161
2.42454
3.25522
4.2358
2.12527
3.72984
2.10938
5.71382
2.00981
2.07643
2.76137
2.29116
2.16191
3.36262
2.28396
5.01942
2.64906
3.04274
2.51043
2.39761
2.84673
2.70775
5.08998
2.89701
2.00401
2.70121
2.18206
2.08983
4.59007
2.17662
2.05093
2.70936
2.7243
2.92517
3.33522
2.61422
2.65128
3.22184
2.14897
2.0931
2.24812
2.2039
3.64049
2.14113
4.0418
2.1614
2.52503
2.10928
3.68705
2.15319
3.28577
5.00023
4.10013
2.23642
2.81087
4.54902
3.71481
2.03276
2.65656
5.16444
2.37506
2.99193
3.79564
2.45034
2.03295
3.20663
3.75847
2.05589
2.04271
2.11402
2.26496
2.18169
2.11683
2.76977
2.70305
2.33195
2.13815
4.11394
3.49649
2.09642
2.32716
2.43434
2.94924
3.33476
2.11272
4.27987
4.979
3.02514
2.17884
4.16474
2.10266
2.10483
2.46074
3.06427
2.28643
2.51896
3.37088
4.64441
2.45202
3.61301
3.18225
2.97326
3.97035
2.0363
2.59103
2.09016
2.01352
3.62457
4.13953
2.3792
2.61017
3.87301
2.40047
2.15986
3.23739
2.01231
2.7657
6.50002
2.1334
2.03251
2.58148
2.10124
2.18001
2.37444
4.83346
4.97063
2.54005
2.7296
2.29734
3.33013
2.29067
2.2555
2.10595
2.68661
2.74852
2.56572
2.31986
4.88292
2.28363
2.21985
4.02132
2.68425
2.88762
2.22668
3.2354
2.80731
2.20738
2.70794
2.24914
2.82205
2.10921
2.33098
2.4128
3.93275
2.45216
3.62658
3.06959
4.08553
2.67755
2.67539
2.5939
3.28854
4.69056
2.3046
3.24404
3.01062
3.46193
7.57689
4.52931
2.47497
3.05555
2.47163
2.92509
2.11947
2.41576
4.34297
2.57903
3.39768
3.38504
2.44471
2.00235
2.42337
4.76284
2.66282
3.73519
2.70924
4.37264
2.20611
4.59906
2.61219
3.07431
2.01997
2.65638
3.06506
2.46739
2.29046
3.41399
2.91841
2.16496
2.32192
7.18769
3.67427
2.23109
3.06577
2.49474
2.72714
4.43685
2.91216
3.74196
2.08606
3.00119
2.117
2.69489
3.31638
3.23236
3.02361
2.15833
2.81355
2.7705
2.65521
4.78484
2.46676
2.14198
3.22423
3.62024
2.58828
2.08026
4.81954
2.28319
2.93709
2.32483
3.28225
2.48781
3.75847
2.54309
3.42243
2.36988
3.25148
2.77056
3.83846
2.59833
2.03801
2.92332
3.24182
2.1251
3.45158
2.76039
3.06888
3.81495
3.07843
2.75447
2.11958
3.09837
5.10962
2.17564
2.05948
2.14645
2.18045
2.0789
2.6538
5.63098
2.75818
3.48835
3.19648
2.30966
2.1744
2.40102
3.68821
2.252
2.45663
2.64853
2.09747
2.20128
2.31187
5.18194
2.72733
2.03607
2.16047
2.80963
2.42314
3.22964
3.00019
3.17195
4.46052
3.99405
2.2175
2.0235
2.67198
2.67473
2.04628
4.70872
2.56154
2.71515
4.30402
2.36249
2.62859
2.0917
3.21236
2.71708
2.44595
3.49078
3.57677
2.02688
3.27884
2.18477
2.87057
2.75285
2.34161
2.2466
2.27051
5.0531
2.55333
3.90203
2.588
2.43986
2.1334
2.06656
3.34736
2.02904
2.38744
2.16698
2.63502
3.36465
3.40524
2.24017
4.30219
2.8197
2.22492
2.8762
2.70139
2.06855
2.4071
2.49484
5.47552
2.71484
2.00089
3.82285
4.82108
3.12358
2.21955
2.53139
2.04702
4.72163
2.73748
3.02395
2.25389
2.50263
2.49159
2.87708
4.22671
2.73055
3.51548
3.18794
5.95942
2.14571
3.75036
2.24511
2.46685
2.30688
5.93415
3.46629
3.47053
2.9879
2.09096
2.32251
2.74388
2.33754
2.11717
4.3188
2.62517
2.33968
3.68458
2.15444
2.28132
3.3422
2.18228
3.32208
2.29386
2.23252
3.41061
2.7329
2.94373
4.00012
9.9123
5.36809
2.32192
2.30663
2.54825
2.57936
3.70167
2.19077
3.55255
4.82262
3.9829
2.44833
2.46447
2.54193
3.37763
3.35384
2.14716
2.43039
2.56224
3.5678
2.13023
3.26957
2.17585
3.01372
3.59752
2.06747
5.70633
3.28743
3.15563
3.38273
2.71683
2.63704
2.01864
2.10212
2.23175
3.70738
3.29398
2.86526
2.49144
2.07692
2.72537
3.12377
2.35428
5.31799
2.4286
2.88488
2.8721
2.3505
2.07491
2.60792
2.31204
2.15038
2.70738
2.26028
3.49936
4.67938
3.42117
3.92708
6.0533
2.52224
2.04001
4.69146
4.01329
3.48121
3.52525
2.69936
3.54066
2.01944
2.39706
2.12223
4.26124
3.52792
5.22629
3.77851
3.39534
3.08699
2.87884
2.40389
2.98569
2.5087
3.6887
3.48255
2.83674
3.70418
3.43761
2.78491
3.31138
5.09536
2.35632
2.9165
2.02876
2.28676
2.09227
2.71241
2.92401
2.26811
2.15465
4.10538
2.19618
2.96026
2.25365
2.36931
3.64602
2.1618
3.74231
2.79615
2.05595
2.24511
2.05434
6.1906
2.14928
2.76059
2.18742
2.14751
2.07363
3.85549
2.09196
2.37777
2.38251
2.07439
2.862
2.08646
2.02134
3.49676
2.70893
3.214
2.36494
2.4402
3.95968
2.22084
3.22631
4.25308
3.7005
2.22615
2.28205
2.05485
3.27054
2.28704
2.2125
4.50025
2.14177
3.07146
2.0303
2.23599
3.90019
3.09253
3.14253
3.44561
2.09314
5.66735
2.67353
3.13339
3.06453
2.45317
2.02594
2.04418
2.479
2.72512
2.24211
3.09053
2.90188
3.27327
3.89632
3.0969
4.48475
2.9661
6.72042
2.52142
2.17371
3.00877
2.36547
2.88156
2.93662
2.27963
4.03197
5.72009
2.63721
3.39879
2.60468
3.07807
3.50347
3.33708
3.93065
2.22408
2.69513
3.55039
2.30485
3.01541
2.21685
3.31752
2.25822
3.26783
4.51449
6.03587
2.2783
2.3226
3.33499
2.17986
2.65181
2.16352
2.83794
3.17106
3.19578
2.85337
3.11517
2.54356
4.1264
2.51865
2.8141
2.085
2.9224
2.15109
2.84901
2.9133
3.12781
2.10324
6.66708
5.78783
2.11625
3.13339
3.86904
4.50174
4.26771
2.11762
2.37196
3.63187
3.13027
2.9165
4.2958
2.25349
3.61593
2.30224
2.3168
3.13405
3.72042
3.45419
4.5549
3.02132
4.92638
2.10945
2.77122
2.9417
2.68594
2.42734
2.35236
2.40843
4.07381
3.96293
4.35834
3.82341
2.10544
3.68113
3.00477
2.54509
2.56347
2.62272
2.16467
2.33861
2.1051
2.04766
2.56508
5.34186
3.22599
3.35277
2.70614
2.15836
2.33977
2.86352
2.45053
2.15454
2.92455
3.24024
3.38322
2.86787
3.08266
5.10962
2.20192
2.70275
2.02569
2.00588
4.70552
2.81665
4.56914
2.25617
2.31016
2.45707
3.19105
2.5617
3.31706
3.6759
2.95406
2.80717
3.46009
2.40815
2.91422
2.9916
2.53285
4.5502
4.01443
5.13035
2.51721
4.95762
2.046
4.25279
2.56981
2.72273
3.50966
2.18323
4.01512
2.59114
2.44977
2.09327
3.10231
2.92655
2.5545
2.98545
3.94976
3.10093
2.24095
3.18594
2.28347
2.04558
2.65821
2.89663
3.37703
2.06747
2.77645
6.73075
2.03921
2.1202
2.65515
2.47497
3.98202
3.9277
2.12936
2.44114
3.35372
2.24492
3.16371
3.27131
2.49715
2.3289
3.48619
3.17897
2.94107
3.29375
2.93912
2.30026
4.61312
2.01265
2.17775
5.64491
3.59933
4.61771
2.12582
2.17709
2.96162
3.09654
2.28234
4.61479
2.40949
2.11697
2.23638
3.91603
5.23944
2.58674
2.41322
3.75954
3.29509
3.48443
2.48072
4.10814
2.23244
4.38914
3.63531
2.56277
2.18078
5.07137
2.99978
4.28946
2.51028
4.07381
2.47242
2.01519
2.50001
3.15825
2.10023
3.59496
2.03096
2.56122
2.09488
2.83484
2.18071
2.87818
2.34643
4.53391
2.39861
2.08191
3.9573
2.07396
2.42898
2.79723
2.0117
2.58433
2.18569
2.01324
3.07217
4.97063
3.04248
2.91498
3.65716
3.90019
2.93888
2.70447
2.42393
2.90822
4.95176
3.76327
2.15362
2.82122
2.04587
2.5609
2.10884
2.07281
2.34574
2.66912
2.12818
3.05888
2.00147
4.33003
2.69464
4.13024
2.64871
2.21451
4.15811
3.3503
2.77632
2.0609
2.20979
4.58318
2.32142
2.29611
2.94632
5.03517
2.34674
4.8319
2.24422
2.75227
2.33025
2.15433
2.15583
2.04743
2.13451
2.73423
5.49343
2.99986
2.49274
2.05569
2.27725
3.05897
2.54577
3.83903
3.34443
2.08656
4.16394
3.00318
2.62221
3.00527
6.33107
2.34441
4.44915
2.06806
2.18992
3.60144
3.09901
2.84744
2.90799
7.61805
3.575
3.05546
2.1288
3.20073
2.15355
2.48132
2.15647
2.41248
2.03241
2.64504
2.03453
3.60144
2.45192
2.05621
2.56922
2.91612
3.22277
2.76209
2.29071
2.0837
2.45794
2.72166
2.87898
3.33429
2.00098
2.11913
2.46729
2.48003
3.41738
2.93849
2.07353
2.31237
2.76262
3.82569
2.10493
3.87978
2.40655
2.2544
2.47713
2.35689
2.34028
3.93275
3.24341
2.72688
2.42505
2.74023
2.35089
3.09956
2.20686
2.12801
2.18023
2.02584
2.46617
2.36231
3.68475
2.22657
2.32542
3.80006
3.67933
2.58274
3.73779
2.68267
3.11796
2.14518
2.80737
6.96783
3.41399
2.24867
2.076
3.43915
2.72046
2.92894
2.50031
2.0599
3.6759
2.33716
2.23313
2.29386
3.09864
2.37245
2.98569
3.43877
2.12278
2.27668
2.5288
2.61253
2.82749
2.32686
2.257
2.0356
2.41188
3.19608
5.27109
2.21254
3.45498
3.41186
2.98324
2.05042
2.77221
3.31206
4.03851
3.26134
3.01339
2.26444
3.07413
2.51354
3.00744
2.62705
2.13092
5.78783
2.94916
2.8721
2.13381
2.53015
2.69869
3.52694
2.84353
5.26868
2.13138
2.40829
6.30813
2.79061
3.19024
2.16062
2.55116
2.21371
2.12929
2.07514
2.19525
5.62753
3.58493
2.85237
2.49429
2.41156
2.28286
4.86831
2.05093
2.26739
2.47959
3.18874
2.5463
5.00023
2.93553
2.37276
2.5768
2.04926
2.99853
6.13188
2.09905
2.40421
2.21659
2.74132
2.43471
2.26592
2.78685
2.07745
2.96122
2.73876
4.44456
3.63704
2.34613
3.44005
3.54137
2.25444
2.60961
2.52317
2.27995
2.32809
2.21171
4.76817
2.17531
4.26388
2.8894
5.31128
2.75473
2.11796
5.83051
3.1566
3.24861
2.61925
2.48592
2.96185
4.14969
3.49895
3.4969
6.82502
2.59241
2.03848
2.1146
3.33534
3.28965
2.61349
3.24489
2.5918
3.12377
2.58154
2.049
2.27488
4.80179
2.83344
2.44833
4.53622
6.63199
2.31492
2.31483
2.41363
3.0938
2.47159
3.6813
2.45847
4.00102
2.12061
8.42688
2.50617
3.20806
3.65365
2.45418
3.38164
4.05315
4.12998
2.95922
4.57034
2.78531
2.38
3.78631
2.08782
2.76079
2.30224
2.35554
3.14359
2.04785
4.3548
2.68721
2.98897
3.56751
2.35859
2.3051
4.64141
3.22029
2.32902
3.10812
2.1869
2.1169
2.12648
3.04395
3.52007
2.83519
2.12206
4.14604
2.62056
2.21557
3.3054
2.02057
3.20531
3.45328
2.58685
3.22662
3.45393
2.40949
2.00388
2.69679
2.11259
3.16439
2.20412
2.21062
2.76085
2.4987
3.40474
2.74036
2.12499
3.3751
3.5177
4.62148
2.22355
2.47752
4.77158
2.22684
2.53092
3.62426
5.57825
3.38797
2.13012
3.18854
6.31268
2.43443
2.24503
2.21341
3.16733
2.04517
2.95644
5.43968
2.31596
2.10887
2.55052
2.49484
2.07399
3.16576
2.15088
2.75214
3.12678
2.17662
3.71668
2.35119
2.95374
2.97714
2.90437
2.71129
2.37236
3.16811
2.62027
2.15319
2.57615
2.04446
3.38079
2.82909
2.41696
3.62225
2.1686
2.02967
3.13614
2.23611
3.54123
2.24554
4.88292
3.22755
2.07324
2.092
2.01377
4.27095
6.2991
3.83367
2.49885
2.59307
2.6611
2.30406
2.35798
2.60228
2.74298
2.27532
2.30373
2.33981
3.01188
3.27501
2.43335
2.68322
2.50107
4.2321
3.42725
3.26167
3.29487
4.21602
3.73606
2.2572
2.61908
3.51868
2.20641
2.07613
2.01842
2.1286
2.27628
2.47168
3.01988
4.07478
2.72122
3.6272
2.08936
5.26868
2.15028
3.44212
2.20832
2.25286
2.09929
2.41289
2.18665
2.08523
2.40591
2.68092
2.15287
3.14848
2.67936
2.90981
3.11927
3.59465
2.37688
3.47665
3.95795
2.30043
2.58515
2.12603
3.45891
2.26791
3.45015
2.42044
3.19679
2.08849
4.64484
3.66423
2.14465
2.12589
2.23804
2.82818
3.70485
2.01228
2.50061
2.40637
3.77508
2.19225
3.53895
2.08899
2.11211
3.83692
2.07317
2.10836
2.31743
2.19052
2.12953
2.19722
2.25491
2.17593
2.57849
4.46302
2.43198
2.8759
2.47502
3.11349
3.56986
3.77616
3.65716
2.22983
3.1134
3.96947
2.47855
2.72053
3.13206
2.07061
2.02672
4.6003
4.46877
2.43986
4.20571
5.52091
2.56701
2.197
2.36288
2.04865
2.39688
3.91478
9.56399
2.57881
3.82474
4.31077
2.20143
3.17511
2.40321
3.29086
3.05809
4.21322
2.87473
2.47521
2.9346
4.12384
2.31145
3.28644
2.34088
4.70643
2.06243
3.42218
2.15056
4.53237
2.29291
2.4887
2.94436
2.70769
2.35515
2.53837
2.33878
2.51527
2.19525
2.07577
2.65845
2.22275
2.00972
3.60175
5.24022
3.78795
3.63829
2.97942
4.89059
2.206
3.44302
4.29732
2.05812
4.16261
2.02603
3.04943
2.45015
3.59556
2.34579
2.44266
2.17797
2.33055
2.2319
2.57138
3.18564
3.23624
4.43895
2.1964
2.50076
2.35015
3.17047
2.65263
4.16953
3.43838
2.08234
2.08453
2.4216
4.1241
2.5083
3.05959
2.49234
2.51129
2.05977
2.63999
2.18849
2.55217
2.86715
6.31953
3.64744
3.33371
3.30867
2.04584
3.64191
2.13689
3.09782
2.0794
3.09846
2.28432
2.72097
7.64358
2.32788
2.00926
2.30713
2.13085
2.36626
2.0917
2.54314
4.13513
2.20192
2.75935
2.31158
2.88992
4.33537
2.03169
2.24961
2.08623
2.28688
3.9662
2.10016
2.67019
2.94507
2.03928
3.43044
4.36872
2.06314
3.33025
2.05673
2.34325
3.80413
2.59334
2.46617
2.36873
4.12896
6.12053
3.78577
2.61676
2.97617
3.56109
2.56798
2.27415
2.93998
3.02497
2.10771
2.95731
2.20596
2.26592
2.03956
2.96778
4.01512
3.2375
2.31283
2.3788
2.78304
3.04083
3.6325
4.73002
2.22347
2.76839
2.39706
2.62522
2.34234
2.3457
3.56751
2.61275
2.53837
3.68738
3.93465
2.43968
2.68304
2.15283
2.81341
2.10615
2.03763
2.24578
2.12974
2.39118
3.2635
3.70368
2.39952
4.1385
4.13979
3.04412
2.39684
2.03478
2.16529
2.17589
2.3732
2.02911
3.50292
2.12568
5.49243
2.49835
4.308
2.54598
2.10918
3.19054
2.48562
2.29447
2.3967
2.08204
2.44996
2.07314
2.29451
2.38036
2.17451
2.55951
2.08075
3.2333
3.41801
2.28989
4.83762
2.84929
2.5729
2.70256
2.03166
2.96209
3.47319
3.82021
3.44083
6.97664
2.98913
2.25558
8.05338
2.3186
2.38394
2.13692
3.11815
2.19633
2.83639
2.23889
3.48201
2.36442
2.59323
2.17524
2.02631
3.03515
5.09603
2.90497
2.29079
2.19044
2.43034
3.07244
3.40711
2.35671
4.982
2.30995
3.10793
2.58982
2.71508
2.89
3.1174
2.77466
4.02918
3.4237
5.21863
3.24372
5.8055
2.45485
4.26565
5.43968
2.02441
3.39423
2.28432
2.12548
3.40003
3.058
2.50728
3.38761
3.13301
2.22001
2.61546
2.74839
2.38067
3.69317
3.14541
2.87057
2.13259
2.0794
2.06699
2.36038
2.3097
6.12808
2.87818
2.33442
4.26859
3.49567
4.74796
3.27654
2.09575
3.3503
2.22282
2.0344
2.1053
2.09915
2.41345
2.00489
2.06682
2.58619
4.66744
2.22749
4.02478
4.03781
2.04542
6.14143
2.30547
2.17684
3.09153
3.82134
4.89169
2.26548
2.8419
2.47905
3.24574
2.28298
2.07636
3.39485
2.49594
2.67108
2.76819
3.26924
3.06409
2.72992
2.04284
2.28936
2.54209
2.9597
2.1799
3.97342
4.93496
2.08973
2.24223
2.65591
2.42225
2.51624
4.14525
2.18199
2.85689
3.55126
3.12762
2.50926
3.12424
2.21367
2.06908
2.32517
2.3638
2.29874
3.37317
2.46632
2.37422
2.31116
4.3269
2.75512
2.58921
2.96034
4.43476
2.51369
4.16421
3.91893
2.47031
6.37131
3.37413
3.55573
4.0709
5.38596
2.2334
3.3692
2.4824
2.10693
2.54604
2.58356
3.28291
2.69025
3.98113
2.83365
5.61159
8.05338
2.33123
2.81321
2.27697
2.65797
4.31787
3.01389
3.23037
2.48607
2.02022
2.95414
2.40303
2.18989
3.16097
2.67875
2.16392
2.09558
2.8991
2.54188
2.82199
4.95703
3.84057
2.00079
2.65856
2.25227
3.37594
2.75259
3.83501
2.32509
2.40481
2.12832
2.26695
5.01879
3.085
2.40797
2.25933
2.38987
3.14474
2.32864
2.17048
4.5343
3.2675
3.36071
3.91044
2.17313
2.34454
2.48053
2.22917
2.33686
2.50202
2.68473
5.20725
2.97358
4.37559
2.55962
3.05555
2.46384
2.33575
2.11556
2.10161
3.52848
2.21837
3.51952
2.39829
5.09536
2.28153
2.58591
2.52199
2.04453
2.61005
2.03487
6.18859
2.1989
3.08149
4.22727
2.05808
3.96598
2.59484
2.73767
3.5116
2.09609
3.8481
2.2221
3.54766
2.09505
2.43086
2.58926
4.2321
3.57162
2.78779
4.30219
2.89268
5.46375
3.84404
2.98905
2.30746
2.26313
2.94955
2.49084
2.70973
3.20134
2.37351
4.24556
2.61399
2.95082
3.382
2.93126
2.82011
3.14723
2.20825
2.07465
3.04908
2.56928
2.52472
2.45073
3.56517
2.44833
2.5045
2.97649
3.33557
2.14957
3.71193
2.321
2.60127
3.18354
4.82931
4.27957
2.87495
2.52797
2.13675
2.4017
2.35119
2.28891
2.94987
2.01028
2.47296
2.07897
3.0948
2.09026
2.00723
4.80079
3.72709
2.4257
2.12964
3.03738
2.4237
2.64859
3.38285
2.42846
2.80403
3.17669
2.28582
2.63491
2.20046
2.3046
3.84771
3.28887
2.59048
6.0639
2.43887
2.74774
4.70872
2.09518
2.83147
2.83512
2.00889
3.16968
2.07071
3.7688
4.07527
2.21182
2.0793
3.89206
4.88129
3.69833
2.03273
2.62499
3.16517
3.16802
2.63802
4.06175
2.9346
2.76615
2.02278
2.28838
2.66638
2.79798
5.09199
3.319
2.89275
2.56669
2.20322
2.02241
5.09603
2.15394
2.14964
2.54241
2.55801
2.50268
2.50041
2.78164
2.9714
2.56852
2.6444
2.77149
2.55769
2.11659
3.38626
2.03693
2.29063
3.61562
3.60736
3.08158
2.99465
2.21716
2.20446
2.43368
2.46171
2.65029
2.01234
2.35202
4.20212
5.04282
2.2271
3.36608
4.28585
2.96114
4.08775
2.66995
2.08317
3.37184
3.36644
2.34114
4.70324
6.18057
4.86402
2.03677
2.5593
2.00935
2.19181
4.42196
3.00677
2.31894
2.92941
2.42468
5.5728
4.03383
2.49976
2.05299
2.28631
2.04702
2.31559
4.31694
2.1496
2.5167
2.08151
4.97421
2.28973
2.3606
3.08953
2.44814
2.61017
2.73176
2.04622
2.79913
2.95954
3.11015
2.28883
2.3317
2.48349
2.60602
3.33487
2.04798
2.24006
2.24851
3.57088
2.62997
2.30746
4.41715
3.81046
2.03418
2.38928
4.3845
2.01618
4.77402
2.53858
3.63016
2.00575
2.3489
2.33306
3.02702
2.54651
2.75479
2.40225
3.03489
3.38091
2.23955
2.30435
5.63676
2.22404
2.12804
2.01052
2.77971
2.50911
3.64365
2.16026
2.53425
2.34972
2.63594
2.54778
3.77346
2.26675
2.49084
2.84396
2.46924
2.83512
3.21154
2.0839
2.39756
3.24978
3.88761
2.04456
3.32771
2.10385
2.49926
3.41512
2.23804
3.83884
2.84509
2.27411
2.03367
2.98292
2.35671
2.36962
2.73921
3.06241
5.23323
2.47693
2.33204
2.08367
3.22891
3.01549
2.34769
3.81908
2.94381
3.39657
2.5329
2.31446
2.50896
3.47439
2.3649
2.61671
2.08746
2.45212
2.4122
3.13368
2.29504
2.07215
2.62488
3.82663
2.38874
3.20592
3.03317
2.49519
2.65069
2.81963
3.64002
2.75026
3.1534
2.9916
4.41101
2.1565
2.57246
2.49184
2.13193
2.56175
2.9291
2.5317
3.04083
2.70756
2.14737
2.52637
2.25326
2.03731
4.11495
3.93973
3.98779
2.18933
2.39833
4.16553
3.62923
3.56503
2.85244
2.86222
2.29837
2.49559
2.24566
2.39082
5.14017
2.85559
2.82233
2.5114
2.03823
2.72884
3.71668
2.56395
2.35497
2.3914
3.13757
4.06343
2.43887
3.16978
4.69733
2.22001
3.29053
3.44392
2.73544
4.46517
2.47644
2.98324
3.30788
2.10734
3.54351
2.32289
3.81401
2.88053
6.03933
2.80628
6.38346
2.58745
3.18914
4.14708
2.86171
5.8055
2.06298
2.29841
4.67894
3.62829
5.08596
2.45413
2.79601
2.27315
2.64271
2.30059
3.23006
2.96602
2.93701
2.68346
3.20226
3.25512
2.94358
2.12075
2.65833
4.28345
2.13371
2.51875
2.03087
2.24706
2.87057
3.81345
2.17746
2.04708
4.29945
2.0734
2.13941
2.55663
2.03437
2.6114
3.36932
3.74931
2.48018
4.65131
2.40774
2.50516
2.90527
3.1752
2.34346
2.57952
3.7663
2.95232
2.72072
2.23885
4.8028
3.35774
2.72682
3.32541
3.17047
3.7099
2.65075
3.40586
2.64399
2.26202
2.02494
2.76406
2.92278
2.33895
2.01948
2.90301
3.0938
2.27183
2.15836
2.10429
2.02776
4.5848
2.83231
2.0129
5.43683
2.67246
2.53827
3.22081
2.69104
2.03693
2.62957
2.15672
2.51435
3.05239
3.10452
2.43382
2.70472
3.17837
4.4254
2.28908
3.3449
3.40698
3.43287
2.9055
7.11397
2.24099
2.60222
2.1157
2.386
3.40015
4.56318
2.7025
2.6857
3.55674
2.18989
2.76852
2.68406
2.21186
3.29153
3.35585
4.1698
2.23321
2.63606
2.03206
3.17976
2.00729
3.14225
3.48632
3.40674
3.30315
2.62911
2.79115
2.11399
2.62113
2.62882
2.22111
2.54435
2.065
2.04382
2.47826
2.02131
2.20881
3.47265
2.2309
2.79405
2.67966
2.69123
2.21902
3.34396
2.45097
3.44638
2.17465
2.53378
2.11341
3.83654
2.18871
2.17534
2.0125
2.22573
2.36196
3.49499
2.17804
3.164
2.30394
5.46375
2.57349
2.15205
2.89559
2.48161
2.86114
3.66391
2.91118
2.58993
3.42357
2.34458
3.0449
2.10395
2.77202
2.3417
2.00499
4.47855
2.92794
6.41324
3.88983
3.08699
2.27822
2.35667
3.04317
3.67541
4.28285
3.54666
2.74845
2.06425
3.44121
2.74113
3.60387
2.45798
3.56532
3.17372
2.36516
2.77585
2.03235
2.20027
3.32656
4.63161
3.24765
7.0312
2.81355
2.24988
5.11786
3.19346
3.40028
4.29823
2.78954
3.40524
5.87803
2.46166
3.06515
5.81793
2.3873
2.37218
4.61604
4.27362
2.37085
2.30808
3.75547
2.40002
2.41534
2.00545
3.11461
4.64013
2.16608
3.22745
2.26464
6.41576
2.78377
2.61399
2.39752
2.34363
4.79079
2.15529
2.37165
2.32847
2.01569
2.24718
3.8862
2.40175
2.00385
2.55769
4.47709
2.52756
3.80897
5.63098
2.49981
4.29732
3.61103
2.21247
2.20322
4.02918
3.89246
2.27484
2.29627
2.85251
2.25613
3.93044
2.72663
2.63175
2.81748
3.15418
4.46052
2.70158
2.08589
2.29022
3.19366
2.00404
2.1579
2.06217
2.22868
4.19387
3.06781
4.16288
2.13668
2.77122
2.96193
3.49499
2.97504
2.07042
2.55711
3.63032
2.21591
2.36834
2.07511
2.08989
3.39682
2.28904
4.29278
2.11738
3.3946
2.31137
2.10063
4.39281
3.67982
3.96903
2.815
2.09056
3.35254
2.27484
2.32979
2.30841
2.41262
2.70521
5.02255
4.94826
4.58561
3.2333
4.05935
2.42874
5.57389
2.87371
4.30892
2.25188
3.38565
2.25223
2.76747
2.23905
2.51089
2.67785
3.75847
3.41877
2.414
2.57376
2.29042
2.09414
2.50637
2.67809
2.24157
2.42374
2.91994
3.45406
2.41156
2.40449
2.00447
2.18389
2.20483
5.76517
2.63848
3.13159
2.88562
5.89289
3.76434
2.75376
2.23843
3.28269
2.32011
2.90076
2.79277
4.93095
2.63381
3.32886
4.97063
2.26947
2.23344
2.56696
4.3606
3.85705
2.07189
2.57914
2.20592
4.13824
5.37342
3.45276
2.01401
2.53895
6.59809
3.4495
4.73989
2.67449
2.62745
2.92725
2.75909
2.94711
2.94735
4.31169
3.00643
3.33221
3.276
3.64713
2.21856
2.31571
2.30493
2.39113
2.65421
2.15255
3.72486
2.12728
3.25823
2.58411
2.30725
3.04291
4.165
3.22672
2.05566
3.76916
3.56211
2.39761
2.11886
2.09989
2.06233
2.17778
2.14494
2.05757
2.29517
3.87182
3.48295
2.90565
3.2784
3.90366
2.8584
3.07057
2.43528
3.73606
2.12044
2.70955
4.54202
2.25609
2.19018
3.45537
2.13162
3.67884
2.59578
5.44254
2.00655
6.23386
2.96241
5.05829
4.62442
2.76366
2.2482
3.97122
3.2048
3.73779
2.27119
2.00517
2.09424
4.77647
3.57382
2.54267
2.36891
3.67005
3.94292
2.41937
3.10498
4.31231
2.48751
2.58855
2.05398
2.50753
3.5468
2.05157
2.43095
2.77897
2.12749
2.1732
2.7462
2.04179
4.81037
2.77479
2.6306
2.17171
2.21473
3.11405
2.32293
2.61755
2.0663
3.77905
2.15951
3.60554
2.20375
2.08483
2.71727
2.73195
2.11721
2.63341
2.85977
2.60457
2.64568
2.21905
4.74653
3.28181
3.27054
2.05395
2.50967
4.01032
3.63798
4.16261
3.2048
2.43354
3.79087
2.50556
2.26719
5.85904
4.87857
2.04513
2.67341
2.24293
2.57327
2.38475
2.38847
9.17833
2.67731
2.22412
3.3072
2.03014
2.53994
2.05038
2.34385
2.09391
3.66101
3.31923
4.4541
2.54504
2.81438
2.3039
2.05692
3.15485
2.06868
3.26005
2.07048
2.80539
3.03043
3.35124
3.78704
2.56771
2.53446
2.51079
2.39452
2.49099
3.22693
3.08293
2.34028
3.43825
2.34415
2.35785
3.02158
2.81403
2.48955
2.69422
3.64412
2.07551
3.87839
4.63076
2.94554
4.02779
2.54267
2.85229
4.15337
2.79988
2.67948
2.13924
2.59583
2.57279
2.28225
2.21473
3.0436
2.94837
2.86244
2.06999
2.05006
2.56728
3.42586
2.60725
2.69967
5.52505
2.20889
3.66778
2.22787
2.63497
2.17687
3.04369
4.31138
2.39023
2.07956
2.83028
4.71469
2.91757
5.08262
2.33981
2.26381
3.11629
3.23142
2.71116
4.87478
4.96174
2.05016
3.51826
3.88138
2.30858
2.58056
2.33081
2.22898
5.27431
2.01025
3.22008
2.2281
2.17462
3.72623
2.07097
3.08563
2.3492
2.53675
3.2795
2.1404
2.53989
2.01901
2.39865
2.06989
2.36565
2.42156
2.11982
2.2581
4.47673
2.45399
2.15369
4.72024
2.21492
6.7102
4.77942
2.47865
3.59195
2.0388
2.20214
2.96979
3.36036
2.51901
3.71872
2.52652
2.7453
3.9721
2.37809
2.77274
3.24786
2.43259
2.44533
3.81008
2.88592
2.25645
3.69317
2.65544
3.78141
2.35737
2.17625
3.51479
3.62348
2.16054
2.25645
2.08766
2.56481
2.78084
2.70194
5.72388
2.30954
2.57702
3.70822
2.52096
3.20684
2.54741
2.96642
4.51864
4.47528
2.00542
3.20043
3.00944
2.82686
3.22132
2.92586
2.14759
3.28533
2.33102
2.74691
4.56279
2.19681
2.0694
5.07599
2.86867
2.71521
3.48943
3.98003
2.41183
2.08218
3.21462
3.29676
2.15668
2.49725
3.34865
2.15355
4.99961
4.46231
2.0717
2.3919
2.37911
3.81832
6.37859
2.32264
2.04026
3.82171
3.36322
4.34871
4.73753
2.46151
3.61026
4.00691
2.55222
2.70521
2.54193
2.53738
2.10591
4.076
6.67033
2.05941
4.53699
3.2311
2.00701
2.29726
2.19863
2.79082
2.07695
2.01336
4.58197
2.97197
4.19087
2.82986
5.22475
2.60384
2.8436
2.00652
2.12375
3.17284
2.30958
2.12461
4.44562
3.30113
2.5569
2.15904
2.35219
2.1372
3.07978
4.11647
2.8997
2.48493
2.85645
3.30124
2.41687
2.04881
2.72821
2.16831
2.16806
3.42687
2.91849
2.22004
2.32987
2.24134
4.99412
2.46827
7.90855
2.87049
2.79149
3.42142
2.72178
2.55551
2.91841
2.70078
2.76688
3.0655
3.82891
2.89052
2.14328
2.72632
2.99448
2.08742
2.09801
2.20663
2.41317
3.18026
2.48771
6.06212
3.76487
4.16288
4.56954
3.26512
2.72028
2.4575
2.29267
2.27729
3.94676
2.21814
2.43344
3.19215
3.36202
2.36486
2.17611
2.71042
2.93764
3.31911
2.04836
3.09828
3.3686
2.38327
3.65317
2.35306
3.19095
2.19011
2.53837
2.08866
2.12901
3.13786
2.13434
2.80895
2.07032
2.38371
2.1304
3.43632
2.03614
2.10595
2.44228
2.52782
3.36357
4.10388
3.309
4.65782
2.0177
2.39715
2.31304
2.81396
3.14244
4.10438
2.64445
4.67805
4.16235
2.45408
2.64906
2.29455
3.41839
3.20002
2.17327
2.77215
3.58672
2.38708
4.41818
5.241
4.22643
3.32266
2.18452
4.21994
2.54883
4.13953
2.49144
2.86729
2.32319
3.12124
2.96586
2.07153
2.29562
2.52932
2.39661
2.42598
3.35277
2.54619
2.98569
2.32302
2.02876
3.10002
2.86049
2.39902
2.28298
2.96217
3.20358
3.08338
2.30796
2.17019
2.46788
2.80991
2.67335
3.67933
2.30191
3.42674
5.22783
2.10901
2.55095
3.46695
3.04838
2.28064
2.34084
2.8152
2.47502
2.04891
2.11666
3.66278
2.28011
2.28497
2.09616
2.20278
5.80688
2.07124
3.74475
2.95461
2.13242
2.34829
2.22077
2.25779
2.62528
2.99878
2.55738
3.87998
2.87152
3.04577
2.47531
3.135
5.41339
2.06259
3.72675
2.16547
2.89671
3.06834
3.55327
2.68316
2.40737
3.01272
3.11117
2.03617
2.19247
3.05721
2.27443
3.57338
2.83583
2.38596
2.25043
2.45481
4.15337
2.6874
2.90249
3.08799
2.44776
2.10341
2.30979
2.70114
2.54178
3.32852
2.33212
2.95303
3.56722
5.16517
2.25318
2.06155
2.45087
2.48151
4.98502
3.01532
2.1132
2.65969
2.42277
2.3102
2.05199
2.40678
2.25278
4.28825
3.07574
2.08112
2.04731
6.4756
2.80028
2.51568
2.94358
2.05479
5.00638
3.68392
2.45697
2.42678
3.52483
5.71884
2.72518
2.21164
3.679
4.34616
2.7973
5.79595
3.39571
2.35824
2.48523
2.50759
3.23236
3.59721
3.37994
4.34935
4.51486
2.50835
5.67455
5.05052
2.16363
4.34999
3.97451
2.05051
3.14129
2.90098
3.38761
2.14897
2.30406
4.88729
2.66472
2.44067
6.38346
3.13709
2.51282
3.16175
2.58806
4.47673
2.00177
2.79581
2.08533
3.19942
2.6678
3.86155
2.20192
3.19699
3.51146
2.70515
2.4459
2.44238
2.2331
2.06467
5.48942
2.31379
2.71203
2.31245
2.44695
2.06012
2.3531
2.37844
2.43968
2.81755
3.08185
3.09663
4.1104
2.82268
2.04465
2.03994
2.1364
4.46517
2.06653
2.84994
2.22829
2.30974
2.56691
3.21103
2.93095
2.23283
2.95906
3.53285
2.66016
2.1385
2.54235
6.88375
2.07554
2.79257
2.1222
2.74049
2.23414
2.21235
2.38269
3.01146
2.38906
3.00485
2.23924
2.83808
3.78631
3.35325
2.39933
3.8272
2.40958
3.30844
2.69734
2.00413
2.69991
2.10788
2.19522
2.43354
2.08772
2.29701
3.27523
2.93717
4.67938
2.03931
4.14839
2.17687
2.59844
2.02019
2.08749
3.87699
2.47036
3.57855
3.07494
3.66762
2.33425
2.05498
3.35348
2.70986
3.40998
3.38358
4.59089
2.40829
2.85653
2.09966
2.4479
5.10416
4.25192
3.2395
2.61371
3.77779
3.40811
3.14512
3.78686
2.00413
4.09789
3.69185
3.07843
3.04473
2.13117
4.08112
2.10795
2.56133
2.77811
2.07557
4.95234
2.2301
2.50223
2.93313
2.13892
2.09673
2.0919
2.72941
2.32796
2.56556
2.48087
3.05309
5.46375
3.18205
3.74249
2.00131
3.58672
3.79142
3.55645
2.25444
5.69276
2.16676
2.02559
2.91148
2.88533
2.20251
2.15379
2.23175
2.14932
2.95946
4.49395
3.02753
2.90316
3.83769
3.82758
6.50002
2.77718
2.08257
3.60084
2.4896
2.97471
3.17185
2.39001
4.91449
4.71239
3.02966
2.3168
2.34467
2.66876
3.23267
2.48711
2.76399
2.60205
2.50223
2.94413
4.63884
2.33724
2.17009
2.89768
2.01538
2.58367
4.42127
2.28598
2.73697
3.56124
2.50258
3.79142
3.61962
2.54131
2.48731
2.49169
2.10941
5.36015
2.39588
8.09312
2.56572
2.1575
2.48453
3.36131
2.3624
2.95898
2.6213
3.49881
2.18078
3.89327
2.25121
2.51287
3.41361
2.17204
2.94837
2.88481
2.23179
2.78357
5.53442
3.657
2.14709
2.70509
2.22618
2.97925
2.80758
2.67067
2.08782
4.21462
3.71447
2.10479
2.24262
2.03696
2.63427
3.49704
3.05941
2.33081
2.18371
2.04616
3.42066
2.25487
2.86606
2.03336
2.3372
3.18464
2.5768
2.48721
2.29214
2.31806
2.90256
2.29263
2.94303
2.51926
2.38632
2.68388
2.29242
2.67557
3.077
3.42408
2.51599
4.0329
2.09959
2.91376
4.16553
2.10534
2.39222
2.32488
2.42109
2.61056
2.54204
2.539
4.45517
2.02531
2.15504
2.16284
2.50076
2.38421
3.32898
4.70643
2.57322
3.74423
4.27303
3.09828
3.61593
2.467
2.37245
2.34643
2.21697
3.35988
2.57713
2.73036
3.30124
2.54162
4.23866
3.70603
2.73876
4.1323
2.18459
2.4828
2.70145
2.46583
8.00274
2.17005
4.35095
2.69734
2.14134
2.99613
2.71017
3.01188
3.69168
2.78967
2.19277
2.60479
3.34607
2.16965
3.10941
2.8721
3.39867
2.24068
2.40038
3.27994
2.12579
2.4082
2.91483
2.17965
2.88422
4.2421
5.45599
2.11037
2.0837
2.11402
2.41543
3.08473
2.29157
2.63606
2.44819
2.01296
3.28688
2.20371
3.38261
2.77301
2.29349
3.3892
2.15159
2.50698
3.06179
2.47438
2.69489
2.56411
3.19669
2.43953
2.9609
3.60645
3.78159
2.06275
3.25694
2.30821
5.0622
3.35585
3.28038
2.74311
2.04536
3.37848
2.23924
2.67545
4.79428
2.42608
2.84644
4.90777
2.00594
3.62225
2.49674
2.59379
2.03216
3.93212
3.07494
4.62569
2.08125
2.31245
3.31991
3.90838
2.92247
2.90678
3.11796
2.47678
2.96233
3.75635
4.65564
2.52652
2.1934
2.06444
4.77549
4.62232
5.02758
4.12921
3.02285
2.81211
2.24285
2.80758
2.64976
3.26848
5.52401
3.4194
4.02178
2.3843
2.7651
4.96588
3.2451
2.42398
2.43901
2.04705
5.27431
2.36477
2.40129
2.90369
3.46299
4.26565
2.54973
2.04916
2.29059
3.69683
3.8649
2.40646
2.55525
2.14054
2.91384
2.45495
2.35228
2.08869
3.04969
3.02744
3.14378
3.52975
2.72613
2.92887
3.45028
3.01558
2.81348
4.31292
4.80936
6.18859
3.33302
2.23545
4.82931
3.54423
2.16467
3.57294
3.78177
3.69533
2.1033
2.54021
3.89145
2.27255
5.15081
3.70335
3.06214
6.16867
3.17165
2.41756
2.01268
3.81083
2.24169
4.85232
2.57593
2.97036
2.59423
2.19648
3.76952
2.54625
2.35245
2.45317
3.01297
2.23557
2.47399
2.77738
2.862
3.70872
3.35632
2.52932
2.59224
3.01414
2.51384
4.42333
2.04398
5.15509
4.46195
2.81293
3.36908
2.45837
3.79896
2.26087
3.48767
2.10663
2.34118
2.83759
3.07727
3.36513
2.64836
2.90324
5.23168
2.24379
2.44867
3.47599
3.40586
2.53874
2.41784
2.10476
4.76623
2.61383
2.20386
2.60406
3.92854
4.18217
8.30283
3.54652
2.37497
3.5458
2.74781
2.46695
2.65327
2.21318
2.79412
3.3198
3.28798
3.20541
3.07422
2.52885
4.46517
3.19861
2.24957
2.29001
2.24223
2.10931
3.43568
2.40995
4.31632
2.03219
2.91011
2.26151
2.27455
2.34691
5.39684
3.21812
5.02884
2.13476
2.61202
2.87378
2.34687
2.07468
2.00787
4.06007
2.34549
2.51099
2.2914
3.79877
2.17662
6.3498
2.72241
2.1599
2.56068
2.05938
2.22691
3.76256
3.64317
3.18135
4.48769
2.05589
2.41599
2.7209
2.02088
2.81314
3.99427
2.58083
6.09823
3.30607
2.34363
4.89997
2.29763
2.12534
3.49404
3.16782
5.90494
2.58126
2.32171
5.37788
2.32458
3.60721
2.78224
3.86569
2.60691
2.26755
2.08683
2.56074
3.9206
2.33519
2.1102
2.1357
3.05108
3.21133
6.81368
2.43382
2.4983
6.15495
2.41844
2.80001
2.76813
4.0799
2.08493
5.38596
3.5152
2.68002
3.22912
2.04632
2.6352
2.28124
2.19462
4.24815
3.93655
2.19137
2.64988
3.17116
2.66205
4.39851
2.53498
2.59955
2.71017
3.98446
3.00493
2.08115
2.215
3.81814
2.56642
2.0697
2.51185
3.20449
2.4524
3.63141
2.40339
2.31487
2.20945
3.85295
2.37902
2.09589
2.21401
2.08297
4.4379
2.26663
2.5141
2.2511
2.13871
3.54066
3.33013
2.63123
2.01259
2.21043
2.95763
3.57059
2.52818
2.08802
2.08039
3.38895
2.20199
3.60904
4.25134
2.23792
3.01938
2.18886
3.49513
4.45056
2.66252
3.73623
2.14522
2.30245
2.06048
2.85638
2.67563
2.3039
2.1594
2.14755
2.0112
2.01668
2.15718
3.35834
2.27399
3.07048
3.94229
4.09318
2.77373
2.16604
3.23048
3.40214
2.31814
