3.46635
4.39607
2.20423
3.26554
2.68276
2.16834
2.5862
2.41188
2.01624
3.68682
2.72805
2.06323
3.5689
2.17945
6.74258
2.74599
2.88357
2.54262
4.16962
2.59816
2.18885
2.48793
2.58022
2.35548
2.59474
2.06751
2.24525
3.28178
2.80068
2.40846
2.32814
2.31703
3.94317
2.39051
3.32194
4.84555
2.58364
2.47255
2.03845
2.06067
3.07755
2.558
2.40931
2.36402
3.27238
2.29908
2.35804
4.73873
2.67592
2.70669
4.28156
3.28263
2.25977
2.047
2.03845
3.49712
2.90579
2.35121
2.15381
3.04251
3.01517
2.01111
2.13758
2.1521
2.02393
3.74834
2.07092
2.80496
2.22645
3.22538
4.36103
2.47938
2.64687
3.17924
2.40761
2.7665
2.07776
2.1128
9.48387
3.75262
2.86135
2.09143
2.46913
2.09912
2.19568
2.2461
3.5407
2.10083
2.10852
4.08417
2.06067
2.75625
2.33241
3.99872
3.17325
2.56825
2.41188
2.43751
2.63747
2.68703
2.02905
3.12113
3.07242
4.81137
2.71609
2.11194
2.26063
2.02222
2.52382
5.19761
2.13758
2.7947
3.01004
2.58278
4.88571
4.01325
2.60329
2.70669
2.10681
2.48109
2.45802
2.1427
3.38432
2.23157
2.68789
3.00064
4.30293
2.2179
2.20936
4.82589
3.04337
2.81777
2.8323
2.17859
3.83294
2.0094
3.13736
2.75112
2.02905
5.58983
2.09741
2.88015
3.65178
2.16663
2.24354
2.26405
2.67165
3.16642
3.2006
2.11109
3.14676
5.44114
5.37107
3.16385
2.75368
4.20466
2.00598
2.51869
2.26405
2.98782
5.29075
2.60244
3.66717
2.02051
2.23414
4.07135
2.19056
2.78787
3.77654
5.10703
3.66887
3.36552
2.14698
6.19398
2.20423
2.17347
3.89618
2.41188
5.88037
4.51997
2.04871
2.15296
2.60414
2.86905
6.76736
2.92373
2.91604
3.16898
2.18543
4.07819
2.41444
2.87075
6.17689
3.05533
2.52126
2.43153
3.88592
2.03333
3.08011
5.0455
2.51271
2.74856
3.20743
2.00342
2.56398
2.9733
3.0596
2.59645
2.70156
2.87417
2.07007
2.08374
2.35804
2.06665
2.40248
2.34181
3.95514
2.33668
4.3072
2.60158
2.86563
4.33625
3.07242
3.01773
2.82974
2.3307
2.72805
2.29908
2.41188
3.49541
2.24354
2.72036
5.17454
4.8464
2.31703
2.20936
3.36723
2.05127
2.76223
2.29823
3.14505
2.28114
3.73296
2.61184
2.1034
3.98846
2.73659
2.4153
2.09656
2.79812
7.40056
2.10511
2.59902
4.00897
2.26746
2.5392
3.56719
4.46016
2.20765
2.89297
2.76736
3.26725
2.69387
2.45033
2.00085
3.58171
2.1803
2.72805
2.09143
2.18543
2.00598
2.49391
4.03717
2.02991
3.38517
3.03311
3.87225
2.43666
2.48451
2.52211
2.46571
2.9921
3.98163
3.74749
2.11109
3.58342
2.1427
2.78359
2.01965
2.10425
3.14933
2.37342
2.26661
2.83401
3.5501
2.58535
2.13929
2.14612
2.39308
2.25208
2.19398
2.33668
2.09741
3.25785
2.42384
4.37214
2.11963
2.464
2.56227
2.55629
2.29139
2.46144
2.99808
2.2273
3.16129
2.53578
2.32386
2.1128
3.15104
2.70241
2.83743
2.37257
2.78957
3.1254
3.88165
2.17176
3.44755
3.03824
3.80303
8.78915
2.68703
2.24183
3.3903
3.40226
2.77505
2.09229
4.88058
2.28968
2.24097
2.50331
2.01196
2.93228
3.0878
2.1504
2.16065
2.73147
2.01794
2.82119
3.48943
2.77334
2.87332
3.20573
2.60842
2.96561
3.09635
6.7665
4.79684
2.21534
2.60927
2.39821
2.0094
2.38966
2.3495
3.25272
3.41594
4.03632
2.12305
3.21342
5.92309
2.59645
3.27067
3.82611
2.64174
2.3025
5.97095
3.64153
2.99551
3.94488
3.83038
3.57231
3.33647
2.2179
2.42982
3.1536
2.65371
2.05725
6.79128
2.45802
3.12113
5.00278
2.47853
3.59795
2.04016
3.74151
4.25678
4.15339
2.12647
6.22474
2.46315
2.8323
3.19462
4.87289
2.55202
2.83572
2.36061
2.19312
4.48152
2.24696
3.4655
2.28455
2.0564
3.23392
2.17261
5.7351
2.09143
3.23307
3.39799
3.63128
3.21256
2.74685
2.51613
2.74258
2.6708
3.16044
2.2743
2.9545
2.20423
2.49477
2.81521
2.32557
2.29566
2.19312
2.50331
3.03055
2.2837
3.29203
2.61013
2.0658
2.33753
2.21876
2.11792
2.84768
2.41188
2.14783
3.54839
3.19974
2.14698
2.57851
2.11963
2.17945
3.39885
2.08887
2.45888
3.49968
2.11194
2.80667
3.63469
2.65542
2.1897
2.04956
4.51912
2.21961
6.96048
2.03504
2.39308
2.29481
2.83828
2.33924
2.09998
4.32344
2.82974
2.64003
2.02991
2.55458
4.1081
2.62722
3.33647
4.65584
2.12049
2.78188
2.58535
2.23927
2.14954
4.24653
4.47639
3.06558
4.87033
3.33048
10.8058
2.05896
2.35377
3.68853
2.80496
2.90408
2.22645
3.65606
2.25208
2.81436
2.08716
2.79641
2.28626
2.75368
2.24268
4.48579
6.38197
2.16834
2.44264
3.52532
2.89724
2.56142
2.02649
2.43495
2.21363
2.29225
2.62978
5.51463
2.05469
4.93185
2.03845
3.05704
2.38881
2.30934
3.23563
2.00085
2.74087
3.49455
2.72207
2.09571
2.05896
3.29801
2.24097
4.3354
3.31681
3.34074
2.71609
2.55202
2.96133
2.03845
2.38197
2.6238
2.71694
2.74429
2.34864
2.38282
2.70071
3.83038
4.19098
2.24097
2.60927
4.01752
2.91946
3.11258
2.98611
3.16984
2.26405
2.34608
3.12711
3.44243
3.72356
4.94809
2.43751
2.24525
2.35975
2.94168
3.02029
2.61953
2.20594
3.03055
3.33647
2.77334
2.5016
2.0564
2.13672
2.89639
2.25977
2.15894
2.46229
3.29374
2.48109
5.31809
2.41444
2.66738
2.29395
2.08289
2.05042
2.22987
2.44093
2.42128
2.34864
2.699
6.07434
2.07007
2.94082
2.83401
2.71865
2.16236
2.08887
4.44221
2.08203
2.17689
4.77975
2.81521
2.11536
3.87225
2.37855
3.09122
3.96539
2.87759
2.0094
3.05448
2.15723
2.56996
6.5674
2.69045
2.4059
2.77163
2.62123
3.13565
2.43495
2.56655
3.05875
3.64324
3.15189
2.20081
2.7383
3.34074
2.63576
2.05469
2.01196
4.1363
4.25422
2.64943
2.58449
2.5204
2.65627
3.30741
2.39821
3.19205
2.65456
2.54262
3.47661
2.13074
4.71139
2.5204
5.99744
2.46913
4.05597
2.94595
2.38197
2.76394
2.67849
2.27174
2.69472
2.47169
2.66823
5.55309
3.60479
3.10233
2.72292
2.67507
2.10681
3.03226
2.18116
2.94168
2.35462
3.25016
2.86819
2.64602
2.37684
2.2837
2.55116
4.19782
2.01709
2.49049
4.98996
2.94424
3.23051
2.55373
2.46315
2.19568
2.05725
2.56996
2.03504
2.69472
2.82546
2.32643
2.51442
2.03504
3.49113
2.23243
2.63405
2.02307
2.70071
3.04678
2.38453
3.0109
4.54219
2.57338
2.13245
2.76052
3.19889
2.18714
2.09912
3.84832
2.11023
3.4937
2.00684
2.48024
3.92694
2.84683
2.39222
2.81777
4.29438
2.52467
2.48024
3.23734
2.51955
2.44179
2.10083
2.10083
2.49904
6.16578
2.95621
4.02435
3.23905
2.10083
4.19184
2.82974
2.45033
4.08844
4.80367
3.22709
3.46635
5.76073
2.21534
4.02094
3.20402
2.33583
3.19803
2.56398
2.17603
2.12903
2.08032
2.85025
2.31275
2.98868
3.0126
3.05362
2.48537
4.5627
2.30848
2.62294
2.30421
2.04187
2.54433
6.62722
2.17261
2.22388
2.84512
3.03653
3.37834
2.04529
3.38774
4.09442
2.50929
4.11579
2.66994
3.22367
5.63427
2.17603
2.55715
3.04251
3.257
2.61953
3.19974
3.85345
3.88592
2.25977
3.42875
2.85879
2.12305
2.4452
4.5909
2.11451
2.70583
2.10169
3.2476
2.19312
2.58791
2.00598
2.42384
3.90301
4.74984
2.23414
3.52788
4.82333
2.29395
5.33091
3.19376
2.72549
2.06922
3.60222
2.35377
4.10212
2.05213
2.38197
2.4435
2.19739
2.19141
3.08097
2.81948
2.20765
3.16984
2.45802
2.08374
2.04529
2.11451
2.02905
2.32814
3.82781
2.4153
2.31019
6.29908
4.4969
2.82461
2.58193
2.72805
3.21513
3.34159
2.5862
5.23606
2.25636
5.63939
2.24525
2.3401
2.28626
3.23478
3.34928
5.82995
2.4922
2.54433
3.44157
4.68575
2.20423
2.00855
2.21876
2.29395
2.02649
2.17518
2.04358
5.62658
2.30079
2.37941
3.94488
3.22282
2.37428
2.511
3.34843
2.01965
2.26661
2.87759
2.39564
4.74557
3.99957
2.04614
3.08267
2.24952
3.34587
5.23606
2.66311
3.17154
3.30912
3.09122
2.35035
3.257
2.91348
3.27323
2.85195
2.2461
2.09827
2.29652
2.73061
3.3903
4.24397
3.96368
3.09464
7.28178
3.96112
3.32963
3.11087
3.22623
4.1944
2.52553
2.11878
3.28007
8.59432
2.75198
2.43666
2.82546
4.67464
2.89895
2.49049
2.38197
2.40077
3.95941
2.27943
3.83551
6.01025
2.66823
3.02371
3.2758
4.1286
2.01794
2.44777
5.8667
2.00513
2.51613
3.04764
2.7272
5.348
2.50673
5.40696
2.06751
5.62401
3.5783
2.6708
3.31852
2.21277
4.75326
2.32472
5.81457
2.45888
3.71245
2.78616
4.54732
2.63833
2.96304
4.1457
2.4734
2.67165
2.06922
3.53386
2.47768
5.63085
2.75454
2.02393
4.2414
3.78509
2.03162
2.24781
2.23499
2.35035
2.05383
2.5862
2.38282
4.67037
2.11878
2.70583
2.13587
4.88485
2.50929
3.10489
2.11878
2.85195
2.20081
2.05469
2.49562
2.10425
4.68575
2.35035
3.08182
2.4059
4.42598
5.21982
2.10852
12.3636
3.89959
5.20017
3.9765
2.63918
2.02393
2.1521
2.06067
3.03739
2.74258
4.1269
3.68596
2.76479
2.73318
2.04614
2.72036
4.7712
2.38112
3.2382
2.68532
3.07584
2.12561
2.67165
2.14698
2.34779
3.44414
3.03482
4.48238
5.94531
2.74001
4.09101
3.57402
2.84256
4.12946
2.79385
2.4435
2.43666
3.55608
2.41359
3.24332
2.28712
2.00256
2.10596
2.91775
3.22025
4.3918
5.23777
2.06067
2.24268
2.80667
4.74984
2.02478
2.40077
3.67913
2.04016
2.06153
2.17689
2.11451
5.86242
3.66546
2.46742
2.07092
3.26383
3.18265
3.0502
5.46849
2.9263
2.54091
2.1991
2.84768
2.25721
3.02713
2.49818
2.00085
2.05127
3.06986
3.49028
2.72292
3.1818
2.11365
2.29994
2.61013
3.24845
2.2179
2.1034
2.18543
3.80987
2.36488
4.77975
2.90493
2.65712
2.10169
2.92032
2.28199
9.70519
2.83401
3.18778
2.1709
3.98419
3.38005
3.00577
3.44414
3.2775
2.37684
3.33988
4.34651
2.45033
3.20402
2.8793
2.46571
2.00342
2.2179
4.87374
3.75347
2.59645
5.68297
3.06644
3.42875
2.37599
2.01367
4.15082
2.22645
2.00427
3.90558
2.93313
2.08289
3.69964
2.30335
2.23927
2.54091
4.19526
2.27088
2.26319
2.00256
2.10938
2.08972
2.88357
2.76736
2.04187
2.19398
2.11792
3.36296
2.91604
8.73446
2.68618
3.05875
2.64772
4.09699
2.2931
3.43046
2.89383
2.33155
2.80154
4.16877
4.19868
3.08609
4.00641
2.90493
2.11365
2.6332
3.01004
2.91861
3.08524
2.74087
2.87332
3.42021
2.57509
2.40675
2.82717
3.48088
2.52211
3.04678
2.71865
3.33134
2.22217
2.7289
2.77248
2.59133
4.75155
4.88656
2.92288
3.07328
4.30464
2.94681
2.90664
2.21021
2.42555
2.90152
2.32814
5.14292
2.00085
2.63234
2.93912
2.31874
2.2367
2.37257
2.22132
2.99124
2.01794
4.53792
3.24247
2.00427
2.29737
4.34736
2.1615
2.04358
3.85687
2.50331
2.44862
2.29225
2.7289
2.13587
2.18372
2.18372
2.84341
4.0141
4.32087
2.51442
2.72463
3.58342
2.53066
2.417
2.24525
9.79064
3.39116
2.45717
2.74856
2.97586
3.73809
2.42982
2.45119
2.17261
2.34266
4.71651
2.10681
4.24995
5.77441
2.53407
4.45845
2.74599
5.71459
2.43153
5.72741
2.24781
2.12647
3.68596
3.80816
2.00256
2.62978
2.17432
3.54668
2.70156
2.63918
2.24525
5.53258
2.88357
2.68447
3.29289
2.64687
2.74514
2.81863
2.42726
2.20679
3.0784
2.52126
2.61696
3.31169
2.19398
2.59645
2.86221
2.74856
3.63469
2.56398
2.17774
2.45973
2.13416
2.35633
2.56313
2.79214
2.05811
2.02222
4.42085
3.163
3.99445
2.31275
2.31959
2.34693
2.1128
3.71758
2.15552
2.36402
3.11515
3.26725
2.06153
2.64174
2.39564
3.79278
2.13245
2.55886
2.9733
5.51549
2.17689
2.82205
2.17432
2.66823
2.6144
3.23307
2.21534
2.49391
4.21833
2.09827
2.97159
3.85858
2.56655
4.60286
2.18799
2.17005
2.00171
2.17347
2.29994
2.14441
3.17582
2.52211
2.31703
2.11023
3.31681
2.4341
4.30207
2.30506
2.8793
2.9451
4.61226
2.18287
4.2038
2.53835
2.39991
2.56655
2.96988
4.51485
4.26447
4.27558
2.35377
2.31361
3.89618
2.28455
4.91733
2.64858
2.00513
2.62294
2.20167
3.32536
2.25037
4.11322
5.50011
2.01282
2.1991
2.43239
3.63897
3.14505
2.51527
4.89254
2.24183
2.88784
2.18629
2.2555
2.2837
2.00684
4.05512
2.58022
2.10425
3.50139
4.03119
3.58
2.08716
2.40248
2.20081
3.10489
3.43559
2.22047
2.00513
3.14676
3.69622
2.24012
2.72121
3.2476
2.80325
2.4546
4.01752
3.63982
2.07092
2.99551
3.85345
3.74407
3.33561
3.35868
2.64174
2.86392
3.91925
2.20338
2.50587
2.00342
2.69814
3.1818
3.64837
3.94745
2.18799
2.06665
2.81692
2.9733
2.43666
3.64922
2.3213
5.02329
2.56825
2.50417
2.18543
2.28455
2.99039
3.2963
3.22196
2.45375
4.24824
2.35719
3.59111
2.22388
2.21534
4.49007
2.34181
4.48665
2.49904
2.83572
2.2367
5.07883
2.02564
3.83721
2.5204
2.26148
2.71609
2.93997
2.19398
3.85943
2.37428
2.19996
2.44948
2.72121
5.58129
5.42747
2.66311
2.08374
2.48195
2.08887
2.93826
2.48451
3.46379
2.27259
3.96881
5.04379
2.74941
2.32386
2.14014
2.18799
2.3965
2.98184
3.37492
2.14185
2.37428
2.3213
5.41038
2.49989
4.59261
2.07947
2.33753
2.68105
3.32365
3.83123
2.27943
3.41765
2.53578
4.01239
4.19355
3.87396
3.08182
3.163
3.44926
2.18714
2.56142
2.61269
5.12583
2.19141
4.49263
2.23927
3.83209
2.98611
3.14591
3.70476
2.32557
2.50929
4.12433
2.19483
2.3495
2.41188
3.70562
2.27772
2.16578
2.71865
2.57253
4.87973
3.022
3.93036
2.84854
2.11194
2.08545
2.02649
2.44606
2.78787
2.24781
2.3871
2.73916
2.12305
2.11621
3.64666
3.02799
2.01624
2.59645
2.11109
2.44691
4.15168
3.44841
2.27345
2.62807
2.33583
3.13395
3.15873
2.16578
5.83337
2.9451
2.0846
2.30848
3.05875
3.93292
3.42277
2.18372
3.48173
5.5454
5.75732
3.02029
2.64174
3.83551
2.57509
7.25443
5.41209
2.72634
2.21534
2.14356
2.68105
2.35633
3.35441
3.41166
3.27152
2.03504
3.31425
2.68191
5.78381
2.20936
3.52788
2.16663
4.41914
2.72378
3.65606
2.41444
4.83615
3.15104
2.07605
2.22303
2.62038
5.16257
2.16321
2.18287
2.41017
3.42363
4.19868
2.90152
2.73916
3.07498
5.27451
2.33497
2.80325
2.2273
2.62807
2.22047
3.6364
2.66311
2.67849
2.8229
4.17731
2.68618
5.55565
5.55651
3.42363
2.92032
2.97159
2.2179
2.09314
2.95706
2.36232
2.37257
4.14826
2.8605
3.12967
2.37941
4.97543
2.03418
2.41871
2.12903
2.00513
2.45973
3.35698
2.60244
3.3715
2.63234
2.4435
2.17347
2.81265
2.63491
3.34159
2.03589
5.18308
2.5956
3.23051
4.02179
3.1066
4.26362
3.32279
3.07755
2.25721
2.49135
2.17432
2.64089
2.40419
2.42555
2.82119
2.9545
2.96304
2.71267
2.29566
3.39286
4.29182
2.16236
6.09998
4.11066
2.8041
3.63555
3.02457
2.17859
3.19547
2.21021
3.721
3.862
2.76821
2.54689
2.05725
2.18543
2.67421
4.15168
2.04871
2.01025
3.02799
4.12519
2.11365
2.19654
2.03674
2.38112
3.5988
2.36744
5.05832
2.12049
2.40162
2.78445
5.8573
2.1504
2.46486
2.7665
5.72399
2.96561
4.47127
2.24952
3.29887
2.094
2.34523
2.27088
2.32557
2.41957
3.73894
3.23392
2.73574
2.18116
2.02734
2.58364
2.66396
3.08267
3.07669
2.25636
2.54091
2.67421
2.38453
2.23328
2.33753
3.08097
2.17176
5.45909
2.38966
2.88699
2.34864
2.20508
3.1536
2.0188
2.26063
3.62188
2.12561
2.25806
2.62209
3.31083
3.89959
3.49199
5.26768
2.605
2.50075
2.45289
2.17859
2.30763
4.08075
2.46657
2.04273
2.48195
3.17582
2.49477
2.65114
3.84747
2.56996
2.28712
2.05982
3.15702
2.51271
2.094
3.22709
2.1128
5.89148
2.26576
2.47511
2.07263
2.12561
2.48964
2.21619
2.09143
2.5204
4.02863
2.43068
6.37513
3.72356
3.22367
4.58919
3.50652
2.14869
2.91946
3.02713
2.19654
2.55287
2.01282
3.86541
4.10297
2.20936
2.62636
2.38624
2.10767
3.80389
2.55287
2.17005
2.11365
2.20252
3.66887
3.64068
4.78829
2.57253
3.17838
3.51592
4.08417
2.22816
2.30934
2.63576
2.01538
3.4373
3.21085
3.5501
4.43281
2.65712
2.12732
3.96539
3.022
2.54176
2
2.34693
5.62401
2.70583
2.73574
2.66396
2.25379
2.42555
2.30848
2.37342
2.0846
2.05982
2.20679
2.2273
2.56142
3.45097
2.33497
2.8793
3.22794
2.3495
3.24332
2.87503
6.7084
4.9874
2.42299
4.12946
2.28541
2.63576
3.32792
2.01367
2.29823
2.76052
2.77505
2.33412
3.17924
3.7586
2.75625
2.77334
2.4059
3.04764
2.2931
2.95621
2.12134
3.36296
2.047
3.16556
2.58449
6.73061
2.01453
2.41615
3.38603
2.02478
2.10596
2.10596
3.12113
3.06558
2.94253
2.89553
4.8088
3.8543
2.17176
2.04358
2.77761
2.00256
3.57573
6.11792
2.4452
2.57424
2.78957
2.74429
2.14783
2.04529
3.0878
3.19547
2.1504
2.93997
2.09827
4.48836
3.10916
2.68191
2.31617
2.68532
3.30229
2.79043
3.08609
2.66311
2.42299
3.9295
2.94681
2.77505
5.02243
2.30677
3.23734
2.18629
3.46806
2.87503
4.11579
2
2.85281
3.3621
2.14185
3.20658
2.48708
2.18885
2.08631
2.56398
2.61184
2.60073
3.2664
3.97137
2.417
6.64773
2.06153
2.7084
2.55373
2.31446
2.59047
2.417
3.60308
4.35676
3.07157
2.4922
2.78957
2.58193
3.16471
2.19398
2.22645
3.77398
3.25101
2.56142
2.47682
2.07605
4.18757
3.25272
2.31874
4.43452
3.95428
2.26063
2.40504
2.53322
3.75433
2.88443
2.31104
2.35035
2.8793
2.77761
2.04273
2.39991
2.29054
2.18116
21.824
3.02371
2.18714
2.03589
2.42897
4.98483
2.12647
3.90045
4.64986
3.14933
2.58876
2.00427
2.88186
2.41017
2.17945
2.16834
3.08866
2.39137
4.24738
2.64174
2.92373
5.12156
2.33839
2.74429
3.02713
2.07263
2.23756
3.21683
2.34352
3.815
2.75027
3.78082
2.00769
3.82696
3.62529
5.6599
2.0376
2.48622
2.75625
2.8323
2.58364
2.61953
2.52553
2.22901
2.26576
3.99615
3.26469
2.72292
2.65029
2.63662
3.50993
2.92544
2.48964
2.67849
2.13672
2.81777
2.83828
2.21448
4.73959
3.03226
2.89468
2.14698
2.22901
2.25892
2.66909
2.48622
3.47661
2.48878
2.2367
2.1333
3.20316
5.19846
2.7289
4.37727
3.36552
3.5313
3.02457
2.01965
6.16492
2.52382
3.22367
3.71673
2.84768
3.14676
2.56484
2.09143
2.41017
2.13843
2.95877
2.20252
2.33412
3.01431
2.27772
2.92373
2.52297
2.13245
2.80325
2.1222
2.5674
3.03311
2.64003
2.9075
2.699
2.32728
2.82717
2.06067
2.0282
3.66375
2.33583
5.68041
3.71502
2.18458
2.63149
2.54604
2.93228
2.59304
2.57851
2.24439
3.46379
2.8041
2.37086
3.49028
3.59453
2.53236
2.00427
3.16727
2.14783
2.60756
2.2649
4.25935
2.17689
4.14911
2.7272
3.27836
2.51442
2.60414
2.44264
2.25892
3.80047
4.14142
3.25614
3.30912
2.17603
2.65114
2.37172
3.30058
6.90835
2.51271
5.2634
2.61696
2.25379
2.37599
4.28156
2.00513
2.06067
3.72955
2.08203
2.34181
3.45524
2.61354
2.30677
2.00256
2
2.14185
2.54262
4.65328
2.91775
2.92032
2.39222
2.71865
2.72378
3.14591
2.27174
3.13651
3.94745
3.47917
3.10916
4.02264
2.46144
2.8887
3.38603
3.25101
3.52275
2.30079
2.02136
4.42427
4.39692
2.62551
2.16749
3.03226
2.66396
2.1991
3.78082
5.95984
5.95898
3.78936
2.86563
4.43538
5.45824
5.1583
2.25892
3.28605
2.45973
2.18372
2.65883
3.84918
2.87844
3.12626
2.23756
2.09058
2.68276
2.48366
4.66524
2.22217
2.65114
2.47938
4.34223
2.24012
2.52724
4.25336
2.02051
2.89383
2.34095
2.09912
4.19013
2.28883
2.49306
2.33753
2.0376
5.5266
2.14185
2.3025
3.52019
2.46144
3.42106
2.11878
2.08374
2.77505
2.00427
2.7571
2.22303
2.67251
2.29395
3.90387
4.0987
2.69131
7.08267
3.40739
2.81948
2.70071
3.13224
3.58257
2.72549
2.51442
2.68874
2.89468
2.31275
2.10425
3.67742
2.86135
2.02051
2.02222
2.5862
2.11023
2.35633
2.64516
2.20423
2.08545
4.05084
3.73894
2.64687
3.87396
3.70904
2.47426
4.59004
3.31596
2.35719
2.95022
4.94296
3.37492
2.17603
3.6552
2.24525
2.03333
2.77334
3.53557
3.74151
5.28819
2.9921
3.069
2.14356
3.03482
2.20423
2.04871
2.78616
2.64858
3.80218
5.21043
2.82803
2.76736
3.45097
2.63149
3.82781
2.41102
3.26041
4.54476
2.21192
2.49391
5.26853
2.82205
2.40504
2.96988
3.86029
2.19141
2.59645
2.71352
2.46742
4.46614
3.16727
2.48024
2.30079
2.37001
3.17069
2.19398
2.4153
3.20316
2.51186
2.04016
2.95621
2.39821
2.93228
2.47255
2.06751
2.65114
2.93313
6.57936
3.7116
2.05213
2.8323
2.094
2.22303
4.02179
4.25336
2.87674
4.12262
2.11878
3.28007
2.80837
3.09207
4.54476
2.8323
3.27409
2.53066
2.64772
2.01538
3.74834
2.30934
2.85708
2.29139
2.85794
2.75796
2.49989
4.9686
2.01538
6.69131
2.12818
2.40419
3.34501
3.94403
3.13053
2.38282
3.68938
5.10446
3.21342
2.55458
2.2273
3.57146
2.46144
2.82803
2.62893
2.72207
2.47169
2.93655
3.31938
2.48878
2.84256
2.49648
2.87759
2.91519
2.63491
2.17432
2.50673
2.2649
7.41765
2.74001
2.09143
2.0846
2.2179
2.07092
2.64943
2.51613
3.2664
3.38432
2.40162
3.31425
5.18394
2.10083
2.82632
2.05042
2.62465
2.81179
3.3715
2.40931
2.05982
2.88015
2.58193
2.78359
3.40312
6.699
3.35698
3.33647
2.79727
2.15638
2.17603
2.72549
3.31681
3.65947
2.51869
2.69472
3.04593
2.87417
2.464
2.7084
2.32899
3.15189
2.72549
2.02136
2.27345
2.40675
2.99039
2.01624
2.50673
2.39308
2.4358
2.00171
2.22474
3.24931
2.54689
2.19056
3.25272
2.42726
2.67336
2.96988
2.48964
2.74941
2.53493
2.29225
4.7618
2.97415
2.55202
2.27003
2.047
2.74941
3.79449
5.18394
4.22602
2.66909
4.17902
2.52297
2.56142
2.09229
2.05554
2.94424
2.07691
5.76672
2.09656
2.13501
2.1709
2.54689
2.50587
2.03504
2.2931
2.94253
2.03931
2.36317
2.26148
2.57167
2.19825
2.97244
5.47533
2.88955
2.7084
2.61013
3.51933
3.62957
2.01453
2.71438
2.77932
3.47661
3.24332
2.29908
3.08182
2.20936
5.97778
4.02179
4.02521
2.21021
2.59987
5.39329
3.25956
2.05811
3.72356
2.26234
2.51698
3.00235
2.66054
3.75262
3.01175
2.16749
2.44264
2.89383
7.57146
2.60756
2.22047
2.27943
3.52104
2.35975
2.00855
5.51634
2.9921
3.09464
3.21513
2.98099
2.35548
3.16984
2.61611
2.03076
2.60158
2.0658
4.16108
4.8652
3.25101
2.22303
3.99359
5.44114
2.75796
2.38453
3.63897
2.18458
2.76907
4.31062
2.00171
2.33583
3.31681
2.00769
2.56142
2.65883
2.17603
2.20765
2.13672
2.55031
2.01709
2.55886
2.12049
2.3965
2.41444
2.55458
2.41273
3.06644
4.03034
2.26405
2.03674
3.82781
2.00085
2.13929
4.02777
3.76373
3.28092
4.46272
3.3057
2.00513
2.31275
3.62871
2.60244
2.05383
2.14954
2.36488
3.47575
4.68404
3.41337
3.18351
2.2367
2.34437
5.35569
5.38133
3.02628
4.7712
2.31788
2.50417
3.44243
4.5157
3.56975
3.97906
2.49049
2.12903
2.00427
3.61333
2.2085
2.53236
3.069
2.18116
2.10511
3.2852
3.80731
3.63726
2.03674
2.0752
3.95856
3.60051
3.75774
3.29887
3.17582
2.07434
2.18799
2.47255
2.76223
2.34608
2.39564
3.6928
3.04678
2.37428
2.97928
4.69942
4.04401
2.03162
2.1521
2.95962
5.23264
4.00128
2.3871
2.64431
2.10511
3.17411
2.16834
2.30165
3.71844
4.63875
4.07904
3.52702
2.33668
2.11023
2.11365
2.98355
2.20508
4.28327
2.74087
3.30399
3.07413
3.09549
2.13672
3.61589
11.6202
3.07071
2.57936
2.15638
2.54262
2.60842
2.68361
3.17325
2.49733
2.92801
2.63234
2.80239
4.51485
2.91946
3.23734
2.13587
2.82717
3.15189
2.65371
2.20423
2.58535
2.61611
2.79983
2.85965
2.60671
2.1521
3.08097
4.87289
2.21619
3.50481
2.7947
2.37513
2.01453
3.15531
3.73553
4.93356
2.05127
2.06409
2.3025
2.71694
2.89297
2.19654
2.28968
3.87738
2.38966
2.80581
2.60585
2.68447
2.30934
2.31617
2.67421
3.06644
2.49904
2.46315
5.66588
2.18458
2.23585
3.80132
3.27067
4.15937
4.60628
4.4593
2.417
2.94766
5.55052
2.19398
4.27131
3.15787
2.19398
2.62551
3.78594
3.45354
2.14783
2.5204
3.90643
2.45289
3.12967
3.05106
3.80987
2.29481
3.06729
2.26917
2.41786
2.01111
2.33497
3.05191
2.18116
2.15979
2.19312
3.57317
3.63042
2.57424
3.67656
2.52297
2.51955
3.06046
2.2555
2.54518
2.12476
2.38282
3.29032
3.32792
4.18586
4.59944
2.86563
3.25614
2.12561
2.21448
4.44221
2.21448
3.23307
6.62209
2.04444
2.14527
3.40739
2.78616
3.57231
2.11536
2.29823
3.5219
2.01709
4.12091
3.79278
2.01794
3.73638
2.0376
2.43495
2.14698
4.47127
2.16919
2.76907
3.05618
3.87396
2.45546
2.86221
2.73659
2.81521
2.40761
2.65712
3.23649
2.6144
2.63063
2.13672
2.15979
4.13031
2.21961
2.79983
2.98782
2.33155
2.11023
3.04508
2.08289
3.17582
2.29225
2.80581
4.13117
2.13501
2.32386
3.39885
2.43495
4.78231
3.87225
2.60756
3.04422
2.84341
3.27665
5.84704
2.86734
3.54241
2.36573
2.75368
3.75005
4.39949
2.03076
2.98526
2.57338
2.85708
4.84469
2.05383
2.90066
3.36637
2.44008
3.07584
3.32707
2.32643
2.23157
2.55715
2.04273
2.97244
3.05789
3.71758
4.55672
2.03162
3.72271
2.02222
2.55971
2.06751
2.28883
2.02649
2.12561
3.17325
2.53835
3.95856
3.26212
5.67443
2.04016
3.45097
2.81777
2.76223
4.39521
3.93463
3.3809
3.02371
4.29096
2.59816
2.67849
5.34886
2.34352
4.02094
3.31339
3.00577
2.28455
4.24226
2.70156
3.60649
2.30165
2.64431
3.57231
2.57338
2.11878
2.05896
4.00214
2.47255
2.58022
3.53728
3.61077
2.22303
2.83999
3.07755
5.20359
2.1521
5.72741
2.0094
2.37342
2.43751
2.31104
4.25507
3.6176
2.56996
2.93655
2.49135
3.68426
2.95621
2.27259
5.56334
3.12027
2.21534
3.87396
2.6426
2.59389
3.09977
2.62123
3.57231
2.0564
3.00748
2.21448
2.78188
2.41615
3.70647
5.32066
4.08759
2.01196
4.03204
2.17945
2.40333
3.70391
2.80837
3.59026
2.10425
2.59816
7.64495
3.42961
2.01538
2.06836
2.18372
2.7477
2.2931
4.23286
2.15723
2.41786
2.10169
2.75796
2.1521
3.95001
3.89447
2.6614
2.75027
2.13074
2.53151
2.47084
2.14869
2.79727
3.3903
2.98441
3.35441
2.54518
2.48537
2.89383
4.60799
2.73318
2.15552
2.22816
3.61589
2.04102
3.17582
2.53236
2.70754
3.08609
2.5674
2.01025
2.44179
2.08032
2.29737
3.18949
2.09656
2.10852
2.87759
2.40931
2.56484
2.52638
2.46828
4.18329
2.58791
3.4185
2.56825
2.1803
3.10147
3.62786
2.63234
2.20594
2.57424
2.09741
3.0032
2.99039
3.23649
2.61269
4.696
2.38795
2.49733
2.01282
2.24268
2.91433
3.81671
3.55864
2.30079
3.75518
2.54262
4.72506
2.46913
3.31596
2.66567
2.34095
3.82269
3.70305
2.44691
2.76138
2.35633
4.38069
2.72805
2.21021
2.11878
3.18351
2.68447
3.90387
3.4843
2.37086
3.65947
3.00064
2.26746
3.14164
4.33454
2.0188
2.93826
5.2805
2.79897
2.84341
2.22901
2.58193
2.19568
2.27772
3.17325
3.01602
5.44456
3.34672
5.46507
2.0564
2.86135
3.08353
3.63042
3.45439
5.6129
2.0188
2.62722
2.1991
3.21427
2.04529
9.03183
3.68426
2.21961
2.13416
3.39286
2.28028
2.15894
2.60842
2.26148
2.09912
2.58705
2.15296
2.35121
3.08182
4.49861
3.58428
2.55458
2.39393
2.46742
2.9357
2.09485
2.24696
4.39009
2.56313
2.62807
3.27409
2.14527
2.46144
7.12027
3.29972
3.3245
3.88079
4.93271
2.65285
3.03226
2.20508
2.45546
2.511
2.73659
3.18607
2.558
2.95621
2.06665
2.31959
3.22623
2.06922
3.28092
2.11963
4.31062
3.61504
3.04508
5.08994
5.12497
3.78082
2.32472
2.7084
2.05383
3.47575
2.30506
3.75262
5.97949
3.47832
2.1504
2.4452
3.6082
2.23841
3.25956
2.04614
2.54006
2.18885
2.08032
2.04187
2.20252
2.01453
2.82034
5.76501
2.83828
2.38624
2.79043
2.31703
2.20167
3.94061
2.54176
3.80132
2.79556
2.06323
4.04315
2.13843
2.84426
2.23243
2.55373
2.68447
2.30506
2.58535
2.59474
4.55501
2.50844
2.23927
2.0376
2.35462
2.62038
2.14014
2.41102
2.13501
2.54689
2.31532
3.05362
3.163
3.25101
2.3025
2.17945
2.58107
3.34074
4.35932
2.11023
3.10062
2.30335
4.90194
2.05042
3.52019
2.22303
2.50417
2.39393
4.10639
3.63042
3.09464
4.33369
4.29695
2.27174
2.20508
2.52297
2.36146
2.41102
2.17005
3.09977
4.96091
3.06558
2.12732
3.37919
3.45866
2.46571
2.69131
4.62166
2.48964
2.12818
2.05127
4.02606
2.46828
4.97116
4.18159
2.42213
4.49776
3.45866
2.71523
2.82717
3.01175
2.07263
2.56142
2.36573
2.17261
2.99039
2.64602
2.23157
2.15296
2.36659
3.07755
2.44948
2.38881
3.15018
2.40077
5.09848
2.89895
3.88165
2.69472
3.20402
2.56313
2.17518
2.72292
6.64687
2.47597
2.01282
3.82269
2.38026
2.605
3.44243
3.64153
2.10083
2.54176
2.92288
3.44755
3.76971
2.89553
2.91092
3.75091
3.00748
4.65242
2.60073
2.31617
2.44691
2.6896
2.80068
2.04358
2.97415
2.11621
2.0188
2.19483
5.61461
4.86007
3.7304
3.68426
3.42875
3.2946
2.16834
2.3307
2.0282
2.28114
6.32899
3.97821
2.98953
2.38624
3.73125
2.00256
3.64068
2.84512
2.56227
3.08011
2.30592
3.95087
2.60073
2.96475
3.61589
3.66118
3.21598
2.09998
5.49925
3.58171
2.21363
2.65114
5.19761
2.50844
2.23414
2.45546
2.86135
3.33818
2.27686
2.92203
4.01154
3.76202
2.57595
2.48024
3.8449
2.53236
3.19376
2.87161
2.67678
2.41017
2.97415
2.45973
3.65007
4.14399
2.00855
3.81927
3.0972
4.06366
3.88678
2.76907
3.43901
2.24781
3.11686
2.36146
4.81222
2.05982
2.28285
2.01282
2.45631
3.25871
3.76287
4.2038
3.18607
2.36573
4.02094
2.65627
2.68703
2.76223
2.42384
2.44264
2.08289
2.85794
3.48601
3.96197
2.99039
2.41359
3.21085
2.31104
2.92801
2.49562
2.03418
2.0846
3.36039
2.5392
2.33839
2.78616
2.52553
2.85281
2.5298
3.5783
2.62722
2.48793
4.92502
2.29823
2.09485
2.06494
2.3777
2.09314
2.68361
2.46913
2.55202
3.68938
2.19312
3.27836
3.12455
2.49562
2.25123
2.69814
2.26917
3.13224
2.15381
5.29588
2.19568
2.77419
2.68618
2.84939
2.33412
2.02564
4.87545
2.39308
3.10062
2.88443
3.2963
3.3339
2.37684
2.99637
2.66652
3.15787
2.31532
2.82717
2.73659
4.41829
2.77761
3.45524
2.67592
2.85794
2.52382
2.5486
3.35612
2.37599
4.15253
2.46742
2.96902
3.57317
3.28434
3.40397
3.41935
3.22367
4.02008
2.65969
3.49626
3.55864
2.21021
2.22047
2.53322
2.90237
2.05383
3.31852
3.66289
2.14356
2.46144
2.56569
7.3245
2.26917
2.77932
2.7101
2.19825
3.0314
4.16449
2.3777
2.77163
2.39821
3.2006
3.75262
4.98825
2.92715
2.3495
2.15296
3.01517
4.4217
3.07328
2.6896
2.87844
2.27345
3.80303
2.28114
2.8417
4.11835
3.07669
2.39906
2.65114
2.15467
4.25849
2.45973
2.17261
2.78957
2.39308
3.15873
4.59774
5.65819
2.16065
3.87054
2.46571
2.29908
2.50417
2.38197
2.54689
3.20316
4.92929
3.09207
2.10596
2.87417
2.25636
2.60329
3.24162
2.28883
3.56035
2.48878
2.50075
3.12626
5.36082
2.96817
2.07092
2.30165
2.86734
2.43922
2.59389
2.62807
2.52126
2.07092
3.75774
2.02222
3.51592
2.96304
2.66823
4.71395
3.06302
2.71523
2.417
4.00897
6.0752
2.38795
2.10596
3.39543
3.64409
3.24076
4.20124
6.59645
5.08225
2.21448
2.05042
2.75283
2.7477
2.45119
2.76138
2.56313
3.27921
2.10511
4.77035
2.0188
2.21192
2.29908
2.99124
3.53215
4.01068
2.82461
3.25614
2.39137
2.31019
2.52638
3.46037
7.39286
2.23157
2.0846
2.37513
4.19184
2.50246
2.61354
2.04529
2.41359
2.94681
2.34779
2.37001
2.22132
2.64516
2.1333
3.80047
2.21363
3.21171
2.39479
2.32899
4.98825
2.64772
2.35377
2.60927
2.18116
3.32878
2.28285
2.70071
2.84683
2.43837
2.34181
2.60073
5.18821
4.42085
2.08289
2.07691
8.32942
2.4452
2.33668
2.51527
3.83209
8.45076
3.37492
3.20402
3.48515
2.21448
2.25892
2.33241
2.37257
2.78359
2.72976
2.3871
2.34352
2.69643
3.79962
4.13031
2.09058
2.37855
3.7398
2.29139
3.768
2.22645
4.55757
2.7289
2.82803
2.31019
5.38133
2.69729
2.14356
3.06986
2.50502
3.04337
3.17838
6.8605
2.62722
3.05106
2.1333
2.35548
2.02136
2.07776
5.10959
4.68319
4.61141
4.2414
2.41615
2.86648
3.89874
2.48024
2.30079
2.67507
2.24781
2.61013
3.47233
2.28028
2.10169
2.35719
2.2461
3.35612
4.43709
2.1128
3.02713
4.37556
3.15702
2.62465
2.54347
2.31532
4.86349
3.74322
2.28712
3.08609
4.34822
2.38624
2.12903
2.40846
5.65136
2.13843
2.52638
2.51784
2.64858
2.28883
4.32856
2.73916
2.10681
3.03739
2.28541
2.07178
4.9028
2.2461
4.23542
2.63918
2.19227
2.9938
2.09314
2.699
2.05554
2.84341
2.64687
2.47426
6.01282
2.75112
3.87225
2.69558
3.70989
5.37877
2.63833
2.06238
3.3057
4.50032
4.17902
4.84213
3.13907
2.24012
2.28285
3.09549
2.88015
2.93313
3.40312
2.40162
2.11792
2.49818
3.33818
2.59218
2.01794
2.76565
2.78616
3.87567
2.53236
2.39137
2.38539
2.10425
2.07776
4.13202
2.1521
4.98825
2.07178
2.70583
2.8323
3.31425
2.47853
3.0314
4.31916
2.61269
4.80367
2.96219
2.37684
3.6176
2.4153
3.59624
2.12049
2.49306
2.98441
2.605
2.42128
2.48708
2.94082
2.62893
2.00855
3.12626
2.11792
2.26319
3.8543
4.09699
2.35633
3.24162
4.4405
2.66567
2.87246
5.27793
2.21876
3.48344
3.33732
2.01453
2.3871
2.3401
2.32044
3.42277
4.36872
2.4546
2.9169
2.67507
4.73189
2.97415
2.51869
2.80239
5.58812
3.35014
3.89618
3.31254
2.53236
2.34608
3.72955
2.77761
2.84426
2.35377
4.28413
7.70049
2.01111
2.28199
2.39222
4.33283
4.12775
2.16321
2.90323
2.65371
2.34864
2.38197
2.08203
2.63747
2.02222
2.15809
4.49861
3.36894
2.06153
2.25037
4.27473
3.46208
2.23499
4.47127
2.19056
3.52361
4.08844
2.34779
3.21683
2.30934
6.00342
2.59474
2.30934
4.2602
2.67592
2.39137
2.41871
2.33497
2.56825
3.88763
5.43944
2.55373
2.34266
3.39201
2.43922
2.3589
4.7618
2.20594
2.17603
3.73809
3.11429
5.60949
2.7101
2.63833
3.54668
2.19996
2.96731
2.88186
2.17518
3.2946
4.56526
4.0329
2.19141
3.29032
2.24781
3.31938
2.62038
2.1034
2.39308
2.31019
2.07007
4.66353
3.6552
2.49135
4.18757
2.38453
2.18372
2.1709
2.16321
2.39906
2.04614
3.48686
2.12305
2.43751
3.63469
3.28947
2.88614
2.80923
2.04102
2.41957
2.33241
2.07434
2.73061
2.58962
2.23243
2.21448
3.6176
2.68618
2.13672
2.04529
2.41786
3.10233
3.34501
2.07776
4.07135
2.48708
2.23499
4.71908
3.66118
2.37172
2.18629
2.34693
3.49541
2.31703
3.95514
2.12476
2.26319
4.29695
2.94852
3.71245
3.2869
2.79299
2.72976
3.05106
2.81863
3.84918
2.1709
3.06302
6.43495
2.13672
3.79449
5.301
2.10169
5.18992
2.34095
3.68255
2.76052
2.00256
2.67507
2.4828
2.72463
3.43132
2.41188
2.05811
2.0658
3.17924
3.13651
2.75368
3.47063
2.65542
2.26063
2.61525
2.18885
2.02564
2.48366
2.40761
6.21192
2.58791
4.10041
3.10062
3.04251
2.08289
3.43986
3.73125
2.10938
2.50587
2.25721
2.72805
2.21534
2.79641
2.90921
2.30165
3.59453
2.58022
2.63662
3.7774
2.73489
3.04422
2.15723
2.45033
2.58535
2.1034
4.05426
3.38347
2.76992
2.90493
2.34095
5.22153
2.1333
3.27921
3.41423
3.26554
2.09485
2.08802
4.76351
2.01624
3.75262
2.80923
2.10254
5.26426
7.49284
2.29139
2.11194
2.01794
2.18629
7.23563
4.1944
4.88827
2.57424
2.73318
3.57744
7.1536
2.01367
3.7586
2.44948
2.26319
2.65114
4.06024
2.77505
2.84683
2.92972
2.45717
2.22987
2.55031
3.30827
3.61333
2.30506
3.51848
3.26041
2.22303
3.45524
2.19996
2.54091
2.34181
2.19568
2.00171
3.15189
8.92245
2.06751
5.49925
2.2179
2.58449
2.41359
3.90985
2.01196
3.06131
3.45866
3.43474
2.2179
2.16663
2.5204
2.76223
2.97671
2.66738
2.30335
3.20316
2.45631
2.33924
2.63918
2.66396
2.89126
2.97842
5.58043
2.47938
2.11963
2.35975
3.31596
2.12391
2.79641
3.40312
2.14356
2.2743
4.4012
2.56398
2.91092
2.13672
3.46721
2.94082
2.38282
2.3683
2.21448
2.13245
2.21619
2.09058
2.77932
5.91882
3.51164
3.79278
2.59816
2.89297
3.30058
2.14954
2.99295
2.46571
2.33839
3.80047
2.9169
2.5862
3.08267
2.54775
2.33326
2.24952
2.7195
6.06238
2.67507
3.04678
2.93057
3.26981
3.32365
3.0126
2.97757
2.82717
7.39201
4.97885
2.0376
2.00342
2.27088
2.32472
2.33924
2.02991
2.84683
2.21363
2.61354
2.34437
2.27772
2.25379
2.66567
2.03162
2.05042
2.39222
2.8981
2.60671
2.88186
2.86306
2.56227
2.1427
2.38539
3.38688
2.97159
3.52019
2.17347
2.8981
3.66802
2.4264
2.1521
2.7477
3.26127
3.86712
2.78616
3.28178
3.48259
2.62294
2.11536
3.8432
3.20914
2.76394
5.49669
6.14527
2.48366
4.0047
2.20594
2.49135
2.60585
2.67763
2.61867
2.51613
2.02307
2.22388
3.05362
2.80837
2.38624
5.80175
2.05127
2.12561
2.37855
3.91583
2.89724
2.82376
2.64858
2.36317
2.03845
6.48878
2.047
2.46315
2.55544
8.23798
4.08246
2.02051
7.27409
2.7084
2.31788
2.86734
2.16834
3.10404
7.21769
2.9451
3.61248
2.31617
2.27259
2.28968
2.66482
2.10596
3.77569
2.96475
2.58193
2.97244
2.33583
2.39222
4.4593
2.18287
4.47468
2.96988
2.58193
2.66652
2.93313
3.28007
3.98846
2.047
2.17859
2.62807
2.79299
2.65542
2.77676
3.14933
2.21876
2.00085
2.31617
2.2273
2.04444
2.0564
3.59624
4.0235
2.02051
2.71096
2.33326
5.29246
2.70241
2.30763
2.50587
2.18201
3.40739
2.43837
3.77911
2.3777
3.46977
2.72634
2.1803
4.17817
2.9075
2.35719
2.84683
3.12967
2.58107
2.96646
2.67592
2.85281
3.20573
4.11921
3.98505
2.23157
2.89126
3.41081
2.12732
4.88742
2.18116
2.0752
2.7665
3.68426
2.48878
2.56996
2.31703
2.62722
8.04315
3.38261
2.31617
2.57424
2.9263
2.45717
2.85025
5.67272
3.5125
2.25721
3.49199
2.22987
3.2869
5.26853
4.69515
3.07584
2.08887
2.72207
2.83743
2.76138
2.06409
2.21876
2.417
2.37684
2.09143
2.11365
3.0126
2.20338
3.57659
4.31062
2.19739
2.2273
2.81606
2.09314
2.53407
2.01367
2.62209
2.46144
3.14505
2.81777
2.18458
2.17261
3.0784
3.13395
2.95108
3.28776
3.73296
4.21577
2.07776
3.57488
3.33647
2.094
9.06772
2.82205
3.4279
3.81414
2.68874
3.30912
2.76223
2.3025
2.11707
2.09912
2.02478
2.74941
3.71331
2.11792
2.46144
5.11301
2.10511
2.08118
2.2931
3.37065
2.87844
3.99445
2.15296
2.78787
2.1316
2.09998
3.91668
2.39222
2.02734
2.62294
3.92694
4.64815
3.31254
4.94467
3.5612
3.62871
2.48537
3.21513
2.26917
2.31275
2.0376
2.22132
3.19462
2.55373
2.24952
3.29801
2.93997
4.53877
2.26746
2.47255
2.08631
2.05213
2.17347
2.1427
2.66738
4.69173
2.63063
6.26832
2.24268
2.68191
2.48964
3.19376
2.06665
2.06922
2.01453
2.21192
4.91049
2.3683
2.5298
2.30592
2.00598
2.39821
2.29481
3.39372
2.72378
3.10746
2.52467
4.53108
5.18137
2.06323
2.3495
2.01794
2.07178
3.72442
2.88614
2.26661
2.80837
3.24247
5.12839
2.49391
2.55715
2.22217
2.50075
2.81008
2.24952
2.19141
2.05213
2.59047
2.10681
2.1333
5.15659
2.21107
2.12818
4.18415
2.08289
2.63149
2.35292
2.45973
2.35462
2.0094
2.34779
2.4358
4.14826
2.37428
3.44157
2.16492
2.41102
2.20936
2.97159
2.99808
4.18671
4.29267
2.63918
2.21705
2.36744
2.46828
3.26554
5.93762
2.24354
2.60842
3.23905
2.35462
2
2.1709
2.80068
3.06558
3.77825
4.04743
2.29566
2.31959
2.87844
2.35121
4.11835
3.30143
2.16065
2.27601
2.7477
2.29823
3.05704
2.26832
3.69793
2.17432
4.61995
2.49989
2.68191
2.55458
3.8919
2.04016
2.03504
3.78765
3.6176
2.40846
2.09912
2.08374
2.29566
2.0564
2.64858
2.06323
2.34352
2.46828
3.66973
2.93228
3.81756
2.77676
2.75198
2.21448
2.31446
3.83038
3.16642
2.1991
2.28285
3.26725
2.28883
2.10169
2.42299
5.43687
2.1222
4.21149
4.74728
4.69686
4.21747
2.30848
3.27152
2.07092
3.99786
3.44414
3.40056
2.92288
3.10489
2.41871
2.22217
2.92373
2.59133
2.08802
2.17518
2.1521
3.01859
2.48537
2.047
2.75198
3.13309
2.4264
2.27345
5.2617
2.52553
3.3715
2.38453
2.23756
2.77932
2.14014
2.97928
2.01367
4.55672
2.19825
5.81542
2.69216
2.12049
3.85772
2.83145
2.21192
2.78616
2.047
2.91348
2.7947
3.41081
2.18458
3.03055
3.83636
2.10681
2.08887
2.05127
2.26063
2.14954
6.47768
2.87503
2.15467
2.03589
2.69729
3.45866
2.12049
2.97159
4.09955
2.54091
4.9686
2.09485
4.33625
3.42875
2.75198
2.55116
4.38496
2.18799
2.77078
3.13138
2.12647
2.02478
2.33924
2.20936
2.40846
2.45802
2.21534
2.13074
2.82461
2.68874
2.08887
2.84854
2.60414
2.58193
3.52788
3.46123
2.19996
3.49541
2.19312
2.72292
2.65883
3.93719
2.61696
2.00171
2.88955
2.68789
3.5501
3.34672
3.72869
3.35356
2.33241
2.09314
6.69985
3.35014
2.28712
2.07092
2.41957
2.89895
2.3025
3.75518
3.35185
4.1474
2.90835
3.43217
2.26576
2.16919
3.87823
5.536
2.27686
3.06131
2.62893
2.73574
2.11536
2.68361
2.53407
2.10169
3.32279
2.28199
3.00491
2.21876
2.57082
2.11621
3.80389
4.15595
2.41444
2.80667
2.22645
2.53749
3.18436
2.86819
3.08438
4.35334
2.62722
2.14954
2.07092
2.44435
2.82974
3.0972
2.23157
2.73318
2.37599
3.08951
4.31745
2.79043
2.32728
2.3025
2.06153
2.42213
2.32301
3.04422
2.06665
2.60927
3.18094
3.25016
2.74172
3.11515
3.21427
3.16898
4.02863
2.39906
2.31104
3.29118
2.29908
4.59944
2.35975
2.01367
3.28861
2.25636
2.25465
2.11451
2.98611
2.44264
2.04956
5.71459
3.2476
2.55629
2.72463
2.23414
2.40504
2.26746
3.32963
4.05597
2.34608
2.5956
3.05448
2.11536
2.03589
2.30335
2.07007
3.41423
2.19568
2.07263
3.3245
2.7759
2.02905
2.09571
2.28626
2.29908
2.8417
2.56142
3.3809
2.72378
2.55629
4.11151
3.25016
2.49049
2.83401
2.37001
2.464
2.63918
4.70968
2.46742
3.24503
2.16321
2.36402
2.59304
3.80047
2.20508
3.79363
2.99808
6.27516
2.52382
2.93997
2.01111
6.85623
2.16407
3.34501
2.23756
2.37428
2.1034
2.14954
2.07007
2.36232
2.54006
2.15381
3.78594
2.66738
2.90664
2.04871
2.53578
5.03354
3.11258
2.09741
3.15702
2.21107
2.37342
2.68105
3.17069
2.07776
2.83657
3.76116
2.58876
2.93313
3.08438
2.48708
2.78103
3.98163
4.4781
2.51955
3.76373
3.05618
3.50395
2.29481
4.23286
3.10233
2.16407
2.95022
2.48708
2.28883
6.30335
4.17731
3.04251
2.57167
2.8887
3.16984
3.34074
3.10233
2.37941
2.71096
5.61718
2.4247
2.12561
2.46486
4.18244
4.59346
2.1709
3.41765
2.0658
2.36146
3.0109
3.95685
3.02286
2.39906
2.08203
2.95279
3.17582
2.05725
2.6238
2.56569
3.09378
2.31019
3.00406
2.00684
4.00299
3.00406
2.00769
2.11451
2.39906
2.89468
2.85708
2.64772
2.10511
2.14954
2.96133
2.91006
5.1583
2.0564
2.33668
3.08609
2.62978
2.02136
2.18543
3.16385
2.33412
3.39286
2.09485
2.18458
2.04358
3.47404
3.27238
2.75967
5.62572
2.88015
2.89981
2.36146
3.07071
2.39735
5.442
4.93612
5.29844
5.43175
3.98077
4.75326
4.29438
4.26276
5.2147
2.39479
2.92459
2.23414
2.80837
2.55544
2.94424
3.2664
2.91348
3.94403
3.29374
2.64943
2.37684
2.88357
2.141
2.18543
2.58278
2.01794
4.8182
4.87118
3.37748
2.02564
6.10767
2.54518
6.17432
4.09699
2.2273
2.51357
2.80667
2.18799
2.03931
2.63491
3.04422
2.01282
6.55458
2.01025
3.76971
2.56655
2.35206
2.84854
2.03931
2.39564
4.29267
2.4546
5.06687
2.25721
4.06024
5.72912
2.09143
2.42299
2.93912
2.67165
4.42598
2.41444
2.20594
2.6802
3.2288
2.66909
2.79812
3.22794
5.60863
2.12561
2.11707
2.76308
2.08374
2.10938
2.76736
2.61269
3.83123
2.44093
2.14869
2.07092
2.24268
2.13074
3.40654
3.41337
2.56825
3.12455
2.12134
5.74023
2.80837
2.4247
6.22559
2.62893
2.36146
2.62209
2.01538
3.77825
2.32301
3.5689
2.83059
2.9451
2.68105
2.22388
2.91177
4.26533
5.33604
2.24952
2.86648
4.08332
2.15125
2.50246
3.40056
3.42961
2.35975
4.72079
3.18094
2.44777
3.41166
5.22581
2.71181
2.3965
2.33497
2.45888
2.79897
2.45375
3.9483
2.7947
4.36274
2.01709
2.66823
4.78317
3.31767
4.06195
2.04871
2.60671
2.45204
3.35954
2.00085
3.28263
2.07263
4.56185
3.93463
2.20252
5.57701
2.12305
2.88528
2.64174
2.02734
3.80645
3.01175
2.21021
2.3965
3.25016
2.75454
3.97736
4.13202
2.36061
2.23585
3.70049
3.3903
2.67507
2.01111
2.22816
3.05704
2.90323
3.45439
3.75005
2.37513
3.8056
3.721
2.21448
9.65905
3.0032
2.1709
2.03247
2.76821
3.45097
5.34288
2.4546
2.2461
3.21683
2.24183
2.05042
2.4734
3.12882
3.15104
4.09528
2.07007
2.43837
3.22282
2.48451
3.55864
2.34181
2.60073
5.25828
2.52553
4.34993
3.8543
3.87567
2.82376
8.1175
2.35462
2.92288
2.73318
3.67571
2.88101
5.71886
3.54753
2.20338
3.2852
2.32984
2.66054
2.21448
4.91305
3.0109
2.89639
3.34416
2.10681
2.8699
5.61803
3.84149
2.87674
3.92352
3.64751
3.56975
2.28285
3.60051
2.141
2.66311
2.89724
2.27686
6.1803
4.00555
2.16919
2.20679
2.04444
2.29395
5.05832
2.23072
2.10938
2.01111
2.30335
2.24354
2.14014
2.16834
2.3495
3.04422
2.32728
2.74599
4.07135
4.37043
2.91177
2.73403
2.99039
2.44777
2.30335
4.12433
8.63619
2.43324
4.01068
7.35527
4.27729
2.24439
2.07178
3.17667
2.7571
2.13416
3.82611
2.75112
4.01068
3.54668
2.29823
4.28925
3.51677
3.90216
2.99808
2.17432
2.22559
2.02051
2.02649
2.02136
2.71865
3.03568
3.87823
2.08032
2.16492
2.89639
2.75027
2.699
2.37001
2.22217
2.38112
2.35975
4.56185
2.59474
2.52211
2.72378
2.16065
2.89981
4.13031
2.99722
4.69686
2.32386
2.75796
3.34159
4.25507
2.85366
3.02884
2.89639
2.08289
2.50417
2.19996
4.90024
2.05725
2.55544
2.47768
2.69387
2.03418
2.13587
2.02905
2.12305
2.42897
4.00214
5.71374
2.74599
2.18714
3.21683
2.28285
2.78701
2.24097
6.77334
2.91348
2.39308
3.14676
2.22132
2.25892
2.11792
4.31831
3.03482
2.04785
3.25956
5.442
4.07562
2.27601
3.27409
2.53664
2.64858
5.18992
4.09101
5.82995
2.58022
2.45973
2.28199
2.02307
2.45888
2.91775
2.70156
4.04572
5.22581
2.9357
2.54006
2.39051
5.51634
2.01111
2.59474
2.93399
2.54347
3.76714
2.14954
2.32643
2.33753
2.86819
4.72079
2.60756
2.3965
3.30656
2.14356
2.5016
2.08374
2.87503
2.56056
2.08631
4.10212
2.16321
5.7915
3.26896
3.75005
2.48195
3.32109
2.45717
2.2273
3.25358
2.00085
2.35548
2.55971
2.23927
2.38881
4.78744
2.38624
2.40761
3.29887
3.10404
2.32386
5.26939
2.15809
2.42213
2.35462
3.60649
3.72527
2.96133
3.63811
2.09571
3.00748
6.87844
2.49904
2.07263
3.08182
3.65947
3.34843
3.22452
2.92972
3.31083
3.28605
2.62209
2.02649
2.94082
3.71844
3.48857
3.67571
2.80154
3.03824
2.31874
2.56313
2.30165
2.3119
2.33155
2.31446
2.83401
3.0502
2.094
2.73745
2.82376
2.24012
3.47233
2.99808
2.52126
2.26234
2.00598
3.12796
2.65969
2.52553
2.45546
2.71438
4.28669
2.3119
2.12049
2.12561
3.50652
3.11258
2.01111
2.44862
2.54006
3.13907
3.85516
3.50652
4.10553
2.98184
5.77099
2.1803
6.21876
2.23414
2.50246
2.12647
2.04358
2.15809
4.01752
2.33326
2.53664
3.48259
4.185
2.45119
2.47682
2.72463
4.75582
2.89981
2.2649
4.52937
2.05213
3.43474
3.14335
2.76394
2.97671
2.27003
2.47084
2.4358
2.40162
5.01645
2.10938
2.4341
6.31959
2.80239
2.3119
3.76971
2.95962
2.17859
3.50053
2.8511
3.19974
3.23051
3.17838
3.56548
3.03739
2.49648
2.59133
2.11963
2.36146
5.23521
2.64431
2.66738
4.1944
2.6238
2.19312
2.82376
5.57616
3.95685
2.76138
3.38176
3.26212
4.27644
2.84512
2.06153
3.01346
4.57466
3.58428
3.49455
2.39308
4.1363
2.1504
2.27857
2.22388
2.90664
2.5862
3.13736
2.3307
2.72463
4.12177
2.41017
2.15723
2.01196
4.17219
4.8558
2.12818
4.74129
3.60991
3.11771
2.7101
2.34523
3.14078
3.5612
2.71438
2.94253
4.53621
4.19526
2.17603
2.82034
3.41081
2.30506
3.18436
2.36573
3.83807
2.0094
4.21662
3.58086
2.14527
5.30186
3.1348
3.73809
2.04444
3.03311
2.25037
2.2367
4.73702
2.44264
3.32109
2.30079
2.38026
3.34159
2.27686
3.96625
2.51442
3.10575
2.32215
4.32685
2.98611
2.37172
2.57765
2.64516
2.39308
2.38112
2.29823
2.00769
3.28776
3.41765
2.66567
2.54262
3.18863
2.43239
3.77056
2.047
3.65691
3.31083
3.62358
2.27003
2.57765
2.14356
2.15552
2.01624
4.4593
4.47981
2.73147
2.25294
2.56825
2.39393
2.75368
4.17304
3.42961
2.26917
2.94681
2.20508
3.54497
3.07926
3.37492
3.3433
2.29823
2.11194
2.20508
2.89895
2.16919
2.14954
2.15296
2.70925
2.53236
4.93356
2.00427
3.2852
3.11002
3.20914
2.06665
3.97736
3.56975
2.5298
4.23457
4.07392
2.35462
2.65542
2.16834
4.77291
3.26383
4.33198
3.42106
2.06238
3.13907
2.90237
2.1034
2.06323
2.45546
3.59539
3.07413
2.50502
3.06986
2.36061
2.09229
2.20936
2.89297
3.64409
2.52211
2.09571
2.87417
2.33497
2.21619
2.79897
2.61013
2.15552
3.29374
2.4358
2.45375
2.85623
2.3119
2.37257
4.77291
2.18458
2.17432
2.41615
3.68169
2.0846
5.18564
2.56142
2.76308
3.26811
2.87161
2.07862
2.10511
4.82076
2.28455
2.71523
2.92972
2.87588
4.38752
2.8417
2.25037
2.21876
3.2006
2.70327
2.24354
2.25208
2.02564
5.23093
2.38795
2.26832
2.45204
2.047
2.6708
5.2805
2.43837
2.25037
3.75604
2.57338
3.18522
2.05896
2.20594
3.53471
2.30165
3.15958
2.32044
3.48857
2.47853
2.9075
2.66396
3.12284
3.57146
2.09143
2.27857
4.04657
2.33583
4.06452
2.21107
2.97073
29.6488
2.00256
2.73147
4.15253
2.98697
2.09998
2.2179
3.75262
2.04273
3.05875
2.7178
2.56911
2.0658
2.8229
3.58
3.20402
2.01453
3.12967
2.57253
3.96539
3.93548
2.2555
5.33006
2.04956
4.07648
2.31275
4.0141
3.14164
3.22025
2.59902
2.10083
2.4546
2.45375
2.74087
2.50246
2.79214
2.1709
3.51421
3.14762
5.05747
2.04358
2.61269
2.13587
2.47511
2.07092
2.10254
2.21619
4.13971
3.25956
2.28455
2.52895
3.19205
4.25935
3.18949
2.23072
2.80581
2.56825
2.61354
2.50758
2.69729
2.09912
2.61782
2.08289
2.7084
3.97223
3.5612
4.47725
2.35804
3.01773
2.98099
3.76885
5.29673
3.68255
2.97757
2.99979
4.4781
3.57402
2.87759
5.43175
2.73061
2.42982
2.30848
3.25101
3.11686
2.10938
2.71694
7.05533
2.11792
2.01025
3.75689
3.73724
2.2273
3.38432
2.29054
2.5862
2.12989
5.96667
2.54176
2.59133
3.33476
2.8417
2.04358
5.24888
5.07456
2.63063
3.03995
3.07413
2.20508
3.16471
2.26234
2.41359
3.13993
5.43431
3.76714
2.36915
2.95962
3.3997
2.00598
3.61504
4.76351
3.2869
2.04871
2.21021
2.17005
2.15552
2.91946
3.65691
2.88784
2.14527
2.1034
2.02478
4.91562
3.55351
2.33668
3.96966
2.56825
2.05383
2.64089
3.07584
3.87567
2.34181
2.79299
2.25294
3.16642
4.40974
4.5345
2.24525
3.80987
3.78851
3.41765
3.25785
3.13651
2.64772
2.59987
3.42021
3.40312
2.39308
2.18885
2.14783
2.25892
4.31745
3.04422
2.72036
3.21171
3.12369
2.32215
2.12476
3.92438
3.98675
2.65371
2.32984
2.29139
3.42363
4.84213
2.15638
2.25294
3.0032
2.05982
3.79876
3.3057
2.17005
3.28349
2.67849
4.47298
4.27558
2.51955
3.65691
2.11365
2.49135
3.62358
2.36402
4.12006
2.40846
5.95556
2.49562
3.30827
2.7853
3.52702
2.02222
3.97137
2.70925
2.96817
2.95193
2.14954
2.10511
4.88571
3.65862
2.45888
2.99039
2.11536
2.82376
2.00513
2.13501
2.61782
4.22602
3.76629
2.16321
3.61077
2.25294
5.58214
2.94681
3.89874
3.82781
3.46806
2.04187
2.2367
2.54347
2.42555
4.36872
2.05213
3.20658
2.49391
2.09998
4.14142
2.32044
3.22965
2.90835
2.51357
3.92181
3.86712
2.05469
2.10511
2.31532
2.50075
2.20679
2.15125
2.09485
2.12989
4.14057
2.16919
4.19013
3.09977
2.26234
2.06836
2.39051
2.94424
2.558
2.54006
2.29737
2.25294
5.59752
2.28626
4.37043
2.12818
2.14185
2.2273
4.24567
2.13929
3.26896
2.4734
2.13501
2.84341
2.69216
2.79727
2.21107
2.04102
2.66909
2.21363
4.80624
2.03247
2.47426
2.29566
2.03589
6.92288
3.15275
3.62358
3.98932
4.43709
2.59987
3.64666
2.19568
2.26234
4.08417
2.18543
3.9295
2.90152
2.94253
3.91668
2.22132
2.33753
2.5486
2.56825
3.47404
3.72869
2.96817
2.4546
2.35292
2.12647
4.72506
2.62722
2.67251
2.02478
2.93997
6.97586
2.30848
2.53322
2.2367
3.31339
2.76138
3.44499
2.14783
2.71181
2.35462
3.74493
2.39393
2.21192
2.44008
2.47084
2.26319
3.24162
2.02307
2.19568
7.16471
2.69216
3.94745
2.7084
2.02393
2.67421
2.00513
3.09207
2.14869
3.68084
3.92694
2.02051
3.22282
2.44435
3.5783
2.52211
2.98868
2.97415
2.40248
2.64345
2.97415
2.21363
3.09378
2.27943
2.11621
2.70925
2.64174
2.26234
3.12796
2.49562
2.62978
2.75539
4.45759
2.00342
2.38795
2.33155
2.22132
2.19568
3.66546
2.27088
3.88165
2.1333
3.02371
3.36039
2.14185
2.66482
2.19825
3.92096
2.84256
2.28968
3.72527
2.7178
2.24696
3.25016
2.37001
2.25379
2.5768
4.02863
2.71438
2.19739
4.16364
2.5768
4.71053
3.43388
3.51848
2.11023
4.8464
4.4499
2.19483
3.39543
2.47682
2.20679
2.36744
2.85195
2.1128
3.31425
2.51698
3.33476
2.00598
3.33561
2.19568
2.11365
2.67849
2.54006
4.04315
3.29374
2.08802
3.47148
2.97159
2.27515
2.00598
3.47917
2.39393
2.96902
4.50117
3.87225
2.29481
3.37407
2.57424
2.5956
2.464
4.76778
2.43922
2.55373
2.10596
2.80496
2.51527
3.06131
2.67251
2.42555
2.30506
2.1427
2.99124
2.68361
2.06494
2.07947
2.30421
2.01538
2.23499
3.26981
3.37919
2.62978
2.90579
2.04529
4.5815
2.42384
4.52339
2.94339
4.11322
3.1818
2.34864
3.7492
2.15125
2.21705
2.48109
2.89553
2.32814
2.95706
2.51271
3.14164
2.82034
3.06131
4.91733
2.65029
2.46999
3.07157
2.13587
2.12561
2.00684
2.67849
2.89553
4.01581
3.17838
2.88272
3.35783
2.54775
4.49092
2.60671
6.58876
4.49861
2.04614
3.74749
2.63234
2.15894
3.34587
2.89895
3.50224
4.18415
3.04935
2.17689
2.16578
3.37748
2.96304
3.34501
2.18116
3.2664
2.27857
3.4373
2.29481
4.93271
2.52382
4.16791
2.65883
2.02905
2.49562
2.87417
2.45204
3.15275
3.0015
2.48024
2.26234
3.23563
2.23328
2.90664
4.57637
2.42982
2.22987
2.74514
2.05127
2.11451
2.44691
2.91092
4.04144
3.5031
3.04764
2.05725
2.92544
2.40761
2.10681
3.022
2.33753
2.43922
2.5862
2.93399
3.28263
2.51186
2.29994
3.03739
2.10852
2.43837
4.36787
2.08203
2.15552
2.36146
3.03226
2.12561
3.31596
2.08118
3.75347
4.49348
2.83743
4.02264
2.34437
2.72121
2.8981
2.24439
3.52104
2.05042
4.40974
2.47597
2.89041
3.28007
3.61077
3.09806
2.84341
3.94232
4.52083
2.17945
2.4922
3.54241
5.1489
2.17689
2.31703
2.04529
2.45802
3.73894
6.53749
2.60329
3.05789
2.07776
3.2664
2.78103
4.04401
3.05875
3.74322
3.89447
2.4828
3.42277
2.64431
2.83657
5.34886
2.37428
2.04102
3.07328
4.09015
2.74001
2.44179
3.98505
2.11792
2.56825
3.0314
3.83978
2.13929
2.14954
2.90664
2.29823
2.67678
2.38197
3.95941
2.81692
2.37513
2.24012
2.19654
2.8323
2.18201
3.35356
3.64837
3.9859
5.20444
3.01688
2.36488
2.76736
4.35847
2.06153
2.06494
2.50417
5.76672
4.39607
2.06153
3.79192
2.63063
2.25892
2.49733
3.45012
3.51677
4.04828
3.13309
2.05554
2.5956
4.33882
2.27003
2.01709
2.06751
3.14847
3.09122
3.31083
2.13758
3.51677
2.60585
2.21876
6.61696
2.32899
3.61333
2.35975
2.32215
3.91668
3.20743
2.605
2.78274
3.77142
3.16642
2.42811
3.05362
7.77056
2.4734
3.80303
2.36061
2.25892
2.094
2.32814
2.19398
2.14527
2.0188
5.12925
2.33241
3.49797
2.39906
5.16599
2.02478
3.59368
3.57402
2.34181
3.49797
2.33326
3.88079
3.02115
2.56825
2.0376
3.04935
2.25977
2.97757
2.85708
2
2.05042
2.05554
2.92886
3.76031
2.74087
2.46999
3.49797
2.97159
3.83209
3.14249
3.03482
2.64943
2.30677
2.29481
2.64772
3.58428
2.31788
4.5909
3.48515
3.2775
2.57595
3.60051
3.37065
2.55458
7.23307
4.46699
2.44606
3.09207
2.45289
3.08524
2.24781
2.41615
2.00684
2.76992
2.46828
2.75112
6.66054
4.82504
3.25101
2.50844
3.78594
2.00684
3.73382
2.49989
2.58705
3.51506
2.01794
3.31938
2.00427
2.01624
3.47575
2.14185
4.09784
2.38966
2.01965
2.63747
2.8135
2.15979
5.70519
4.38752
2.46144
2.28199
2.05896
4.21833
3.48515
2.71352
2.60671
2.60329
2.01709
2.83572
2.2367
5.82311
3.05875
2.38795
2.51613
2.33583
4.16449
2.03845
2.3589
2.53236
3.80816
2.8417
3.674
2.0658
2.18629
2.38026
2.75283
5.15061
4.32429
2.01965
2.08032
2.47511
3.15531
2.64516
2.76736
5.29075
2
2.52638
2.19654
2.25892
2.18799
2.77078
2.08374
2.16236
2.30763
2.39308
2.4247
2.25806
2.02051
2.19654
3.17069
2.66994
3.40825
2.12049
2.02393
2.8417
2.61953
2.74172
3.25016
2.00171
2.06238
3.50737
3.47404
3.19547
5.71886
3.89276
2.57253
3.05875
3.07584
2.50587
2.82546
4.91818
2.29566
2.75881
3.23991
2.46999
4.16962
3.44926
2.59987
5.16599
2.32301
2.40761
2.41359
2.20594
2.09912
2.09741
2.84512
2.03247
2.31019
2.56825
2.02222
3.24589
2.48366
2.49049
2.11023
2.81606
2.04358
2.23328
2.29908
2.24696
3.50652
2.27515
3.68169
3.06986
2.00513
2.5298
2.0752
3.05789
4.26704
5.74194
2.83401
4.80966
3.48259
2.0094
2.63234
3.41935
2.25294
2.4341
2.12049
2.5862
2.03845
2.01624
4.09528
3.21085
2.40846
3.88592
2.67336
3.57659
5.49327
3.37321
2.08032
3.87994
3.04678
2.51271
4.10468
4.17475
2.52724
2.12818
3.80731
2.44862
2.58791
2.1333
4.53963
2.01538
6.08802
2.0752
2.16919
2.19227
3.2664
2.1615
5.24632
2.38966
2.73147
2.13587
5.24888
2.09143
2.50417
3.15189
2.99979
2.01538
2.68361
2.78103
2.40419
2.15979
2.84939
2.70498
3.13736
3.12882
2.93655
3.54582
2.05383
2.79385
2.87674
2.13929
3.00406
2.75796
2.88443
2.15979
4.61568
2.32728
4.86776
3.55779
4.17389
2.37684
2.13587
2.75027
7.13822
2.04956
2.04444
2.59645
2.12818
2.56056
2.50844
2.17347
2.72121
2.25294
2.43751
3.39885
2.62551
2.77847
2.21363
2.13501
4.4123
5.13694
2.18458
2.15723
2.24696
3.35612
2.65712
2.72634
3.03995
2.4059
3.03739
2.02051
4.52425
3.10147
3.63042
3.23392
4.87118
2.88955
3.16813
2.69985
3.27067
2.25892
5.20872
3.34928
2.37342
3.19633
3.3903
2.20081
3.19462
2.82632
3.08267
3.40483
2.49648
4.74642
2.61782
2.00171
3.03482
3.14847
2.42128
17.8599
3.27067
2.44862
2.35035
3.19974
2.2649
2.51357
2.6144
2.06067
3.13736
2.15809
2.16407
2.42726
2.43922
2.36744
3.96881
4.52937
2.7477
3.27238
5.16001
2.41273
4.16022
4.20295
2.90237
5.13865
2.06751
3.48686
3.14933
2.43239
2.27772
2.55202
2.094
2.48964
2.31788
4.40632
3.03739
2.6896
5.44969
4.63619
3.28263
2.61013
2.11365
2.46999
2.51698
4.55245
2.12818
2.64174
2.27601
3.07669
3.22623
3.48686
5.10105
2.10938
3.29801
2.94339
2.52895
4.39094
3.24076
2.97159
2.01196
2.65456
3.00491
3.35185
2.12732
2.00342
2.31019
4.12775
2.1427
2.17945
2.08972
2.03589
2.24696
4.47212
2.2837
2.98697
2.0752
2.39564
2.60671
3.50908
2.66482
3.21
2.7571
2.24439
2.31703
2.14527
2.37257
4.05341
2.00256
2.3307
2.04016
2.04444
2.54006
4.99423
2.60329
2.59218
2.74258
2.50417
2.26148
3.50481
2.28199
2.25294
2.79043
4.06452
2.04187
2.31617
3.05704
3.17753
3.01175
6.30934
2.96133
3.44157
2.21534
4.39094
4.21064
3.25272
3.56548
2.56142
2.25636
3.07755
2.28797
2.53835
2.30506
3.67486
2.46059
2.30592
2.10681
2.43751
2.00085
2.37941
2.39991
2.16321
2.87332
2.82034
2.41273
2.04102
2.14014
2.32386
2.51015
2.4734
2.86819
3.14676
2.87503
4.22431
4.31574
5.86499
2.12305
2.43324
3.75176
3.53471
2.42982
2.30592
3.65349
2.10596
3.53386
2.40504
2.92972
2.11109
2.05725
2.3683
2.60329
2.39393
2.96988
4.3448
2.51869
6.52553
2.22816
3.86798
2.05554
4.09955
2.49562
2.73916
3.53301
2.07862
4.10041
2.06323
2.23841
2.53066
2.68789
2.05725
2.19312
2.59731
3.55779
2.1222
2.3401
6.62294
2.38282
2.54946
3.85516
3.89789
4.95236
2.63063
2.54006
2.7289
2.00769
2.22388
2.02649
2.69643
3.68426
2.02478
2.45888
5.64794
3.05533
3.83209
3.74834
2.06238
2.13843
2.19739
6.46144
7.4655
2.89895
2.49477
2.54347
3.80816
2.56655
2.78787
2.75796
2.00256
2.21619
2.70071
2.08887
4.06452
2.40846
2.3683
3.67913
3.90899
5.05661
3.10831
3.19718
2.09058
3.48686
3.35954
3.36125
2.84426
5.97693
2.13245
3.91241
3.2758
2.33412
3.91668
2.26746
2.76479
4.00385
4.00641
2.33241
3.15531
2.24696
2.11194
2.49904
2.16492
2.07349
2.05725
2.12134
3.66204
2.28541
3.80303
2.32643
5.1395
2.72634
2.01367
2.03418
2.54946
2.35633
2.75539
2.49135
3.24931
2.08118
3.81841
2.19141
2.58193
2.68618
3.76543
2.35548
2.04785
2.51357
2.62465
2.13587
3.32279
2.05982
2.90152
3.01944
2.13501
2.09912
5.04978
2.21448
3.57744
2.47169
3.99872
4.99509
2.14441
2.48195
2.05127
2.87759
2.95364
3.73809
3.18009
2.36317
2.31703
2.48195
2.47938
2.31104
2.02649
4.00983
3.27067
2.26917
3.21513
7.05191
2.62893
5.06345
3.83465
2.06665
3.09891
3.48943
2.06323
2.99295
2.30335
3.33134
3.06558
4.33882
2.35035
2.34437
3.44414
3.23991
4.81906
2.18885
2.27515
2.17176
2.96988
2.09143
2.11963
2.20594
3.23307
3.29716
3.26298
2.3401
2.50417
2.00598
4.49092
2.30677
2.45375
3.02884
2.84512
2.2837
2.35804
2.72463
2.73318
2.06409
2.66054
2.01709
2.21961
2.57595
2.52211
3.28263
3.92096
3.3057
3.02884
3.08695
3.73382
2.2367
3.52532
2.18458
2.07349
2.21192
2.65542
3.29374
2.49989
5.92395
2.81094
2.10767
2.83572
2.8323
3.4749
2.63747
2.14698
2.03674
3.86798
2.12476
2.4734
3.03055
2.30165
2.00684
2.21876
3.38859
2.46486
3.91583
2.26661
3.6458
2.12561
4.71139
2.05042
4.17048
3.05875
3.22282
2.37342
2.40761
2.4435
4.01581
3.13565
3.70818
2.1333
3.33903
2.05213
3.12455
2.04614
5.84704
2.96475
2.08802
2.13501
3.72613
2.54006
2.07007
4.87631
2.89126
2.78274
3.02029
4.36018
2.26917
2.68105
4.279
2.29481
2.65456
4.3354
2.38368
2.18458
3.13993
3.71331
2.68618
2.62209
3.31681
2.62465
3.70476
2.82461
2.05127
2.78701
2.23927
2.23072
2.05213
7.56633
3.87738
3.41252
2.60414
2.74941
3.65093
2.29823
2.41102
2.77334
4.36787
4.5251
2.07776
4.75155
2.70327
2.32215
4.96005
3.26811
2.07691
2.66054
2.08118
3.17069
2.07349
2.42213
2.58962
2.03589
4.14228
6.56825
3.03055
3.49028
3.23478
4.4106
2.31532
5.79662
2.51698
3.27409
2.11536
2.00256
2.45631
3.20829
3.05448
3.38432
2.76052
2.09143
4.17048
3.83721
3.00662
3.29545
4.79342
2.21705
2.8229
2.08374
3.42619
2.09314
4.16364
4.27985
2.16663
2.11963
2.68874
2.83316
2.16407
2.30934
4.04144
2.47597
4.88656
2.24012
3.00406
3.27067
2.70241
3.20145
2.03674
2.56142
2.57936
3.91583
2.5298
3.92865
2.73916
2.60244
2.43666
2.16663
2.58278
2.47938
2.13501
2.58876
2.47511
4.56868
3.59368
2.45033
2.0564
3.17753
2.36659
3.03226
2.99893
3.39372
7.33903
2.93399
6.30079
2.79214
2.06238
2.03418
2.87674
2.59218
3.52275
2.88443
2.36402
5.15744
2.10083
3.5219
2.6896
3.81671
3.79022
3.08524
3.81756
2.02051
2.48537
2.12134
2.2085
3.74407
2.36061
6.2367
4.59688
5.55992
6.35633
2.57595
2.58107
3.75347
3.35014
3.1912
3.93292
2.34779
2.14698
4.08246
2.91348
2.5298
2.18116
2.09143
2.46999
6.11365
2.33753
2.08203
5.06174
2.8135
2.42042
2.74001
3.9201
3.57659
3.89959
3.4655
2.51442
2.80239
2.44862
2.08118
2.13758
7.79192
2.18201
2.12989
2.1803
2.04529
3.07669
3.00833
2.11536
3.24503
3.28434
2.36061
2.43922
2.11109
6.03333
2.05554
3.29203
2.14954
4.8276
2.51271
2.82803
2.11621
3.07584
2.50075
2.55544
2.85708
3.15702
2.97757
2.03418
2.79556
2.05127
2.1128
2.94082
2.85195
2.06067
2.92715
4.99252
2.06751
3.70476
3.89703
2.33668
2.11792
5.2429
2.57765
2.17176
2.59047
3.46721
2.3119
2.141
3.76543
3.73125
2.62209
3.19718
2.1504
2.26576
3.29118
2.04358
3.16044
2.10511
2.94937
2.04956
2.59902
6.2649
5.16514
3.26041
2.21705
2.51784
2.19141
3.29801
2.08289
2.70327
5.20786
2.70583
2.24268
2.66567
3.34587
2.06238
2.69558
2.19312
2.46229
4.12433
2.34095
3.33732
2.40248
2.63662
4.44478
3.75005
2.28028
2.52724
4.08417
2.02991
2.36488
2.12989
2.77248
3.38945
2.57082
4.12519
2.67251
2.07605
3.24674
3.30399
2.28285
2.64602
2.68361
2.51186
3.74236
2.35035
2.72805
3.75518
5.90002
3.72698
2.17432
4.10895
3.00491
2.75368
3.33818
2.38966
2.72207
2.05383
2.42726
2.20594
2.75454
5.27708
2.03931
3.47063
2.61953
4.54732
3.83807
2.44862
2.04273
2.32044
5.30955
2.49562
3.69195
3.75091
4.65755
4.76864
2.28114
3.3527
4.06623
2.67592
5.32749
2.88015
2.03247
4.68917
3.00748
3.81072
3.26725
2.90408
2.32386
4.46016
2.77847
2.77248
3.116
4.02606
2.35035
4.52596
4.20978
2.2837
2.2743
2.71865
4.02264
6.05383
2.14869
2.58022
4.44307
3.44926
2.4247
2.1897
2.06922
3.44414
3.30143
2.03589
2.38539
3.95257
3.61931
3.71673
2.3119
3.71587
2.2931
4.22773
2.23072
3.93805
2.06067
2.75625
2.08118
2.38539
2.27174
2.03418
2.50673
2.47084
2.88101
4.79086
2.28285
3.74151
2.48537
3.61162
2.4734
2.32643
2.3965
3.92779
3.47063
4.05853
4.7242
2.81863
2.85965
2.39564
2.41273
2.93741
3.13565
2.32557
4.33198
2.07776
2.24866
3.27152
2.47169
2.38282
2.81521
2.94681
3.21427
2.9733
3.17582
2.47255
2.10938
2.18885
3.8543
2.88357
4.97458
2.83572
2.12561
3.9295
2.22645
3.11942
2.68789
2.30506
3.51079
2.32643
3.61162
2.12134
2.76052
2.80325
2.511
2.68105
2.41273
2.19398
2.06751
2.62209
2.18799
2.45973
3.93976
2.61269
3.78509
2.24439
2.89981
5.34886
2.00427
2.34266
2.49391
2.76223
3.99872
4.32087
3.14164
2.39991
2.51869
2.16749
2.82205
2.44777
2.31788
4.57039
2.60073
2.80154
2.96561
2.65883
2.12561
3.21342
2.87417
2.85708
2.55031
2.36744
3.2382
3.61418
2.15467
2.47511
2.48878
4.52937
3.89618
2.05042
2.12305
3.31681
2.35633
3.12113
2.1034
3.10147
2.93143
2.97159
2.73659
3.00064
3.31169
2.51613
4.32002
3.90899
2.77676
2.87075
2.1333
2.26917
2.38197
2.66054
2.29566
4.28071
3.00919
2.02991
3.14847
2.54091
4.08075
3.02029
2.92715
2.31019
2.43495
3.04508
2.44179
2.02051
2.28797
16.0064
3.94061
2.84085
2.44093
2.5862
3.43901
5.57787
2.44948
2.45973
3.9107
2.37342
2.07434
2.53749
2.09058
2.511
2.44691
4.37898
3.26896
2.19739
2.39479
7.33647
2.36061
2.49733
3.09378
4.87887
2.11023
2.094
4.43025
3.81243
4.68062
3.54411
2.11963
3.82867
3.00662
2.44691
2.07605
2.53835
2.23499
3.60991
2.32301
4.17304
6.09229
2.10681
4.99081
2.51015
4.61226
3.86456
2.61696
2.90493
4.61739
2.55544
2.72121
2.91348
2.51869
2.65371
4.05597
2.31446
2.26319
2.30592
3.40568
5.0062
4.55757
2.85965
2.93484
3.82952
2.1521
2.75027
2.83486
2.51613
2.50587
4.07733
2.39137
3.30827
2.15723
2.64943
3.22709
3.49028
2.14527
2.33497
2.24952
4.19953
4.82076
3.74236
2.1316
2.32301
2.04273
3.46294
3.41594
2.38026
2.28114
2.15979
2.57595
3.07242
2.8417
3.67827
3.0502
2.73489
3.54753
2.55886
2.58791
2.87161
2.09827
2.82034
2.00171
2.71352
4.03375
2.42811
2.25379
2.89895
4.16535
2.18799
2.25977
3.06729
3.02799
2.12818
2.11707
4.73788
2.42726
2.65371
2.13672
3.32023
2.32301
2.92972
2.2085
3.54753
2.59047
4.07648
2.02905
2.0752
4.46785
3.13651
2.18799
2.42982
2.70754
2.91519
2.19996
2.09656
2.93912
2.49477
3.15531
3.03653
2.21021
4.2602
3.44414
2.10681
2.74429
2.08631
4.58406
4.38667
4.21662
2.79727
7.85003
3.08182
2.50587
4.09784
2.06067
2.30079
2.50758
4.95236
2.06836
3.94317
7.33219
2.61696
2.62722
2.37941
4.53792
2.20765
2.22047
4.9874
2.15296
2.45546
2.04785
3.30656
2.06836
2.52211
2.43239
3.00577
2.25208
3.2194
2.04273
3.0126
4.32856
4.87289
2.22303
2.38197
2.27174
2.05213
2.12989
2.10681
4.24226
2.57509
4.00214
2.99979
3.77825
4.26789
2.08631
2.45119
2.03418
2.43922
2.12561
2.66311
2.83486
2.36317
2.82546
3.41166
3.40825
3.00748
3.47404
2.52895
4.31831
2.82632
2.67251
2.35719
2.11109
2.46486
3.0126
2.85708
2.37513
4.54476
2.64687
2.02905
3.07584
3.95599
3.55693
2.67592
2.25892
4.41401
3.63213
3.24247
3.28007
2.76565
3.97736
2.11963
3.51079
5.14548
2.69472
3.11771
2.9545
6.16834
4.41658
2.36317
19.3211
3.55608
3.03226
2.06836
2.33326
2.14698
2.01453
2.69216
5.10874
3.93377
3.65264
2.07263
2.4059
2.65883
3.01773
2.55202
3.59624
2.58022
2.71267
2.72378
2.65029
2.64858
5.25999
3.05448
3.80389
3.21427
7.3715
2.20167
2.19398
3.26212
2.26917
2.33753
2.35633
2.0188
2.82119
2.70498
2.56825
3.5313
3.06046
2.97073
2.43239
3.6458
3.45183
3.01688
4.02606
2.96817
2.37941
2.43239
2.20508
2.96902
3.91498
2.20167
4.34736
2.03845
2.2179
2.0658
2.4734
2.35975
2.98868
3.41423
4.04743
2.08972
2.33155
2.59133
4.44734
2.52895
3.85687
2.05298
2.73489
3.17325
2.42897
2.44948
2.07434
3.9107
2.66994
4.78146
2.50075
2.29994
2.13672
2.89212
2.06409
2.65542
2.04016
3.22196
3.48686
2.78018
2.48366
2.81094
2.74685
3.91668
2.13074
2.97671
3.27152
2.47511
3.42021
3.33219
2.54775
2.39222
3.37748
2.01196
2.43239
2.63576
3.39799
2.49135
5.28733
2.12305
2.605
2.84512
3.98846
2.54946
2.15723
2.18201
2.03076
2.0376
2.54775
3.58684
2.29395
2.37172
2.16578
2.04871
2.21021
4.82076
2.63576
2.14869
3.87738
2.45546
2.23499
2.49391
2.35804
2.11536
2.08374
4.82846
2.73659
2.88955
2.21534
2.21448
2.09143
2.06409
2.24952
3.01602
4.30378
2.2555
4.39094
2.7178
2.51955
2.18714
2.83572
3.26469
4.25678
2.03162
2.49989
3.22794
4.27815
2.83914
2.85537
2.75881
3.77056
2.58107
2.19654
2.33155
2.92032
2.3777
2.65285
2.23841
2.45546
2.41444
2.18116
2.55202
2.28626
2.57082
3.11515
3.0015
2.48708
2.87075
3.58513
5.04807
3.13651
3.75774
2.50417
3.25871
2.34864
3.10831
2.36146
3.80987
3.09806
2.57509
2.4341
2.98441
2.61867
3.12284
2.14356
2.11878
5.3668
2.1034
3.82183
3.76885
5.61889
2.5392
2.24268
2.70327
2.23414
2.52809
2.48537
2.09058
3.11002
4.84555
2.01111
2.10938
2.31617
3.77911
2.3495
3.0596
4.79257
3.15787
3.36894
2.75368
2.74514
4.94296
3.95087
2.80837
4.30976
2.13245
2.13587
4.79684
2.74514
2.24012
3.33988
3.08097
3.77996
2.59645
2.38197
2.02307
3.2006
3.5612
2.01624
2.46144
2.83316
3.43303
2.74941
3.55522
2.60329
2.58449
5.27964
2.29225
3.15958
2.27515
2.37684
2.11963
2.56056
2.72207
2.30165
2.90408
5.35911
2.15467
2.66225
3.41679
2.1333
2.41444
3.92438
2.05896
5.34031
2.15979
2.99466
2.36915
4.29524
2.52809
2.11109
2.00256
4.02606
2.77334
2.11365
2.49477
2.11792
2.12391
2.18714
2.08545
3.63128
2.84597
2.46999
2.82034
3.26127
2.06153
4.7148
3.72442
2.36232
2.33326
2.78787
3.41423
5.03439
3.02884
2.76052
3.77483
4.64986
2.4247
2.4922
2.17945
2.8511
2.04016
2.04529
2.04273
2.28028
2.74087
2.41444
8.06964
2.7383
2.7947
2.16834
2.03674
2.85537
3.86883
2.20167
2.39821
3.3809
4.50374
3.55351
2.02307
3.52275
2.33753
2.64943
2.60329
3.35441
2.02478
2.2649
2.11621
5.90429
2.87161
3.69622
3.14335
3.0314
2.21705
2.44777
3.17753
3.78082
2.09998
3.66033
2.07434
2.44862
2.00598
3.79449
2.54604
2.6614
3.90045
2.04785
4.23457
2.1709
2.43239
2.2179
2.1034
2.61782
6.27345
2.95621
3.3245
2.27601
2.55287
2.99039
2.93826
4.97116
2.39479
3.90985
4.33369
2.13843
4.62593
6.22303
2.75625
2.56911
2.53322
5.9248
2.85623
2.29481
2.48109
3.81158
2
2.7477
3.86456
2.45119
2.15979
2.32728
2.68532
2.1222
2.33155
4.10553
2.65798
2.07007
2.26319
4.0893
2.51869
4.06195
3.57402
2.16236
4.10212
2.02307
2.98697
2.45717
2.56398
2.27772
2.12134
2.22559
2.54347
3.21256
4.34138
2.72634
2.27772
2.22816
2.49733
2.55886
2.83059
2.52638
3.1348
5.54454
3.94232
2.60329
2.8887
3.23478
3.62444
2.91946
3.15787
2.19996
5.61205
3.9953
2.81008
2.84426
2.24525
2.47938
2.49562
3.0596
5.10019
2.8135
2.31532
2.92972
4.18757
5.32835
2.63405
3.09122
2.63833
2.05127
2.31019
3.04422
3.65691
3.33134
2.07862
2.27174
2.05383
9.36509
2.71694
2.21021
2.59218
2.77248
2.19312
2.69045
4.32002
2.15296
2.02991
4.68148
2.11707
4.34394
2.59389
2.00256
3.49199
2.40162
3.5501
3.06558
3.68596
2.1427
2.13501
2.11109
2.15638
2.67507
2.29395
6.39222
2.49391
2.7853
3.18351
3.23307
2.99039
2.25977
3.6082
4.16193
2.64687
3.0126
2.27345
3.05875
2.18714
2.38026
2.42897
2.37001
4.11408
4.57295
2.83486
2.24525
3.00406
3.70904
2.3683
6.23926
3.12796
2.32643
3.76373
2.10254
3.85601
2.56569
3.32878
2
3.20829
2.44777
3.25871
2.32557
2.95791
3.31254
2.11023
3.05789
3.12882
2.03589
5.27537
2.48964
2.60329
2.00769
3.83636
3.47233
2.81863
5.92737
2.65883
2.34523
2.56911
2.0658
2.63063
4.23798
2.21107
2.40248
3.13224
3.59966
2.53151
3.6082
3.63726
2.00855
2.08032
4.185
2.70498
4.61312
2.64003
3.66289
2.23756
2.0188
2.18116
2.34437
2.32814
2.77248
4.43709
3.8919
2.4828
2.42128
2.42299
3.4843
4.40376
2.25892
2.25721
3.8449
2.42982
2.4546
2.6708
2.30421
2.32899
2.44777
2.01965
2.95193
2.67763
3.92267
2.03247
2.28712
3.52873
3.66802
4.65328
3.52788
2.17774
3.8714
3.69964
4.55757
2.9938
2.54176
2.03076
2.30079
2.97842
5.96411
4.6379
2.05982
3.0015
2.3871
3.30485
2.11963
3.03568
3.33818
3.0878
4.50801
2.59389
5.78893
8.16279
2.63491
2.80923
2.30079
3.08866
4.21662
4.83871
2.42299
2.44179
3.01944
3.28007
4.53706
3.84747
2.01367
2.17689
3.2963
6.32643
3.08182
2.28028
2.75625
2.63405
2.2085
3.21171
2.17261
2.91946
3.03397
2.99295
2.8417
3.76629
2.28797
2.26661
3.09891
2.18799
2.25636
2.18885
2.26148
3.73467
2.61525
2.85794
4.7336
3.76287
2.11365
2.1521
2.46657
2.57509
2.45631
2.98697
3.09293
4.03717
4.44649
2.26576
4.39521
2.13501
2.35462
3.30143
3.25272
2.20594
2.18287
2.66909
3.62957
4.29096
3.5706
2.01709
2.49818
2.90152
2.14612
2.14014
2.18201
2.39137
2.88699
3.82098
3.64837
2.01453
2.00342
2.2085
3.18009
3.63726
2.86392
3.27238
3.09549
2.70412
2.01282
2.44093
2.02905
3.21683
2.12818
3.54411
2.27003
5.67187
2.98355
3.68767
2.7178
2.14954
2.28028
2.06409
2.22217
2.12391
2.62893
2.0846
3.1724
3.70733
2.00855
2.30079
2.13245
2.01367
2.39137
2.06153
2.67849
3.77825
2.58962
2.43068
3.85516
2.0376
6.10767
2.50929
2.53493
3.96966
2.60329
2.17176
2.10083
2.24866
2.50331
3.73553
2.02307
2.16492
2.84768
2.3871
2.1709
2.52382
2.50844
5.7257
2.20081
3.37321
3.18949
2.89981
4.49519
2.08802
2.32728
2.70327
2.52382
2.34266
2.46657
2.22901
4.94296
6.72634
2.92288
3.29118
2.08545
3.49968
3.14164
2.47768
2.86819
2.09143
2.11792
2.20167
2.02136
3.30656
2.48366
3.97821
2.13929
3.40654
2.3589
2.65456
2.41786
2.699
2.511
2.18116
2.74001
3.15445
2.56227
2.0376
2.48366
3.87823
2.8229
2.45802
2.05896
2.92117
4.34565
2.07776
2.25977
2.37599
3.67229
2.52553
2.13587
2.37172
2.71438
2.32215
5.85986
3.39372
3.56291
2.99722
2.47938
2.61953
3.75689
3.09549
2.49818
2.23072
2.84939
2.50417
2.55886
2.07178
2.13672
3.82098
3.7868
3.06558
2.14185
2.1034
2.02991
4.47981
3.18607
3.47233
2.56056
2.6238
2.30165
2.35719
3.56719
3.78936
2.45717
3.40056
3.44755
4.20808
2.4153
2.28968
4.96774
2.10511
2.64858
5.30699
3.40996
2.77676
2.34864
4.94723
3.27152
4.18671
2.08203
2.2743
2.21448
2.21277
3.77483
3.67913
2.23499
4.97116
3.19205
3.20573
3.4185
2.02564
2.3589
2.71523
2.76992
4.36189
3.79705
5.65392
2.4341
3.09635
4.9985
2.17432
4.68746
2.18287
4.15253
2.51015
3.5783
2.07263
2.99808
2.39393
3.14335
2.98441
5.65136
2.25721
2.30506
2.54347
2.31361
3.35441
2.23841
3.1442
2.24354
4.12433
3.48686
2.2461
2.15381
2.34779
2.20338
2.18116
3.52873
3.13993
2.87759
2.28285
3.38774
2.03674
2.9169
2.53578
2.01367
3.80474
4.52254
2.28455
3.71331
2.22901
3.02799
2.464
2.83486
3.33048
2.75198
2.73061
2.13245
2.3495
2.87844
3.50224
2.43324
3.61333
2.01624
2.94253
2.75198
2.40162
2.09143
3.26298
2.20765
2.52211
2.75881
3.00577
2.61525
3.75262
2.72292
2.76223
2.76052
2.17005
2.73232
2.32472
2.35292
2.10596
2.46315
4.01752
2.45375
2.4452
2.464
2.84597
3.58684
4.65413
2.22559
2.73916
2.1521
2.1034
2.28626
2.4341
5.52831
4.86264
3.76373
2.96646
4.89254
3.26725
4.29182
2.53066
5.06857
2.89468
2.05127
3.64153
2.48195
3.25272
3.54411
2.17774
2.45546
2.52638
2.11621
4.66439
3.63469
2.29994
5.36509
4.09186
2.61696
3.93634
2.55715
2.17261
2.61013
2.20423
2.21277
2.32301
4.91733
2.29139
4.03632
2.80667
3.10233
4.77548
3.57231
3.06986
2.41957
2.32386
2.09741
3.36039
2.2085
2.1427
2.33753
2.07434
2.89126
2.05896
2.62209
3.89447
2.77761
4.15082
2.35292
2.28285
2.33155
2.80581
2.41615
3.1442
2.32215
2.34608
3.09977
2.89212
4.47383
2.25721
3.61333
2.60329
2.51442
2.05383
2.9639
3.00662
2.05383
2.68874
2.01367
2.37001
2.83316
2.51015
2.53236
3.92608
2.81606
2.81436
2.08972
3.88849
3.88421
3.44072
2.31788
2.93826
2.35035
2.14954
3.47917
5.74963
2.21277
2.33326
2.7853
3.12113
3.49113
2.94253
2.09998
5.58727
3.45183
5.19333
4.35334
3.29289
2.00598
2.20936
2.1034
2.58705
2.58876
5.14975
2.05811
2.11621
3.43474
4.77548
4.77206
2.9921
2.9075
2.97928
2.25465
6.60756
4.58321
2.24097
2.22474
2.14783
2.31361
2.35633
2.62807
4.01666
2.18885
2.30335
2.44948
3.05618
2.28541
2.46059
2.36915
5.86413
2.08972
2.24012
3.96539
2.02991
2.50246
2.85281
2.59047
2.12818
5.86071
3.41594
2.59474
3.82098
4.33625
3.95428
2.46742
3.99701
3.59111
2.6426
2.35121
6.23157
3.93634
2.97671
3.99103
3.06729
2.03162
3.29716
2.91775
2.25465
5.11728
2.31361
2.17176
2.00427
3.34245
4.61141
2.72378
2.77078
2.38795
2.12561
5.76928
2.03247
2.33412
2.14527
2.40761
4.09272
2.13245
2.08203
3.65947
2.58705
3.28263
2.39735
2.98184
2.31617
3.60735
2.79556
3.19974
2.74343
3.18522
2.0658
2.05811
3.0878
2.59047
2.23414
4.08759
3.78851
2.78787
2.82034
3.36637
2.7759
4.49178
2.51015
2.8511
2.21021
2.08972
3.022
3.33219
4.9968
2.48109
3.39543
2.43153
2.1222
2.39393
2.76736
3.11087
3.25443
5.25315
4.29865
2.93057
2.34693
2.49391
2.8887
2.21021
2.00427
2.06494
3.3809
2.4247
4.18244
6.42128
4.39863
2.77505
4.39607
2.30677
2.22132
2.04785
2.85879
2.06751
3.03824
2.15467
3.89703
2.7853
2.02136
2.68874
2.84768
2.60073
4.69771
2.19056
3.73724
5.07028
2.18714
5.07712
3.5706
2.11109
2.30677
3.56633
4.55672
6.20423
2.09827
2.03931
2.19483
3.68255
5.85131
3.64751
2.49818
2.15381
2.85537
3.40825
2.14441
4.04486
2.10254
2.26917
2.85025
2.58962
2.89383
2.08545
3.30399
3.46208
4.4294
2.48366
2.00855
2.17774
2.57253
2.15296
3.22025
3.38774
2.20508
3.02286
2.63491
3.10575
3.02628
7.74664
3.00491
2.24781
3.12284
2.38026
5.47191
2.05213
3.94488
2.87674
3.53642
4.28327
2.30848
5.02329
4.34822
3.01431
3.23991
2.52638
3.18094
2.35975
2.2931
3.46892
2.18287
2.49049
2.1709
2.11707
4.1457
2.16749
3.84661
2.05554
4.16279
3.74322
2.04358
3.23905
4.66182
3.52617
2.5392
2.18885
2.02564
2.67251
2.00427
2.40931
2.81179
2.72207
3.59966
3.3339
2.45973
3.90899
3.77825
2.68447
2.6332
3.01346
5.48814
2.18458
2.2461
2.15809
4.92245
3.20573
2.06409
2.22217
2.26405
3.89874
3.06302
2.7195
2.05042
2.06238
5.07541
2.17176
3.20316
2.3119
3.71587
3.01004
2.94253
3.25358
2.12903
2.04102
2.69558
2.01282
2.98782
4.61824
6.34437
2.15979
2.02051
3.68426
2.3307
2.85623
2.78018
3.42106
2.20252
2.24439
5.46507
4.04059
2.33241
4.52596
2.4734
4.58406
4.28755
3.25272
2.93484
2.58022
2.01538
2.39222
4.62081
2.79214
3.97992
2.51784
2.25721
3.64751
2.12134
2.42726
2.56655
2.76052
2.96304
2.0846
2.84512
2.18714
2.47255
3.40141
2.06238
3.91412
2.9639
2.66311
5.76757
5.77355
4.9216
3.01773
2.03247
5.07114
2.11621
4.05512
2.58364
2.58705
3.33476
2.43837
2.6144
3.51506
2.06153
2.02136
2.89895
2.17347
2.50844
2.26234
2.15552
2.60329
3.17496
2.57765
2.49049
2.91604
2.35206
4.57466
2.06922
3.76116
2.43324
2.37342
2.75454
2.41615
2.76821
2.12305
2.52297
2.1803
4.61141
2.30079
2.5862
2.68276
2.8981
2.71438
2.6896
6.54689
3.03909
5.30015
3.33732
3.2775
2.59731
2.8511
2.30506
7.1254
3.19718
2.05213
2.24012
2.28797
2.23072
4.34736
2.27003
2.19654
2.04614
6.5862
2.14783
2.34181
2.16749
4.31916
2.01196
7.17154
2.19996
2.417
2.96731
2.37855
3.59624
3.58171
2.55544
2.62722
2.39137
2.25977
2.99124
2.16321
4.09699
2.00256
3.0408
2.51442
2.0282
2.45204
2.63063
4.21491
2.22901
2.59047
2.5768
2.44606
2.51015
3.73638
3.06815
2.08203
3.86285
2.43751
2.17432
2.1316
3.44584
2.12391
3.35868
2.43068
2.94595
2.88272
4.34736
4.76864
2.93912
2.33155
2.2555
2.68361
3.7398
2.07947
2.01965
2.42384
3.31596
3.27152
2.61354
2.90579
3.13053
3.55266
2.33326
2.5674
2.11109
2.8041
3.65264
8.96689
6.54262
2.89895
5.39756
2.08972
4.92502
2.14441
3.74749
4.70797
2.23927
2.04016
3.8543
2.93912
2.58107
2.09656
2.98697
2.31703
4.99594
3.96368
3.80816
3.70989
4.28071
3.88592
2.90152
4.72848
2.09229
2.08203
3.42363
2.41444
3.52019
5.12925
2.34095
3.3809
3.07669
2.3401
2.44264
3.45439
2.11451
2.90921
3.19718
3.89447
3.20402
3.98505
2.40419
2.16578
4.22175
4.92245
2.12476
3.07242
5.17026
4.90024
4.43623
2.62636
2.92715
3.21427
2.28541
3.40739
2.04187
2.65114
3.13993
2.88528
3.65777
3.02628
2.4546
3.13565
2.79556
2.6708
3.08524
2.23585
5.44542
2.32899
2.20338
2.35548
2.72549
2.74856
3.45354
2.27686
2.19654
2.4452
3.07242
2.71609
4.04486
2.58705
2.1333
3.12113
4.67208
2.35975
2.95535
7.34074
2.03845
2.29652
2.40675
3.28434
2.42128
2.41615
7.43559
2.44264
4.37129
2.41188
2.06494
2.17261
2.81265
2.0282
2.18287
2.02991
2.14612
2.51955
3.51335
3.24674
2.70754
4.28242
2.9921
7.16898
2.99124
2.34779
2.00513
4.24909
2.62893
4.26447
2.61184
2.22474
2.094
2.89895
3.69878
2.38881
3.61846
2.7289
3.2852
4.20893
3.03482
5.94531
2.38795
2.30592
2.57253
2.15467
2.5674
3.42619
2.54604
3.06558
5.6693
2.08289
2.74258
2.82974
2.5486
2.44606
2.1222
2.06836
2.70583
3.67656
3.23222
2.9357
2.57082
3.00235
2.38966
2.07434
2.92886
3.17069
2.75796
2.14783
2.54433
2.3495
2.96561
2.9733
3.18009
3.65435
2.1615
5.07797
5.53429
5.7821
2.52809
2.34608
2.10596
3.89276
2.2837
2.22987
3.67742
4.33113
2.14185
3.41935
2.51271
2.18629
2.62807
2.22559
2.32557
2.09314
3.58513
3.9201
3.45097
2.96475
2.45802
3.25272
2.01453
2.4264
3.25358
2.22388
2.11963
2.23585
2.54091
2.02307
2.48366
4.84298
2.60671
3.4937
3.08182
3.41166
2.70156
4.57894
2.62294
2.15125
2.56911
2.05725
2.95706
4.46529
2.12647
3.52104
6.5674
2.4828
2.16492
3.40397
3.29972
2.81008
3.55693
2.84597
3.29801
2.67421
2.37855
3.22709
3.04935
2.02905
4.83016
3.30399
2.52297
2.45119
2.53236
2.45289
3.50481
3.36039
2.48537
2.33412
2.96475
2.02051
3.09977
4.90878
2.00171
2.13416
2.13672
2.4734
2.54091
2.48878
3.72869
3.16129
2.84768
2.37428
2.0658
3.50822
2.79727
3.58599
2.72378
2.03247
2.35633
2.30335
2.18629
2.01709
2.23927
2.2367
3.17667
2.60329
2.04016
2.43153
3.0126
2.23243
2.23927
4.58748
2.03247
3.94232
2.56825
2.50758
2.14869
4.4499
2.92886
3.69024
2.15296
2.17176
4.56099
2.51015
4.28925
2.60585
3.31169
2.44264
5.1771
3.45354
3.32878
4.05597
2.14356
2.4922
2.58449
2.83486
5.97095
2.66909
2.18885
2.28455
3.18778
2.91861
2.047
3.49626
3.22111
3.73638
3.12626
3.21085
3.34587
2.03162
3.05789
3.14762
2.39991
4.04401
2.60158
3.23478
4.16108
3.89789
2.05298
5.21897
2.97159
5.05319
2.5016
2.58364
4.18073
2.92544
2.48024
2.28028
2.23243
4.18415
2.49989
2.17859
3.29203
2.77847
2.04358
3.04593
2.3965
4.43025
2.67507
2.35206
2.97073
2.55715
2.18885
2.53322
2.15552
2.12134
5.61718
2.93741
2.047
3.34843
5.28306
2.8417
2.53578
3.20402
2.75112
2.16321
2.13587
3.30827
2.54006
5.0361
3.38005
4.02179
2.4546
2.69985
3.55864
2.76565
2.31019
2.3777
3.70989
2.56398
3.17838
2.15809
3.2194
2.23414
2.03674
2.18714
2.05042
2.16407
2.79727
2.50502
2.55629
2.15296
2.05811
4.1081
2.26576
2.86392
2.65798
2.19654
2.24696
2.30763
2.40162
2.60585
2.29994
3.29545
3.09207
2.77419
3.60906
5.01218
3.15104
3.23478
2.511
4.25251
4.02521
2.63491
3.13736
3.36894
3.28776
2.73916
2.47426
2.21363
3.46208
2.13929
2.45204
2.22303
4.73019
3.02115
2.90152
2.17005
3.63469
2.2837
2.59645
2.61525
2.88955
2.53749
3.40226
3.59539
3.10489
2.28114
3.13736
3.61846
2.09827
2.72463
4.99423
2.12989
3.8543
2.91519
3.35441
2.79128
2.78103
2.73318
3.29716
3.90216
3.627
2.05383
2.05811
2.49135
2.93826
2.96219
3.20487
2.46571
3.23649
3.09464
4.18928
4.4593
2.20765
2.60414
2.78188
3.0032
2.09656
3.44926
3.33134
2.5486
2.56911
2.1034
3.21683
3.57231
5.96069
3.82098
2.19398
2.50844
3.35527
3.41594
2.54946
4.37043
5.94275
2.1709
2.90835
2.74001
2.8135
4.48836
2.1034
2.58705
3.92865
2.2367
3.20487
2.83999
2.30506
2.80923
2.27259
3.50139
2.56398
2.63491
2.3307
3.21427
2.89383
2.46828
2.52895
2.464
2.55373
2.87844
2.20423
2.57595
4.4875
3.12711
2.45973
2.66482
2.78018
5.34031
2
2.84939
2.86734
3.23222
2.72036
2.11536
2.51442
3.65264
2.77505
2.28797
2.08289
4.29096
3.48003
2.22474
4.04828
4.14911
2.28541
3.25187
2.11023
2.25892
2.464
3.39286
2.22474
2.63149
3.69878
3.47404
2.25977
4.32344
2.08631
2.38881
3.69707
2.78018
2.464
2.24696
6.9921
2.51955
2.04273
2.87588
3.13138
2.85195
2.41786
2.12391
2.17859
2.40931
2.19996
3.75774
2.55458
3.06986
3.01517
3.38176
3.56377
2.29395
4.19782
2.0752
3.96026
3.22282
3.15787
2.16321
2.0564
2.33753
2.77847
2.32728
3.36894
2.82717
2.86306
3.47832
3.42448
3.12455
3.06815
2.51698
2.24097
2.31703
3.20573
2.41102
3.56291
3.11344
2.50246
2.34608
2.43666
2.4358
2.30677
2.22987
3.59795
3.9953
3.15531
2.51613
3.30827
2.39222
2.65627
2.1427
3.27836
3.69878
2.98184
2.15296
2.84683
2.60073
2.2273
2.81948
3.3057
3.94488
2.37428
7.67571
3.91754
2.3495
2.18629
3.53728
3.31767
2.51784
3.3151
2.61013
4.7618
2.08631
2.74258
2.75368
2.69985
2.72976
2.35633
3.65178
2.88614
4.54561
2.699
3.24332
3.47404
2.417
4.6097
2.35121
2.00769
2.64516
2.21961
2.047
3.94659
2.81692
3.05277
2.81265
2.56484
2.40761
3.29716
2.41017
3.16898
4.29011
2.27857
4.92672
2.85452
3.13309
3.022
2.86306
2.07007
2.96902
2.22816
3.18265
2.3401
2.37001
4.23286
2.43495
5.96667
3.94061
2.5674
2.8135
3.09293
2.27686
2.50246
2.40419
2.24866
2.01282
2.52895
2.27259
3.19547
4.35591
4.03119
4.22687
5.93933
3.77483
3.77996
3.18522
2.67592
2.12818
2.18885
2.00769
4.22773
2.67165
3.85089
2.00256
3.73724
3.87481
2.59474
2.67336
2.68703
3.04166
2.06751
2.20594
3.37663
3.67229
5.86755
2.09571
2.03504
3.3715
3.36894
2.08118
2.07092
4.18842
3.3057
3.40397
2.03845
3.163
3.10318
2.35975
4.4106
2.62294
2.23756
2.31959
3.18094
4.25593
2.141
5.57701
3.05191
2.30934
3.37236
3.51848
3.70391
2.24866
2.12476
3.70305
3.24247
2.19739
3.04337
7.76458
2.13416
4.02435
2.16578
2.51015
2.26063
2.97244
2.11451
3.23136
2.98953
26.2299
5.08908
2.23927
2.29823
2.06494
2.51613
2.29566
2.08887
2.15894
4.06281
2.79128
2.47511
4.36958
2.0282
3.43474
2.62209
2.03162
2.37257
5.18906
5.58299
3.77142
2.81606
2.39308
2.0846
2.06067
2.16065
2.43239
3.40397
2.83059
2.00171
2.11365
2.85452
2.32984
3.06388
2.66823
4.68062
2.89981
2.18116
2.45033
2.06153
3.52873
2.40162
2.39222
2.95706
3.38517
3.47063
2.74087
2.96475
2.53322
3.91412
3.33219
2.21192
2.66225
2.03162
2.0752
2.27857
3.68426
2.32472
2.94253
3.01602
3.81671
2.29395
2.9357
4.9686
2.07092
2.61696
3.77654
2.67763
2.95962
3.03397
3.69964
4.68575
2.41786
2.76223
2.66396
2.15979
2.13416
5.21982
2.68105
2.42726
2.32386
2.94168
2.0188
2.40931
4.62764
5.9154
4.20893
2.32044
2.76138
2.10169
4.49263
3.05362
2.13074
2.11707
2.33326
2.15467
2.14441
2.15723
2.09571
2.27772
