1.0242
0.199851
0.253299
0.647621
0.277769
0.333109
0.728224
0.0331706
0.987711
0.505289
0.0011536
0.890095
0.417826
0.151021
0.828406
0.334215
0.141323
0.60163
-0.185829
0.328434
0.131167
0.524226
-0.0837565
0.0589166
-0.126315
0.421463
0.411105
1.02746
0.0939156
0.327326
-0.101138
0.292606
0.612943
0.213282
0.182969
-0.061391
0.468679
0.654925
-0.0142356
0.662648
0.423542
0.835003
0.428803
0.585676
0.573675
0.532622
0.579793
-0.0177135
0.310604
1.00098
0.549571
0.340049
0.329296
-0.0545097
0.316321
0.0824583
1.06943
0.713694
0.672601
0.531955
0.186638
0.0837696
-0.0868235
0.0721442
0.244931
0.628721
0.652812
0.772818
0.765787
0.0987345
0.740268
0.633944
0.435814
1.087
0.926351
0.878202
1.03768
-0.346005
0.0200851
0.737413
0.419598
0.508768
0.332648
1.10709
0.774844
0.32437
0.599128
1.03879
0.833368
0.317093
-0.114366
0.629749
0.109186
-0.312757
0.2093
0.3782
-0.0850752
0.0656408
0.938853
0.428405
0.599328
0.429201
-0.114886
0.605243
0.311285
0.8941
0.510211
-0.165248
0.19784
1.05025
0.592217
0.505446
0.372398
0.0799037
0.958724
0.565119
0.963665
0.307478
0.613483
0.272183
0.275103
0.702954
0.432935
0.0998337
0.232056
-0.0924992
0.105306
-0.011401
0.415443
0.0531014
0.669832
0.697237
0.48307
0.547134
0.154496
0.74194
1.04786
0.345509
0.384672
0.485305
0.340387
0.38107
0.735083
0.0258249
0.470748
-0.0840199
0.292762
-0.0837039
-0.000959946
0.0199191
0.302799
0.736029
0.40161
-0.135464
0.870287
-0.0259317
0.804013
-0.380545
0.316939
0.467876
0.547102
0.921271
0.647691
0.111534
0.77059
0.727951
0.915427
0.655595
0.358461
-0.00356026
-0.00779344
-0.150819
-0.103361
0.601897
0.0912536
0.554424
0.420943
0.290301
0.545309
0.88892
0.607994
-0.165387
0.848529
0.10527
0.594007
0.064679
0.476872
0.372245
0.942057
0.464328
0.57436
0.644792
0.839607
0.355615
-0.105656
0.439829
0.600829
0.427885
0.645769
0.597263
0.397154
0.222992
0.709476
1.14166
0.720321
-0.077804
0.6442
0.721169
0.337317
-0.204528
0.0988812
0.756307
0.765289
0.652566
0.31987
-0.0981058
0.695415
0.876206
0.522078
0.234274
0.519616
0.874008
0.876475
-0.0450215
-0.16146
0.461585
0.51505
0.319839
0.204748
0.523688
0.431282
0.292979
-0.00613071
-0.00604336
0.236135
1.14714
-0.0420325
0.308128
0.28384
0.777261
0.776369
0.590463
0.182936
0.442496
0.533003
0.0686709
0.316013
0.278176
-0.246635
0.62629
0.66336
0.74186
0.796048
0.298608
0.0793766
0.606651
0.254188
0.758354
0.814178
0.49966
0.643782
0.0439762
0.2036
-0.0328191
0.750817
0.364087
0.225772
0.569244
0.320209
0.591489
0.217024
0.453613
0.556808
0.771346
0.604071
0.737492
-0.0464046
0.520184
0.34888
0.563304
-0.148925
0.906963
0.236263
-0.187887
0.403564
0.633049
0.714037
-0.153323
0.343853
0.514987
1.14616
0.775225
0.922392
0.442435
0.0997239
0.561976
0.310852
-0.327487
0.998265
0.562332
-0.174372
0.120286
0.799636
0.131379
0.0947639
0.643573
0.929983
0.30819
0.0498777
0.431986
0.135594
1.08111
0.963812
0.487324
0.315364
0.0258659
0.231188
0.762265
-0.100309
0.111714
0.242249
-0.116917
0.735319
0.934707
0.677625
0.281464
0.462663
0.247162
0.0388995
0.0763945
-0.0727635
0.551722
0.0635615
0.545757
0.362131
0.658919
0.14261
0.310511
0.000119494
0.00935148
0.559487
0.627077
0.600729
0.954873
0.0397821
0.470563
0.570415
0.277392
-0.235904
0.969242
0.499535
0.770087
0.399291
-0.0420798
0.715564
0.618661
-0.266344
0.521951
0.736543
-0.15372
0.672962
0.205961
0.122744
0.241387
1.10774
0.711145
0.681842
0.331879
0.907437
0.590033
-0.0254763
0.810294
0.168136
0.137344
0.768747
0.571295
0.485646
0.407319
0.333785
0.904371
-0.0117544
0.499941
-0.117091
-0.261323
0.670263
0.351575
-0.0997013
-0.211108
0.244452
0.366991
0.478699
0.0137383
0.148537
0.261501
0.463311
0.382535
0.373314
0.761604
0.451092
0.0792636
0.683959
0.0182973
0.235943
0.333478
0.570513
0.371879
0.809294
0.739672
0.375269
0.743297
0.623798
-0.182069
0.0292648
0.474582
0.238731
0.314777
0.268062
0.477738
0.343792
0.680676
0.261596
0.312923
0.545213
0.473499
0.0114229
0.0329678
0.869231
0.771682
0.482294
0.0764323
0.671054
0.379391
0.663075
0.0689005
0.878689
0.674982
0.267904
-0.221792
-0.00748674
0.46732
0.422686
0.598195
0.0372109
-0.241945
0.39633
0.976049
0.339835
0.136855
-0.311054
0.670658
0.238219
0.790171
0.450478
0.118536
0.937068
0.693524
0.208842
0.194736
0.639716
0.0887676
0.0246734
0.513446
0.379574
0.121177
0.117999
0.998613
0.495292
0.696158
0.760862
0.737057
0.0257427
0.554102
0.746181
-0.0297755
-0.0638282
0.0467163
0.33572
-0.0721
0.437223
0.122921
0.620155
-0.174949
0.814683
0.115276
0.202483
1.05418
0.444828
0.653727
-0.154384
0.00603689
0.0683647
0.32788
0.968116
-0.103696
1.03195
0.989777
1.07586
0.301372
0.767536
0.352555
0.295687
-0.189655
0.501535
0.212597
0.799191
0.797949
0.374383
0.806353
0.057789
0.535037
1.00561
0.540069
1.07421
0.147154
0.694896
0.845401
0.94246
1.08649
0.622605
1.11966
-0.144662
0.784363
-0.0962993
0.262259
0.515994
0.808841
0.542847
0.577859
0.051924
0.123775
0.61328
0.701118
0.22787
0.0364858
0.178651
0.242761
0.440534
0.343393
0.909101
0.35638
0.784019
0.396879
0.0853773
0.133032
0.591754
-0.220704
0.38455
0.766328
0.557647
0.81907
0.784794
0.465253
0.332156
0.236328
0.781142
0.88636
0.624787
0.439583
-0.146462
0.943674
0.299975
1.02012
0.979258
0.716329
0.71909
1.01187
0.0673686
-0.149511
0.055137
0.0895848
0.627864
0.270988
0.34051
0.845005
0.875347
0.276107
-0.0398634
0.637777
-0.133672
-0.0384547
0.474612
0.430027
0.395201
-0.15286
0.604941
0.235141
0.494668
-0.362135
0.632636
0.966325
0.918303
0.7762
0.541345
0.836113
1.03495
0.449433
0.810431
0.36968
0.349737
0.171078
0.390074
0.142228
0.726278
-0.149381
0.852841
0.176502
0.805722
0.849727
0.970375
0.450631
0.107375
0.727484
0.629269
0.00909727
0.274946
0.452014
0.686632
0.23482
-0.0682948
0.473128
-0.256709
0.0961634
0.00334405
-0.342852
0.182234
-0.175022
0.743097
-0.0010464
0.408815
-0.312757
0.254537
0.303729
0.492176
0.363812
0.677516
1.01347
-0.216505
0.354177
-0.199773
0.032562
0.193048
0.345386
0.257136
-0.263571
-0.216417
0.0499566
0.255932
0.623389
1.03027
0.515805
0.679658
0.539399
0.805767
0.650844
0.640167
0.454628
0.0141581
0.186172
0.0693594
0.588612
0.516938
0.0202512
0.255139
0.233149
-0.252793
0.408784
0.788604
0.52391
0.473994
0.344896
0.422533
-0.0349529
0.564438
0.0159181
0.404144
0.819442
0.215268
0.261691
0.365585
0.620155
-0.192922
0.112579
0.584787
0.0895848
0.359287
0.0971562
0.83951
0.0786983
0.328834
0.158094
0.366716
0.236135
1.03846
0.744497
-0.139773
0.411991
0.590628
0.771136
1.01103
0.457366
0.0579446
0.483318
0.508642
0.0705052
0.967144
0.0606236
0.250408
0.453121
0.247767
0.639231
0.838828
0.13647
-0.0748639
-0.246423
0.475138
0.233567
0.872355
0.505822
0.95551
0.00197078
0.652812
0.27124
0.566189
0.182201
0.169659
0.0144938
0.0939894
0.873314
0.975273
0.579366
0.576681
0.235044
0.295998
0.376368
0.616052
0.270579
0.377864
0.787085
0.142854
0.150952
0.680094
0.479008
0.957218
0.456504
0.594472
0.496165
0.772692
-0.0494252
0.0658715
0.0303252
0.316723
-0.0238859
-0.0500031
0.72395
0.357298
0.661474
-0.0147245
0.499254
0.653375
-0.26501
0.458012
-0.180213
0.0655255
0.46291
0.573642
-0.240413
0.305589
0.032359
1.03238
0.104906
0.0955008
0.10781
-0.0307416
0.396116
0.0124766
0.305155
0.695935
0.272277
0.412235
0.533193
0.110993
0.313232
0.997313
0.319685
0.965805
0.42183
0.0611271
1.01748
-0.180805
0.849927
0.627077
0.809976
0.558679
0.622264
0.284809
0.808886
0.259763
0.270359
0.336181
0.506385
0.458813
0.0372915
0.857508
0.61092
0.822752
0.246334
0.00543972
-0.0696096
0.619578
0.430701
0.196586
-0.133672
0.75733
0.0468747
0.287463
0.774506
-0.0568556
0.184538
0.770842
0.106505
0.314963
-0.20486
0.269541
-0.199854
0.729082
0.173103
0.716099
0.865768
0.648285
-0.327956
0.597995
0.163451
0.692451
0.225869
0.514829
-0.321233
0.29189
0.176536
0.647096
0.349155
0.14341
-0.194811
0.463064
0.463835
0.615409
0.434834
0.576027
0.623218
0.72799
0.542847
-0.136644
0.753657
0.485243
0.198137
-0.0867704
0.503224
1.02309
-0.0765632
0.499941
0.261154
1.02643
0.526313
0.107847
0.15453
0.461769
-0.00858302
0.24643
0.32905
0.982117
0.639266
0.853547
0.767787
0.471459
0.522014
0.205535
0.253902
0.397795
0.821724
0.943471
0.902383
0.605678
0.848479
0.0162944
-0.0403811
0.689021
0.178383
0.29693
0.0902898
0.420424
0.170639
0.545469
1.06471
-0.00290893
0.162327
0.120607
0.0989911
0.158368
0.705134
0.638885
0.253743
0.648881
0.296557
0.635979
-0.00130589
0.126506
0.756552
0.0957586
0.578252
0.635876
0.773451
0.371482
0.788256
0.776709
-0.0143245
-0.0976669
0.360082
-0.0429791
0.754838
-0.257163
-0.281354
0.124201
0.67835
0.324032
0.40451
0.10886
0.115993
-0.0816043
0.187371
0.547262
0.164913
-0.167199
0.0345879
0.760532
0.170842
0.418498
0.706566
0.124982
0.977921
0.499067
0.710272
0.765164
0.270579
0.618051
0.335045
0.587754
0.13085
0.351238
0.163893
0.540452
-0.145883
0.695193
0.585445
0.197081
0.13159
-0.0636287
0.632464
-0.0263419
-0.0915288
0.193048
0.0707723
0.79928
0.26308
0.119357
0.167593
0.102137
0.547166
0.605243
0.642529
0.980921
-0.0700658
0.348665
-0.28745
0.0252494
0.596964
0.141009
0.00342973
-0.0732235
0.848379
0.445043
1.07333
0.197345
0.282371
0.613246
0.355646
0.201266
0.0780192
0.372368
0.353871
0.527168
0.586072
0.443969
0.00364398
0.366624
0.511812
0.86781
-0.00152223
0.732095
-0.148469
0.799102
0.36155
0.0573608
-0.0339311
0.302644
0.552847
0.980683
0.189997
0.78609
0.9987
0.232378
0.405273
0.17969
-0.139019
0.97989
0.41138
1.00945
-0.0907222
0.133383
0.850779
-0.235214
0.445135
0.340878
0.0441353
0.556228
0.868125
0.350013
0.240107
0.193313
0.121889
0.297676
0.229546
0.643956
1.14125
-0.0274835
0.577172
0.670838
-0.0697109
0.277142
1.01103
0.304039
0.317062
-0.0747612
0.213184
0.149435
1.14042
0.248913
0.312181
0.826938
0.77586
0.421432
0.256534
0.797772
0.830975
0.0508624
1.03779
0.514421
0.67055
0.0615916
0.576583
0.240331
-0.0949916
0.611257
0.506135
0.119393
0.818931
0.27369
0.0765836
0.360755
0.639023
0.392302
0.676248
1.12489
0.46766
0.339221
0.222927
0.610819
0.212793
0.0258659
0.241482
0.895124
0.444368
0.957076
0.328496
0.680458
0.259225
0.246971
0.708152
0.466672
0.433915
0.357604
0.394377
0.50116
0.0964577
0.239979
0.158539
0.310078
0.0481014
0.990192
0.873474
-0.0231607
1.08785
0.15693
-0.204611
0.753738
-0.319335
0.821117
0.213347
0.417918
0.492737
0.958939
0.781527
0.629166
0.44084
0.639058
0.61247
0.0586446
0.945505
0.278677
0.500004
0.738997
0.48518
0.358797
0.383359
0.190893
0.0980376
0.771052
-0.32702
0.379635
0.41862
0.180695
0.70457
-0.269928
0.213608
0.47353
0.287338
0.175292
0.759504
0.171585
0.799014
0.143583
0.308036
0.0675986
0.641243
-0.0875147
0.612032
0.396757
0.474798
0.0815578
0.487262
0.497881
0.576746
0.730254
0.714609
0.707132
-0.0659797
0.207632
0.594771
0.516245
0.668863
0.736227
-0.167129
0.0641012
0.521383
-0.187046
0.10148
0.0758268
0.66119
0.868757
0.612572
1.01112
0.182501
-0.0266613
0.287307
0.167458
-0.0467869
0.969318
0.344528
0.167322
0.0836573
0.468308
0.20314
0.123099
0.454135
0.0254961
0.473932
0.345478
0.469111
0.0602361
0.16739
-0.239906
0.702317
0.917995
0.319654
0.850579
1.01537
0.698503
0.0872793
0.75439
0.189731
0.265037
0.740586
0.538507
0.656266
1.08751
0.0607011
0.389585
0.253204
0.324032
0.604472
0.397307
0.439461
0.593178
-0.000614269
0.33698
-0.109384
0.539208
0.825805
0.784665
0.908447
-0.0477923
0.543166
0.173676
0.5041
0.411594
0.797639
-0.199045
0.0325214
0.376582
0.768664
-0.154717
0.396635
0.427518
0.808931
0.306332
-0.0104305
0.264879
0.382596
-0.199692
-0.00347338
0.682936
0.937266
-0.284715
0.209529
0.522899
0.011676
0.136645
0.228643
0.0390601
0.0426213
0.72838
0.980921
0.925277
0.387632
0.458443
-0.226867
0.302799
-0.0877808
0.55481
0.226934
-0.246741
0.590827
0.269353
-0.0559254
0.284496
-0.0641277
0.718284
0.00424324
0.344436
-0.316275
-0.332598
0.296526
0.293073
0.0265638
-0.168955
-0.181623
-0.0823378
0.332648
0.522488
0.635772
0.762843
0.373406
0.442619
0.13675
0.0280387
0.446884
0.875239
-0.0306956
0.496695
0.269541
0.0868695
0.267904
0.938654
0.273785
0.0767349
0.00317259
-0.0614406
0.184939
0.639162
0.135979
-0.143831
0.379177
0.297396
0.260711
0.831691
0.866761
0.153877
-0.304393
0.354452
-0.0204966
0.316507
0.917198
0.805452
0.219168
0.597064
0.0352751
0.990276
0.481829
0.17074
0.155559
0.127992
0.416909
0.44627
1.0067
0.345723
0.447775
0.778239
0.919042
1.0723
0.66368
0.439798
0.606315
0.588051
0.610381
0.0139482
0.439185
0.961618
0.10487
0.635496
0.171416
0.67091
0.284246
0.300316
0.841072
0.553877
0.710727
0.179188
0.789953
0.00586634
0.284653
0.448696
-0.0487521
0.545277
0.791524
0.937398
0.477305
0.299261
0.837371
0.420913
-0.147173
0.405212
0.209006
1.01328
0.434895
0.380642
0.381314
-0.110523
0.624241
0.386076
0.627111
0.862959
0.635427
0.583076
0.305558
0.133875
0.765122
0.665393
0.377284
0.682936
0.111786
0.0689388
0.704532
0.38925
0.473437
0.158812
0.118643
-0.167479
0.354759
0.208155
-0.0874082
0.26049
0.289054
0.191755
0.244676
0.0175471
0.468061
0.138079
0.556453
0.848629
1.00408
0.43753
0.419262
0.548127
1.05952
0.461985
0.311161
0.428467
0.179456
0.81768
0.419568
1.08064
-0.295635
0.118643
0.537551
0.698652
0.827553
0.642912
-0.143002
0.948657
0.525396
0.251521
0.857457
0.295313
-0.0640278
0.00201376
0.664714
0.551754
0.294878
0.347102
-0.0711324
0.122495
0.531415
0.192882
0.172934
0.140417
0.353442
0.304349
0.559907
0.645699
-0.1679
0.807256
0.482201
0.0655255
0.567423
-0.142556
0.757616
-0.273876
0.402679
0.742419
0.125726
-0.0405695
0.855015
0.247513
-0.0881005
0.460568
0.510587
1.04585
0.990609
0.314561
0.295655
0.0686327
0.608531
0.554875
0.247162
-0.0249758
0.0668315
0.295718
0.24729
0.808614
0.327973
0.145942
0.0526307
0.661794
0.805857
-0.166082
0.380826
-0.0590182
0.167898
0.565378
0.115778
0.344957
0.127886
0.341522
0.787822
0.702992
0.352861
0.605745
0.548352
0.863582
0.921395
0.740069
0.63937
0.141218
0.316043
0.483784
-0.186057
0.418651
1.01943
0.0443741
0.548256
0.133278
-0.165665
0.287244
-0.145883
0.612403
-0.0869829
0.515207
0.402892
0.370046
0.933664
0.00761189
-0.0434058
0.619917
-0.162008
0.109258
0.808931
0.715985
0.773282
0.463311
0.0863849
0.0260713
0.0230657
0.513572
0.233021
-0.134845
0.0825708
0.279961
0.836887
0.0216603
0.813857
-0.103752
-0.0528563
0.419476
0.792224
0.232185
0.199719
-0.128484
0.409334
0.27278
0.461585
0.906136
0.703217
0.673899
0.378047
0.805857
0.0412634
0.0270148
-0.080507
0.0499566
-0.0574442
0.734059
0.468216
0.0379352
0.569081
1.12694
0.940183
0.598795
-0.137641
0.198203
0.261343
0.794638
0.569992
-0.28163
0.156965
0.205273
0.11782
0.0876517
0.799191
0.196916
0.923141
0.0825708
0.160554
0.810385
0.772692
0.625778
0.97281
0.184205
0.565346
0.249009
0.354422
0.280681
-0.000484688
-0.325187
0.190495
0.388334
-0.249304
0.427518
-0.181474
0.865768
-0.269803
0.414007
0.12601
0.491803
0.587919
0.166135
0.354728
0.860069
0.496757
-0.233452
0.884315
-0.10825
0.567261
0.282871
-0.229413
0.266172
-0.000614269
-0.00395147
0.326126
0.458782
-0.0562678
0.208777
0.583602
0.417979
0.833032
0.499941
0.118714
0.781185
0.179221
0.0967519
0.902791
-0.110865
-0.0341167
-0.0850752
0.445871
0.405243
0.675705
0.496477
0.693895
0.093251
0.286526
0.59723
0.962785
0.0398221
0.466611
0.511812
1.10371
0.0256194
0.679294
-0.17394
-0.087355
0.277675
0.499941
1.00435
0.146012
0.247035
0.170098
1.12208
0.401
-0.0451167
-0.0560721
0.34324
0.551818
0.152123
0.372001
1.13655
0.50532
0.845796
0.168508
-0.072049
-0.0349994
0.790302
-0.0939599
-0.137954
0.645909
0.448327
-0.223805
1.06943
-0.0143245
0.516245
0.748474
0.255773
0.280274
0.521257
0.719013
0.526408
0.361764
0.189665
0.222603
0.349339
0.407838
0.21452
0.512095
-0.234526
-0.10197
0.0567373
0.0781702
-0.0331431
-0.242151
0.0568153
-0.00456072
0.184171
0.000895308
-0.130914
0.0510198
0.785139
0.216114
0.218973
0.952479
-0.317892
0.0585669
0.694896
0.342565
0.91683
-0.125296
0.203238
0.814592
-0.198159
0.252728
0.332494
-0.163244
0.037895
0.945505
0.565021
0.394224
0.00569575
0.754716
0.0748417
0.348757
0.140033
0.563271
-0.343777
0.698019
-0.0217139
0.19275
0.657433
0.100419
0.6088
-0.203452
0.673466
0.696307
0.47353
0.570838
0.234017
0.728185
0.387266
0.014284
0.525775
0.413243
0.211195
0.690642
0.394133
0.384885
0.122993
0.679403
0.384702
1.00743
0.334031
0.201069
0.222927
0.307416
-0.077183
0.609103
-0.0813428
0.0502324
0.933275
0.749361
0.367296
0.682279
0.0439762
0.368488
0.174855
0.404846
-0.218727
0.838731
0.546974
-0.055339
0.595966
0.960456
0.8819
1.03768
-0.215712
0.235814
0.818189
0.640792
0.55968
0.116674
0.183704
0.67806
0.886915
0.618763
0.139894
0.185706
0.11975
0.487479
0.27124
0.760327
0.365768
0.624275
0.34281
0.324309
0.614902
0.431252
0.371024
0.534147
-0.112353
0.883545
0.61355
0.470655
-0.0751209
-0.179475
0.554553
-0.252023
-0.0513547
0.35133
0.502035
0.862545
0.232796
0.819767
0.645804
0.0368887
-0.324289
-0.253235
0.19817
0.245218
0.06913
-0.17466
0.915609
0.682973
0.824158
0.697646
0.44538
0.751586
0.574001
0.286464
-0.122971
0.080656
0.779816
0.510242
0.0609335
0.370871
0.0120132
0.184138
0.407807
0.923455
0.894327
0.189665
0.292575
-0.01673
-0.0832304
0.393156
0.537615
1.06444
0.427579
1.00027
0.374261
0.79618
0.276515
-0.116742
1.04069
0.456873
0.620631
0.482729
0.199225
0.519932
0.221308
0.389036
0.975816
0.700146
0.831166
0.529893
0.297459
-0.0620361
0.11671
0.793539
0.175763
0.453182
0.0971929
0.768371
0.503443
0.502004
0.52682
0.072715
1.00257
0.440564
0.651125
-0.0692045
0.310511
-0.0269809
-0.0387829
0.990192
0.874008
0.186572
0.974732
0.380368
0.877391
0.408418
0.781656
0.470501
0.0624034
0.376796
-0.0349529
0.289646
0.217642
0.695489
0.513414
0.0174636
0.944418
0.133032
0.0452882
0.740348
0.131203
0.425622
0.480713
0.244548
0.779176
0.625436
0.171382
0.634048
0.31558
0.388822
0.525079
0.174585
0.143965
0.500972
0.998961
0.510525
0.0674452
0.0981843
0.200411
0.548095
1.02725
0.908566
0.877337
-0.0555343
0.485895
0.813124
0.372826
0.868178
0.49735
0.861099
0.262575
0.67343
1.08922
0.00179888
0.381986
0.507482
0.45832
0.884922
0.0737792
0.973961
0.348451
0.227966
-0.166291
0.850228
0.63391
0.539591
0.417459
0.84654
0.560488
0.393156
0.599861
-0.255017
0.569732
0.174114
-0.306675
0.663966
0.377803
0.662861
0.866238
-0.0801419
0.431037
0.922954
0.685826
1.06376
0.0207075
0.624446
0.684471
0.886915
0.450969
-0.156453
0.961254
0.554778
-0.0215334
-0.149968
0.310047
0.890712
0.0398622
-0.0701672
0.730802
-0.258306
0.361794
-0.0137029
0.870551
0.133629
0.713503
0.1408
0.461092
-0.0502441
0.95171
0.791349
0.83839
1.10433
0.0473103
0.194008
0.693043
0.464297
0.644339
0.455243
0.702204
0.375849
0.31558
0.494855
0.295438
0.385648
0.622809
-0.0890078
0.575439
0.680385
0.496071
0.0637928
0.314901
0.360755
0.313758
0.950526
0.632326
0.0863103
-0.221338
-0.129332
0.0211634
0.624105
0.478792
0.518513
0.217284
0.0197114
-0.0368637
0.391966
0.0486941
0.281902
0.261343
1.13036
0.694006
0.72725
0.878364
0.442864
0.741741
0.857406
0.0125188
0.855218
0.582189
0.00265788
0.0442945
0.57436
0.240395
0.398436
1.07143
0.696976
0.811524
-0.1941
0.0620556
0.367235
0.666929
0.893137
0.544765
0.432017
-0.222704
0.320795
-0.0668839
0.424092
0.0399424
-0.0798293
0.233663
0.285371
0.876798
0.575504
0.92096
0.317649
0.829926
-0.0643775
-0.266466
1.05468
0.0642939
-0.236399
0.104506
0.757166
1.13581
0.0362842
0.180092
0.420057
0.932238
0.00880049
0.162259
0.677335
0.647865
0.737769
-0.157999
-0.0465957
0.599728
0.880699
-0.232579
0.954873
0.259256
-0.0420325
0.506667
-0.000527872
0.117176
0.00637786
0.448174
0.168068
0.568561
-0.0604995
0.436335
0.815742
0.812484
0.551979
0.103486
0.366685
0.0393811
0.179623
-0.0441178
-0.0965724
0.346581
0.138323
0.318359
0.682754
0.85274
0.196982
0.25818
0.849727
0.986073
-0.267938
0.945914
0.762719
0.679876
0.57048
0.697051
0.579104
0.633393
0.462571
1.10248
0.609473
0.572598
0.589868
0.530115
-0.0270722
0.173507
0.47715
0.729082
0.942999
-0.0758413
0.364179
0.844906
0.293633
0.757903
0.223153
0.924396
0.767995
0.305155
-0.127217
0.732173
0.349982
0.228966
0.303543
-0.105039
0.715373
0.719975
0.664179
-0.0294998
0.352646
0.150229
0.452014
0.522804
0.746864
0.701605
0.319377
0.773493
0.225933
0.888752
0.520121
0.68206
-0.0325415
0.276076
-0.0818661
0.614733
0.343332
0.299882
0.544381
0.149055
0.786609
0.836403
0.445994
0.15994
0.298142
0.140312
-0.140656
0.708454
1.04989
0.176939
0.00132574
0.446915
1.00204
0.52009
-0.233452
1.09185
0.162804
0.202121
0.553265
0.272277
-0.0355579
0.00132574
0.829831
-0.145368
0.309305
-0.13435
0.215561
0.219687
0.116531
0.303357
0.654044
-0.235509
0.106831
0.215041
-0.378282
0.175191
0.271428
-0.152068
0.0823458
0.510493
-0.14808
0.354483
0.291017
0.540931
0.632223
0.389189
0.0105784
0.684069
0.130392
0.968341
0.405548
-0.0571008
-0.010739
0.146531
0.641208
0.683374
0.669545
0.466055
-0.0402398
-0.00286554
0.712932
1.05455
0.354391
1.03779
0.878472
-0.0112244
0.32058
-0.169731
-0.17122
1.02684
0.266581
0.10396
0.107847
0.962712
0.783933
0.5291
0.182301
0.365035
0.306239
0.743577
0.344344
0.754064
0.859043
0.442496
-0.12226
0.355554
0.786219
0.0423021
0.526092
0.652495
0.0722203
0.0924379
0.0729812
0.0395014
0.847334
-0.150034
0.273722
-0.00652398
0.532018
0.295998
-0.0525167
0.0299584
0.255171
0.356901
0.112507
0.728653
0.522172
0.301154
0.129052
-0.158268
0.447191
-0.0128605
-0.0267069
0.34888
0.407136
0.828596
0.529893
0.776284
0.0391404
0.582287
-0.23355
0.762554
-0.100088
0.149953
0.437898
0.924144
0.330188
0.226418
0.541441
0.451522
0.0826833
0.795739
0.187903
0.581992
0.143931
0.211488
0.226934
0.374994
0.521415
0.406678
0.0745383
0.542399
0.499192
0.820884
-0.159893
0.665285
0.744657
0.933925
0.471768
0.31629
0.905547
0.808841
0.367571
0.38455
-0.149772
0.561232
0.975661
-0.0262051
0.669079
-0.157393
0.126647
-0.256143
0.399229
0.474674
0.271428
0.380795
0.325572
0.960166
0.22716
0.744217
0.425866
0.00676115
0.720629
0.458874
0.823924
0.248818
0.425652
-0.1209
-0.102081
0.0914017
0.576452
-0.057788
0.511843
0.352738
-0.178152
0.680094
0.068977
0.335598
0.499442
0.408723
0.741741
0.496352
0.134332
0.449095
0.568886
0.276828
-0.00538872
0.338177
0.419812
0.558001
0.457058
-0.0777522
0.726783
0.0432593
0.633393
-0.223254
1.00239
-0.167619
0.296713
-0.0194173
0.213217
0.787215
0.652214
0.620257
-0.203535
0.23122
0.220271
-0.0065677
0.250504
0.171011
0.573871
0.680203
0.777473
0.424521
0.15288
0.507733
0.526851
0.650212
0.306673
0.220173
0.365096
0.879611
0.821397
1.00027
0.601029
-0.0559254
0.588579
0.0185887
0.653234
0.472757
-0.200097
-0.09331
0.257136
0.55452
0.518923
1.06044
0.129369
0.447437
0.350993
0.365921
0.0425814
0.427487
0.289116
0.366991
0.247545
0.439032
0.32172
-0.192373
-0.0830202
0.709438
-0.162556
0.745218
0.371848
0.214813
0.567001
0.408388
0.116531
-0.0483199
0.315024
1.0887
0.265226
0.633462
0.217544
0.377651
0.719859
-0.0905075
0.0488521
0.43269
0.502723
0.184271
-0.0970098
-0.181846
-0.125176
0.0573218
-0.247271
-0.0578371
-0.00256191
0.400572
0.290207
-0.0933641
0.43364
0.210313
0.937728
0.403686
-0.194022
0.571718
0.802893
0.0930663
0.0996873
-0.253679
0.595701
0.354912
0.166203
0.337471
0.610684
0.169659
-0.26144
0.140974
0.213575
0.892854
0.653023
0.898674
0.291142
0.429782
0.112507
0.861925
0.759627
-0.137516
0.174215
0.326926
0.263996
0.30884
0.125833
0.67426
-0.305967
0.831261
0.899251
0.845599
0.885862
0.98324
0.129687
0.194802
0.205732
0.307292
0.0566984
0.734413
0.000593709
0.778324
0.0238908
0.93399
1.06018
0.466888
0.473777
0.938323
-0.0370038
-0.182816
0.545917
1.06788
0.0140742
0.533034
0.000766056
0.392729
-0.104871
-0.0789451
0.138952
0.109367
0.064525
0.232828
0.057127
-0.127639
0.727289
-0.185754
0.581597
-0.0429791
-0.0457363
0.493733
-0.078063
-0.0773381
-0.0253397
0.946597
0.0520811
0.45752
-0.0199117
0.782428
0.186705
-0.240922
0.395018
-0.147432
-0.104759
0.301899
0.224415
-0.201727
0.250885
-0.204279
0.690679
0.48894
0.298515
0.364454
0.380062
0.0600422
0.0306104
0.337624
-0.140403
0.014284
0.578449
0.124591
0.968641
0.571229
0.167966
0.592714
0.579104
0.662292
0.71836
0.0864222
0.668254
-0.28629
0.273219
1.05257
0.213836
0.379024
-0.133303
0.705172
0.654608
0.256534
0.779091
0.418559
0.14615
0.710917
0.193743
0.856336
0.852942
0.535577
0.372276
0.31592
0.621924
0.303946
0.0364051
-0.00875865
0.63885
0.0722203
0.199554
0.040383
0.25314
0.79332
0.413518
0.519585
0.860069
0.0925118
0.476593
0.722635
0.861047
0.528878
0.910056
0.30785
0.731546
0.53787
0.734886
0.509238
0.780714
1.05593
0.240811
0.477615
0.363201
0.726083
-0.252352
0.453736
0.257611
0.207763
0.814178
0.877391
0.273094
0.543006
-0.232579
0.143792
0.138428
0.122601
0.516718
0.0715349
0.507137
0.433762
0.938588
0.518702
-0.104535
0.0936572
0.686779
0.0892134
0.997572
0.703255
0.64867
-0.0660299
0.285839
0.781742
0.613888
0.131449
0.165762
0.620189
0.996365
0.463187
-0.0565616
0.711335
0.161952
0.213021
0.781356
0.282965
0.44081
0.749644
1.04929
0.190063
0.0383372
1.08001
1.06363
0.973347
0.691823
0.631741
0.113479
0.250313
0.387327
0.692525
0.5838
0.531733
0.292481
0.938389
0.163451
0.385465
0.24375
0.163655
0.327788
0.189632
0.693635
0.209659
0.482853
0.0334138
0.557711
0.710083
-0.0192826
0.611459
0.170909
0.869758
0.590132
0.766786
-0.239703
0.602967
-0.00273539
0.243559
0.596498
0.463002
0.15741
0.478482
0.653023
0.256946
0.367816
0.885474
0.751586
0.129546
0.312027
0.307014
-0.316076
0.606248
-0.120782
0.285496
0.0814827
0.764998
1.04562
0.0323997
-0.0965178
0.297521
0.130392
0.711753
0.899251
0.590198
-0.135898
-0.141098
0.71031
0.606751
0.119393
0.406647
0.468555
0.652847
0.528498
0.752844
1.06957
0.810385
0.80934
0.153912
0.248086
0.172294
0.146323
0.419904
0.0586057
0.105996
0.251012
0.638054
0.149366
0.192882
1.08566
0.914697
0.277424
0.830212
0.133419
0.646537
0.32474
0.419721
0.199752
0.474767
0.864153
-0.242356
0.351085
-0.0138804
0.470038
-0.232095
0.173238
0.325264
0.335137
0.790738
0.331203
0.124875
0.488132
0.373803
0.699399
0.000593709
0.0793012
0.0629441
0.392943
1.02664
0.142436
-0.146721
0.783244
-0.372979
0.0510591
0.514169
0.100493
0.440626
-0.147108
0.880427
0.0426612
0.311687
0.430241
0.215366
-0.267077
0.744177
0.00106754
0.205437
0.637016
-0.00801264
-0.0342095
0.435385
0.689978
0.18026
0.323539
0.304721
0.394377
1.12046
-0.014058
0.50141
0.624787
0.569406
0.684398
0.487603
0.220562
0.21263
0.828074
0.555841
0.164811
-0.0409466
0.224512
0.404113
0.925025
-0.361158
0.563465
0.962055
0.0172551
-0.10325
-0.283302
0.594041
-0.30183
-0.0603511
0.742419
0.714647
0.416909
0.686449
-0.198401
0.736622
0.338054
0.0776417
0.769961
-0.0181165
0.180226
0.170031
0.575341
0.454412
0.628618
0.1408
0.558453
0.604071
0.458197
0.151779
-0.121195
-0.0173109
0.287712
0.0167123
-0.172576
0.848978
0.0279568
0.21465
0.0429005
0.282558
0.567748
0.837614
-0.0507266
0.017839
0.221988
0.977921
0.802803
0.481767
0.0592273
0.19652
0.998439
-0.0876743
0.397276
0.0444934
-0.0429317
0.675272
0.808251
0.459521
0.382321
-0.05063
0.139336
0.61568
0.253585
0.658742
0.841415
-0.0227534
0.0861238
0.711639
0.239435
0.819256
0.918734
0.69787
0.739752
0.344558
0.239787
0.721786
0.852841
-0.26671
0.544957
0.684178
0.766744
0.129228
0.927112
0.344221
0.578383
0.524858
0.413427
0.0402228
-0.0420325
0.308283
-0.0571988
0.850278
0.457058
-0.0948829
0.474798
0.389128
0.176637
0.455212
0.369893
0.986645
-0.173796
0.979416
0.780115
0.31697
-0.107119
0.0300807
0.565119
0.474922
0.938786
-0.24516
0.297179
0.475633
-0.22519
0.26368
0.975893
0.77956
0.0468747
0.738284
0.492145
0.866081
0.256122
0.27278
-0.17742
0.627933
0.626564
0.875186
0.27617
0.54109
1.10753
0.397154
0.929406
0.243016
0.527199
0.611358
0.68469
-0.342548
0.500941
0.733666
1.07043
1.05875
0.102027
0.98324
0.319654
0.263459
0.889311
0.327111
-0.252242
0.46365
0.283277
0.752641
0.233085
0.110451
-0.207368
0.335628
0.502598
0.910595
-0.283583
0.522204
0.607053
0.53736
0.919474
0.30658
0.369466
0.472881
0.402831
0.0301215
0.772102
0.264974
-0.0829151
0.469142
-0.315678
0.0347092
0.422044
0.630917
0.180059
0.557614
0.0833203
0.488785
0.835099
0.452168
0.633703
0.551112
-0.229603
0.481457
-0.108476
1.07086
0.836887
0.381772
0.62629
0.47452
0.677588
-0.102637
0.464575
0.0125608
0.653375
0.886471
-0.0488001
0.160759
0.360663
0.44127
0.661119
-0.187123
0.0724867
0.955226
0.569471
-0.0400516
0.799324
-0.0299133
-0.0252942
0.314097
-0.0519837
0.307323
0.547614
0.0658715
0.0738551
0.454043
1.05505
0.727717
0.657609
-0.184167
0.0697034
-0.245685
-0.126135
0.615646
0.856031
1.13004
0.0668315
0.17902
0.872515
0.836016
0.232314
0.590959
0.237225
0.0805057
0.760697
0.702617
0.398253
0.76078
0.160008
0.487603
0.327326
0.834137
-0.232966
0.285839
0.529575
0.136645
0.605511
0.849278
0.67719
-0.0565616
0.787172
0.834089
0.711563
-0.063928
0.278991
0.345386
0.335966
0.510462
-0.186665
0.176704
0.286745
0.665821
0.335413
-0.0237952
0.00420048
0.369771
0.95551
0.731232
0.868125
0.380856
0.957576
-0.158268
0.310109
0.259225
0.643086
0.300565
0.0620556
0.436886
0.550341
0.384885
1.03824
0.38165
0.521225
1.0067
0.885862
0.844659
0.696344
0.248595
0.140765
-0.079049
0.173069
0.00688882
-0.0734794
0.450355
-0.228655
0.227644
1.0246
0.55407
0.262575
0.713275
0.700146
0.485833
0.488194
0.54224
0.855573
0.547999
0.00501277
-0.227242
0.809113
0.577696
0.338484
0.299944
0.595535
0.985016
0.169185
0.863582
1.05122
0.246748
0.499941
0.54707
0.915305
0.894271
0.61822
0.679803
0.473097
0.782514
0.52606
0.957361
0.0366873
0.996623
0.599528
0.0501142
-0.0831253
0.46402
0.0556449
0.570122
0.110559
0.914393
0.910715
0.367296
0.120927
0.0566204
0.663752
0.788256
0.423297
0.951082
0.740427
0.953743
0.349216
0.260553
0.367571
0.611695
0.476407
1.08095
0.855066
0.603201
0.3232
-0.0416545
-0.109214
0.670012
0.509771
-0.234919
0.21491
-0.147302
0.706792
0.656867
1.11439
0.481612
0.188236
0.71886
0.429354
0.52663
0.881136
0.390318
0.444153
0.0769617
0.516057
0.155937
-0.277289
-0.219713
0.746221
0.614023
0.182869
-0.121431
0.796092
0.496477
0.0427808
0.0172551
0.156828
0.64413
0.359164
0.619917
0.611796
0.791743
0.305806
0.0368485
0.85103
0.261217
0.457674
-0.33626
0.413274
0.155388
0.0799037
-0.197517
0.419109
0.939185
-0.129454
1.04148
0.539846
0.0215361
0.31249
0.618254
0.502598
-0.109327
0.139301
0.313016
0.944351
0.359226
0.579465
-0.365831
0.665893
-0.297549
0.044016
0.899366
0.292419
0.858684
0.877499
0.913484
0.330372
0.458813
0.623116
0.58255
0.762967
0.650388
0.978392
0.83026
0.651055
0.677878
0.752438
0.804642
0.719013
0.138044
0.271994
0.129087
0.252251
-0.15525
0.74787
0.498286
0.444091
0.592549
0.210835
0.655984
0.469543
-0.0425055
0.822331
0.53205
0.00607951
1.10688
0.444582
0.285933
0.377498
0.278583
0.470007
0.452199
0.630676
-0.178959
0.490029
-0.247165
0.160929
-0.0322179
0.535387
0.597995
0.757862
0.491242
-0.271441
0.402495
0.561038
-0.000787063
0.656408
0.520436
0.890712
0.722983
0.699212
0.482077
0.331664
0.0310176
0.403014
0.160179
0.988535
0.276201
0.77101
0.162736
-0.0141912
0.697497
0.411411
0.604472
0.0771507
0.28162
0.595269
0.964843
0.775564
-0.140529
0.479938
0.366563
-0.351546
0.530971
0.10009
-0.173364
-0.0166853
0.661901
-0.13534
0.538507
0.747467
0.630813
0.443723
0.237962
-0.0795691
0.0336974
0.186705
0.303574
0.265131
0.624275
-0.108363
0.969092
0.415748
0.517631
0.0938418
0.251108
0.72113
0.302582
0.518104
0.77858
0.0955377
0.437254
-0.207032
0.230254
-0.0613414
0.104797
0.588942
-0.140403
0.308407
0.0704671
-0.111379
1.00936
0.468555
0.707283
0.802177
0.410861
0.210999
-0.19616
0.659274
0.681587
0.33529
-0.124817
0.220951
0.352555
0.721824
0.560779
0.523246
0.885253
0.494949
-0.00639285
0.414312
0.412877
0.0599646
0.331326
0.524226
0.499567
0.368305
0.527864
0.825947
0.304597
0.0532582
0.592449
0.273094
-0.103864
-0.311806
0.643294
0.671701
0.127426
0.91288
0.483752
0.557292
0.126187
0.673394
0.839412
0.349523
0.365768
0.0421424
0.475293
1.05086
0.897869
0.0666013
-0.229984
0.202844
0.337102
0.478792
0.411441
0.191192
0.636152
1.00936
0.414832
-0.195524
0.505227
0.00901248
0.257326
0.784105
0.492519
0.379208
0.611729
-0.134042
0.226837
0.669366
0.448205
-0.0846
0.811068
0.362926
-0.159486
-0.0871423
0.228128
0.797285
0.961982
0.711411
-0.0947198
0.625265
0.875132
0.608968
0.657822
0.142262
0.356931
0.148952
0.233439
1.05888
0.998613
0.058178
0.75325
-0.153588
0.12686
0.540484
0.197147
0.8836
0.143305
0.254854
0.128522
0.586698
0.458536
0.287712
0.775352
0.0864222
0.765206
0.544509
-0.157729
-0.0481759
0.147604
0.804238
0.149538
0.7805
-0.166082
0.0632529
0.110379
-0.0676895
0.796931
-0.307032
0.0835825
0.333416
0.344436
-0.00412552
0.846937
0.5623
0.15693
0.0678668
0.00710161
0.625778
0.233663
-0.194653
-0.0796731
0.507733
0.0196699
0.077604
0.417856
0.0476269
0.910955
0.221923
0.159154
0.0960898
0.865194
0.151745
0.374414
0.678386
-0.0626325
-0.200666
0.215952
-0.2158
0.0747658
0.187737
0.149297
0.70393
0.795563
0.38107
0.172294
0.697013
0.175326
0.10294
0.0970827
0.818051
0.212989
0.129616
0.544381
0.364851
0.696939
0.326403
0.309954
-0.0747612
0.309583
-0.0399575
0.199192
0.391478
0.0359211
0.252061
0.867548
0.0871303
-0.00722395
0.172698
-0.0147245
1.12725
0.836016
0.0715349
0.492612
-0.239501
0.380215
0.488101
-9.90748e-06
0.128239
-0.175528
0.632739
0.679258
0.798126
1.01065
0.921271
0.229578
0.107122
0.705849
0.160486
0.0584891
0.0854893
0.710045
0.678895
-0.0229344
0.184572
0.154427
0.696455
0.810795
0.329696
0.52663
0.686632
0.308531
1.04668
0.0949851
-0.187352
0.346735
0.547935
-0.212399
0.508141
0.152055
0.885032
0.0711537
1.09097
0.0825333
0.608397
0.356105
0.73999
0.131062
0.830403
0.332955
0.0804304
0.560844
0.193842
1.00516
0.752154
0.246557
1.13266
0.196223
0.354483
0.797108
0.110956
0.349798
-0.0394873
0.472541
-0.374575
0.302923
0.332894
0.108969
0.629852
0.493266
0.372765
-0.0634293
0.585314
0.201694
0.464883
-0.0697109
1.00973
0.272088
0.29808
-0.0373778
0.35586
0.843673
1.05888
0.741422
0.593311
0.128168
0.511969
0.150229
-0.292374
0.189432
0.486267
0.414129
0.89501
0.858479
0.60702
0.592582
-0.0811859
0.471304
0.181164
0.380246
0.752235
0.601797
0.866447
0.668433
0.381619
0.788517
0.201069
0.0271378
0.640445
0.61156
1.0286
0.239307
-0.225468
0.0942845
0.543582
0.706302
0.099614
0.233631
0.121854
0.713656
0.686229
0.0376536
0.55826
0.544317
0.247513
0.551433
0.617102
0.379055
0.22903
0.649862
0.694228
0.922954
-0.132382
0.142019
0.278928
-0.322093
0.162566
0.0730192
0.229578
0.168034
0.51927
0.78376
0.494201
1.06567
0.564146
0.28949
0.408601
0.814133
0.150297
0.271051
0.480589
0.437959
0.681186
0.656938
0.32785
0.0718015
0.894896
0.739672
-0.0653781
0.225449
0.770716
0.77164
0.258117
0.339098
-0.104255
0.487572
0.0718015
0.134682
-0.180509
0.527294
-0.150099
0.376887
0.694747
0.496227
-0.0353716
0.648635
0.399718
0.198797
0.0563864
0.400664
0.635669
0.829118
0.209692
0.657822
0.395048
0.679258
0.970829
0.172698
0.424826
0.850378
0.497943
0.165456
0.646432
0.606751
0.698019
-0.180657
-0.175383
0.330126
0.296184
0.476841
0.725579
0.227095
0.00985955
0.977061
0.84808
0.0330895
0.0327244
1.06635
0.596199
0.652741
0.441086
0.188601
-0.141604
0.699473
0.84269
0.215821
0.394957
0.812255
0.44931
0.0405832
0.528625
0.709741
0.642112
-0.274135
0.0814451
-0.1056
-0.134536
0.875454
0.563174
0.903785
0.762058
0.630436
0.517442
0.301123
0.488505
-0.153257
0.032562
0.0312617
0.0109586
0.639127
0.317988
0.297832
0.664786
-0.274395
0.0972664
0.326649
0.421432
0.75025
0.229868
0.495167
0.767828
0.178618
0.0784343
0.761274
0.723989
0.833464
0.332371
0.50363
0.399016
0.276985
0.0438966
0.497756
-0.0409937
-0.110409
0.464482
0.777431
0.526503
0.159188
0.243655
0.512315
0.14788
0.566481
0.866814
0.831405
0.147569
0.453951
0.613956
0.461184
0.123313
0.365615
0.508297
0.306116
0.599095
0.0904011
0.661936
0.641625
0.841464
0.860481
0.564924
0.783502
0.593609
0.980445
0.238315
0.312738
0.546813
0.571457
0.675055
0.453398
0.708189
0.158846
0.618899
0.940316
0.366624
-0.0344882
0.278521
0.590661
0.70378
-0.265615
0.464976
0.232764
0.750574
-0.0156593
0.966995
0.563919
0.194273
0.580055
0.214683
0.527801
0.782686
0.627248
0.0166287
0.151159
0.391905
0.175628
0.365768
0.632292
0.512503
0.0986245
0.247895
0.250663
0.848479
0.80934
-0.120488
1.03409
0.427487
-0.0972287
-0.000225676
0.125123
0.236488
0.500566
0.249772
0.204814
0.788908
0.235141
-0.231517
0.523941
-0.0517416
0.479969
0.378231
-0.154517
0.223024
0.571816
0.0742727
0.100602
-0.134721
0.0419427
0.274852
0.183237
1.05074
-0.109555
0.41025
0.989694
-0.230749
-0.212399
0.65609
0.98116
1.04319
0.0742347
0.38693
0.797064
0.0927706
0.619883
0.0323185
0.347194
0.57894
0.173035
0.408876
0.364179
0.779518
1.0243
0.228353
0.945573
0.668397
0.626188
-0.0280783
1.11041
0.742498
0.480434
0.331664
0.172597
0.384824
0.13682
0.349431
-0.366401
0.454259
0.836887
0.518387
0.428864
-0.0229797
0.689352
0.68013
0.677407
1.02031
0.847284
0.525459
-0.0263875
0.334553
0.720052
0.00714417
0.155491
0.426937
-0.151476
0.411655
0.550245
0.23286
0.399107
0.174249
0.667037
0.372826
0.533638
0.425255
0.160349
0.566806
0.316599
0.306735
1.14295
0.0150807
0.621788
-0.0863459
0.659097
-0.109384
0.68352
0.24177
-0.0680425
0.362192
0.752438
0.856692
-0.046309
-0.159486
0.286464
0.584063
-0.271314
0.355309
0.0586057
0.0607398
0.91898
-0.136768
0.194273
-0.115987
0.500441
-0.215097
0.501848
-0.0938515
0.124272
0.749079
0.876367
0.556937
0.288617
0.654714
1.00825
-0.102415
-0.120311
0.601196
0.718936
0.530844
0.852287
0.75692
0.269762
0.561329
0.492581
0.0887676
0.0862357
0.870392
0.484497
0.0858253
0.846292
-0.158201
0.941721
0.592085
-0.125595
0.864361
0.418896
0.651722
0.904312
-0.154318
0.472015
-0.166431
0.598428
0.391996
0.431588
0.450969
0.112723
-0.146333
0.245282
0.559034
-0.0122849
-0.141478
-0.0668337
0.371085
0.443754
0.00102447
0.0328866
0.297148
-0.127639
0.527896
0.713198
0.535609
0.769333
0.222247
0.135524
0.693858
0.286714
0.106577
0.309521
0.0499566
0.0490495
0.90151
-0.118492
0.0844804
0.320672
0.144347
0.571849
-0.104927
0.145388
-0.261793
0.810749
0.293104
0.604573
-0.0819709
0.461215
-0.069407
0.406464
-0.0768213
0.746703
0.834089
0.322676
0.61129
0.230737
0.83912
0.801819
0.699249
0.758559
0.558389
0.431313
0.422594
-0.0967364
0.0375329
-0.0381266
0.612099
0.903785
0.978392
0.283434
0.201168
0.983803
-0.0746585
0.988782
0.371818
0.183737
-0.0123292
-0.0862398
0.106069
-0.15969
0.572598
0.482325
0.709325
0.992705
0.598495
0.312954
-0.241024
0.748756
0.269825
0.951152
0.607994
-0.136209
0.337532
0.305465
0.208155
0.120036
0.760574
0.535323
0.990359
0.64825
0.633944
0.434191
-0.168955
0.356074
0.567878
0.29665
0.394591
0.615308
0.819256
0.427182
1.11993
0.0973031
0.353595
0.137694
-0.147108
0.293664
0.566254
0.739116
0.370688
0.68064
0.727561
0.116746
0.886859
0.631879
-0.236995
0.480434
-0.00538872
0.394316
0.458782
0.7148
0.66915
0.431956
0.64232
0.378109
0.851281
0.00050752
-0.00182523
0.719359
0.568691
0.507921
0.294007
0.916097
0.967368
0.538379
1.10168
0.0036868
0.108679
0.237578
0.293166
-0.140719
-0.249628
0.493048
0.0309768
-0.219264
0.674116
-0.239198
-0.115929
0.171213
0.467259
0.283434
-0.181102
0.730019
0.615544
0.630436
1.02985
0.380185
0.20268
0.83679
-0.00543232
0.432323
-0.0561699
0.837808
0.164369
0.76533
0.59733
0.710083
-0.0797252
-0.145497
0.055762
0.316846
0.163893
0.120428
0.51719
0.53186
0.619578
0.690126
-0.00827579
0.434313
-0.159554
0.281276
0.0971562
0.230415
0.107593
-0.175963
0.992537
-0.0122849
0.101078
0.360449
0.704081
0.360969
0.462417
-0.00173862
0.354055
0.765746
0.789256
0.354942
0.776581
-0.138768
0.800481
0.921893
0.227063
0.556099
0.363934
-0.0637783
0.178282
-0.0389707
-0.308291
-0.0695082
0.346919
0.17509
0.0678668
0.328619
0.622434
0.581795
0.256565
-0.225747
0.0539243
1.12403
-0.198965
-0.339027
0.77892
0.46871
0.50626
0.19817
0.874436
0.0374524
0.142645
0.564178
-0.156922
0.634703
0.580974
0.825193
0.511781
0.382016
0.902966
-0.152464
-0.138329
0.0560743
0.794506
0.665535
0.549635
0.57312
0.418834
0.512912
0.64832
0.562138
1.01384
0.330772
0.475076
0.937266
0.659416
0.213934
-0.195286
0.719705
0.642981
0.826041
0.0302437
-0.316275
0.292979
1.03048
-0.316878
-0.36021
0.0926597
0.0109164
0.392393
0.655701
0.264595
0.0168793
-0.325641
0.83912
0.278176
0.577074
0.0938049
0.412938
0.765496
0.699996
1.08095
0.326526
0.79004
-0.0443079
0.836693
-0.252573
0.389372
0.212304
0.93786
0.549057
0.599328
0.793846
0.37136
0.786825
1.00168
0.463465
0.308871
1.0031
0.302116
0.0364455
1.05122
0.589702
0.21276
-0.027758
0.0884702
0.0411834
1.02531
0.937992
0.013318
-0.183041
0.618118
0.342412
0.0594991
-0.183491
-0.0680929
-0.1522
0.26207
0.571979
0.0269738
0.436151
0.0430201
0.42397
0.418345
0.29606
0.509583
0.541313
0.329019
0.164199
-0.20486
0.541601
0.379269
0.402343
0.496227
0.989279
-0.124459
0.225804
0.743897
0.87342
0.188734
0.696567
-0.309202
0.816249
0.41752
0.67325
-0.0562189
0.34701
-0.116451
0.301527
0.752113
0.674368
0.337594
0.0533758
0.2804
0.653586
0.418987
0.752316
0.833464
0.613483
-0.152596
0.488412
0.533257
0.945165
0.963739
0.844462
0.312676
0.522109
0.58278
0.733115
1.08974
0.787258
0.201825
0.492737
0.770338
-0.167409
0.295935
0.448358
0.431496
0.428252
0.314746
0.374108
0.485398
0.448727
0.711867
-0.0556321
0.133102
0.419323
0.182267
0.500066
-0.0301433
0.708
0.799502
0.560456
-0.195603
0.58749
0.495853
0.0798284
-0.21431
0.000852184
-0.234429
0.129228
0.880645
0.580678
0.126966
0.918795
0.149573
-0.289362
0.164879
0.179489
0.193213
-0.144855
-0.115523
0.638608
0.41306
0.60991
0.362589
0.749079
0.368763
1.07274
0.60749
0.253648
0.602933
-0.205526
0.569146
0.176805
-0.116277
0.496726
0.392271
0.386991
0.455058
0.284996
0.624719
1.03637
0.730684
1.01816
0.508862
0.387815
0.304039
0.498037
0.793978
-0.0543635
0.149953
0.607322
0.121462
0.705397
-0.316476
0.192418
0.380459
0.401763
0.715411
0.0285295
0.890319
0.826607
0.413182
1.05159
-0.102582
0.915975
0.513414
0.20845
1.12374
0.95679
0.566416
0.538666
0.0708105
-0.308291
0.938323
0.0861238
0.0900673
-0.00360371
0.94025
-0.0946655
0.524194
0.706566
0.19718
-0.133426
0.3072
0.319253
1.0078
0.740586
0.554778
1.04481
1.12099
1.16043
0.256819
-0.0672362
-0.315085
0.493671
0.361122
0.605209
0.470192
0.270485
0.627693
0.916647
0.436978
0.476252
0.546653
1.05319
0.485708
0.699287
-0.0312024
0.853446
-0.143831
-0.0455932
0.79499
0.698839
0.243687
0.519238
0.257832
0.463341
0.811023
-0.0040385
0.466487
0.630573
0.802848
0.219038
0.672745
-0.0372842
-0.0352785
0.127567
1.09079
0.274256
0.827884
0.10294
0.494949
0.949348
0.863478
0.188036
-0.148275
0.0988445
-0.110637
1.13474
0.601129
0.914818
0.380917
0.665857
0.49364
0.0597707
0.238699
0.69653
0.00688882
0.199554
0.588975
0.460568
0.494325
0.837468
0.120607
0.870657
-0.0418435
0.0586057
0.254315
0.592118
0.487075
0.282027
0.393278
0.0872793
0.735832
0.559874
-0.355831
0.180092
0.047706
0.586863
0.651195
-0.175456
0.480744
0.469111
0.378994
0.38397
0.578318
0.667395
0.161373
0.782299
-0.0646774
0.847881
0.94914
0.704795
0.845104
0.1371
1.06719
0.283371
0.602499
0.61839
0.658671
-0.0427896
1.10951
0.731115
0.322152
0.491522
0.777728
0.860635
0.511686
0.356625
0.45635
-0.306497
1.04319
-0.184619
0.600228
0.204945
0.773661
0.0576722
0.616221
0.872674
0.00688882
-0.207032
0.767411
0.621141
0.588183
0.896837
0.274381
0.166678
-0.362635
0.232185
-0.0981058
0.153052
0.77892
-0.071947
0.597729
0.283621
0.596399
0.438173
0.344957
0.537073
-0.129029
-0.0380329
0.419935
0.348788
0.0617849
-0.341645
0.127355
0.710158
0.834089
-0.00963782
-0.0735817
0.604037
-0.265131
0.343485
0.14174
0.235975
0.389769
0.364301
0.695081
-0.115871
0.080468
0.106722
-0.0663814
0.458012
0.639023
0.522425
1.08303
0.415687
0.256597
-0.0306495
0.564081
-0.254681
0.0661404
1.03163
0.0425016
1.00973
0.743377
0.777856
0.606315
0.733312
0.354973
-0.208297
-0.335991
0.813261
0.945029
-0.0302352
0.432078
0.376429
0.371329
0.247353
0.486019
0.290363
0.459367
0.32058
0.829736
0.375116
-0.205109
-0.072406
0.921146
0.141984
0.415932
0.203206
0.733155
0.211782
0.270422
0.0179223
0.292979
-0.000311984
0.235397
0.300099
0.776539
0.215984
0.970829
1.00142
0.27827
0.706113
-0.168251
1.07071
-0.00845133
-0.330848
0.161646
0.860738
-0.0967364
0.569374
-0.131097
0.095685
0.755613
-0.156386
0.845302
0.20074
0.271208
0.198961
0.17969
1.12755
0.385862
-0.340758
0.416451
0.0589166
0.800659
0.104724
0.14909
0.308809
0.612943
0.336949
0.172799
0.342749
1.06189
0.396971
0.35534
0.816848
0.719898
0.91294
-0.133857
0.766495
0.207239
1.01962
0.630985
0.705849
0.5291
0.364423
1.09512
0.369191
0.957934
-0.184393
0.75256
0.980921
0.478637
0.556743
-0.126195
-0.315877
-0.266344
-0.0377052
-0.0376116
0.407441
0.52682
0.32748
0.852538
0.279147
0.210052
0.597796
0.246079
0.420882
0.446301
0.340939
0.440871
0.193114
-0.0190132
-0.199207
0.499598
0.120286
0.142541
-0.106838
0.438878
0.0759025
-0.140529
0.368885
0.204847
0.861873
0.13675
-0.147691
1.05797
0.942325
-0.0956993
0.277925
0.370413
0.130568
0.088061
0.623661
0.674152
-0.075018
0.589273
0.629852
0.907082
0.489749
0.589835
0.845153
0.978707
0.770968
0.00317259
0.128239
0.69031
0.456689
0.970375
0.271523
0.182635
0.407563
0.857049
0.175561
1.00579
0.316692
0.944758
-0.0517901
0.682243
0.660941
-0.0975025
0.120642
0.921333
-0.115465
0.237257
0.837274
0.295749
0.190495
0.0431397
0.490651
0.304907
0.529195
0.720976
0.666036
-0.124937
0.293789
0.67408
0.547743
0.257579
0.564535
0.138777
-0.212918
0.410159
0.760203
0.331172
0.736385
-0.194574
-0.210508
0.277048
0.844265
0.358736
0.482108
0.720706
0.451645
-0.0326803
0.240011
0.0750691
0.563757
0.778452
-0.0181165
0.538666
1.00045
-0.121431
-0.0635788
0.665321
0.597829
0.0376939
0.226837
0.0327244
0.959588
0.403136
0.258592
1.00561
0.780158
-0.264528
1.12847
0.322645
-0.168392
0.713999
-0.00503991
0.472077
0.524194
0.520752
-0.325413
0.740308
0.807482
0.60397
0.229997
0.113335
0.962712
0.569341
-0.0318022
0.634461
0.0200436
0.0704289
0.263964
0.600762
0.411197
-0.0669845
0.303605
0.212304
0.399077
0.280838
0.27146
0.0596931
0.720282
-0.0245214
0.119
0.30162
0.527263
0.456043
-0.114713
0.734531
0.60833
0.240651
0.995593
0.377834
0.247417
0.262133
0.0935464
0.0397821
0.710386
1.03571
0.0922529
0.807618
0.00355827
-0.0363968
0.613145
-0.13971
0.045844
0.0899188
0.70536
1.00927
0.215952
0.084256
0.220335
0.179355
-0.238093
0.626906
0.0799037
0.589868
0.810522
0.566644
-0.1522
0.560941
0.567098
0.146046
0.777643
0.921893
0.80173
0.774422
-0.139521
-0.190351
0.292575
0.294878
0.665893
0.14174
0.456781
0.0642168
0.193809
0.443723
0.719705
0.297179
-0.154983
0.536023
-0.0973382
0.0892506
0.657114
0.914332
0.702354
0.0765836
0.954519
0.266361
0.62298
0.386381
0.0957586
1.02922
0.0872048
0.415595
0.317464
-0.0895426
0.842346
0.831214
0.791393
-0.0312024
-0.027758
-0.0585257
0.398833
0.842985
0.590992
0.722674
0.116638
0.0169628
0.561653
-0.0802462
0.045844
0.535132
-0.060945
0.568496
-0.103417
-0.180139
0.436825
0.389494
0.905782
0.226062
0.717785
0.328988
0.49863
0.833992
0.057789
0.737492
0.827648
0.538539
0.484001
0.157478
0.387022
-0.30632
0.38751
0.702617
0.51065
0.427335
0.372887
0.26781
0.39279
0.016587
0.0671768
0.116818
0.447161
-0.148795
0.265037
0.831883
0.557969
0.778452
0.826371
-0.135278
-0.354615
0.114306
0.275448
0.91775
0.0148293
0.718591
0.503724
0.259826
0.72585
-0.106556
0.682681
0.753576
0.677588
0.438419
0.041783
0.576027
0.554038
0.640826
0.417704
0.245409
1.08974
-0.0641776
1.05979
0.209627
1.0067
0.671881
0.419323
0.053023
0.649161
0.77164
0.446608
0.859351
0.334215
0.406311
0.285621
0.343853
0.629201
0.316229
0.535705
0.902733
0.0738551
0.552879
0.869864
0.296215
0.278803
0.824581
-0.323623
0.425805
0.497569
0.757698
-0.0992604
0.0996873
0.411197
0.75439
0.686339
0.251394
0.523246
0.304256
0.79455
0.930625
0.379696
0.727289
0.362956
0.425163
0.900349
0.28384
0.308933
0.379269
-0.114597
0.624582
0.498411
0.680822
0.357145
0.311934
-0.0452596
0.816664
0.967592
0.324093
0.986973
0.536851
0.756798
0.916708
-0.12794
0.387876
0.702954
0.348083
0.363537
0.864517
-0.016596
0.325017
0.213901
0.435447
0.95297
0.726939
0.59341
-0.278763
0.425438
0.815419
0.590827
0.461153
0.800437
0.976593
1.03846
0.6224
0.296526
0.0577501
0.0421823
0.0105784
1.09494
0.861099
0.0678285
0.750574
-0.0241582
0.912639
-0.171719
0.614091
0.31842
0.266707
-0.0322179
-0.210081
0.392881
-0.189655
0.422258
0.313603
-0.0651778
0.0529445
0.342565
0.910356
0.65938
0.647865
-0.0396753
0.137834
0.560133
0.566871
0.294785
-0.0407109
0.115993
0.464945
0.421157
0.0507049
0.890207
0.161611
-0.322527
0.336089
0.584194
0.395018
0.127603
0.348634
0.948588
0.15319
0.954378
0.246175
-0.00451718
0.109222
0.640202
-0.207537
0.743137
0.455058
-0.0525167
0.294287
0.376582
0.46103
0.129899
-0.00770579
0.960311
0.572305
0.558647
0.766619
0.477212
0.959732
0.143375
0.928575
-0.137329
0.739315
0.768037
0.263869
-0.0676391
-0.0656788
0.439829
0.216309
0.698429
-0.0737866
0.207599
-0.271061
0.837711
0.692118
0.807799
0.809067
0.837711
0.773029
0.0867577
-0.106894
-0.240413
0.590562
0.177275
0.774168
-0.0488001
-0.113387
0.607859
0.178919
0.365493
0.392363
-0.034256
0.316198
0.556453
-0.113042
0.206125
-0.216593
0.270642
1.00761
0.377773
0.992621
0.163587
-0.0660299
0.660764
0.580186
0.994654
0.130322
0.393095
0.342718
1.07556
0.0953535
0.336734
-0.0057814
-0.108703
0.126506
-0.0528563
-0.240007
0.32745
0.134682
0.538156
0.307912
0.226773
0.0197114
0.412144
0.57149
0.7826
0.815926
0.0744245
0.254981
0.908387
-0.0313408
0.136435
-0.188423
0.561911
0.722365
0.933664
0.458351
-0.271188
1.01546
0.801194
0.215659
0.619476
0.0131499
0.546493
0.190395
0.670946
-0.012108
0.108136
0.2492
-0.0502923
0.810977
0.628892
0.575537
-0.261205
0.561394
0.403594
0.666357
0.579891
0.211684
0.312552
0.781356
0.460753
0.255742
0.605075
0.134647
-0.0754809
-0.281354
0.615071
0.289209
-0.11402
-0.115987
0.780628
-0.100917
0.470841
0.293944
0.762058
0.721246
0.492924
-0.14782
0.749967
0.460753
0.129334
0.815327
0.268471
-0.0997013
0.665036
0.41807
0.73288
0.68777
-0.0574442
0.729199
-0.166222
0.39221
0.411563
0.155799
0.235012
0.223639
0.521572
0.722056
-0.122674
0.33787
0.49255
0.34652
-0.341645
0.22215
1.01093
1.07158
0.016587
0.315889
0.403594
0.372978
0.638954
0.290488
0.781699
0.38052
0.0251261
0.0213705
0.0902528
-0.211365
0.718821
0.793583
1.06553
-0.284006
0.219006
0.781785
0.303326
0.0818581
0.223283
-0.17466
0.0928815
0.446884
0.0187136
0.400359
0.33357
0.70766
0.415595
0.623354
0.0892506
0.104542
0.91288
0.356227
0.753698
0.551304
0.340111
0.523151
0.758149
0.0950588
0.738601
1.02964
0.3383
0.142541
0.399993
0.0250438
-0.095427
0.817357
0.546429
1.0244
0.164913
0.207828
0.384
0.0520418
0.638227
0.86353
0.174282
0.880209
0.799102
0.453367
0.152743
0.908804
0.41749
0.611526
0.520247
0.669294
0.183203
0.514012
-0.058378
-0.126555
-0.258766
0.791393
0.101553
-0.0286738
0.881136
-0.138267
0.505571
0.835244
-0.113444
0.530876
0.456904
0.371421
0.460044
0.421218
0.178483
0.46766
0.964622
0.696232
0.891274
0.416879
0.426233
1.12755
0.66048
0.556292
-0.226399
0.204125
0.810021
0.586764
-0.157527
0.0563474
0.412388
0.452752
-0.0242943
0.364393
0.316507
0.636497
0.385435
-0.109896
0.351942
0.131027
0.428834
0.726744
0.681842
0.384641
-0.0380798
0.435416
0.806037
-0.120311
0.448235
0.29954
0.569927
0.632532
0.419568
-0.0217139
0.00637786
0.552172
0.658955
0.064679
0.340111
-0.00499634
0.549571
0.971589
-0.00486563
1.01584
0.717785
0.304659
0.507451
0.350717
0.351299
0.621583
-0.17229
0.401946
0.955014
0.060081
-0.00831969
0.578252
0.0636772
0.77956
-0.319543
0.458659
-0.0339311
0.144833
0.213999
0.349155
0.21263
0.678786
0.168339
0.585577
0.536819
0.697237
0.183704
0.447406
-0.157594
0.193975
-0.0828101
0.0885074
0.468895
0.199917
0.00179888
0.379605
0.388578
0.0599258
-0.213352
0.954731
0.610819
0.792925
0.580875
0.123241
0.341215
0.617542
0.00248619
1.01777
0.00629263
-0.0354181
0.722558
0.013234
0.728809
0.397063
0.528561
0.449556
0.428956
0.723331
0.407624
0.83457
0.511121
0.285683
-0.00722395
0.0907348
0.84833
-0.0992604
0.42862
0.433456
0.592449
0.36103
0.622877
0.84387
-0.0479361
0.0331706
0.469945
0.8665
0.953814
0.0667932
0.288399
0.129122
-0.198803
-0.187046
0.0779437
0.73284
0.167797
0.601463
0.233149
-0.0777522
0.0536893
0.139161
0.243942
0.52625
-0.0489924
0.0195452
0.616187
0.942325
-0.0514997
0.895181
0.337287
0.810476
0.44357
0.201398
-0.095046
0.57976
0.254029
0.674116
0.00561042
0.906609
0.0356386
-0.0409466
0.398955
0.260964
-0.0939057
0.246047
0.674549
0.950665
0.329634
0.410098
0.0773773
0.0323997
0.129722
0.309367
0.0967151
0.734413
0.619136
0.217577
0.858992
0.291422
0.377193
0.190096
0.594738
0.14174
0.997054
0.151917
0.650458
0.600729
0.460537
0.461277
0.841317
-0.0710815
1.10188
-0.0777522
0.839997
0.241674
0.403442
0.577074
0.842641
0.501316
0.27212
0.826324
0.567878
0.571457
0.17253
0.778324
0.579301
1.09891
-0.267815
0.292886
0.330526
0.500347
0.041743
1.04965
0.154015
-0.248445
0.134612
0.552429
1.04905
0.252696
0.647201
0.687256
0.333293
0.646537
0.598895
0.414801
0.509709
0.11585
0.319408
0.879937
-0.0152585
0.261154
0.518986
0.401
0.780757
0.430394
0.676791
0.286245
0.350932
0.134121
1.08905
0.55784
0.623116
0.521541
0.142784
-0.347327
0.187837
1.14919
-0.0338847
0.477026
0.634116
-0.0633296
0.731272
0.822471
0.492861
0.609843
1.04881
0.465346
0.301465
-0.0664316
0.793188
0.112939
0.0869813
0.236392
-0.0905611
0.846689
0.39752
0.616526
-0.123506
0.0441751
0.318605
0.085452
-0.183416
0.0428606
0.723873
0.445012
0.610549
0.574622
-0.106781
0.463958
0.59723
0.920836
0.478172
0.296246
0.498286
0.530432
0.211097
0.277487
0.93185
0.0747279
0.546109
-0.156319
0.639127
-0.0652779
1.09203
0.0433788
-0.0783222
0.203238
-0.154384
0.0718015
0.365982
0.501504
0.513257
-0.250385
1.00417
0.708643
0.294691
0.396239
0.30438
0.505978
-0.158606
0.538889
0.400298
0.269353
0.702579
0.672926
0.784622
-0.0779594
0.621481
0.581893
-0.112812
0.00722923
0.26995
0.108969
0.849877
0.143965
0.392607
-0.192139
0.268377
0.752032
0.472108
-0.286002
0.0252083
0.259067
0.104688
0.249327
1.03571
-0.00591235
0.81427
0.529385
0.00926675
0.584523
0.749685
0.552365
0.376063
0.251457
0.13391
0.62694
0.06913
0.478606
-0.139144
-0.159012
0.18797
0.924144
0.170774
0.716176
-0.106331
0.633255
0.886415
0.528466
-0.125535
0.159871
0.724338
0.0710393
0.117856
0.319469
0.490184
0.332187
0.583273
0.522456
0.120714
-0.0217591
0.523436
-0.13318
0.019379
0.472602
0.99372
-0.0495696
0.425285
0.7829
0.0566984
0.613584
0.680785
0.362803
0.913001
0.792925
0.621992
0.991529
0.923329
0.736424
0.475572
0.0679817
0.616898
0.158641
-0.0226629
0.781056
0.593941
-0.205692
0.10665
-0.310867
-0.0569046
0.336642
0.0511378
0.0817455
0.335167
0.0618236
1.00159
0.879123
0.601229
0.54125
0.776666
0.646013
0.161373
0.261659
0.322214
0.336089
0.587655
1.14664
0.590463
0.965435
-0.247059
-0.0638781
1.07954
0.389585
0.151263
0.104506
0.486299
-0.11178
0.334952
0.621345
0.693932
0.223444
0.569732
0.454351
-0.199045
-0.0477443
-0.0689516
0.706868
0.214813
0.587786
0.773282
0.657468
-0.124758
-0.222887
0.743257
0.62807
0.679876
-0.273747
0.605544
0.0948745
0.79702
-0.207284
0.707736
0.351422
0.703104
0.75325
-0.108476
0.206027
0.850078
-0.233647
0.177242
0.184372
-0.117674
0.10487
0.0867204
0.635979
0.701455
-0.0285363
-0.253235
0.818746
0.352187
0.367021
0.957433
-0.319543
0.63212
0.261912
-0.0851281
0.113443
0.588381
0.657999
0.408632
0.0249615
0.439614
0.387968
0.518734
-0.222339
0.703743
-0.228939
0.875186
0.401671
0.289615
0.812255
0.979969
0.792093
-0.12226
-0.232869
0.990776
0.388029
-0.0902929
0.448757
0.410006
0.629784
0.660551
0.251457
1.07421
0.665036
-0.27323
0.354636
0.138079
0.523088
0.114773
0.670155
-0.144855
0.141218
0.624071
0.560812
0.695972
0.122423
0.964327
0.339313
0.916647
0.439583
-0.0520806
0.747829
-0.110409
0.685899
0.862183
0.487914
0.468493
0.021329
0.11628
0.646327
0.742977
0.890488
0.659167
1.02071
0.216537
0.00514089
0.669904
-0.229984
0.286682
0.897697
0.506949
0.576027
0.584194
0.608565
-0.24422
0.855929
0.348022
0.728653
0.292886
1.04656
0.620019
0.971589
0.607221
-0.028949
0.034871
0.607826
0.785269
0.225287
-0.0797252
0.753413
0.064833
-0.145432
-0.130366
0.187637
0.00994419
0.368457
0.648425
-0.078426
0.368702
0.737769
0.38458
0.306673
0.0501536
0.561653
0.00548242
0.395415
0.631604
0.480403
0.622877
0.626735
0.29693
-0.150688
0.132118
-0.167409
0.406067
-0.180213
0.57894
0.483815
0.251839
0.0445729
1.03702
0.270045
0.470099
0.874222
0.177409
-0.329145
0.723912
0.44357
0.317031
0.180193
0.194669
0.51886
0.330926
0.576321
0.357635
0.311841
0.504569
0.300503
0.703592
0.000852184
0.470532
0.140731
0.290737
0.519207
0.881463
0.87696
0.403075
0.826843
0.95679
0.535577
-0.242769
0.480806
-0.079049
0.359073
0.550502
0.63102
0.33274
0.335137
0.627077
0.312645
0.97045
0.101333
-0.130244
0.146254
-0.214135
0.470316
-0.0215334
0.0299992
0.529766
1.02329
0.721477
-0.220433
0.892176
0.987711
1.00661
0.0345879
0.395781
0.306797
0.227612
1.00816
0.109114
0.249454
0.482294
0.446884
0.609035
0.42712
0.24799
1.0475
0.256724
0.199126
-0.115118
0.760615
0.22903
0.00424324
0.0996873
0.475943
1.01768
0.128274
-0.275833
0.567293
0.0665245
0.429997
-0.221157
0.615883
0.448358
0.574001
0.802177
0.613618
0.0911054
0.0823833
0.177208
0.57472
0.574099
0.417215
1.00516
0.496789
0.392332
0.72009
0.151125
0.0299176
0.747668
0.478854
0.0420625
-0.107628
1.01299
-0.0547534
0.854914
0.356013
0.819535
-0.0516448
-0.0751209
0.0933618
0.569797
0.0765458
0.265289
0.620019
0.0637157
0.407533
1.04656
0.713923
0.555551
0.630401
0.210117
0.289552
0.243176
0.0710393
0.107847
0.703668
0.440166
0.164607
0.520973
0.732095
0.37762
0.41584
0.404419
0.988617
0.562947
0.909937
0.814638
0.735162
0.136225
0.812438
0.418987
0.525459
0.782728
0.811479
0.301216
0.477738
0.346489
0.815696
0.271617
0.401
0.774802
0.055137
-0.200016
0.449771
0.102867
0.629921
0.48338
0.60397
0.231349
0.64839
0.220854
0.372429
0.879829
0.557453
0.612841
0.762141
0.531225
0.0877261
0.475819
0.477274
0.422625
0.404785
0.492363
0.14563
0.896551
0.0873166
0.249772
0.834666
0.792005
0.327019
0.154461
0.34327
0.061398
0.473623
0.598861
0.508078
0.0362035
0.635979
0.319531
0.355707
0.685789
0.671953
0.919783
0.662505
0.481643
0.741621
0.465654
0.465037
0.396239
0.23777
-0.0408994
0.644165
-0.215097
0.18337
0.679149
1.12665
0.377254
0.583503
-0.0625331
0.109837
0.762554
0.0131919
-0.237693
0.67614
0.416543
0.581893
0.111101
-0.146398
1.01865
-0.0362103
0.158778
0.614969
0.0102402
0.584853
0.54026
0.150987
0.84461
-0.0669845
-0.19608
0.471057
0.181331
0.391478
0.107122
0.17798
1.09402
0.680567
0.549025
0.130286
0.43413
0.420546
0.0512558
0.141044
0.627864
0.164607
0.025455
-0.0166853
-0.122793
-0.149838
0.0845552
0.304907
0.207468
-0.107571
0.742818
0.536437
0.0458836
0.535005
0.218584
0.561297
-0.0454979
0.83563
0.0869813
0.706226
0.337195
0.509615
0.208842
0.15717
0.448635
0.673034
-0.268557
0.993635
0.396239
0.662577
0.703217
0.530781
0.677153
0.217999
0.267401
0.659203
0.363537
-0.194258
0.804687
0.103049
0.714495
-0.117616
0.883985
0.965805
1.00364
0.425897
0.400939
0.529575
0.34557
0.76533
0.248118
0.585347
0.705661
0.320857
0.343792
0.657256
0.674802
0.278019
0.689131
0.519333
0.0554496
0.0370901
0.682936
-0.134907
-0.0483199
-0.0591661
0.387998
0.252601
0.673935
0.65239
-0.0885806
-0.0995359
0.887582
0.787519
0.450785
0.855878
-0.186437
-0.15253
0.25079
0.844906
-0.312948
0.860738
0.836451
0.145769
0.47907
0.340111
0.22932
0.751262
0.473746
-0.238293
-0.228844
0.114198
0.735832
0.249836
0.535069
0.160691
0.73398
0.598262
0.409823
0.10126
0.299851
-0.0922833
0.316784
0.492052
-0.107458
0.34603
0.868073
0.12951
0.21139
0.579268
0.619204
0.0533366
0.694265
0.19076
0.26759
-0.164694
0.36913
0.991277
0.249295
0.52606
0.788256
0.238891
1.09681
0.227321
-0.25082
0.572468
0.444797
-0.208974
0.759504
0.366013
0.485336
-0.0073991
0.130709
0.642738
-0.119782
0.310078
0.48978
0.0464389
0.161748
0.196652
-0.00286554
0.559454
-0.114655
0.179355
0.597729
0.441822
0.444613
-0.0454979
0.415901
-0.154783
0.430578
0.212239
0.248372
0.202055
-0.120135
-0.339027
0.75643
0.1514
0.216537
-0.0234779
-0.192373
-0.114309
-0.22696
0.333017
0.447775
0.030814
0.843181
0.0926597
0.5865
0.524194
-0.00924198
0.88636
0.125868
-0.203948
0.468987
-0.237493
0.467012
0.31987
0.186405
-0.162213
0.0600422
0.465469
0.456043
-0.0773381
0.665321
0.00947853
0.731037
0.758149
0.594206
-0.144598
0.334277
0.284309
0.0751828
0.327542
0.170808
1.04809
1.08599
0.5142
0.288149
0.605712
0.374475
0.571946
-0.0353251
0.334492
0.679331
0.505947
-0.236696
0.0946164
-0.0170427
-0.300824
0.556131
1.06176
0.242569
0.00858845
0.685789
0.0372915
0.533289
0.272748
0.892515
0.989362
0.35136
0.665
-0.23094
0.573349
-0.312566
0.668899
1.06044
0.0200021
0.527801
-0.0377988
0.66119
0.518135
-0.311054
0.365249
-0.303531
0.693413
0.155902
1.08991
0.822284
0.656619
-0.274135
0.537137
0.756389
0.468957
0.16844
0.0867204
0.0407033
0.728887
0.373314
0.707245
0.138288
-0.14332
0.265825
0.783115
0.805182
0.810749
-0.206026
0.441607
0.864933
0.851432
0.982117
0.370565
0.710613
0.6442
0.0719538
0.35087
0.638538
0.262133
0.604305
0.445503
0.13682
0.417734
0.656054
0.982117
0.0308547
-0.293604
0.564405
0.956648
0.309305
0.181967
0.57237
0.362161
0.764624
0.207239
-0.0645274
0.501191
0.301558
0.847185
0.690015
0.460106
1.01661
0.540548
0.800258
0.165932
-0.343467
0.793539
0.87124
0.240715
0.295033
0.0299176
0.327296
0.346214
0.901626
0.36638
0.705172
0.824675
0.0454867
-0.30579
0.491056
0.239243
0.726317
0.938521
0.414129
0.672926
0.767828
0.358889
0.613145
-0.112697
0.657114
0.595568
0.536787
0.811388
0.166305
0.284559
0.526566
0.856896
0.403564
0.729629
0.825052
0.00257205
0.143305
0.564178
0.107629
0.529766
0.205732
0.456781
0.381802
0.484839
0.424673
0.740507
0.460537
0.0265227
0.209071
-0.0632299
0.096568
0.211684
0.487075
0.668827
0.572566
-0.0893286
0.547006
0.144174
0.901568
0.710272
-0.122674
0.550116
0.995251
0.380123
-0.0422689
0.356472
0.680822
-0.0201816
0.618356
0.848828
0.150711
0.73999
0.40796
0.705736
-0.071998
0.465161
-0.173149
0.108824
0.373345
0.939517
0.466549
0.0171298
0.830212
-0.140782
0.477057
1.12694
0.810613
0.141044
0.413365
0.493422
0.768121
0.975351
0.647795
0.372795
1.01365
1.0209
0.158778
0.610011
0.00158389
0.801417
0.229095
0.297956
-0.0257039
0.40332
0.141914
0.0575944
0.698876
0.471984
0.603769
0.446086
0.540516
-0.305089
0.778069
0.409975
0.418529
0.0527484
0.346735
0.385191
0.476469
1.03344
0.319623
0.662541
0.399321
0.139231
0.790869
0.34051
0.0230244
-0.109384
-0.0902392
0.371726
0.367388
0.0557229
0.774337
0.172294
0.718015
1.08785
0.946187
0.731037
0.517851
0.545309
0.534083
0.526187
0.687183
0.353534
-0.105151
0.516812
-0.126015
0.0418229
-0.33388
-0.0692045
0.397917
0.317309
-0.077028
0.724144
0.943201
0.808251
-0.0330968
0.564956
0.347623
0.177107
0.212989
0.629098
-0.0249758
0.103413
-0.04808
0.0137803
0.581499
0.218064
0.52489
0.660338
0.478668
-0.0615894
-0.00547595
0.770968
1.13729
0.0584502
0.797329
0.951431
0.232667
0.716674
0.0544332
0.0792636
0.636497
0.445472
0.872089
0.7931
-0.0909372
0.137449
0.305124
0.695749
0.0367679
0.841415
0.293197
0.338453
0.284309
0.277706
0.0431397
0.0247969
0.467351
0.260268
-0.251913
-0.0126833
0.448327
0.438694
0.557227
-0.0800898
0.759298
0.798126
0.333508
-0.346662
-0.105095
-0.0620361
-0.0443079
0.625948
0.683447
-0.0710307
0.861615
-0.170156
0.678532
0.0160017
0.654784
1.00089
-0.169731
0.921022
0.288024
0.549699
0.344926
0.243623
0.104724
1.08836
0.577041
0.643677
0.372001
-0.0477923
0.211847
0.785053
0.7148
0.746221
0.0964945
0.9032
0.62315
0.205339
0.897754
0.307726
-0.145368
-0.0674376
0.429476
0.478513
0.679876
0.438786
0.63712
0.492021
0.206158
0.901277
0.0935095
0.146323
-0.18697
0.297428
0.294785
-0.077804
0.502004
0.781527
0.50905
0.784148
-0.213613
0.809294
0.476872
0.0594991
0.207075
-0.330112
0.389616
0.505039
0.150056
0.354728
0.311037
0.23048
0.333631
0.204355
0.226934
0.196949
0.801462
0.444337
0.524068
0.827364
0.346183
0.839558
0.101699
0.388517
0.628001
0.692118
0.12381
0.799769
0.743537
0.377284
0.291453
0.849827
0.245027
0.514609
0.929662
-0.332345
-0.0194173
-0.019642
0.301496
0.908328
0.177376
-0.201237
-0.251038
0.678931
0.767328
0.818282
0.854964
0.24308
0.0562304
0.183504
-0.28877
0.485988
0.547166
0.523088
-0.255017
-0.207116
0.389097
0.85385
0.828074
0.0539634
0.421585
0.0297137
0.35136
0.770213
0.692451
0.507513
0.853345
-0.262265
0.203994
0.124378
-0.0537308
0.567098
0.565216
0.565313
-0.094394
0.820139
1.10602
0.742538
0.24177
0.471211
0.297086
-0.179033
0.227999
0.491087
0.456689
0.333723
0.964033
-0.143575
-0.161871
0.857917
-0.0225724
0.819581
0.434466
0.606081
0.519427
0.338177
0.192286
-0.0270265
0.815419
0.116853
-0.0779594
0.860018
0.0180057
0.303078
0.910236
-0.240922
0.830736
-0.051258
0.709969
0.626769
0.106904
0.523941
0.757453
-0.0882071
1.03746
-0.179622
1.11487
0.0129816
0.70853
0.432905
0.656655
0.993466
0.607591
-0.226493
0.756021
0.331049
-0.0121965
0.118607
0.462632
0.365249
0.0556839
0.965139
0.79183
0.0723345
0.413701
0.39633
0.141532
0.701305
0.478234
0.0823458
0.181197
0.587259
0.367816
0.915061
0.340448
0.662826
0.083545
0.25314
0.875561
-0.0191479
0.607591
0.0927706
0.502692
0.189731
0.119357
-0.281492
0.420026
0.10886
0.535737
0.432507
0.823642
1.07436
-0.13183
0.641069
-0.00377758
0.674946
0.459582
-0.0964631
0.392119
0.590761
0.151366
0.0497989
0.593145
0.238507
0.328681
0.589934
0.824487
0.295593
0.0809192
0.143375
0.321628
0.148433
0.152055
0.513886
0.180628
0.00445716
0.139615
0.379788
0.874864
0.377162
0.0532582
0.33612
0.0626738
-0.167479
0.537424
0.330372
0.545565
0.664643
-0.116859
-0.119665
0.00308685
0.381253
0.886194
0.219979
0.249772
0.804238
0.804507
0.851281
0.309367
0.309181
-0.145111
0.633944
0.747306
1.02081
0.349186
-0.156118
-0.0184302
0.68744
0.0692447
0.280556
0.314437
-0.0246577
0.107339
0.751708
-0.0282615
-0.149055
0.966995
0.0533758
0.109873
0.799858
0.103923
0.0251261
0.252188
0.983965
0.315858
0.105924
0.719898
0.933339
0.905252
0.203435
-0.340175
0.0911795
0.664393
-0.171078
0.424918
0.0925488
0.554907
0.504976
-0.0547047
0.382352
0.299292
0.921022
0.552719
0.522299
0.530685
0.245888
0.957361
0.341583
0.957218
0.288274
0.853648
0.189133
0.509269
0.767703
0.949279
0.916158
0.477274
0.638434
0.603937
0.714304
0.0512164
0.390013
0.115168
0.133875
0.0737412
0.670335
-0.013215
0.370168
0.566351
0.0187136
0.797683
0.511843
-0.018744
0.519806
0.259699
1.01671
0.571392
0.356044
0.489593
0.585841
0.374841
0.669796
0.734295
0.746864
0.114557
0.252982
0.268345
0.128557
-0.0665321
1.09132
0.842493
0.0730192
0.504726
0.683192
0.266172
-0.307929
0.0660636
0.61301
0.276609
0.680458
0.585907
0.242537
0.582452
0.420179
0.4266
0.12025
0.357023
0.58957
-0.244012
0.266424
0.538985
0.157786
0.192286
0.144972
0.193942
0.615781
0.383634
0.678967
0.67806
0.699884
0.481519
0.311346
0.240619
0.329357
0.479504
0.141253
0.219168
1.09384
0.343914
-0.274916
0.040383
0.544445
0.208417
0.514704
0.423511
0.507482
0.567618
0.769668
-0.295006
0.763009
0.665393
-0.081709
0.225804
0.635496
-0.0977217
0.00633522
0.779945
0.69869
0.0574776
0.841023
0.869231
0.357513
0.450109
0.618695
0.100602
0.215984
0.849427
0.773535
0.566676
0.659061
0.478358
-0.13971
0.460414
0.0568153
0.469389
0.0456058
-0.311241
0.191258
0.407502
0.681477
0.101004
1.13233
0.267338
0.295376
0.461862
0.521415
0.28309
0.996795
-0.105712
0.276295
0.438878
0.214813
0.101443
0.0962738
0.324032
0.815419
0.730176
0.10126
0.632636
0.0801295
0.515175
0.80334
-0.0363035
0.431649
0.680749
-0.361158
0.818838
-0.232288
0.267527
-0.152992
0.929726
0.552751
0.379757
0.177577
0.673755
0.809204
0.849078
0.439338
0.600929
0.423878
0.701006
0.275887
0.04901
0.355462
0.732762
-0.220163
0.432231
0.00642048
0.463064
-0.272205
0.587028
0.717593
-0.138016
0.921582
0.383146
0.294971
0.0187968
0.104397
-0.181102
0.917075
0.452844
0.251012
0.628138
0.292824
0.219654
0.259288
0.109692
0.767119
0.417765
-0.0489924
0.292419
0.937662
0.899424
0.0628283
-0.0286738
0.361275
0.31663
0.850178
-0.0454979
-0.0788931
-0.0561699
-0.053099
0.684983
0.806037
0.426967
0.494045
-0.224819
0.849827
0.137834
0.434283
0.198071
0.35433
-0.0172215
0.639092
0.45752
0.0586057
0.336826
0.300937
0.372093
0.335321
0.21188
1.04262
0.683996
0.478606
0.482356
0.655843
0.729589
0.177947
0.351575
0.791087
0.188202
0.426967
0.0669466
0.353687
0.292512
0.31453
0.104397
0.423145
1.02349
0.433578
0.645769
0.00175588
0.199917
0.95192
0.221502
0.63989
-0.174083
0.386198
0.570969
-0.0306956
0.516623
0.479721
0.728848
0.760821
-0.244324
-0.0367236
-0.181176
0.419843
-0.108703
0.557711
1.03441
1.03991
-0.00503991
0.469667
0.66336
0.435263
0.271365
0.148744
1.09384
0.317803
0.376857
-0.00700511
0.349829
0.691527
-0.0838092
0.410128
-0.186057
0.942796
0.570318
-0.145047
-0.238594
0.667896
0.0473103
0.983642
0.0293873
0.283715
0.121961
0.388212
0.603836
0.415351
0.0358
-0.0872486
0.601162
0.256249
0.487479
0.506041
0.811981
0.255361
0.924521
1.03484
0.225966
-0.260854
0.500285
0.693635
0.286745
0.608699
-0.0693057
-0.131097
0.726083
1.02289
0.783373
0.891894
0.544509
-0.0850224
-0.102804
-0.184921
0.103523
0.289428
0.337348
0.917811
-0.00277875
0.153946
0.65109
0.807889
-0.350813
-0.00814421
0.407533
0.200509
0.68491
0.359562
0.599461
0.903317
0.312923
-0.127398
0.192551
0.755899
0.604975
0.631569
0.0626352
0.165592
0.76008
0.36696
0.846838
0.277549
0.805317
0.314252
0.550983
-0.106612
0.371085
0.525238
0.436212
0.937134
-0.0855512
0.757903
0.795386
-0.121904
0.867128
0.361305
0.566839
0.523657
0.798481
0.894498
0.606282
0.130709
-0.136706
0.265478
0.339374
0.922829
0.595667
0.0352751
0.525933
0.516875
1.02808
-0.0427423
-0.253346
-0.16692
0.00201376
0.482449
0.536659
-0.0572479
-0.125236
0.860327
0.249677
0.199554
0.323138
0.724028
1.03006
0.445258
-0.0669845
0.434405
0.635876
0.710613
0.578154
0.220595
0.289209
0.817079
0.644827
0.665036
0.72113
-0.235707
0.756348
0.851532
-0.0986001
0.228837
0.654784
0.507545
0.242792
0.698354
-0.0414656
0.982838
0.0524345
0.940116
0.719205
-0.16146
0.511781
-0.0556321
0.0754859
0.20701
1.00807
0.948244
0.913969
0.476779
0.16756
0.218876
0.924521
0.753128
0.513037
0.401275
0.477398
-0.105825
-0.143767
0.194306
0.631948
0.182635
0.518828
0.348359
0.212239
0.601563
0.901219
0.657008
0.455058
0.332986
0.762389
0.0513737
-0.00976984
0.961545
0.961399
0.58426
0.501285
-0.236895
-0.042837
0.571751
0.284715
0.780244
0.716138
-0.236895
0.384092
-0.100474
0.521162
0.532145
0.271051
0.101516
0.713237
0.159291
0.0277112
0.178685
0.637223
0.690826
0.416268
0.0123082
0.571979
0.273942
0.311501
0.347439
0.446547
0.0798284
0.0617849
0.402373
0.865403
0.572957
1.1229
-0.0505817
-0.0698629
0.915975
-0.0088904
0.520531
0.57835
0.969846
0.253267
0.172361
-0.103417
0.423848
0.463896
-0.0495215
0.405457
0.600195
-0.118434
0.23048
0.188136
0.861821
0.757535
0.681477
0.339712
0.287556
0.696158
0.99714
0.597962
0.0343857
0.637189
0.550502
0.888585
1.08467
0.82557
0.191424
-0.288181
0.598728
0.377193
0.108897
0.0951693
0.38052
0.62489
0.0311397
-0.170297
0.118249
0.140522
0.593046
0.494076
0.535228
0.431252
0.318482
0.510525
0.062751
0.283309
0.281151
1.08095
0.703668
0.877661
0.364546
-0.181176
-0.25603
0.0634844
0.246939
0.234948
0.747507
0.902558
0.780628
0.234306
0.641556
0.284715
-0.278359
0.513509
0.137799
0.867285
1.07451
-0.349036
0.486143
0.0683265
0.957934
0.258782
0.319654
0.722944
-0.133426
0.27278
0.718476
1.09757
0.807753
0.981877
0.780073
0.0824208
1.09311
0.669868
0.362406
0.549731
0.503912
0.335229
0.551304
0.963959
0.42556
-0.330848
0.483566
0.381284
0.242154
1.08287
0.0489705
0.288274
0.429844
0.73995
0.0771884
0.716788
0.852589
-0.23394
0.574589
0.163144
0.195099
0.598828
0.561038
-0.087355
-0.0587226
0.899366
-0.019642
0.119822
-0.0955359
0.331848
-0.222521
0.789822
0.338361
0.267527
0.118071
0.943876
0.562041
0.184639
0.471737
-0.164278
0.554553
0.239339
0.363048
0.762058
-0.0170874
0.700445
0.361886
-0.0108273
0.468586
0.587358
0.176301
0.403259
0.632808
-0.095046
0.386259
0.702092
-0.213265
0.236584
0.376154
0.628378
0.764127
-0.143065
1.03474
0.0674452
0.896208
0.0904753
0.50673
-0.204777
-0.079465
0.935034
0.725229
-0.263571
0.268912
0.510274
0.496102
-0.229603
0.528561
0.49283
0.45349
0.918057
-0.142048
0.277675
0.335997
0.0910313
0.33919
0.348941
0.694413
0.789474
0.49364
0.497194
-0.230175
0.438878
0.807075
-0.240515
0.279711
0.630848
-0.0213529
0.927874
-0.0745558
0.404999
0.0651793
-0.15095
0.0265638
1.0245
1.04013
0.51549
0.234498
0.892684
0.312459
0.240619
0.328034
0.46063
0.354514
-0.182293
0.490807
0.147984
-0.0771313
-0.0151249
0.730019
0.608934
0.717516
1.0286
0.0270968
0.633014
0.215333
-0.0295916
-0.0690022
0.0214533
0.0651793
0.319839
0.180394
0.74791
0.816895
0.0340619
0.205929
0.0447717
1.01816
-0.0727635
0.645176
0.525522
0.299757
0.43799
0.755123
-0.109498
0.882174
0.391203
0.386595
0.579202
0.784837
0.788083
0.53151
0.31842
0.554488
0.551337
0.483442
0.364515
0.844314
0.470933
0.651125
0.795739
0.150746
0.364332
-0.0988751
0.472819
0.465531
0.0931032
0.612201
0.422716
0.847483
0.586731
-0.0353251
0.31842
-0.183191
-0.0796211
0.150573
0.0165452
0.482729
0.386076
0.0125608
0.544957
0.313727
0.656584
-0.0756353
0.641174
0.097854
0.634737
0.149918
-0.047984
0.689241
1.0887
0.637535
0.776878
0.425132
0.674224
0.524732
0.426233
0.140103
0.430119
0.473406
0.482046
0.196454
0.930304
-0.080194
0.630504
0.191954
0.203764
-0.184017
0.0166705
0.583767
0.573447
0.833752
0.398924
-0.19953
0.259415
0.730919
-0.202793
0.467536
0.0808064
0.337072
0.0192127
0.631982
0.279366
0.137939
0.714457
0.0791129
0.882064
0.270139
0.496976
0.325017
0.818143
0.914636
0.466086
0.734728
0.191125
0.440932
-0.0383609
0.599528
0.911315
0.118857
-0.0977766
0.329696
0.497257
0.15453
0.649406
0.358706
0.549603
0.0533758
0.253585
0.755001
1.07043
0.549603
0.152123
-0.251475
0.0601198
0.166983
-0.161119
0.429844
0.315951
-0.157594
0.798038
-0.0258405
0.277612
0.452721
0.246716
-0.175673
-0.00748674
0.549859
0.22645
0.156519
-0.127699
0.620699
0.492083
-0.0631303
0.637881
0.0405031
-0.255804
-0.306143
0.9922
0.291453
0.313634
-0.0119312
0.83457
0.607154
0.135419
0.346306
0.113731
0.458505
0.489034
0.717823
0.606651
0.559842
0.431343
0.873527
0.520626
-0.19824
0.359868
0.556743
0.617745
0.803565
0.15501
0.48397
0.148433
-0.0264331
-0.250603
1.04869
0.331756
0.654573
-0.020902
0.382688
-0.136209
0.309367
0.461831
0.567943
0.515427
0.596598
-0.0929854
0.260553
0.66368
0.536405
-0.112927
0.201036
-0.0930936
0.389311
-0.259574
0.811707
0.45552
0.61934
-0.0838092
0.243559
0.0772262
0.884867
1.01187
0.664429
0.355095
0.838293
0.211651
0.290114
1.07289
0.313634
-0.169237
0.158915
-0.0414656
1.05331
0.739434
0.5351
0.738204
1.16833
0.848878
0.529639
0.29606
0.747789
0.710651
0.301372
0.701006
-0.0365368
0.766869
0.534274
0.458597
0.64413
-0.117908
0.774971
0.579071
0.740348
0.540962
0.302023
-0.303702
0.0812949
-0.011092
0.605243
0.456996
0.856539
0.838828
0.134437
0.600962
0.522014
0.771262
0.169253
-0.295478
0.151056
0.982838
0.545917
0.101004
0.0895848
0.617271
0.356227
0.945437
0.281307
0.603
0.262986
0.305496
-0.248659
0.87193
0.848529
-0.0188787
0.815235
0.548801
0.609372
0.550758
-0.116626
0.659912
0.181799
0.13247
0.0426612
0.90649
0.778239
0.710576
0.550887
0.995081
0.813536
0.525554
0.331449
0.628652
0.237289
0.573577
0.584853
0.344865
0.824018
0.49255
0.325264
0.35586
0.662007
0.175023
0.137904
0.65853
0.172462
0.342166
0.550116
0.405426
0.246015
0.458782
0.137065
-0.0475527
0.477738
-0.183716
0.420026
0.490589
-0.269552
0.700894
0.0139902
0.0354366
0.608464
-0.222521
0.633427
0.69787
0.0535326
0.518639
0.860429
0.158334
-0.0837565
0.589835
0.560359
-0.027758
-0.274525
0.694043
0.905488
0.309831
0.764749
0.320394
-0.24516
0.852538
0.466981
0.193213
0.188834
0.737215
-0.234625
0.76334
0.395201
0.377986
0.117391
0.364668
-0.359289
-0.072355
-0.0296376
0.344068
0.539559
0.843624
0.0209976
0.227095
0.187537
-0.0535363
0.460568
-0.111093
0.689241
0.798792
0.84818
0.844067
0.182
0.259415
0.291391
0.680203
-0.0483678
0.53313
-0.0315714
0.777643
0.437438
-0.037331
-0.0757898
0.332678
0.927874
0.225998
0.428191
-0.178078
0.767578
-0.185526
0.380917
-0.15286
0.974732
0.958939
0.711829
0.38397
-0.0643775
0.438817
0.718168
0.405212
0.658317
1.09044
0.57953
-0.25457
0.294598
0.630642
0.77956
-0.0862398
0.243623
0.62298
0.184805
0.464544
-0.0762536
0.923204
0.202943
0.45472
0.957361
-0.164348
0.34698
-0.0474568
-0.0570027
0.959949
0.0600422
0.866657
0.638885
-0.21085
0.00633522
0.0304068
0.203895
0.741143
0.215659
0.558163
0.770968
1.10248
0.0584502
1.00862
-0.120723
0.164199
-0.0711832
0.858172
0.334184
0.177409
0.882886
0.144833
0.782943
0.756266
0.0979274
0.740228
0.931656
0.583865
-0.116335
0.589405
-0.25603
0.331787
0.558034
1.00292
0.207992
0.243559
0.72457
0.791437
0.620699
0.755572
0.597064
-0.075018
0.480527
0.396391
0.669294
0.990943
0.871505
0.347623
-0.0819709
0.51823
0.253902
0.539718
0.218454
-0.0526622
0.377406
-0.207284
0.286027
0.64159
0.475881
0.348267
-0.313525
0.064679
0.458843
0.671809
0.250313
-0.0357908
0.222215
0.177275
0.836065
0.346244
0.829308
-0.0211274
0.402831
0.180963
0.721439
0.200147
0.160998
0.515616
0.185606
0.238251
0.719628
0.482077
0.273722
0.117426
0.316445
0.616797
0.344528
0.314499
0.330465
0.651581
0.76587
0.629303
0.283246
0.341553
0.420332
0.780244
0.680822
-0.00195516
0.578809
0.271931
-0.193943
0.139196
0.00710161
0.910715
0.274852
0.531003
0.491803
0.258086
-0.0105186
0.999572
0.30131
0.605779
0.115634
-0.219174
-0.178152
0.580416
0.508674
-0.100972
1.08368
0.42712
1.08549
0.0488126
0.95679
-0.221883
0.862183
0.5814
0.353963
0.154599
0.314097
0.62759
0.446117
0.198335
0.335905
1.02229
0.548576
-0.0840199
1.00927
0.305124
0.238539
0.680349
0.174922
0.331541
0.0563474
0.921582
0.320641
-0.0922833
0.0450101
0.651652
0.778281
0.51354
-0.0380329
0.45715
0.624309
0.172091
0.334891
-0.190196
0.650353
0.430547
0.605176
0.142714
0.793934
0.352524
0.30754
0.905252
0.730763
0.623695
0.185005
-0.0093299
0.977295
0.738799
0.618559
0.69869
0.0664861
0.815005
0.257421
-0.0785816
0.3383
0.726355
0.84654
0.245601
0.495759
-0.00303913
0.535482
0.252537
0.224221
0.0807688
-0.0462135
0.494076
0.551304
-0.160437
0.274004
0.606416
0.565021
0.774844
-0.261557
0.111137
0.282715
-0.256822
0.686009
0.132047
-0.135402
0.969318
0.548159
0.751586
0.798215
0.411716
0.346551
0.862028
0.279961
0.00330119
0.471181
0.479318
0.83332
0.823548
-0.0191928
0.32511
0.44971
-0.349386
-0.154118
0.603033
0.854812
0.575733
0.283653
0.0146197
0.357237
0.177107
0.280713
0.277957
0.957719
0.699548
0.453705
0.142228
-0.210593
0.759175
0.26973
0.361978
0.739394
-0.226306
0.646921
0.634565
0.277612
0.990776
0.862131
0.57423
0.11782
0.346857
0.976671
0.929855
0.00909727
0.523309
0.524415
0.394133
0.157718
0.155628
0.309521
0.727912
0.843624
-0.0580337
0.770716
0.600161
0.717516
0.255139
0.8627
0.552333
0.537487
0.257136
0.293291
0.330065
-0.0216236
0.350135
0.19586
0.506291
0.493547
-0.234821
0.742538
-0.243493
0.635185
0.863374
0.14795
0.599528
0.885917
0.970905
0.378994
0.186239
-0.0560721
-0.0825476
0.896436
0.418743
0.522867
0.408052
1.01056
0.544925
0.688653
0.378261
0.766245
0.482139
0.603535
0.263554
0.402953
0.512283
0.284996
0.158949
-0.335456
0.106722
0.0997971
1.1514
0.460476
0.030366
1.00862
0.566903
1.01432
0.0606623
0.570904
0.667001
0.445871
0.453951
0.149228
0.728848
0.00998648
0.736266
0.274004
0.533447
0.545501
0.792487
0.131027
0.183504
0.051413
0.7931
-0.146269
0.472911
0.683703
-0.159418
0.63267
0.240491
0.356778
0.900523
0.372673
0.359715
0.550405
0.743297
-0.0916903
0.495323
0.703743
0.435875
0.167221
0.618865
-0.189423
0.866657
-0.0144578
0.393614
-0.01428
0.786133
0.844758
0.402587
-0.207959
-0.0533419
-0.0457363
0.239339
0.427916
0.902674
0.472448
0.515868
0.438572
0.93024
0.717018
0.980921
-0.0570517
0.595468
0.518639
0.878906
0.825522
0.774253
0.651757
0.95729
0.0791882
0.435048
0.521951
0.309428
0.333109
-0.0549485
0.537806
0.537233
0.576092
0.355768
0.911976
-0.132443
0.451277
0.236616
0.722403
0.492799
0.153465
0.866029
0.0298768
-0.196957
0.347899
0.525522
0.708757
0.705285
-0.0170427
0.0724867
0.938919
0.629441
0.210411
0.1371
0.00119664
0.272591
0.380551
0.527263
0.525048
0.239307
0.418132
-0.0639779
0.119964
-0.0340703
0.262354
-0.0280325
0.184839
0.00722923
0.937068
0.557098
0.169726
0.30376
0.440503
0.462632
0.66675
0.156896
0.308871
0.532622
0.323415
0.917504
0.414923
0.651652
0.660409
0.0821208
0.226547
0.102867
-0.271188
0.967144
0.582386
0.882229
0.12107
0.878526
0.239595
1.02787
0.881463
0.114557
0.475448
1.05581
0.750695
0.409151
0.0535326
0.195628
-0.183116
0.447928
0.197477
0.236231
0.21126
0.575863
0.518293
0.5205
0.976749
0.825381
-0.211279
0.190395
0.299633
0.452229
0.458905
-0.0912598
0.50216
0.00471367
0.524005
-0.00303913
0.334184
0.305744
0.12778
1.01642
0.0475477
0.577335
0.357268
0.755531
0.277048
0.736543
0.461862
0.592549
-0.0586241
0.078736
0.162293
0.207501
0.782557
0.407197
0.446976
0.311099
0.0252083
0.42917
0.0801671
0.384183
0.166067
0.838342
0.911135
0.216959
0.620087
0.768497
0.919227
0.635531
0.124059
-0.140403
0.761068
0.387022
-0.0879406
0.455212
0.954448
-0.0404753
0.802803
0.51065
0.548063
0.277424
-0.209484
0.946392
0.964033
0.106287
0.267369
0.938124
0.985992
1.10088
0.249804
0.0831705
0.261817
0.485211
0.698615
0.0873538
0.526376
0.481426
0.565248
0.204486
1.09293
0.65556
0.590959
1.0244
-0.278628
-0.0785297
0.0943952
0.285433
0.660018
0.962785
0.0656408
0.275731
0.165999
-0.0665321
0.868704
0.673647
0.519459
0.365402
0.966622
-0.200585
0.840632
0.379452
0.279711
0.509709
0.520941
0.433211
0.259573
0.347286
0.0120975
0.564405
0.197774
0.149159
1.03517
0.894498
0.80057
0.0452485
0.969619
0.383084
0.57619
-0.0837565
0.263364
-0.0683958
0.223639
0.386991
0.470532
0.623082
0.238507
-0.147885
0.245888
-0.0655785
0.579071
0.678132
0.549667
0.0566594
0.521793
0.818467
0.797595
0.908566
0.391478
0.334031
0.14705
0.416176
-0.229984
0.70037
0.782728
0.520752
0.800036
0.495697
-0.0256584
0.441423
-0.0500513
1.04869
-0.106894
1.03979
0.154015
0.106178
0.94845
0.16294
0.398558
0.519144
1.08582
0.752722
0.573708
-0.224727
0.789735
0.439921
1.05849
0.410464
0.646956
-0.315282
0.580449
0.870657
-0.318713
0.148261
0.635013
0.279899
0.23636
0.862183
0.753047
-0.105768
0.152984
0.182334
0.590264
0.710462
0.919536
0.564859
-0.234135
0.684727
-0.107007
0.977452
-0.143065
0.569276
0.0212048
-0.259343
-0.0804026
0.492083
0.270296
0.0268918
0.857355
0.367602
0.619951
0.572077
0.351085
0.388731
0.605209
0.0206245
0.819628
1.02012
1.04492
0.337962
0.914332
0.246079
0.293664
0.880155
-0.0348599
0.566189
0.685752
0.853042
0.544925
0.105851
0.929598
-0.0482239
0.102356
0.734413
0.160281
0.586137
-0.0408994
0.0434187
0.276201
0.720822
0.232314
-0.0920676
-0.250277
0.391569
0.283559
0.656584
1.02051
0.530336
0.328219
0.80352
-0.145754
0.495946
0.261343
-0.110751
0.752479
0.643712
0.533479
-0.000311984
0.102502
-0.15095
0.105887
0.481147
0.686889
0.121569
0.646991
-0.118726
0.417154
0.413549
0.993635
0.259794
0.206781
0.272246
0.730098
-0.0672865
0.551337
0.590761
-0.10197
-0.0254308
0.601129
0.152949
0.888864
0.694747
0.555422
0.272465
0.267716
0.715106
-0.0117985
0.154496
-0.301158
0.0386184
0.581105
0.0607011
0.817773
0.666464
-0.032634
-0.341645
0.838439
0.811251
0.823502
0.778367
0.83107
0.574197
0.866604
0.991612
0.232956
0.567391
0.311934
-0.0223916
0.0183806
1.06457
-0.147367
0.712133
0.256661
0.791786
0.540133
0.335475
0.0874283
1.06083
0.0635229
0.0117181
0.42131
-0.0523228
0.22338
-0.33519
0.639162
0.451
0.703367
0.0836573
0.360663
-0.184997
-0.0812905
0.557679
0.00688882
0.412052
0.0114651
0.699809
0.390593
0.243942
0.831214
0.232442
0.171315
0.48518
0.389738
-0.0465001
0.238795
0.51741
0.555422
-0.0592154
0.0394613
-0.348689
-0.00208513
0.0706197
-0.220073
0.618424
-0.00963782
0.77892
1.07158
0.599261
0.811251
0.761522
0.737215
0.746703
0.600929
0.501629
-0.110922
0.0890649
0.242952
0.11175
0.263459
-0.048032
0.297055
0.406037
0.00939383
-0.0451643
0.655101
0.152984
1.00426
-0.243389
-0.0259317
0.238571
0.481116
-0.037331
0.312089
0.259699
0.811114
0.0230244
0.775818
0.646362
0.766245
0.731193
0.642077
-0.304566
0.723176
0.800615
-0.249412
1.07737
-0.335723
1.08032
-0.126255
0.77101
0.485243
0.21338
-0.042837
0.378231
0.3782
0.531733
0.758723
0.358889
0.800481
0.293664
0.13972
0.711639
0.724183
0.416481
0.630195
0.690863
0.943538
-0.247697
1.04205
0.245983
0.422319
0.319438
-0.16671
-0.303188
0.759545
0.0838071
-0.00217177
0.67343
0.188236
1.03409
0.0129396
0.202548
0.203008
0.66872
0.928895
0.663146
-0.196001
-0.00836356
-0.180731
-0.130183
0.065833
0.40912
-0.20486
0.646013
0.0985879
0.182869
-0.138517
0.611594
0.57312
0.155868
0.783244
-0.279033
0.218194
1.03669
0.644165
0.161134
0.756307
0.209921
0.962639
0.445687
0.266455
0.0966048
0.647516
0.393706
0.106759
0.504632
0.461153
0.376154
0.49062
0.409365
0.971741
0.483504
0.557937
0.419476
0.105887
-0.0288572
0.132856
0.323415
0.594007
0.487262
-0.25969
0.190694
0.440012
0.595933
0.432599
0.734886
-0.218995
0.302116
0.144521
-0.14447
-0.0583288
0.515585
0.555164
0.556389
0.127674
0.305279
0.44845
0.353718
0.377437
0.367174
1.03912
0.455612
0.326495
0.608766
0.383451
1.15723
0.281151
0.442343
0.235718
0.748434
0.0466767
-0.269303
0.346949
0.871134
0.926098
-0.169166
0.388182
0.0525915
0.307974
0.0187136
-0.0440228
0.595402
-0.176472
0.8571
0.514735
0.00595163
0.251012
0.0915128
-0.17918
0.196388
0.95185
0.0678668
-0.198481
1.04481
0.506072
0.136505
0.333078
0.868546
0.777983
0.151021
1.05979
0.173474
0.243878
0.619917
-0.328667
0.172496
0.571457
0.25295
0.453182
0.124911
0.576125
0.327511
0.894271
0.870075
1.08385
1.01441
0.66151
0.341215
-0.147756
0.112831
1.03441
0.44931
-0.321447
0.684983
0.541697
0.276201
0.880972
0.087391
0.716788
0.523309
0.617983
0.0622488
0.582879
0.418651
0.218908
0.501441
0.0887304
-0.181399
0.0607011
0.481302
-0.0234779
-0.152068
0.828169
0.186905
0.634116
0.683959
0.943606
-0.104087
0.487044
0.0942845
0.493173
0.942258
0.0363648
-0.276757
0.367021
1.07421
0.62172
0.171281
-0.186513
0.628926
0.288087
0.954731
0.842935
0.847483
1.07333
0.0169211
0.400328
0.63989
0.0256605
0.0605074
0.601162
0.224479
0.526313
0.483411
0.259067
1.02209
-0.0151694
0.698205
0.593245
-0.0388768
0.591853
-0.211709
0.414526
1.05171
1.00679
0.846788
0.983562
0.157033
0.0741588
-0.0579354
1.0328
-0.0766148
0.469327
-0.137142
-0.178152
0.490215
0.363843
0.608632
0.459028
0.209202
0.359103
0.00287239
0.0737032
0.803968
0.416818
0.621175
0.666429
0.76587
0.132047
0.764002
0.720167
0.538188
0.542431
0.256375
0.539144
-0.00648026
0.129581
0.740546
0.788169
0.619951
-0.134536
0.0446127
1.08016
0.68491
0.103158
0.458967
0.528973
0.0471124
0.642077
0.501535
0.358063
0.628755
0.142958
0.641486
0.360296
-0.0665823
0.182501
0.106614
0.989694
0.31697
0.628584
0.107303
0.514672
0.795475
-0.111722
0.494637
-0.128303
0.257516
0.306952
0.739593
0.20894
-0.111436
0.20199
0.637016
0.51612
0.268219
0.667967
0.354361
0.851985
0.0518847
0.3232
0.0594603
0.339466
0.37591
0.095869
0.0621329
-0.1522
0.513886
0.360938
0.719551
0.0301622
0.313232
0.649336
0.56554
0.156108
0.531193
0.529893
-0.220614
0.0395816
0.667932
0.299136
0.21478
0.193213
0.654537
1.05708
0.882174
0.600595
0.563368
-0.0261595
0.0203756
0.783545
0.716482
0.0896591
0.598861
-0.208974
0.153706
0.442926
0.00282951
0.196025
0.546429
0.48633
-0.194022
0.765289
0.570643
-0.258077
0.154049
0.564113
0.386442
-0.300824
0.773366
0.523688
0.480186
0.593875
0.044016
0.43413
0.713656
0.000636803
0.674296
0.227966
0.464513
0.720437
0.37365
0.186172
0.825994
0.705586
0.170605
-0.222613
0.902499
1.05875
0.543166
0.233117
-0.0959719
0.135138
0.326526
0.627145
0.0543158
0.699511
0.445104
0.391874
0.503192
0.875776
0.00509818
0.266203
0.141601
0.167424
0.51927
0.430915
0.935164
0.852438
0.124307
0.89325
0.0319935
0.713961
0.538889
0.739871
0.909161
0.848978
-0.374575
0.410586
0.337747
0.706679
-0.00665514
-0.139773
0.360174
-0.135712
0.287931
0.794242
-0.0432161
0.753332
0.334
0.11628
0.738006
-0.0848111
0.959228
0.531828
0.241227
0.597263
0.205798
0.481612
0.444122
0.25856
0.0791129
-0.0370506
0.596764
0.548384
0.164675
0.685826
-0.0563657
0.171551
0.72279
0.806082
1.03163
0.680785
0.377467
0.00437163
1.14866
0.567618
0.116388
0.444828
0.689867
0.343117
0.153706
-0.0149024
0.504507
0.217479
0.0286521
0.899078
0.483535
-0.294849
0.20245
0.672781
0.552236
0.618288
0.311934
0.842395
0.443263
0.329634
0.315704
0.2012
0.117283
0.6645
0.464821
0.627145
0.757125
0.132047
0.929406
-0.128545
0.43018
0.655913
0.042342
0.287931
0.540931
0.378872
0.685642
0.106686
-0.0185647
0.323292
0.50789
-0.238896
0.79888
0.72554
-0.103976
0.899886
0.94005
-0.00661142
0.448327
0.357849
0.159291
0.659309
0.40909
0.245186
0.705096
-0.0110478
-0.125475
-0.245896
0.364118
-0.0876743
0.0369693
-0.137392
0.490215
-0.280804
0.231381
0.149021
0.232732
0.192982
-0.061639
0.222441
0.0575944
0.119572
-0.249196
-0.322527
0.0829832
0.0993576
0.381467
0.599528
0.661225
0.798481
0.0617849
0.24815
0.470223
0.641104
0.299043
0.500847
0.860429
0.168237
1.03637
0.987547
0.406128
0.578678
0.144451
0.0227767
0.237706
0.0637157
0.666894
0.205437
0.548672
0.724958
0.725229
-0.180954
0.116638
0.52312
-0.255017
0.0945058
0.750898
0.873848
0.733941
0.405029
-0.0886873
-0.0153921
0.734531
0.255329
0.207272
-0.156118
0.239307
0.451584
0.246047
-0.106781
0.838245
-0.177347
0.636878
0.949971
0.582189
0.0370498
0.509332
-0.129514
0.264122
1.06242
0.410556
0.317741
0.769919
0.643782
0.285871
0.393156
0.00321545
0.185439
-0.120076
-0.148469
0.64804
0.449894
0.493547
0.127886
0.734295
0.456166
0.41022
0.8571
-0.335991
0.370443
0.488629
0.339865
0.174585
-0.194337
-0.13128
0.235782
0.219168
0.581992
0.830546
0.327019
-0.243285
1.09009
-0.212832
-0.040758
0.463742
0.475169
0.322398
0.701717
0.788691
0.0140322
0.344742
0.279554
0.257104
0.73343
0.491771
0.408021
0.381986
0.200904
0.237674
-0.340175
0.328311
0.306642
0.622537
0.226514
0.471459
1.12909
0.491367
0.791786
0.382627
-0.130731
0.177477
-0.0264788
0.351177
0.222571
0.340387
0.273659
0.670299
0.401885
0.682133
0.355218
0.384519
1.06567
0.527959
0.0046709
0.0412234
-0.174228
-0.163864
0.174181
-0.190583
0.134402
-0.0106949
0.514515
-0.0388299
0.0708868
0.383725
0.631638
-0.139207
0.138707
0.465808
-0.340465
0.80115
0.364423
0.527421
-0.277289
0.228579
0.176166
0.0376536
0.119143
0.489904
0.123739
0.401641
0.409181
0.203041
0.15016
0.331971
-0.0289031
-0.107741
0.708454
0.475324
0.945301
0.470995
0.192219
0.269982
0.437438
0.920464
0.339497
0.203567
0.533956
0.960021
0.325849
0.283684
0.749927
0.451953
0.755735
0.251362
1.05644
0.10221
0.317309
0.684142
0.128698
0.547422
0.175023
0.268156
1.0368
0.381894
0.65722
0.778154
0.526313
0.273157
0.274821
0.363354
0.859145
-0.0411824
0.567001
0.608397
-0.077028
0.0269738
0.441914
0.14615
-0.0554855
0.257674
0.317217
0.505571
0.877499
-0.0949916
0.79702
0.474427
1.0077
0.480992
0.473468
1.0114
0.386533
0.889759
0.909698
0.682279
0.878743
-0.096081
0.374689
1.1111
0.403808
0.714151
0.883985
0.54755
0.489034
0.476933
0.759093
0.909698
-0.0262507
0.397429
0.578678
-0.145432
0.0900673
0.216179
0.302302
0.944215
0.25837
0.254124
-0.15319
-0.14614
0.90934
0.715602
0.825947
0.537328
0.488878
0.704269
0.108462
0.657468
0.298484
-0.105431
0.684471
0.0345879
-0.00906615
0.347286
0.163825
0.619883
0.395689
0.717516
0.453551
1.11202
-0.234429
-0.168955
0.715564
-0.0949916
-0.136146
0.671521
0.779688
0.146912
0.759134
0.615274
0.590066
0.0895105
0.779688
-0.000398351
0.633979
0.739315
0.60173
-0.122141
-0.191671
-0.24082
0.475633
0.247417
0.111678
0.746422
0.318698
0.815373
-0.00915406
0.891725
-0.0259772
0.401488
0.849477
-0.256822
0.599361
0.190561
0.538953
0.270611
0.706754
0.407746
0.376948
0.484249
0.379605
0.813628
0.750129
-0.0320793
0.656867
0.728887
0.740507
0.59043
0.389585
0.990859
1.05443
0.952269
0.488381
0.603234
0.641104
0.451584
0.725229
1.08751
0.94646
0.0174219
-0.298682
0.233953
0.0282841
0.148882
0.496539
0.0424617
0.632223
0.527168
0.466055
0.209758
0.226966
-0.0558764
-0.221429
1.01356
0.188701
0.413121
0.586698
0.841121
-0.04808
0.501535
0.0577501
-0.0935806
0.36748
0.44802
0.522962
0.738046
0.345693
-0.0190132
0.138672
0.0016699
0.911315
1.1229
0.610617
0.787302
1.04774
0.0216189
0.608766
1.07333
0.250472
0.0672919
0.496134
0.75496
0.612167
0.0141162
0.594339
0.451707
0.636636
0.704382
0.647691
0.275699
0.798126
-0.12915
0.41694
0.348481
0.599528
0.409853
0.856031
0.188069
0.743217
0.357237
0.156211
-0.0909909
-0.0698629
0.545661
0.759339
0.387632
0.111822
0.17317
0.421432
0.352463
0.506949
-0.109896
-0.0477443
0.494107
0.0647175
0.104542
0.13724
0.472973
0.42024
1.05147
-0.214747
0.0687857
0.489065
0.632223
0.6848
