0.635243
0.655416
0.572466
0.0903653
0.101535
0.353862
0.371014
0.651601
0.864254
0.696646
0.126225
0.750084
0.030427
0.173986
0.70983
0.666128
0.95233
0.00512711
0.999054
0.224921
0.666646
0.229469
0.774041
0.708152
0.546403
0.784082
0.421125
0.765526
0.522996
0.703055
0.561876
0.189673
0.711814
0.324137
0.651692
0.326792
0.35783
0.900479
0.23072
0.12302
0.77105
0.581591
0.624592
0.21485
0.611499
0.225196
0.710929
0.840449
0.74691
0.343974
0.680929
0.834742
0.0364391
0.233009
0.562853
0.736473
0.588183
0.828516
0.324625
0.778741
0.198798
0.388073
0.459944
0.146702
0.295206
0.585376
0.629322
0.544511
0.119633
0.282571
0.101291
0.138096
0.861843
0.235359
0.21775
0.554125
0.225257
0.783959
0.855281
0.144505
0.512986
0.359264
0.550279
0.760399
0.215522
0.798975
0.125553
0.726432
0.93878
0.839564
0.699698
0.505631
0.27488
0.324534
0.161382
0.488052
0.149022
0.685141
0.673818
0.177648
0.855159
0.74398
0.401685
0.0363781
0.178777
0.606494
0.578234
0.180792
0.10242
0.122074
0.105502
0.147069
0.87112
0.430555
0.280587
0.581103
0.534928
0.421125
0.736259
0.0974761
0.328837
0.51915
0.769829
0.76455
0.460952
0.232368
0.213233
0.918577
0.981475
0.328654
0.613147
0.770959
0.00915555
0.487075
0.548173
0.966186
0.0972015
0.48912
0.382061
0.550188
0.382305
0.301431
0.133
0.975585
0.42143
0.350627
0.839381
0.281014
0.834895
0.930998
0.433302
0.248482
0.194403
0.352611
0.20246
0.127415
0.826258
0.55092
0.587054
0.919218
0.381695
0.492477
0.247871
0.876309
0.315409
0.299326
0.0673544
0.105228
0.644002
0.528855
0.101382
0.301126
0.617176
0.313852
0.559221
0.756493
0.69628
0.855434
0.0254219
0.0845363
0.909635
0.149876
0.241096
0.799982
0.770684
0.399701
0.699942
0.186987
0.129978
0.931883
0.661367
0.343333
0.106204
0.0401013
0.169683
0.393719
0.0791345
0.33253
0.0724204
0.574847
0.711051
0.404401
0.0855434
0.966155
0.376751
0.468062
0.545061
0.226417
0.477706
0.812098
0.51323
0.366375
0.776727
0.687948
0.51149
0.467635
0.443953
0.822382
0.0339061
0.394818
0.655202
0.598163
0.0594195
0.485244
0.322092
0.711203
0.277322
0.0809961
0.85107
0.0546587
0.316721
0.296457
0.489944
0.679617
0.151921
0.42909
0.369518
0.0697348
0.503739
0.633412
0.128758
0.389874
0.59508
0.795831
0.658711
0.731742
0.436964
0.781518
0.956694
0.0829493
0.535203
0.607074
0.60271
0.518784
0.711356
0.102481
0.707175
0.348552
0.383312
0.475204
0.694327
0.580157
0.0902432
0.209693
0.26371
0.666707
0.312143
0.619861
0.506821
0.20661
0.901639
0.537553
0.546251
0.501083
0.562792
0.241676
0.18247
0.543443
0.470992
0.27488
0.742851
0.210974
0.174993
0.578509
0.512101
0.415998
0.133396
0.427015
0.585192
0.256722
0.647511
0.289773
0.232215
0.488754
0.617084
0.776635
0.419874
0.78222
0.655812
0.317148
0.0253914
0.303415
0.817225
0.455947
0.528825
0.752434
0.0134892
0.390057
0.368328
0.605548
0.418744
0.353771
0.348827
0.306528
0.0125126
0.742882
0.0836512
0.470473
0.30903
0.46617
0.44911
0.730857
0.0318613
0.258065
0.605884
0.485305
0.616718
0.00250252
0.586596
0.416272
0.139103
0.526444
0.810724
0.814386
0.357982
0.382
0.598254
0.892117
0.794122
0.388348
0.464553
0.675802
0.0595111
0.64095
0.0894497
0.667257
0.11594
0.510422
0.836177
0.386151
0.610706
0.0146794
0.304666
0.461165
0.732688
0.416944
0.993744
0.234443
0.416089
0.283517
0.759789
0.261361
0.651021
0.540147
0.518113
0.917875
0.246559
0.425153
0.19718
0.507462
0.310221
0.413312
0.311472
0.725547
0.806665
0.138798
0.23661
0.316782
0.200598
0.215888
0.76989
0.162389
0.296793
0.395795
0.504898
0.222114
0.51204
0.513291
0.962615
0.140538
0.672597
0.339915
0.671133
0.332102
0.0629292
0.00143437
0.311655
0.266915
0.117832
0.125828
0.384259
0.535112
0.208716
0.338786
0.120945
0.699423
0.0727866
0.785913
0.266091
0.0736106
0.142033
0.531663
0.651295
0.441542
0.208014
0.298349
0.0695822
0.680319
0.54915
0.850215
0.0531938
0.0513016
0.74865
0.479843
0.577319
0.548387
0.436537
0.713218
0.299539
0.375042
0.870357
0.329264
0.414197
0.240791
0.494339
0.390027
0.541917
0.822993
0.456496
0.00326548
0.723594
0.122135
0.456435
0.723289
0.267678
0.798059
0.377422
0.0077517
0.189276
0.462355
0.457808
0.614277
0.235206
0.429762
0.858577
0.474075
0.453139
0.712607
0.658223
0.737053
0.0327464
0.223579
0.993011
0.407392
0.954436
0.446944
0.725913
0.355174
0.621143
0.255531
0.479202
0.248115
0.131504
0.191443
0.688467
0.533158
0.265603
0.0957366
0.305704
0.223701
0.198218
0.032075
0.325571
0.101169
0.605792
0.712455
0.387555
0.559679
0.854885
0.195105
0.275094
0.482498
0.101596
0.637928
0.866207
0.0355846
0.966094
0.492996
0.565752
0.35609
0.129734
0.0117191
0.974029
0.640095
0.75219
0.414441
0.634114
0.356243
0.251656
0.0985443
0.818476
0.21363
0.329814
0.261483
0.248756
0.215308
0.584887
0.420026
0.771813
0.740501
0.249916
0.0550249
0.160314
0.0562761
0.38084
0.125797
0.221625
0.239845
0.933897
0.113132
0.563494
0.122013
0.450942
0.917417
0.737327
0.309427
0.574023
0.403729
0.599872
0.145878
0.0920743
0.930601
0.69747
0.431257
0.306711
0.879391
0.922788
0.873287
0.0358592
0.0714438
0.419385
0.710715
0.607807
0.40556
0.970946
0.344462
0.456008
0.33433
0.877438
0.482162
0.129948
0.498398
0.0160833
0.27192
0.35136
0.752556
0.437422
0.871181
0.281014
0.372112
0.443892
0.433943
0.131077
0.337596
0.00888089
0.599719
0.285897
0.114109
0.38493
0.677145
0.53679
0.156774
0.0341807
0.735679
0.451277
0.956359
0.0550859
0.677114
0.657125
0.982696
0.0597858
0.456313
0.719535
0.034608
0.154546
0.152684
0.73455
0.984893
0.0234993
0.383343
0.202734
0.0585345
0.377636
0.366253
0.415204
0.2837
0.773156
0.0501114
0.19245
0.382519
0.876339
0.395611
0.184942
0.30372
0.607776
0.63744
0.465957
0.355785
0.673635
0.0105289
0.551805
0.399823
0.884823
0.668844
0.126102
0.362377
0.869045
0.375378
0.73748
0.793359
0.969268
0.698599
0.441298
0.807154
0.639088
0.0654012
0.481552
0.599017
0.448073
0.539781
0.437849
0.409955
0.759911
0.698782
0.66155
0.40141
0.313913
0.726188
0.549638
0.163182
0.505783
0.342784
0.661306
0.523087
0.509476
0.338481
0.273721
0.150243
0.749962
0.453597
0.654836
0.130436
0.179479
0.687338
0.641499
0.74749
0.713858
0.103763
0.1713
0.856319
0.719382
0.354747
0.123539
0.158208
0.448317
0.336955
0.893277
0.217078
0.839045
0.681539
0.379223
0.887875
0.253029
0.131077
0.890072
0.246651
0.536607
0.116855
0.232429
0.367077
0.597278
0.612873
0.574206
0.42552
0.9494
0.425489
0.598651
0.466353
0.186773
0.178869
0.324778
0.0643941
0.813868
0.67745
0.0845058
0.55739
0.976928
0.133885
0.171178
0.541551
0.596576
0.340587
0.62566
0.619648
0.579791
0.792047
0.745018
0.406598
0.722678
0.17423
0.110355
0.323527
0.31251
0.362804
0.632954
0.264351
0.406812
0.76989
0.238044
0.509384
0.758049
0.703146
0.844386
0.760002
0.523331
0.602863
0.738609
0.557634
0.650899
0.118198
0.135746
0.0407727
0.882931
0.487136
0.935026
0.122745
0.821833
0.576586
0.946867
0.168096
0.381664
0.308329
0.725059
0.481002
0.182653
0.523698
0.0707419
0.0896023
0.379162
0.62862
0.317331
0.91406
0.612659
0.355998
0.685385
0.220038
0.51268
0.598895
0.608936
0.247841
0.759484
0.574206
0.192969
0.565081
0.13477
0.108463
0.704031
0.743828
0.3932
0.706626
0.376598
0.711112
0.405225
0.275369
0.284982
0.199835
0.299203
0.862239
0.393139
0.34199
0.305948
0.150121
0.611408
0.431013
0.297983
0.845454
0.228065
0.557634
0.564531
0.589892
0.868221
0.232612
0.941221
0.401379
0.290567
0.058504
0.171697
0.85522
0.618305
0.650746
0.36494
0.0682699
0.719596
0.733543
0.32667
0.752129
0.277169
0.457015
0.601856
0.670125
0.420698
0.533647
0.163427
0.0588702
0.379467
0.684683
0.297006
0.176153
0.038728
0.35902
0.288247
0.388745
0.778832
0.28843
0.524247
0.432417
0.152104
0.798761
0.427168
0.119877
0.877346
0.865444
0.251991
0.676595
0.545213
0.602283
0.621265
0.468856
0.348399
0.823145
0.0338145
0.500717
0.120182
0.711661
0.700369
0.552171
0.116581
0.127873
0.240486
0.742393
0.749992
0.651845
0.454268
0.545183
0.466536
0.381848
0.607257
0.402142
0.268868
0.913205
0.85464
0.287393
0.971404
0.014832
0.459883
0.547166
0.450606
0.0520341
0.391583
0.00796533
0.605579
0.469405
0.052736
0.827998
0.299295
0.571368
0.322031
0.13773
0.58211
0.605182
0.905393
0.35139
0.255013
0.116581
0.409467
0.492203
0.357219
0.341014
0.12476
0.51912
0.316691
0.509445
0.615864
0.297464
0.355968
0.891629
0.015595
0.86578
0.159093
0.893796
0.203803
0.904477
0.128849
0.829157
0.446883
0.938383
0.348003
0.0460219
0.338542
0.255684
0.794122
0.700369
0.936369
0.59447
0.672903
0.16184
0.825068
0.433454
0.351665
0.60155
0.322428
0.771874
0.240425
0.587664
0.489425
0.974944
0.236213
0.369854
0.7434
0.95819
0.445662
0.734642
0.639973
0.252235
0.444807
0.397992
0.601489
0.158452
0.850612
0.636525
0.457411
0.359325
0.168828
0.280007
0.099826
0.225105
0.0163579
0.114933
0.832514
0.0813929
0.286111
0.438307
0.256752
0.602557
0.00549333
0.503037
0.104312
0.194494
0.0827967
0.346324
0.667653
0.828944
0.209235
0.525285
0.225043
0.569781
0.222694
0.212165
0.575793
0.948088
0.588458
0.173193
0.426252
0.995453
0.15305
0.578143
0.685293
0.18598
0.55446
0.018128
0.102725
0.547777
0.646504
0.0765709
0.38197
0.435926
0.480239
0.0984222
0.362041
0.534654
0.825617
0.897855
0.700736
0.364391
0.222175
0.878475
0.114902
0.0570086
0.315775
0.0422681
0.569323
0.417066
0.525468
0.257576
0.0440992
0.241554
0.574602
0.530808
0.323954
0.246437
0.483596
0.192145
0.189459
0.46205
0.122044
0.726951
0.696005
0.250252
0.174566
0.890866
0.668508
0.432905
0.267556
0.460402
0.405255
0.799615
0.176031
0.364635
0.584552
0.115879
0.494217
0.0224311
0.11539
0.343699
0.211097
0.896878
0.041261
0.708579
0.149113
0.532487
0.283731
0.569842
0.21662
0.812098
0.301401
0.317698
0.948057
0.730308
0.536546
0.752129
0.926298
0.217505
0.177099
0.191107
0.000457778
0.282357
0.428236
0.87936
0.462325
0.361614
0.904874
0.0765709
0.581713
0.907407
0.578845
0.78695
0.6798
0.713553
0.347545
0.449507
0.512955
0.314524
0.957945
0.198035
0.82458
0.0627461
0.29313
0.368572
0.0701926
0.0775475
0.22779
0.0814844
0.180914
0.735923
0.928648
0.726493
0.045259
0.254616
0.0789209
0.870907
0.548448
0.316568
0.766442
0.179357
0.992126
0.520096
0.320719
0.126164
0.215217
0.548448
0.0871303
0.577319
0.83227
0.314646
0.727653
0.497604
0.596454
0.23075
0.646352
0.88815
0.602557
0.540574
0.215583
0.327982
0.149022
0.549883
0.515366
0.646931
0.715567
0.700217
0.511979
0.151616
0.727775
0.634663
0.42027
0.239174
0.517441
0.214209
0.00274667
0.822382
0.301492
0.916074
0.578692
0.419111
0.0952483
0.196539
0.285806
0.00442518
0.557054
0.463179
0.199988
0.414594
0.8493
0.575915
0.0123295
0.38789
0.422254
0.567583
0.564592
0.465682
0.74279
0.0916471
0.0546892
0.291787
0.382763
0.361736
0.190405
0.875576
0.684011
0.770898
0.0499893
0.511856
0.252937
0.498733
0.835322
0.9317
0.745476
0.16303
0.0487075
0.733543
0.418256
0.151555
0.797693
0.22248
0.25663
0.965331
0.490677
0.359416
0.791436
0.327494
0.143986
0.607379
0.695761
0.634419
0.43907
0.487533
0.563005
0.406171
0.161565
0.883267
0.30311
0.306711
0.622364
0.525529
0.43376
0.712455
0.376171
0.459334
0.148412
0.230018
0.605243
0.255135
0.399976
0.134404
0.25135
0.154118
0.882229
0.328929
0.237465
0.600909
0.101749
0.555406
0.410382
0.902707
0.140538
0.203558
0.0131535
0.954711
0.577502
0.811274
0.137516
0.174474
0.289773
0.281198
0.978607
0.951292
0.475112
0.186682
0.0209967
0.702292
0.545488
0.485916
0.0871914
0.38609
0.593524
0.998383
0.598651
0.834407
0.458419
0.629017
0.472274
0.679983
0.743431
0.132511
0.758843
0.0102237
0.714896
0.672933
0.121403
0.502579
0.227943
0.132664
0.166173
0.0227363
0.541826
0.851558
0.511307
0.458052
0.501267
0.565661
0.976714
0.945982
0.164159
0.178167
0.136387
0.660298
0.164556
0.028901
0.744194
0.643055
0.201209
0.288919
0.284463
0.761589
0.650624
0.479873
0.648
0.790613
0.30546
0.118748
0.932707
0.619251
0.237861
0.487259
0.369427
0.582934
0.526475
0.372753
0.920652
0.675527
0.856227
0.716758
0.356822
0.241615
0.808344
0.808466
0.25309
0.25013
0.169469
0.117191
0.504837
0.202216
0.906827
0.606586
0.787378
0.202185
0.937803
0.768151
0.852992
0.625843
0.199744
0.746452
0.44615
0.890164
0.36494
0.388195
0.320475
0.973327
0.99472
0.565722
0.70925
0.420026
0.999115
0.540056
0.594836
0.767266
0.469008
0.449355
0.0951567
0.633106
0.0241096
0.702658
0.93994
0.815516
0.454146
0.908414
0.264901
0.567736
0.242378
0.510971
0.167028
0.0239875
0.421339
0.353801
0.583728
0.572131
0.289224
0.642018
0.0191656
0.613086
0.109653
0.571825
0.328013
0.445082
0.773125
0.451582
0.376171
0.629444
0.394482
0.529832
0.469344
0.962249
0.579943
0.591937
0.121342
0.425214
0.467757
0.121708
0.200171
0.428236
0.242927
0.033784
0.657521
0.235389
0.805475
0.482559
0.4991
0.549211
0.400739
0.271249
0.290567
0.0696127
0.212317
0.245705
0.383801
0.0450148
0.671377
0.5786
0.895779
0.624256
0.581561
0.623218
0.404462
0.10419
0.00250252
0.9906
0.119572
0.267769
0.894192
0.704337
0.795862
0.989746
0.381176
0.572375
0.935453
0.644429
0.289346
0.361553
0.69747
0.932493
0.864009
0.787866
0.684866
0.503494
0.116367
0.656484
0.0802637
0.0919523
0.672506
0.199652
0.773949
0.354961
0.677053
0.0388806
0.395215
0.267861
0.14832
0.630055
0.829554
0.0293588
0.129154
0.67983
0.0769677
0.56093
0.17423
0.110843
0.17069
0.291726
0.816279
0.174505
0.64098
0.553575
0.0140385
0.439528
0.419355
0.994263
0.314982
0.38496
0.0402539
0.765252
0.113834
0.0763268
0.855556
0.143101
0.206091
0.0518509
0.471114
0.762627
0.082461
0.798364
0.0616474
0.381054
0.238197
0.261238
0.423597
0.202643
0.577746
0.762261
0.526017
0.566454
0.51738
0.675954
0.657186
0.262154
0.875881
0.306681
0.212928
0.318522
0.0359203
0.401624
0.718863
0.147496
0.809168
0.659932
0.322275
0.802576
0.0528581
0.938871
0.179205
0.113498
0.579119
0.869655
0.107089
0.354747
0.111545
0.491104
0.369945
0.573962
0.220405
0.772271
0.317118
0.178014
0.325388
0.310953
0.71218
0.484115
0.288766
0.145421
0.247261
0.203314
0.009064
0.702017
0.569262
0.256569
0.26603
0.203375
0.275155
0.552049
0.914121
0.725822
0.513077
0.470656
0.661763
0.0655538
0.83517
0.543565
0.568834
0.70983
0.799615
0.374615
0.860469
0.722434
0.107822
0.228523
0.218421
0.577502
0.706229
0.568194
0.316721
0.45439
0.325419
0.299234
0.838801
0.769677
0.701651
0.986663
0.816858
0.39668
0.0937223
0.208625
0.632527
0.301859
0.144719
0.26075
0.516373
0.692953
0.486557
0.380718
0.163549
0.206702
0.182897
0.440565
0.413648
0.389325
0.761254
0.0839869
0.710166
0.311838
0.675497
0.770714
0.594684
0.812616
0.189581
0.337535
0.637684
0.194678
0.945524
0.690603
0.415021
0.262246
0.275124
0.853328
0.0727561
0.270943
0.329356
0.708914
0.217963
0.328776
0.314035
0.076693
0.708823
0.134648
0.55266
0.524979
0.640889
0.222755
0.595203
0.107639
0.763207
0.74633
0.18598
0.797937
0.0163579
0.728416
0.979949
0.304697
0.779229
0.821619
0.827754
0.322459
0.109745
0.617054
0.669759
0.923826
0.614338
0.260933
0.0419324
0.904416
0.990509
0.154363
0.383282
0.516861
0.930174
0.626942
0.771966
0.600909
0.279641
0.887539
0.815668
0.443007
0.489853
0.433515
0.272713
0.998383
0.668233
0.13773
0.215644
0.357677
0.27427
0.304239
0.916654
0.358409
0.33665
0.241493
0.0651875
0.0730308
0.77987
0.434095
0.0555132
0.126286
0.97467
0.705222
0.859188
0.832575
0.220832
0.907712
0.215369
0.279092
0.351848
0.283608
0.230079
0.392071
0.021363
0.63918
0.476211
0.725761
0.419111
0.721732
0.323374
0.489303
0.372234
0.483627
0.0862453
0.1283
0.895383
0.759148
0.31727
0.295511
0.35905
0.502243
0.498947
0.240059
0.382153
0.366008
0.278878
0.771752
0.485092
0.470199
0.489181
0.875454
0.461226
0.149358
0.553423
0.85815
0.00225837
0.574419
0.138951
0.430464
0.204321
0.80636
0.526109
0.816431
0.619037
0.461379
0.802667
0.438398
0.742943
0.265664
0.756157
0.348766
0.326518
0.895749
0.698416
0.825739
0.165929
0.575457
0.504074
0.680441
0.593921
0.756035
0.715873
0.179022
0.615284
0.580248
0.274819
0.554949
0.810694
0.977905
0.558123
0.0236213
0.502731
0.29783
0.713675
0.428175
0.0182196
0.166936
0.203345
0.0925321
0.797906
0.299661
0.264565
0.585803
0.591418
0.0816675
0.143559
0.769768
0.0300913
0.0308237
0.2725
0.411115
0.266488
0.29545
0.439802
0.944792
0.627796
0.585223
0.593463
0.0695822
0.106418
0.187048
0.863857
0.0503555
0.403974
0.353404
0.716269
0.332194
0.236183
0.401074
0.213355
0.0757775
0.182836
0.664907
0.360485
0.0572832
0.262612
0.549913
0.406079
0.396069
0.731071
0.520981
0.759453
0.908078
0.364025
0.412854
0.269295
0.922605
0.590991
0.309915
0.799402
0.802942
0.415021
0.577624
0.679312
0.124058
0.570757
0.2725
0.810389
0.340861
0.54445
0.392224
0.652028
0.220466
0.037019
0.3502
0.79635
0.622517
0.197302
0.189489
0.589801
0.30607
0.685903
0.808313
0.650563
0.139775
0.538957
0.443709
0.527604
0.911191
0.462722
0.291665
0.293252
0.0961333
0.0889309
0.574786
0.594531
0.819086
0.267067
0.582629
0.0347606
0.941954
0.30549
0.311869
0.449538
0.665426
0.685446
0.126743
0.546159
0.437239
0.182318
0.353374
0.583636
0.409131
0.432691
0.340587
0.902341
0.633961
0.744133
0.437239
0.744102
0.911405
0.133427
0.177313
0.360637
0.514725
0.121006
0.270089
0.489334
0.278634
0.698202
0.203192
0.565691
0.468001
0.00848415
0.15659
0.329936
0.645436
0.431227
0.487045
0.390454
0.106845
0.902921
0.644032
0.477218
0.19779
0.463973
0.316111
0.460677
0.582354
0.0974761
0.550066
0.286752
0.734581
0.751854
0.451277
0.582842
0.770257
0.739311
0.289163
0.25782
0.252205
0.57091
0.670675
0.601886
0.734306
0.242714
0.484085
0.744682
0.149602
0.0471511
0.374523
0.320383
0.614734
0.364177
0.608631
0.68392
0.647816
0.5927
0.746757
0.987457
0.42082
0.863887
0.50499
0.10062
0.363506
0.393048
0.346141
0.449293
0.265999
0.0369274
0.481094
0.533921
0.786248
0.919309
0.305765
0.338298
0.591998
0.277871
0.806574
0.509537
0.692496
0.454237
0.0370495
0.0502029
0.0819422
0.622486
0.698538
0.621479
0.695944
0.0708029
0.52382
0.879391
0.685385
0.270211
0.422651
0.984893
0.480789
0.371075
0.763878
0.535752
0.961669
0.23423
0.402203
0.0925626
0.73632
0.187262
0.229957
0.0677816
0.0704062
0.66277
0.803522
0.580615
0.172002
0.53444
0.218055
0.269662
0.482345
0.0746483
0.560717
0.0547807
0.938871
0.286782
0.0548418
0.627247
0.793054
0.572924
0.623676
0.339152
0.0973235
0.081637
0.308786
0.0461745
0.330027
0.401807
0.925871
0.548662
0.34724
0.590411
0.129826
0.77044
0.269234
0.300424
0.929807
0.988067
0.342448
0.569597
0.0487381
0.153905
0.146367
0.68392
0.693197
0.822108
0.165807
0.447768
0.199164
0.0471816
0.294565
0.319987
0.58211
0.308908
0.757958
0.348338
0.0126652
0.841731
0.173772
0.0646077
0.336924
0.0842006
0.107822
0.698386
0.757012
0.268838
0.0186163
0.621113
0.830226
0.673666
0.454573
0.0816981
0.0179754
0.607166
0.190893
0.323557
0.5562
0.157476
0.578234
0.421766
0.277261
0.135716
0.358989
0.440626
0.205329
0.767388
0.912351
0.825678
0.677511
0.346171
0.231544
0.635365
0.174902
0.819147
0.698264
0.906583
0.545427
0.0500504
0.2949
0.0189825
0.415479
0.681234
0.65511
0.467635
0.335398
0.58092
0.683615
0.399548
0.752342
0.179144
0.345744
0.150731
0.785516
0.229377
0.80813
0.305063
0.690481
0.222327
0.206549
0.502579
0.0498672
0.396405
0.554888
0.625416
0.623249
0.969787
0.261605
0.357585
0.636952
0.612781
0.0555742
0.517045
0.772546
0.342692
0.0369274
0.512589
0.28016
0.543016
0.85284
0.216651
0.108097
0.219398
0.712851
0.241157
0.566424
0.942076
0.206854
0.174902
0.810022
0.773003
0.134373
0.892178
0.544298
0.468429
0.378582
0.786828
0.321421
0.0681783
0.479354
0.983703
0.473647
0.12067
0.560808
0.30311
0.651143
0.418806
0.643727
0.890835
0.530045
0.712943
0.450545
0.580706
0.173193
0.835597
0.393902
0.451704
0.207343
0.601764
0.747002
0.699026
0.547319
0.604236
0.572497
0.235206
0.727744
0.450392
0.377911
0.0633564
0.0913419
0.405957
0.91644
0.421583
0.232826
0.51442
0.25248
0.139256
0.00744652
0.123234
0.956175
0.258858
0.217139
0.609272
0.987732
0.511399
0.535325
0.751335
0.192297
0.909665
0.362896
0.341807
0.307627
0.0458998
0.227515
0.856227
0.835322
0.358806
0.231605
0.606006
0.245582
0.81164
0.603717
0.7022
0.540391
0.654286
0.84463
0.363231
0.127079
0.498062
0.248878
0.192572
0.247505
0.766015
0.529618
0.339396
0.652089
0.36259
0.360332
0.585101
0.161748
0.463607
0.346904
0.238563
0.713767
0.796258
0.575304
0.862636
0.796747
0.980041
0.306894
0.568316
0.832575
0.966674
0.590655
0.590228
0.698569
0.625568
0.076693
0.5197
0.579272
0.866756
0.0946684
0.820826
0.621509
0.940672
0.331034
0.0418714
0.0325327
0.63567
0.375195
0.692343
0.446852
0.318857
0.890957
0.936369
0.824854
0.831355
0.202033
0.351451
0.0499893
0.83871
0.299966
0.347118
0.493576
0.252571
0.522813
0.161748
0.0592059
0.0258492
0.865963
0.389874
0.0157476
0.566546
0.288217
0.199988
0.972289
0.367992
0.0657674
0.732383
0.651295
0.169561
0.820368
0.340403
0.355907
0.458937
0.785333
0.0295114
0.599628
0.116062
0.551653
0.405408
0.122257
0.531053
0.764702
0.330424
0.844417
0.555284
0.284524
0.322001
0.199927
0.281899
0.367595
0.703818
0.226478
0.138859
0.00021363
0.172674
0.239082
0.250038
0.135502
0.782922
0.0930509
0.646626
0.178564
0.138615
0.335521
0.149937
0.177709
0.769189
0.492599
0.296609
0.644765
0.0406812
0.252052
0.552538
0.939329
0.441328
0.0575884
0.679708
0.117496
0.698019
0.700888
0.123844
0.476455
0.316904
0.669973
0.197333
0.0672018
0.236824
0.520859
0.117252
0.850185
0.770745
0.289224
0.906217
0.641407
0.559893
0.483169
0.178716
0.166601
0.893674
0.527177
0.138249
0.702445
0.269509
0.346812
0.00219733
0.725181
0.467574
0.619465
0.34669
0.295389
0.90701
0.0437941
0.719932
0.594287
0.634083
0.124607
0.109928
0.522141
0.821986
0.0532548
0.0975677
0.958434
0.592425
0.414502
0.45909
0.138157
0.724235
0.405652
0.300211
0.0838649
0.642354
0.409345
0.700766
0.324412
0.480972
0.598956
0.389386
0.734397
0.337565
0.614063
0.517136
0.444746
0.590106
0.44969
0.55913
0.591632
0.534593
0.879849
0.749626
0.296213
0.238136
0.859157
0.256996
0.37141
0.487899
0.885311
0.700583
0.0641194
0.482711
0.760704
0.581439
0.340403
0.0590228
0.333934
0.419721
0.826746
0.363048
0.490799
0.320719
0.665365
0.432661
0.392682
0.119175
0.649098
0.476852
0.846004
0.758965
0.138127
0.644948
0.712424
0.81811
0.782342
0.428846
0.163366
0.114719
0.621723
0.597247
0.282785
0.326731
0.0911893
0.365154
0.19953
0.561022
0.456069
0.0398572
0.835047
0.925169
0.737266
0.434492
0.0757469
0.98471
0.0166936
0.534776
0.778527
0.953459
0.018952
0.970763
0.268441
0.78695
0.291147
0.818079
0.292581
0.735405
0.77456
0.117832
0.658589
0.403699
0.363109
0.407178
0.646596
0.829798
0.706534
0.403577
0.718375
0.989471
0.969756
0.0365612
0.246864
0.309763
0.629231
0.290353
0.348369
0.157384
0.867794
0.754845
0.839473
0.451827
0.301248
0.319041
0.40376
0.586016
0.882962
0.375408
0.378216
0.262795
0.461287
0.918332
0.576952
0.0563066
0.635914
0.681875
0.53502
0.5768
0.0327769
0.849757
0.0513627
0.170629
0.588885
0.49266
0.198981
0.556291
0.402631
0.35551
0.896115
0.741295
0.256569
0.260628
0.0436415
0.152318
0.629353
0.662618
0.476882
0.254982
0.65273
0.916105
0.599109
0.00201422
0.904416
0.262673
0.404492
0.00250252
0.879421
0.602588
0.00234993
0.310404
0.696799
0.703269
0.557817
0.731895
0.49443
0.248756
0.438368
0.023072
0.347911
0.704978
0.917203
0.695761
0.429975
0.212073
0.703452
0.490829
0.0900296
0.467818
0.175054
0.277596
0.590106
0.695547
0.345805
0.107364
0.523576
0.596606
0.795618
0.924558
0.328318
0.832636
0.151372
0.71337
0.33723
0.434065
0.531236
0.317759
0.515
0.545915
0.848933
0.302896
0.467116
0.465896
0.491684
0.181616
0.085696
0.570788
0.444136
0.00997955
0.0512711
0.341258
0.624104
0.919767
0.554918
0.043672
0.427442
0.0605487
0.221198
0.459395
0.393445
0.855831
0.275948
0.468642
0.645131
0.31138
0.214057
0.547441
0.877743
0.323893
0.449416
0.55565
0.294412
0.148381
0.118717
0.386883
0.370769
0.144414
0.442274
0.284097
0.789575
0.56267
0.351756
0.50087
0.810633
0.0278329
0.508133
0.500595
0.579089
0.486312
0.0354625
0.533097
0.833796
0.538041
0.136387
0.366802
0.614612
0.0831019
0.323527
0.158879
0.548784
0.656026
0.79049
0.590014
0.688559
0.565172
0.215857
0.906735
0.63976
0.910398
0.251228
0.782373
0.933287
0.387982
0.634327
0.802393
0.97177
0.288491
0.180792
0.77749
0.47264
0.283792
0.497635
0.130741
0.566027
0.592608
0.234596
0.174993
0.198706
0.294809
0.693472
0.860164
0.230506
0.335948
0.70806
0.118717
0.65688
0.902707
0.575335
0.561754
0.0255135
0.194861
0.18244
0.77578
0.279214
0.630146
0.295083
0.00167852
0.299753
0.401532
0.846522
0.396619
0.320688
0.994324
0.649007
0.278756
0.276925
0.455336
0.292947
0.787652
0.331034
0.701437
0.296091
0.469985
0.687338
0.79809
0.754814
0.101352
0.724662
0.783319
0.541948
0.170476
0.537217
0.762139
0.923185
0.527787
0.518174
0.583789
0.298166
0.377789
0.754357
0.431227
0.335673
0.793481
0.807215
0.288247
0.684225
0.476424
0.321055
0.297555
0.509751
0.802118
0.843135
0.215003
0.152074
0.08652
0.727531
0.000427259
0.037843
0.335856
0.79928
0.161351
0.878842
0.470382
0.215644
0.780175
0.171667
0.217963
0.181005
0.911374
0.352916
0.0335398
0.149846
0.475143
0.307016
0.50206
0.0805383
0.0248726
0.474715
0.203864
0.845698
0.686758
0.212989
0.813349
0.43379
0.672384
0.00286874
0.213843
0.367168
0.726279
0.0361339
0.747887
0.464217
0.743339
0.0592669
0.232917
0.463546
0.307901
0.0802332
0.875088
0.189062
0.557482
0.632801
0.437452
0.381451
0.20954
0.468642
0.403455
0.372539
0.255623
0.0968963
0.683798
0.200751
0.546556
0.42378
0.584796
0.00628681
0.24311
0.570299
0.479568
0.192114
0.38847
0.397595
0.147526
0.160314
0.93234
0.357738
0.580889
0.0172735
0.708152
0.766137
0.726218
0.418592
0.929258
0.386425
0.38139
0.419813
0.960601
0.18656
0.303415
0.225471
0.75576
0.603504
0.114658
0.539048
0.186071
0.802087
0.373363
0.419263
0.538804
0.15833
0.828944
0.283792
0.248939
0.65685
0.732231
0.241615
0.0277718
0.421033
0.356182
0.149693
0.0360118
0.843074
0.737602
0.519547
0.33076
0.305032
0.953764
0.608509
0.585711
0.830897
0.313273
0.14301
0.0377209
0.251015
0.466414
0.694052
0.0069277
0.141636
0.694601
0.809076
0.164495
0.337046
0.529984
0.56032
0.506943
0.3914
0.452254
0.252632
0.86111
0.140568
0.32844
0.043672
0.454421
0.699698
0.448927
0.371654
0.839198
0.20481
0.139225
0.346049
0.416486
0.246712
0.335429
0.310312
0.33314
0.721183
0.327799
0.0721152
0.61684
0.115207
0.628285
0.491928
0.201605
0.524888
0.393445
0.659169
0.436689
0.0389721
0.0604266
0.102206
0.0892056
0.223518
0.481582
0.312571
0.773644
0.92053
0.732871
0.68038
0.939207
0.884121
0.24543
0.0595721
0.0756859
0.0795312
0.785394
0.651357
0.319987
0.496384
0.375011
0.391095
0.506974
0.28959
0.515946
0.731437
0.48854
0.480239
0.428785
0.615558
0.118961
0.144841
0.849208
0.526536
0.0430006
0.88641
0.924833
0.524644
0.213416
0.0597247
0.789239
0.343699
0.427717
0.378094
0.149785
0.191839
0.00726341
0.375622
0.836085
0.199194
0.628254
0.66213
0.274514
0.575152
0.788385
0.677236
0.753258
0.0958892
0.468459
0.65978
0.293435
0.759911
0.959777
0.0625019
0.0408643
0.174749
0.967864
0.406903
0.477615
0.947417
0.679281
0.428724
0.115574
0.391797
0.428724
0.297189
0.0669271
0.73751
0.900021
0.482894
0.591968
0.617542
0.389813
0.597949
0.198279
0.839442
0.97409
0.469222
0.511612
0.482162
0.366558
0.301675
0.156133
0.733787
0.392743
0.507157
0.217048
0.647572
0.898068
0.728751
0.1124
0.2378
0.475753
0.354778
0.919431
0.242775
0.574816
0.864132
0.243751
0.242073
0.840541
0.157567
0.0816065
0.254982
0.532853
0.526139
0.215491
0.0150456
0.198675
0.399609
0.606464
0.791284
0.115238
0.543504
0.108676
0.471053
0.124577
0.727439
0.365947
0.531388
0.325632
0.0384838
0.881771
0.449324
0.519883
0.259926
0.0614032
0.24192
0.227973
0.0267647
0.190588
0.441633
0.725242
0.270608
0.01236
0.0749229
0.515824
0.630268
0.848109
0.377758
0.871487
0.255593
0.503128
0.380474
0.939177
0.278481
0.26017
0.605304
0.742637
0.232948
0.689596
0.21659
0.914762
0.398572
0.966124
0.684652
0.986602
0.228065
0.347423
0.783624
0.596301
0.553362
0.0110477
0.589099
0.249794
0.210669
0.346171
0.865017
0.420606
0.119236
0.194037
0.486068
0.500076
0.445387
0.455519
0.229041
0.889004
0.625324
0.304636
0.285928
0.671041
0.428602
0.564989
0.877407
0.458754
0.653768
0.390545
0.704459
0.303903
0.326914
0.126377
0.170995
0.0993988
0.471847
0.492172
0.134587
0.794824
0.145177
0.511612
0.543474
0.7828
0.638813
0.822779
0.23722
0.769555
0.534623
0.973327
0.410474
0.677572
0.304331
0.649098
0.121433
0.014771
0.683554
0.9888
0.637867
0.199194
0.413923
0.376324
0.406934
0.273232
0.620136
0.397504
0.826228
0.391614
0.191137
0.913633
0.318125
0.518693
0.337474
0.476455
0.725028
0.845454
0.253304
0.532182
0.737541
0.848689
0.250252
0.792413
0.871273
0.00439467
0.675527
0.254311
0.661428
0.425855
0.777825
0.291391
0.29368
0.596271
0.433149
0.49208
0.299051
0.866817
0.0708029
0.88348
0.146733
0.502609
0.438032
0.0673849
0.343669
0.704428
0.138554
0.26484
0.848506
0.159368
0.795709
0.917997
0.204321
0.113865
0.233711
0.190008
0.949767
0.450972
0.501144
0.900632
0.907285
0.581286
0.363445
0.571764
0.469924
0.299203
0.291269
0.322184
0.651814
0.240242
0.573779
0.264168
0.462752
0.556871
0.215918
0.155156
0.00646992
0.474197
0.467879
0.596912
0.942045
0.470443
0.524033
0.157781
0.480209
0.233436
0.243568
0.509934
0.362011
0.0356151
0.334544
0.695883
0.487289
0.345683
0.82223
0.0303049
0.616932
0.727958
0.434187
0.101596
0.50618
0.145695
0.453413
0.912931
0.294961
0.268288
0.690054
0.0709861
0.426893
0.370586
0.168798
0.017365
0.202399
0.894803
0.249519
0.463393
0.769372
0.677206
0.739372
0.85818
0.777123
0.0416578
0.498184
0.448531
0.240852
0.216681
0.148808
0.600818
0.610614
0.587329
0.0660115
0.0595416
0.259774
0.382153
0.216163
0.16483
0.0450148
0.541276
0.431562
0.546953
0.330546
0.0483718
0.171178
0.427595
0.819849
0.655263
0.810541
0.283242
0.926603
0.732505
0.804346
0.645863
0.571551
0.450819
0.706381
0.777184
0.573168
0.170507
0.481399
0.0106815
0.202857
0.416974
0.365917
0.0452284
0.592608
0.737083
0.569079
0.639607
0.533982
0.456221
0.42732
0.55266
0.280862
0.3961
0.925993
0.101993
0.105289
0.691336
0.0398877
0.44377
0.857631
0.00289926
0.788934
0.389477
0.53676
0.726249
0.800562
0.840999
0.211768
0.551653
0.843684
0.319437
0.794122
0.974425
0.0432752
0.130253
0.668447
0.288736
0.704764
0.442579
0.779809
0.871792
0.278268
0.742912
0.559526
0.111057
0.327219
0.671773
0.601062
0.659566
0.0703452
0.384075
0.698996
0.429579
0.325022
0.550676
0.19718
0.198035
0.541185
0.840785
0.162084
0.181921
0.0465102
0.0582904
0.827998
0.536088
0.379345
0.17362
0.839839
0.808191
0.494308
0.785089
0.855098
0.253304
0.974364
0.699301
0.378765
0.207343
0.458602
0.0643941
0.122013
0.560747
0.0446181
0.504105
0.146489
0.590503
0.42732
0.43553
0.0405896
0.490921
0.0740684
0.122593
0.0844752
0.569842
0.834529
0.258095
0.197974
0.589618
0.576983
0.223365
0.262764
0.023957
0.225471
0.418714
0.577593
0.819208
0.61745
0.263253
0.859249
0.714255
0.918455
0.423811
0.546159
0.911679
0.460555
0.643117
0.662557
0.947844
0.0112613
0.582141
0.533189
0.761773
0.967681
0.321604
0.455061
0.773705
0.615314
0.0318308
0.221107
0.596912
0.537309
0.248238
0.875271
0.61214
0.403577
0.80874
0.625813
0.834284
0.603015
0.362529
0.543046
0.43611
0.776177
0.470565
0.616627
0.72161
0.439772
0.503189
0.37611
0.0809961
0.22306
0.315165
0.911039
0.12009
0.216071
0.388623
0.130528
0.198584
0.550768
0.383343
0.63802
0.217078
0.611805
0.47026
0.893033
0.439863
0.292917
0.638783
0.334452
0.939207
0.352702
0.72457
0.112522
0.350169
0.145146
0.866115
0.528031
0.205817
0.231239
0.760857
0.288949
0.993866
0.681539
0.719047
0.914243
0.392834
0.232276
0.893033
0.638783
0.170721
0.999298
0.766564
0.937773
0.668722
0.711722
0.910031
0.720511
0.750786
0.180517
0.281289
0.632099
0.701529
0.656423
0.887845
0.459487
0.485763
0.806513
0.108463
0.426496
0.694754
0.797723
0.240883
0.156133
0.444563
0.589587
0.309549
0.776543
0.589831
0.482833
0.702689
0.238655
0.268838
0.121372
0.52678
0.301889
0.233924
0.57448
0.337199
0.641804
0.786035
0.682699
0.894375
0.157689
0.56209
0.675497
0.580096
0.192267
0.253853
0.623676
0.921506
0.987762
0.996948
0.268166
0.661824
0.0621052
0.574175
0.612049
0.74044
0.219214
0.249428
0.825312
0.0936613
0.406384
0.458296
0.504776
0.108249
0.959075
0.176946
0.550707
0.220771
0.504959
0.0332957
0.749046
0.535081
0.00418104
0.987671
0.320353
0.310495
0.123325
0.0264595
0.697439
0.890439
0.74575
0.338572
0.638539
0.209571
0.915494
0.869167
0.392285
0.377667
0.0899991
0.223304
0.0826746
0.197516
0.627491
0.819605
0.234931
0.216132
0.834376
0.861934
0.691733
0.0881985
0.235084
0.445265
0.0641499
0.706259
0.59444
0.603565
0.297311
0.299417
0.426557
0.113315
0.272896
0.397534
0.624714
0.81106
0.484481
0.0175481
0.71334
0.391491
0.946593
0.748955
0.203223
0.142003
0.0277413
0.298837
0.583331
0.679006
0.051149
0.221503
0.146977
0.0419935
0.506058
0.210608
0.932646
0.521195
0.38374
0.865902
0.814325
0.0885037
0.3773
0.0129093
0.705466
0.240516
0.154515
0.615864
0.981628
0.54387
0.298379
0.092288
0.0495926
0.0424512
0.969543
0.613514
0.523515
0.431928
0.296213
0.276254
0.944426
0.902127
0.353069
0.272408
0.728385
0.366466
0.690664
0.890042
0.202857
0.574969
0.655843
0.473891
0.184179
0.523515
0.446089
0.69573
0.619434
0.466994
0.875881
0.336467
0.294595
0.299203
0.371746
0.240211
0.547044
0.94409
0.271615
0.324595
0.59621
0.82107
0.529771
0.0148625
0.16361
0.241859
0.780602
0.756981
0.433973
0.363842
0.799738
0.142552
0.355083
0.538804
0.791711
0.398541
0.256874
0.214728
0.530961
0.510605
0.44142
0.642781
0.345805
0.538469
0.690115
0.474837
0.258065
0.264443
0.641896
0.258522
0.238746
0.799585
0.318674
0.916349
0.833979
0.743217
0.147221
0.930052
0.870571
0.972533
0.341929
0.266488
0.678549
0.428755
0.559313
0.177007
0.0379345
0.347545
0.789331
0.528947
0.365123
0.200385
0.844569
0.881344
0.242988
0.684042
0.519852
0.564592
0.172369
0.023011
0.510849
0.62447
0.966094
0.353557
0.631031
0.8099
0.311136
0.721854
0.106113
0.82815
0.735435
0.588794
0.493515
0.973357
0.173833
0.545488
0.654866
0.462233
0.608631
0.101535
0.398999
0.395032
0.325297
0.271828
0.868038
0.120243
0.0928678
0.673025
0.869076
0.222816
0.0584124
0.574084
0.331492
0.637349
0.766656
0.0723899
0.888913
0.886532
0.30427
0.394238
0.586169
0.444319
0.569781
0.320811
0.224219
0.738853
0.753044
0.192663
0.42851
0.316416
0.481948
0.107181
0.0525834
0.303812
0.158238
0.379681
0.459243
0.0647908
0.286294
0.0995514
0.973205
0.698996
0.276254
0.661763
0.909757
0.745262
0.0759606
0.763207
0.0368969
0.519761
0.0464492
0.449782
0.362896
0.265542
0.355113
0.464095
0.425764
0.193274
0.678304
0.338603
0.817438
0.861293
0.0578326
0.764794
0.0720542
0.875607
0.268166
0.594867
0.804468
0.276894
0.245888
0.391034
0.270119
0.122623
0.328043
0.570147
0.193915
0.673238
0.556719
0.827815
0.461592
0.760002
0.424482
0.0842311
0.928281
0.345622
0.305612
0.783837
0.414563
0.0842311
0.274392
0.155217
0.79223
0.220191
0.305582
0.219947
0.588733
0.393109
0.690298
0.618122
0.142613
0.464644
0.159062
0.760063
0.0148625
0.533952
0.491989
0.977813
0.686422
0.18833
0.703604
0.209601
0.676504
0.441572
0.929075
0.548204
0.55565
0.666433
0.219428
0.640828
0.40556
0.542955
0.270608
0.442244
0.595172
0.479415
0.328104
0.605365
0.281747
0.493973
0.780877
0.0392468
0.533189
0.013947
0.702689
0.879513
0.780328
0.208716
0.769402
0.508621
0.530564
0.206183
0.0325938
0.153874
0.151738
0.0745872
0.926176
0.102237
0.866421
0.733573
0.205329
0.491256
0.740471
0.502914
0.59154
0.519639
0.521287
0.628315
0.0776696
0.758507
0.434828
0.653615
0.531114
0.109714
0.982543
0.641011
0.143864
0.988159
0.612171
0.900327
0.513413
0.965697
0.228828
0.397473
0.716727
0.180792
0.0863369
0.487411
0.579974
0.764244
0.619343
0.401929
0.0729392
0.389813
0.40022
0.863338
0.828761
0.950316
0.22129
0.358013
0.301737
0.322123
0.47084
0.619648
0.485366
0.361797
0.142705
0.368999
0.628651
0.947081
0.399701
0.541795
0.500229
0.842067
0.740623
0.635029
0.643391
0.569292
0.562792
0.482742
0.451064
0.21305
0.129276
0.162847
0.330149
0.189856
0.209723
0.468001
0.0317392
0.404614
0.562731
0.597766
0.10242
0.417676
0.119785
0.181616
0.00366222
0.079928
0.27723
0.344096
0.392071
0.261177
0.699942
0.325785
0.711722
0.635762
0.181982
0.276406
0.297098
0.11771
0.0937529
0.100284
0.351024
0.0565203
0.46028
0.881314
0.647114
0.456801
0.388195
0.292001
0.226936
0.427229
0.828364
0.543077
0.392254
0.103488
0.969939
0.581896
0.0777917
0.376659
0.061037
0.423719
0.787591
0.687033
0.145207
0.730949
0.881527
0.654378
0.577441
0.0152898
0.323344
0.560869
0.325327
0.582293
0.874233
0.569567
0.0372326
0.511063
0.568712
0.773919
0.483993
0.911435
0.334758
0.992981
0.491134
0.618061
0.804102
0.15772
0.0200507
0.99472
0.56856
0.862758
0.8446
0.552355
0.535356
0.567705
0.300943
0.0374157
0.344005
0.180425
0.156713
0.76339
0.670644
0.459975
0.559923
0.831324
0.312418
0.213935
0.474288
0.172857
0.674856
0.937956
0.638844
0.88522
0.0196539
0.739097
0.53032
0.0144047
0.216865
0.559557
0.520493
0.783593
0.187109
0.674429
0.577319
0.704733
0.993103
0.023011
0.647175
0.427961
0.681295
0.781945
0.139409
0.020539
0.302347
0.413953
0.289773
0.236396
0.336558
0.500198
0.91055
0.244911
0.693655
0.478805
0.144719
0.818384
0.569475
0.622181
0.610523
0.0422071
0.949675
0.0364391
0.599658
0.243202
0.326731
0.449324
0.619587
0.0269173
0.322031
0.424024
0.423231
0.744346
0.966826
0.373333
0.360729
0.429121
0.684622
0.777734
0.0770287
0.768944
0.60921
0.349315
0.551225
0.708335
0.437056
0.113773
0.0933256
0.227943
0.61745
0.914823
0.441054
0.330973
0.259285
0.702475
0.834132
0.435041
0.747948
0.146001
0.683828
0.469314
0.156713
0.281869
0.26606
0.53502
0.880093
0.309458
0.124607
0.332774
0.900418
0.2772
0.5927
0.532029
0.523453
0.0477309
0.0918302
0.335276
0.422101
0.127262
0.891934
0.85052
0.611255
0.630757
0.116001
0.0553911
0.724967
0.28309
0.476028
0.148778
0.322398
0.502121
0.159978
0.455367
0.423811
0.452864
0.332835
0.227454
0.992035
0.557054
0.414045
0.60979
0.531022
0.606616
0.477371
0.188665
0.900052
0.0614032
0.101291
0.137364
0.648885
0.27781
0.578173
0.408063
0.053621
0.0029603
0.114994
0.0841395
0.0811487
0.186468
0.266457
0.648152
0.294137
0.290139
0.460158
0.941191
0.464736
0.12363
0.444197
0.34785
0.182501
0.17246
0.294961
0.694113
0.397137
0.69509
0.866848
0.610675
0.153874
0.279427
0.610797
0.275552
0.254982
0.272713
0.286019
0.209876
0.0311289
0.0881375
0.293252
0.259407
0.60268
0.619892
0.00631733
0.476516
0.830287
0.764519
0.225288
0.987335
0.494644
0.282571
0.721732
0.700156
0.960875
0.523484
0.897214
0.0883511
0.573321
0.664937
0.362987
0.759148
0.00750755
0.420637
0.614032
0.371685
0.0663472
0.705069
0.468612
0.294839
0.665487
0.540605
0.433241
0.0553606
0.902585
0.288186
0.113926
0.21247
0.298318
0.0836818
0.27131
0.0690634
0.54912
0.417646
0.795587
0.275521
0.185583
0.107761
0.278573
0.222358
0.4738
0.429853
0.183935
0.507645
0.977111
0.42027
0.610797
0.67568
0.0302438
0.486038
0.00482192
0.885739
0.513657
0.631336
0.394818
0.297739
0.168279
0.333964
0.285775
0.459517
0.804926
0.250526
0.768792
0.255165
0.316721
0.594104
0.0125126
0.992859
0.49794
0.904843
0.821802
0.809381
0.456923
0.521043
0.664083
0.551408
0.305216
0.705954
0.457228
0.406995
0.468825
0.64861
0.502182
0.35548
0.00894192
0.352824
0.617389
0.992309
0.647114
0.347423
0.102268
0.580035
0.0182806
0.813898
0.337291
0.474258
0.109684
0.208228
0.295511
0.29252
0.645161
0.805658
0.821406
0.329112
0.195013
0.692892
0.830561
0.829951
0.297311
0.420331
0.717124
0.568682
0.110355
0.126713
0.312174
0.0542924
0.580493
0.66277
0.0261849
0.439344
0.254372
0.807306
0.872066
0.410627
0.30137
0.68215
0.35078
0.0449232
0.0986358
0.64742
0.558794
0.406812
0.525193
0.283212
0.186682
0.678182
0.0028077
0.97824
0.711112
0.150182
0.975158
0.823969
0.37846
0.486251
0.420148
0.692343
0.668783
0.701346
0.730888
0.441694
0.190008
0.212958
0.172704
0.0301218
0.697806
0.0168767
0.465133
0.753777
0.239875
0.488937
0.610004
0.425581
0.305521
0.118229
0.78576
0.82046
0.00500504
0.270882
0.465743
0.652882
0.523118
0.596362
0.522935
0.147771
0.251534
0.697531
0.0433058
0.646443
0.0302133
0.902524
0.862423
0.555132
0.0453505
0.619617
0.000701926
0.132694
0.902737
0.541368
0.386883
0.565539
0.517319
0.182226
0.0911588
0.881588
0.631367
0.125584
0.229865
0.545457
0.0343638
0.558855
0.962096
0.835505
0.355876
0.624287
0.402509
0.206549
0.45912
0.22486
0.679037
0.989593
0.231819
0.410443
0.347667
0.558855
0.487625
0.74163
0.827937
0.563158
0.729514
0.0204474
0.410718
0.52916
0.163121
0.210761
0.326518
0.118381
0.091525
0.347423
0.0376598
0.927152
0.749565
0.0105594
0.628956
0.43376
0.17777
0.511246
0.407697
0.974242
0.533189
0.457503
0.604114
0.441389
0.0551469
0.0785241
0.648
0.227363
0.533647
0.153264
0.387494
0.696646
0.56972
0.185888
0.598041
0.570299
0.566485
0.34254
0.105686
0.171056
0.257027
0.0116276
0.166601
0.648701
0.121555
0.714255
0.241066
0.157384
0.950774
0.762474
0.896237
0.622211
0.452559
0.485549
0.294443
0.521439
0.0903653
0.980743
0.239937
0.633106
0.342601
0.363964
0.112186
0.534288
0.0918607
0.0356456
0.73925
0.865841
0.347453
0.484634
0.44676
0.188635
0.426191
0.391552
0.4214
0.166051
0.126011
0.839839
0.774316
0.240883
0.468154
0.175512
0.19068
0.39201
0.789117
0.664663
0.575854
0.907651
0.702139
0.788263
0.924436
0.872921
0.169256
0.803583
0.774529
0.0159917
0.624775
0.216041
0.270211
0.856929
0.564226
0.588549
0.0831935
0.146672
0.380291
0.885037
0.355632
0.844935
0.124119
0.270638
0.7051
0.346538
0.927091
0.420942
0.324137
0.895199
0.861507
0.236549
0.771386
0.685293
0.0994903
0.0949126
0.558458
0.151341
0.189123
0.0365917
0.283151
0.662435
0.457961
0.401898
0.0831629
0.049379
0.698996
0.101169
0.475875
0.4279
0.28135
0.127567
0.608478
0.130894
0.271767
0.714438
0.276803
0.578387
0.770287
0.64507
0.475967
0.234352
0.523576
0.772301
0.0762352
0.689016
0.663228
0.662801
0.623798
0.865596
0.568896
0.366924
0.352458
0.856807
0.312967
0.804529
0.860347
0.492782
0.326884
0.866573
0.804041
0.210181
0.00958281
0.976104
0.842036
0.147771
0.546495
0.273354
0.90878
0.097293
0.684378
0.920316
0.0884732
0.258156
0.70571
0.411847
0.460707
0.0726646
0.853847
0.847835
0.107212
0.71688
0.414228
0.744804
0.651143
0.16184
0.693716
0.686514
0.540605
0.304239
0.397839
0.897732
0.324839
0.846309
0.361187
0.0614948
0.432905
0.647084
0.702536
0.4344
0.281198
0.307749
0.250282
0.568316
0.484512
0.0315256
0.013947
0.515824
0.134373
0.0588397
0.568957
0.623371
0.0694601
0.757988
0.61333
0.619221
0.261147
0.599017
0.600909
0.978057
0.576403
0.0818812
0.158971
0.11478
0.502274
0.152409
0.348918
0.133671
0.53386
0.468917
0.1648
0.104617
0.212836
0.10062
0.0110782
0.821528
0.447096
0.130222
0.351695
0.383587
0.429456
0.361461
0.261299
0.425459
0.773278
0.584399
0.641194
0.621815
0.616291
0.557939
0.209876
0.956298
0.150884
0.292459
0.954955
0.324809
0.510788
0.623402
0.0906705
0.69097
0.389294
0.108737
0.655507
0.661306
0.451186
0.954192
0.604572
0.325907
0.686148
0.279916
0.0123295
0.102756
0.440474
0.511032
0.272439
0.0689108
0.26429
0.715812
0.471114
0.0627766
0.629871
0.790674
0.661184
0.498245
0.775872
0.474593
0.0996124
0.570605
0.768334
0.307108
0.150334
0.125584
0.352062
0.187353
0.662801
0.628315
0.0953703
0.674642
0.678915
0.526353
0.659383
0.41438
0.265084
0.73809
0.192541
0.688803
0.469405
0.26606
0.0927458
0.403424
0.935209
0.440077
0.334574
0.449477
0.25605
0.189428
0.161657
0.592425
0.41316
0.411451
0.876888
0.378277
0.676687
0.187109
0.148686
0.651509
0.15833
0.964415
0.110477
0.673971
0.987182
0.0183721
0.526749
0.878658
0.504898
0.150975
0.529283
0.256783
0.965392
0.498459
0.565203
0.496323
0.0439467
0.202002
0.192907
0.76104
0.540971
0.911039
0.525224
0.766747
0.804163
0.887936
0.119419
0.286721
0.613025
0.531022
0.00552385
0.599261
0.5421
0.644002
0.112125
0.319559
0.449263
0.830531
0.357036
0.0889615
0.0136113
0.62389
0.850642
0.0804163
0.961058
0.108341
0.651509
0.109348
0.474563
0.251991
0.251595
0.287942
0.650319
0.549638
0.968505
0.259255
0.9447
0.14011
0.830958
0.657399
0.58034
0.287729
0.577899
0.349132
0.358074
0.70748
0.214759
0.516434
0.646748
0.961364
0.500626
0.0922269
0.249123
0.87579
0.952055
0.441298
0.695273
0.263039
0.214423
0.321726
0.272042
0.662435
0.86169
0.204352
0.486831
0.302011
0.68276
0.542039
0.484909
0.854671
0.737877
0.163121
0.750572
0.131352
0.69042
0.475326
0.416608
0.662496
0.754601
0.685903
0.712729
0.26194
0.512955
0.358379
0.592608
0.458571
0.232765
0.468368
0.671896
0.448042
0.513016
0.519486
0.665761
0.210395
0.201636
0.242592
0.537675
0.160527
0.129826
0.0688498
0.928922
0.603748
0.372295
0.109287
0.221595
0.425123
0.19187
0.500229
0.0801111
0.849757
0.446059
0.645375
0.434553
0.35667
0.994629
0.354717
0.290536
0.265236
0.336497
0.454329
0.4232
0.00836207
0.62917
0.0650349
0.566698
0.764367
0.436506
0.387371
0.267037
0.841273
0.526749
0.0761742
0.947539
0.660787
0.737663
0.696585
0.859249
0.273568
0.997742
0.444258
0.579974
0.637501
0.747581
0.667745
0.254158
0.402173
0.205481
0.713248
0.0989715
0.763848
0.114109
0.225074
0.791375
0.469832
0.065981
0.127171
0.506851
0.482376
0.378887
0.778527
0.636067
0.344371
0.244606
0.20365
0.707907
0.54265
0.695822
0.593982
0.267953
0.020661
0.518357
0.917142
0.475753
0.450636
0.754967
0.303507
0.84225
0.954527
0.79165
0.377728
0.758202
0.387829
0.188452
0.164953
0.988952
0.602863
0.821558
0.222327
0.445082
0.494217
0.492203
0.490524
0.282144
0.827082
0.702689
0.0710776
0.863124
0.308237
0.583544
0.113163
0.569781
0.893735
0.775628
0.725181
0.230781
0.0469985
0.446333
0.460463
0.842341
0.864528
0.558977
0.553758
0.602588
0.41377
0.755516
0.735099
0.503342
0.334697
0.198248
0.562731
0.61684
0.0422987
0.0720542
0.980346
0.255226
0.289773
0.0524613
0.676199
0.347484
0.748741
0.320109
0.743004
0.701987
0.3708
0.674398
0.435163
0.793115
0.899442
0.386181
0.498001
0.850826
0.522507
0.23014
0.0971099
0.20011
0.177557
0.555467
0.346446
0.415632
0.563066
0.368145
0.702017
0.56682
0.687674
0.191382
0.88052
0.174566
0.8717
0.603229
0.34196
0.699301
0.141575
0.787317
0.246712
0.154241
0.749535
0.208533
0.537431
0.817988
0.414136
0.146123
0.226814
0.109134
0.959136
0.326334
0.457289
0.109928
0.735252
0.0993072
0.0698874
0.197363
0.241646
0.124332
0.118107
0.730247
0.255989
0.435011
0.656514
0.255684
0.534806
0.498367
0.487228
0.522568
0.629139
0.782098
0.275338
0.490341
0.0115665
0.483444
0.291879
0.439589
0.960845
0.507248
0.284799
0.460433
0.483352
0.436811
0.309732
0.169042
0.340587
0.516556
0.0110172
0.66216
0.365368
0.599475
0.163091
0.0793481
0.950865
0.894559
0.545122
0.099002
0.939482
0.299081
0.576037
0.342784
0.901151
0.567705
0.844142
0.362926
0.126804
0.202002
0.802698
0.569903
0.114841
0.0501419
0.202094
0.585894
0.879665
0.30195
0.112644
0.53383
0.765007
0.659383
0.03708
0.65099
0.798303
0.0109256
0.471999
0.644307
0.278878
0.65511
0.21897
0.615406
0.582202
0.408582
0.78872
0.965697
0.0952177
0.930052
0.639851
0.368206
0.0512101
0.0693075
0.416913
0.690939
0.398572
0.798975
0.107303
0.00256355
0.397382
0.928373
0.162755
0.502457
0.424055
0.593188
0.867641
0.492599
0.738701
0.747581
0.385449
0.0940886
0.417219
0.157201
0.0596637
0.147343
0.693258
0.0167547
0.890255
0.0389111
0.765831
0.810907
0.779931
0.888272
0.193548
0.542467
0.754997
0.259377
0.596088
0.0544755
0.317728
0.492874
0.421094
0.114872
0.037141
0.400281
0.825617
0.628498
0.758843
0.230903
0.612415
0.214393
0.309763
0.988189
0.793725
0.720389
0.562578
0.354625
0.614521
0.595874
0.490524
0.568499
0.133824
0.65389
0.164953
0.710593
0.389538
0.700858
0.875729
0.903439
0.117008
0.712485
0.586963
0.584643
0.345134
0.672933
0.102237
0.4373
0.136998
0.564409
0.33375
0.349651
0.383282
0.300272
0.461226
0.490555
0.674062
0.824915
0.678823
0.382885
0.382519
0.130131
0.275704
0.279824
0.583911
0.396008
0.269875
0.315561
0.234657
0.986053
0.628742
0.220161
0.128391
0.714866
0.87582
0.170141
0.0200507
0.261116
0.8258
0.23075
0.484909
0.216468
0.709189
0.28605
0.38496
0.302042
0.738762
0.787835
0.647328
0.432936
0.152318
0.005768
0.553941
0.869015
0.676015
0.497665
0.267586
0.700278
0.213538
0.494552
0.127171
0.538316
0.763024
0.103854
0.41615
0.8399
0.863186
0.182379
0.0445875
0.744896
0.429456
0.251778
0.176489
0.676382
0.714652
0.19895
0.381115
0.5309
0.34846
0.72103
0.146855
0.232734
0.275216
0.118564
0.661916
0.290414
0.0350047
0.500473
0.321146
0.175359
0.142186
0.587268
0.252388
0.00521867
0.0920743
0.0232551
0.463118
0.584155
0.794977
0.727836
0.915403
0.983093
0.294992
0.992798
0.384838
0.455885
0.661672
0.0965911
0.0252083
0.783319
0.372509
0.70333
0.724937
0.650838
0.768029
0.666463
0.410627
0.69216
0.3914
0.684408
0.541337
0.236305
0.369976
0.79873
0.537431
0.735557
0.12479
0.21775
0.774895
0.679647
0.404767
0.27018
0.587481
0.241035
0.994751
0.156865
0.844203
0.429823
0.428053
0.120518
0.168096
0.133763
0.00567644
0.515519
0.666158
0.459334
0.168981
0.878628
0.681967
0.697684
0.225593
0.559465
0.585772
0.796411
0.597003
0.814417
0.893185
0.758263
0.585406
0.780145
0.190832
0.308878
0.74929
0.58446
0.687216
0.904202
0.0836512
0.117344
0.598224
0.215857
0.604938
0.582141
0.694327
0.876186
0.909635
0.409497
0.359478
0.9111
0.364177
0.0927152
0.918943
0.736564
0.988556
0.20777
0.242836
0.179937
0.413434
0.841487
0.0883206
0.353252
0.097232
0.786035
0.705191
0.523881
0.408521
0.394696
0.808191
0.47908
0.139073
0.127567
0.264473
0.133976
0.506455
0.368358
0.254982
0.452071
0.373669
0.72158
0.309671
0.925748
0.237159
0.390484
0.364727
0.454146
0.904569
0.553697
0.821894
0.666128
0.519883
0.913511
0.535691
0.0762352
0.410138
0.671072
0.101779
0.071688
0.818751
0.996307
0.486831
0.501724
0.133091
0.171026
0.62093
0.305185
0.561052
0.200323
0.647023
0.668538
0.769951
0.606037
0.226936
0.381878
0.221412
0.190863
0.328166
0.497055
0.420026
0.389416
0.392804
0.151097
0.968261
0.631275
0.145238
0.806207
0.521012
0.586016
0.21015
0.151158
0.219947
0.780267
0.424177
0.789544
0.649403
0.507492
0.0564898
0.219062
0.741783
0.581133
0.727866
0.790307
0.722007
0.658467
0.0484939
0.253273
0.660878
0.259041
0.640553
0.714621
0.284524
0.813685
0.719565
0.731254
0.663015
0.366039
0.458937
0.377972
0.118564
0.509873
0.10123
0.86523
0.0658589
0.922513
0.249641
0.192083
0.629688
0.524155
0.758232
0.26838
0.727012
0.648366
0.086581
0.381787
0.513932
0.423627
0.276711
0.399853
0.991394
0.917631
0.960234
0.269234
0.478927
0.101993
0.24134
0.473464
0.0629902
0.957579
0.328745
0.681417
0.599414
0.368358
0.636402
0.242042
0.0318308
0.569414
0.681783
0.852962
0.0546281
0.825343
0.394116
0.524308
0.853908
0.538011
0.464736
0.873074
0.442579
0.185675
0.529374
0.401624
0.953124
0.185064
0.905667
0.246406
0.349406
0.379589
0.0618
0.549913
0.140446
0.83404
0.861568
0.587115
0.109531
0.965239
0.0556658
0.409375
0.764275
0.350352
0.784845
0.790277
0.596026
0.410779
0.677908
0.589679
0.243416
0.0661946
0.0550249
0.614154
0.998321
0.442091
0.660817
0.352306
0.538896
0.433088
0.16831
0.758843
0.900784
0.872677
0.0410474
0.0686972
0.0466933
0.102725
0.569964
0.60506
0.332804
0.0624409
0.502548
0.608966
0.443129
0.935301
0.10593
0.221931
0.678823
0.230567
0.658895
0.21012
0.255623
0.773125
0.530045
0.399396
0.17658
0.7228
0.353832
0.257302
0.470229
0.719108
0.331217
0.600238
0.55388
0.150761
0.655416
0.425275
0.721885
0.550066
0.0628071
0.758995
0.112583
0.508591
0.281289
0.67864
0.341594
0.448714
0.586108
0.360302
0.910215
0.66689
0.0930509
0.603076
0.422315
0.299966
0.7116
0.784448
0.539506
0.296121
0.352763
0.465743
0.321268
0.261116
0.101505
0.106815
0.16419
0.0840785
0.616871
0.758843
0.550737
0.17185
0.0816981
0.0839259
0.307108
0.0531632
0.595752
0.654073
0.259438
0.498123
0.0210578
0.601581
0.852718
0.793786
0.362407
0.126102
0.599536
0.325663
0.647664
0.00473037
0.760857
0.908139
0.213904
0.382611
0.0856655
0.279916
0.849574
0.937773
0.102817
0.967559
0.0777917
0.39729
0.751823
0.0715964
0.457472
0.629078
0.622242
0.0427564
0.138066
0.544908
0.931547
0.00616474
0.629231
0.176763
0.694632
0.158452
0.267739
0.699667
0.0656758
0.655782
0.269906
0.322886
0.0844142
0.679525
0.178411
0.121769
0.461196
0.314859
0.131626
0.209632
0.802728
0.289071
0.162511
0.706778
0.529679
0.28489
0.82284
0.710318
0.52208
0.940428
0.234504
0.0715049
0.796777
0.6816
0.524552
0.966918
0.122562
0.348735
0.0946379
0.768853
0.581317
0.477035
0.699179
0.336528
0.538682
0.0531632
0.476272
0.234443
0.685141
0.405194
0.415693
0.777795
0.609119
0.253883
0.457015
0.385235
0.879665
0.60625
0.974731
0.015717
0.749046
0.568468
0.391858
0.0928068
0.299722
0.814753
0.421827
0.512558
0.880825
0.353313
0.75164
0.654927
0.321238
0.420698
0.781915
0.668599
0.343364
0.423933
0.000824
0.447737
0.275979
0.337016
0.0388501
0.93408
0.6198
0.249977
0.678671
0.0108951
0.209418
0.343669
0.943785
0.0145268
0.475387
0.918393
0.473373
0.771264
0.903409
0.656117
0.733482
0.599384
0.786035
0.247505
0.362163
0.683004
0.429823
0.218757
0.411084
0.270638
0.677725
0.772942
0.023896
0.491775
0.524552
0.690878
0.283944
0.770959
0.0654622
0.0173345
0.783471
0.350169
0.102756
0.490768
0.352245
0.779748
0.164037
0.082461
0.0909757
0.605731
0.827235
0.725516
0.529954
0.658864
0.511643
0.642293
0.923338
0.434462
0.187872
0.873287
0.646352
0.0629902
0.0253304
0.823115
0.255043
0.617725
0.349803
0.534257
0.386212
0.146825
0.174932
0.199896
0.532731
0.33668
0.973418
0.307047
0.806024
0.36021
0.298807
0.71395
0.850307
0.768822
0.345317
0.722526
0.675436
0.337046
0.216224
0.923032
0.685781
0.451155
0.00982696
0.168065
0.642903
0.282785
0.529923
0.870785
0.491531
0.592242
0.939573
0.381329
0.328837
0.762047
0.251503
0.580279
0.378857
0.566576
0.300272
0.940703
0.436811
0.718131
0.598163
0.353893
0.831813
0.188726
0.564745
0.362346
0.733726
0.0682394
0.292489
0.797784
0.315134
0.585345
0.150304
0.156865
0.477981
0.0526749
0.299264
0.31489
0.393658
0.386364
0.55623
0.248115
0.395703
0.780999
0.682394
0.702353
0.0840175
0.654317
0.849422
0.738029
0.721671
0.791406
0.626484
0.293527
0.225929
0.0771203
0.750267
0.831996
0.571276
0.647664
0.30842
0.329142
0.0289621
0.253853
0.616108
0.722221
0.0521256
0.415143
0.635639
0.892575
0.881405
0.650197
0.695975
0.366649
0.358013
0.538499
0.428938
0.308939
0.276437
0.698355
0.491592
0.250893
0.451857
0.42851
0.265053
0.0290841
0.371349
0.772454
0.429914
0.216926
0.0996124
0.421461
0.511826
0.296701
0.485549
0.717124
0.281289
0.399304
0.00634785
0.0511795
0.533921
0.220985
0.147832
0.118961
0.434156
0.251137
0.29194
0.94763
0.323191
0.884121
0.636555
0.899289
0.404675
0.0369274
0.418043
0.167577
0.79986
0.22013
0.358531
0.87228
0.507248
0.702628
0.196783
0.835231
0.0741295
0.271737
0.240913
0.247627
0.926511
0.0750755
0.0156255
0.19602
0.824335
0.619404
0.918088
0.729667
0.463179
0.100925
0.700613
0.654225
0.594348
0.400678
0.490646
0.179632
0.51326
0.497269
0.250862
0.709128
0.2949
0.131321
0.429334
0.265816
0.187872
0.0654622
0.920164
0.0195624
0.486282
0.249489
0.436903
0.277139
0.785974
0.189856
0.892331
0.574511
0.0218818
0.0758995
0.725089
0.382305
0.070864
0.20188
0.541704
0.831843
0.594867
0.427717
0.0773339
0.708182
0.282723
0.531541
0.506638
0.220801
0.665639
0.735313
0.73867
0.374126
0.812952
0.11713
0.664785
0.894009
0.361003
0.737754
0.506211
0.171392
0.721793
0.292978
0.329478
0.47145
0.856319
0.351543
0.688437
0.0190741
0.091464
0.303232
0.47383
0.396161
0.214423
0.552873
0.211158
0.277444
0.806391
0.901761
0.245399
0.96292
0.324686
0.286111
0.38551
0.178411
0.309763
0.6404
0.67391
0.00146489
0.281137
0.912107
0.37495
0.0417798
0.525346
0.968535
0.564898
0.468123
0.0166631
0.108036
0.730399
0.224311
0.927061
0.57271
0.307962
0.559801
0.384472
0.46025
0.526902
0.39964
0.719138
0.475753
0.352153
0.751061
0.134342
0.447371
0.536882
0.3296
0.163121
0.305582
0.481704
0.273507
0.19892
0.451704
0.391919
0.437819
0.486221
0.0506607
0.98114
0.230232
0.352245
0.406384
0.813868
0.610157
0.567553
0.443434
0.340251
0.346843
0.370495
0.359111
0.116916
0.0522477
0.508286
0.443892
0.161626
0.6451
0.340068
0.849086
0.158513
0.473312
0.82873
0.51091
0.0701621
0.477248
0.609027
0.583483
0.525773
0.387341
0.538591
0.452864
0.318583
0.786035
0.550462
0.700736
0.771294
0.437483
0.451216
0.631916
0.216498
0.826472
0.956725
0.429304
0.203162
0.200049
0.590747
0.0332652
0.795953
0.23661
0.950194
0.160344
0.52443
0.462081
0.541124
0.238105
0.38432
0.594501
0.3202
0.469741
0.189489
0.286691
0.897092
0.296793
0.617298
0.106693
0.833552
0.184759
0.824213
0.607898
0.423109
0.109989
0.370891
0.837214
0.257759
0.49913
0.450423
0.622974
0.979156
0.0125431
0.141484
0.166417
0.61861
0.718863
0.422437
0.281564
0.605335
0.471664
0.500504
0.788598
0.111637
0.167516
0.107242
0.242439
0.0547807
0.948576
0.98999
0.204382
0.182958
0.454207
0.652821
0.229408
0.274361
0.164098
0.604389
0.778771
0.200629
0.246834
0.54442
0.812159
0.188482
0.218055
0.738273
0.604602
0.831385
0.156377
0.54857
0.471694
0.0740379
0.803522
0.308603
0.661672
0.0542009
0.161748
0.854183
0.773156
0.714042
0.855708
0.0720847
0.480087
0.820612
0.787835
0.344737
0.683401
0.61272
0.379406
0.161565
0.421216
0.306589
0.311075
0.553941
0.472823
0.531022
0.964751
0.0823695
0.0864895
0.989441
0.35078
0.689962
0.278573
0.187323
0.932737
0.337474
0.626576
0.453871
0.619953
0.820887
0.771538
0.575091
0.485977
0.422895
0.166845
0.607257
0.792444
0.91055
0.736229
0.134098
0.927122
0.789239
0.342753
0.335643
0.720511
0.351268
0.691519
0.164586
0.0957976
0.290841
0.157689
0.0303049
0.119877
0.427992
0.129948
0.500565
0.534898
0.137608
0.24012
0.582568
0.289193
0.320444
0.336497
0.0568865
0.97763
0.485488
0.613636
0.339091
0.919675
0.306711
0.402997
0.476455
0.12946
0.0920438
0.735954
0.364574
0.259407
0.51326
0.198309
0.346751
0.295022
0.802026
0.666738
0.415326
0.347942
0.1301
0.325877
0.435194
0.018952
0.925626
0.244423
0.113193
0.0244148
0.933317
0.394452
0.268502
0.369671
0.896786
0.769219
0.750603
0.622761
0.64568
0.573229
0.165807
0.486648
0.328776
0.0981475
0.111423
0.442305
0.710135
0.0195013
0.170507
0.312571
0.0381176
0.313425
0.606525
0.0503555
0.106784
0.233375
0.662496
0.637715
0.756615
0.443342
0.139958
0.215217
0.582507
0.0705283
0.860561
0.333476
0.924192
0.844813
0.95053
0.691916
0.164708
0.834651
0.370586
0.345653
0.333506
0.761956
0.118717
0.780053
0.254341
0.481552
0.436659
0.899106
0.0435804
0.7828
0.574053
0.66567
0.724815
0.0793481
0.301126
0.663198
0.190802
0.11478
0.794122
0.246651
0.963683
0.592547
0.245918
0.759484
0.300912
0.453932
0.38609
0.0877712
0.0610675
0.37083
0.769463
0.795709
0.453413
0.421583
0.858241
0.682333
0.229011
0.717032
0.199011
0.383923
0.186102
0.812067
0.2725
0.396893
0.0945463
0.362651
0.743553
0.480117
0.265969
0.161046
0.307169
0.659383
0.168371
0.836177
0.944273
0.645741
0.146458
0.998566
0.719871
0.157231
0.857631
0.322306
0.521378
0.563341
0.0726035
0.65453
0.601428
0.536943
0.343974
0.179693
0.295206
0.651692
0.465896
0.362072
0.919553
0.699393
0.993927
0.0103763
0.769005
0.839991
0.987335
0.737877
0.487655
0.687307
0.578722
0.705741
0.0729698
0.962218
0.317515
0.565447
0.158879
0.948576
0.973052
0.863124
0.376202
0.335673
0.116092
0.418073
0.394787
0.300088
0.549547
0.307321
0.12125
0.80047
0.941862
0.5468
0.0166021
0.789209
0.487808
0.418409
0.332804
0.430738
0.381909
0.883114
0.220252
0.848537
0.390088
0.0394299
0.854823
0.468734
0.290292
0.699454
0.646443
0.711661
0.619922
0.658986
0.547258
0.157231
0.253151
0.168889
0.26014
0.139378
0.265572
0.541673
0.292825
0.485275
0.422254
0.546007
0.508621
0.472488
0.926237
0.802179
0.910825
0.481277
0.900327
0.349528
0.506272
0.662648
0.28782
0.409314
0.77224
0.811914
0.258156
0.239235
0.191412
0.837245
0.0892972
0.0988495
0.529588
0.344493
0.0652486
0.397717
0.298074
0.458663
0.48616
0.831507
0.697012
0.778039
0.38255
0.986267
0.454054
0.199377
0.246742
0.0567949
0.523515
0.813074
0.75811
0.131199
0.64568
0.814905
0.350078
0.715384
0.119083
0.498032
0.914853
0.102878
0.135441
0.181646
0.597888
0.353557
0.275155
0.970763
0.68865
0.185247
0.199042
0.0390027
0.324839
0.0738243
0.724235
0.254067
0.301523
0.95996
0.471541
0.689444
0.420179
0.975829
0.576586
0.357524
0.506272
0.712119
0.433821
0.350047
0.763817
0.406598
0.152104
0.730064
0.750298
0.334666
0.530747
0.57387
0.0975677
0.690878
0.187628
0.670797
0.324778
0.953368
0.678182
0.000183111
0.804315
0.656911
0.269265
0.578722
0.677511
0.548082
0.65978
0.125278
0.213233
0.674825
0.360546
0.0557878
0.435286
0.64388
0.882168
0.279305
0.162725
0.210913
0.368908
0.938505
0.0545061
0.100314
0.744407
0.268197
0.0925321
0.601215
0.865322
0.325632
0.412519
0.411084
0.445174
0.192877
0.97882
0.69039
0.349712
0.682028
0.973846
0.0929594
0.668355
0.207312
0.278207
0.166723
0.642048
0.231605
0.378491
0.583544
0.224128
0.44969
0.506363
0.12534
0.861232
0.536302
0.178564
0.938597
0.503159
0.298318
0.601581
0.156652
0.118198
0.282571
0.0623188
0.758843
0.531175
0.454115
0.369121
0.361644
0.709128
0.491989
0.73043
0.0975982
0.398206
0.720908
0.789941
0.458296
0.558
0.156926
0.333171
0.246467
0.694021
0.340953
0.151677
0.0173345
0.917356
0.0451674
0.860653
0.760582
0.588946
0.513901
0.820063
0.194555
0.202002
0.503159
0.133244
0.844722
0.0701315
0.949736
0.195227
0.216681
0.344188
0.561113
0.0783715
0.29368
0.510697
0.203803
0.837611
0.174871
0.601856
0.198248
0.0951872
0.749321
0.217902
0.797571
0.435408
0.407727
0.214789
0.563494
0.136631
0.163671
0.604511
0.75866
0.519364
0.0383618
0.0434278
0.0787988
0.15482
0.28547
0.140599
0.890774
0.600757
0.873318
0.555406
0.322062
0.411451
0.782342
0.58742
0.517533
0.63741
0.270882
0.311869
0.867855
0.372356
0.55623
0.373119
0.970031
0.612873
0.431684
0.479446
0.424848
0.264168
0.0173345
0.593982
0.00140385
0.754723
0.63567
0.478195
0.228828
0.967284
0.711051
0.572283
0.393048
0.504959
0.146397
0.271401
0.513779
0.257179
0.540971
0.247566
0.330271
0.711264
0.0309763
0.367595
0.501053
0.392224
0.408307
0.577929
0.856563
0.688467
0.0888699
0.134556
0.52794
0.666738
0.248207
0.25547
0.227363
0.606128
0.805506
0.614032
0.217719
0.472793
0.420972
0.718833
0.458235
0.174963
0.173498
0.431349
0.314982
0.778161
0.512162
0.372478
0.47911
0.676107
0.964324
0.50325
0.886929
0.131291
0.48674
0.407697
0.041261
0.476699
0.654103
0.521165
0.230201
0.682211
0.38374
0.562822
0.870937
0.102573
0.0404675
0.661641
0.408612
0.35548
0.241981
0.631581
0.488845
0.552477
0.74575
0.856685
0.263619
0.203253
0.531266
0.517045
0.362316
0.195013
0.752373
0.650929
0.528764
0.174596
0.355724
0.244942
0.0524308
0.397412
0.778436
0.163793
0.344615
0.576006
0.908475
0.611011
0.631214
0.436048
0.41554
0.0136113
0.0848415
0.355022
0.378796
0.534288
0.130222
0.640065
0.148625
0.0101627
0.358806
0.164739
0.27955
0.695456
0.541978
0.785699
0.764672
0.744407
0.649373
0.754234
0.801508
0.739708
0.651326
0.38667
0.0721763
0.126377
0.86169
0.771874
0.194525
0.45671
0.349925
0.882046
0.33375
0.367779
0.425245
0.894498
0.0215766
0.642842
0.783807
0.28428
0.442854
0.855281
0.312601
0.437391
0.583819
0.196356
0.737602
0.302652
0.648518
0.264046
0.55443
0.870815
0.890133
0.209418
0.45024
0.50557
0.558794
0.570788
0.793146
0.672658
0.120029
0.594897
0.843959
0.336772
0.28724
0.761162
0.588244
0.317454
0.391308
0.844874
0.819514
0.222144
0.71276
0.275918
0.804621
0.528092
0.763329
0.8623
0.376507
0.680776
0.104282
0.461074
0.26191
0.752007
0.374279
0.552293
0.115696
0.230811
0.32487
0.635395
0.0804163
0.191015
0.419233
0.13599
0.747307
0.637501
0.083224
0.723624
0.650105
0.898923
0.976409
0.519395
0.510849
0.21601
0.591144
0.75164
0.0192877
0.660909
0.105228
0.0757164
0.871059
0.423658
0.5786
0.265999
0.0306711
0.586657
0.911161
0.320139
0.0806604
0.0934172
0.340465
0.229163
0.0742821
0.118351
0.713584
0.665517
0.602344
0.32899
0.281564
0.354259
0.568468
0.372417
0.734886
0.32017
0.54268
0.173437
0.821741
0.246864
0.0169073
0.0999786
0.0683309
0.363659
0.755364
0.452498
0.369915
0.29606
0.565722
0.591662
0.939146
0.597736
0.841182
0.660421
0.173437
0.232795
0.187262
0.534501
0.225013
0.314554
0.552049
0.290536
0.218146
0.317698
0.826807
0.976592
0.735771
0.00845363
0.671773
0.238411
0.421735
0.400128
0.0760216
0.361034
0.881252
0.357524
0.296823
0.160802
0.44612
0.652852
0.150456
0.472335
0.748039
0.0130619
0.491775
0.0189215
0.14359
0.379009
0.741417
0.201086
0.154973
0.407849
0.540666
0.0791345
0.673025
0.687124
0.309702
0.629841
0.245827
0.970428
0.213935
0.787011
0.285958
0.0407727
0.9335
0.367412
0.402326
0.698965
0.557878
0.121616
0.605335
0.909635
0.148778
0.167577
0.001648
0.717124
0.727165
0.179144
0.504105
0.687826
0.812037
0.275338
0.995178
0.775567
0.971831
0.860591
0.519578
0.647206
0.504959
0.350566
0.434889
0.316935
0.277902
0.250618
0.482772
0.511002
0.59273
0.375744
0.228675
0.567736
0.272408
0.718833
0.677664
0.200201
0.245674
0.497055
0.507675
0.317667
0.843776
0.267891
0.386608
0.0482192
0.25135
0.508713
0.409833
0.287301
0.627583
0.493912
0.597888
0.328776
0.613849
0.141636
0.928617
0.524522
0.0127567
0.879849
0.582965
0.439344
0.519791
0.629566
0.560076
0.472182
0.405103
0.485946
0.718589
0.849605
0.180548
0.873531
0.667653
0.304483
0.596271
0.885556
0.493271
0.955565
0.300485
0.0986663
0.428632
0.344615
0.0252083
0.365307
0.755333
0.502274
0.923093
0.0712302
0.685476
0.470046
0.656362
0.530045
0.606861
0.618
0.807611
0.855068
0.948302
0.160985
0.688375
0.328379
0.831813
0.0880154
0.240089
0.315012
0.194952
0.102512
0.63625
0.982849
0.277108
0.518662
0.695883
0.00357067
0.728965
0.358104
0.743522
0.0681173
0.25367
0.419568
0.399579
0.354991
0.469649
0.539781
0.374065
0.154698
0.397717
0.84756
0.42909
0.204047
0.710654
0.585772
0.270852
0.174474
0.514115
0.530412
0.194037
0.730094
0.8829
0.764367
0.561907
0.646535
0.729209
0.803919
0.424482
0.298013
0.538408
0.17658
0.790582
0.526963
0.459822
0.296823
0.0224006
0.289254
0.354839
0.657277
0.365276
0.753929
0.342387
0.926786
0.035371
0.401624
0.880917
0.148473
0.336161
0.70983
0.541124
0.687124
0.607654
0.510636
0.644612
0.884854
0.113041
0.546159
0.923185
0.226081
0.518815
0.662557
0.229713
0.297464
0.370586
0.481643
0.404645
0.652181
0.00643941
0.27427
0.192419
0.813532
0.619068
0.907773
0.734916
0.149663
0.761864
0.229225
0.819178
0.396069
0.344218
0.80871
0.529649
0.326426
0.243507
0.474319
0.156621
0.85464
0.428022
0.733604
0.71334
0.633442
0.152806
0.821589
0.418256
0.649831
0.427229
0.158025
0.543443
0.169927
0.324168
0.234626
0.461318
0.989319
0.468947
0.151494
0.853206
0.217841
0.734153
0.463393
0.52324
0.317057
0.252754
0.262886
0.14536
0.901578
0.252815
0.32786
0.262459
0.323038
0.558458
0.517075
0.365764
0.935942
0.84817
0.372509
0.816095
0.426252
0.358562
0.626911
0.131321
0.197272
0.0310373
0.232032
0.129643
0.355571
0.844691
0.506882
0.252541
0.950438
0.568468
0.373241
0.394696
0.038789
0.16007
0.165014
0.432112
0.876888
0.564653
0.765679
0.302072
0.335826
0.435194
0.678884
0.0448317
0.489395
0.585223
0.216224
0.00473037
0.152776
0.0106204
0.386608
0.222724
0.750969
0.822932
0.710837
0.275704
0.213355
0.558031
0.817042
0.595782
0.0936308
0.62685
0.241676
0.0597552
0.455336
0.566179
0.80459
0.683309
0.28901
0.623676
0.0746178
0.543168
0.582598
0.66039
0.419233
0.579028
0.77398
0.404614
0.562792
0.707572
0.773705
0.0383007
0.264992
0.444411
0.11597
0.395856
0.798914
0.100467
0.760796
0.129551
0.472732
0.503128
0.756615
0.392407
0.123081
0.121403
0.0360424
0.795434
0.819361
0.612507
0.216346
0.281472
0.139683
0.690817
0.506668
0.243171
0.638173
0.0930815
0.323649
0.940306
0.213324
0.809687
0.0873745
0.72393
0.15833
0.674642
0.798853
0.699179
0.166723
0.56682
0.0868252
0.335246
0.300058
0.214759
0.850551
0.804224
0.628071
0.182165
0.0439772
0.828822
0.579028
0.113956
0.0708945
0.189978
0.805841
0.874783
0.89053
0.533006
0.295328
0.22779
0.549669
0.380413
0.360515
0.589496
0.233314
0.467391
0.250893
0.666707
0.640522
0.469039
0.629597
0.572069
0.790063
0.947844
0.251015
0.406201
0.0308847
0.29136
0.0691855
0.196356
0.484176
0.399213
0.12064
0.893674
0.355968
0.00646992
0.739799
0.501602
0.100436
0.740867
0.935759
0.301614
0.493851
0.861476
0.722617
0.795129
0.476699
0.030549
0.233711
0.0816981
0.331584
0.224006
0.646565
0.344798
0.0954314
0.811975
0.637898
0.927732
0.559679
0.308145
0.219855
0.665456
0.779107
0.204657
0.459334
0.577441
0.47261
0.0667745
0.754082
0.753502
0.283242
0.2566
0.611408
0.30018
0.24778
0.279824
0.466384
0.559282
0.0828883
0.769524
0.31843
0.775567
0.324229
0.7069
0.500565
0.90286
0.375225
0.87051
0.087405
0.974212
0.243599
0.17481
0.305185
0.427625
0.711966
0.644765
0.289163
0.246223
0.555437
0.573901
0.612049
0.589923
0.168279
0.310373
0.659444
0.155614
0.561907
0.738273
0.402753
0.708304
0.260842
0.547166
0.307077
0.0780053
0.639943
0.518662
0.349071
0.715751
0.350261
0.605976
0.629383
0.687307
0.366619
0.364879
0.84051
0.255959
0.277017
0.104007
0.334452
0.422224
0.559435
0.923948
0.405866
0.87405
0.11066
0.0775475
0.739494
0.350566
0.623646
0.326121
0.416669
0.245277
0.703116
0.737175
0.458235
0.400769
0.464736
0.804682
0.559404
0.957305
0.116062
0.904294
0.671407
0.608905
0.0991546
0.772118
0.239814
0.74807
0.391339
0.211829
0.567675
0.930967
0.926603
0.303842
0.292825
0.168187
0.47618
0.0563066
0.740959
0.358867
0.130467
0.0655843
0.27543
0.218665
0.392376
0.839106
0.312052
0.17719
0.257027
0.964232
0.356212
0.290811
0.80166
0.268807
0.0540788
0.132511
0.935392
0.493301
0.49913
0.105502
0.770562
0.628834
0.243233
0.0998871
0.833735
0.230262
0.34611
0.574999
0.420423
0.306742
0.0758995
0.411328
0.368603
0.0927152
0.608478
0.785546
0.457869
0.659719
0.80755
0.871273
0.831294
0.0166631
0.188269
0.638417
0.252968
0.545518
0.253639
0.308573
0.834529
0.181463
0.427686
0.418195
0.24366
0.344035
0.541765
0.254952
0.642781
0.952727
0.997803
0.615528
0.27485
0.827235
0.420362
0.290475
0.130406
0.216681
0.862606
0.225288
0.032075
0.555193
0.897458
0.272225
0.761254
0.240791
0.579943
0.803583
0.55736
0.106571
0.335795
0.0702536
0.604846
0.644185
0.242653
0.552812
0.161321
0.529252
0.910611
0.125675
0.360118
0.598498
0.87289
0.256386
0.720573
0.0770287
0.492264
0.472182
0.414258
0.27781
0.659993
0.271767
0.31489
0.322153
0.901028
0.204688
0.0376904
0.719474
0.0830714
0.504379
0.513871
0.46849
0.0745567
0.383251
0.35023
0.288522
0.669424
0.743553
0.458602
0.825312
0.656423
0.399365
0.519181
0.0941496
0.117862
0.380291
0.876217
0.649312
0.351665
0.8923
0.581042
0.430372
0.43318
0.337687
0.0818812
0.0303964
0.70336
0.895108
0.0303049
0.656453
0.477065
0.0673544
0.0392773
0.0667135
0.96466
0.0641499
0.565874
0.508072
0.582751
0.393109
0.720786
0.56682
0.0225227
0.166723
0.934935
0.103732
0.76693
0.657949
0.641224
0.106479
0.310984
0.556871
0.705466
0.0294809
0.923795
0.651814
0.230628
0.869686
0.0828272
0.734886
0.610401
0.392468
0.608448
0.334697
0.701407
0.695944
0.463729
0.324717
0.0093997
0.00305185
0.119846
0.959777
0.621143
0.615101
0.479751
0.696707
0.222968
0.0641804
0.0509354
0.0668661
0.123173
0.959868
0.337779
0.281777
0.382672
0.208594
0.705008
0.280007
0.130528
0.0231025
0.639973
0.416272
0.178381
0.801996
0.360668
0.504166
0.212317
0.74575
0.677969
0.47438
0.303507
0.752892
0.284982
0.828455
0.938261
0.366008
0.427381
0.166112
0.0601825
0.414014
0.239753
0.355144
0.738334
0.011475
0.395337
0.712485
0.14539
0.596576
0.782373
0.739799
0.366436
0.679769
0.705405
0.637074
0.926908
0.0579852
0.351451
0.706595
0.551866
0.00485244
0.725822
0.326426
0.58797
0.276254
0.139225
0.469039
0.247261
0.0377819
0.0616474
0.336253
0.257363
0.787133
0.434614
0.684103
0.260872
0.253792
0.753624
0.451491
0.690115
0.300546
0.371502
0.900357
0.740196
0.618336
0.774957
0.715506
0.780145
0.0162358
0.0669271
0.170965
0.784143
0.336985
0.474349
0.753288
0.178167
0.105777
0.295083
0.758599
0.489975
0.615833
0.151463
0.741386
0.305734
0.0784631
0.380932
0.617328
0.103793
0.878597
0.714469
0.247017
0.128605
0.60445
0.38197
0.103366
0.390606
0.359691
0.403882
0.538987
0.526872
0.274972
0.515427
0.231605
0.822535
0.263833
0.690603
0.755638
0.518265
0.42082
0.864101
0.490158
0.641316
0.408765
0.236763
0.413251
0.213263
0.540483
0.633045
0.703421
0.620014
0.792962
0.134892
0.534928
0.323801
0.68688
0.419446
0.0780358
0.503647
0.00860622
0.348857
0.0724204
0.0740379
0.309946
0.771355
0.6798
0.620289
0.749138
0.675649
0.058565
0.938688
0.0375378
0.221656
0.748375
0.320505
0.990753
0.027253
0.24543
0.568529
0.270089
0.518723
0.419111
0.774163
0.799524
0.594958
0.306711
0.328166
0.179296
0.298257
0.313181
0.294107
0.960723
0.283822
0.809961
0.862514
0.978027
0.865322
0.0786157
0.425916
0.8081
0.249397
0.458602
0.48207
0.661153
0.858119
0.151067
0.130558
0.972198
0.254952
0.428236
0.43907
0.340922
0.98468
0.433882
0.291238
0.0932646
0.364269
0.0957671
0.553911
0.117649
0.395978
0.496384
0.311075
0.427015
0.281533
0.306284
0.759026
0.908689
0.173009
0.200903
0.484329
0.0339366
0.556536
0.478317
0.0268868
0.80285
0.432691
0.797174
0.248756
0.0478835
0.576006
0.855342
0.641224
0.98001
0.625935
0.470565
0.566057
0.841304
0.816706
0.863582
0.767174
0.170507
0.514512
0.902036
0.237556
0.517136
0.135136
0.424207
0.195196
0.321818
0.0901517
0.136296
0.817591
0.588061
0.145695
0.538987
0.510514
0.0202948
0.00646992
0.998291
0.0184942
0.314463
0.142369
0.513779
0.108737
0.935057
0.1142
0.384899
0.0464187
0.221229
0.771386
0.814325
0.275613
0.20716
0.865444
0.543352
0.255348
0.533067
0.111179
0.214148
0.587756
0.804529
0.313273
0.500992
0.345622
0.661275
0.680807
0.251137
0.869167
0.298685
0.985595
0.249245
0.580554
0.189215
0.346934
0.199286
0.613849
0.66393
0.225013
0.482009
0.534501
0.948332
0.711936
0.0369579
0.913511
0.272011
0.918607
0.239143
0.929167
0.0520035
0.831233
0.461684
0.0566424
0.806024
0.169988
0.621326
0.83697
0.52028
0.120731
0.586352
0.362926
0.380993
0.628803
0.501236
0.0731834
0.173742
0.27662
0.265999
0.883633
0.189459
0.704733
0.741295
0.47853
0.135136
0.366497
0.505051
0.700674
0.972961
0.783013
0.0937834
0.140019
0.396069
0.638569
0.674459
0.369213
0.190619
0.43849
0.431684
0.630207
0.385388
0.558946
0.454909
0.99527
0.403729
0.272408
0.388806
0.591937
0.0861538
0.868954
0.650899
0.11008
0.204901
0.0577105
0.51381
0.493393
0.157903
0.525895
0.108615
0.856716
0.0216681
0.0546587
0.805902
0.878079
0.332072
0.692801
0.729118
0.0118412
0.787164
0.501663
0.504868
0.159398
0.935942
0.179846
0.240272
0.667806
0.346965
0.134404
0.961333
0.53441
0.404645
0.466506
0.436079
0.935911
0.709311
0.479476
0.451369
0.344676
0.614887
0.340037
0.744957
0.410413
0.676351
0.187658
0.511032
0.379131
0.196783
0.517258
0.434492
0.439711
0.381512
0.494156
0.95465
0.202948
0.900571
0.22541
0.796075
0.819086
0.356853
0.169866
0.714103
0.547838
0.274087
0.440413
0.268715
0.648732
0.867275
0.275521
0.206122
0.455641
0.663869
0.0812403
0.638112
0.0446181
0.404859
0.384411
0.419141
0.602313
0.246651
0.44966
0.88403
0.014069
0.459304
0.728782
0.265908
0.518143
0.239845
0.024659
0.694662
0.219367
0.713675
0.956359
0.512131
0.336741
0.41496
0.313303
0.714072
0.26072
0.517533
0.770196
0.708975
0.865566
0.145421
0.185247
0.229957
0.498611
0.243629
0.392743
0.483322
0.635243
0.49733
0.474013
0.635701
0.125034
0.0612506
0.277963
0.379925
0.37083
0.416669
0.255531
0.000457778
0.308634
0.169317
0.45732
0.80459
0.637379
0.692465
0.950926
0.644246
0.723655
0.810419
0.287484
0.890469
0.889645
0.799219
0.883663
0.940825
0.209632
0.57918
0.146764
0.654897
0.82754
0.814936
0.670614
0.34724
0.347942
0.495743
0.571276
0.213233
0.518723
0.529069
0.420911
0.546312
0.0747398
0.442335
0.684286
0.0820948
0.277017
0.853847
0.603046
0.337596
0.627735
0.137791
0.883328
0.201331
0.314829
0.893399
0.134373
0.643483
0.604114
0.505203
0.544115
0.385479
0.262093
0.204077
0.440474
0.25132
0.345073
0.303659
0.15598
0.574938
0.285531
0.322642
0.24424
0.958373
0.320414
0.438002
0.1995
0.134922
0.0779748
0.349986
0.454176
0.677572
0.670522
0.138951
0.364696
0.489517
0.484756
0.606128
0.0249641
0.36079
0.139012
0.644124
0.565264
0.188879
0.899503
0.0555132
0.655568
0.289346
0.60036
0.396588
0.354228
0.444288
0.623768
0.389508
0.438246
0.141423
0.0748009
0.366894
0.431654
0.628895
0.156682
0.68395
0.457839
0.997894
0.880337
0.134648
0.355296
0.449293
0.554765
0.404187
0.248939
0.530839
0.0900906
0.513352
0.555895
0.542314
0.386517
0.499191
0.492569
0.376782
0.516709
0.349315
0.493088
0.704917
0.471938
0.497818
0.245277
0.294473
0.00866726
0.181921
0.351604
0.221656
0.767693
0.782647
0.763634
0.683462
0.153172
0.302652
0.575091
0.249519
0.232459
0.48912
0.212439
0.124516
0.57976
0.789514
0.820887
0.55565
0.681112
0.397809
0.456252
0.798883
0.668081
0.14539
0.554308
0.254769
0.699332
0.564928
0.908505
0.983215
0.319315
0.604633
0.081576
0.65334
0.190039
0.449812
0.842677
0.596942
0.857234
0.91821
0.235511
0.0596332
0.351329
0.29075
0.544389
0.770562
0.0820032
0.437086
0.197241
0.49852
0.756645
0.691488
0.835719
0.859615
0.734062
0.463759
0.396039
0.731956
0.204108
0.716147
0.653249
0.438215
0.830988
0.0487075
0.333689
0.547227
0.81222
0.821284
0.336802
0.230964
0.696524
0.556017
0.919401
0.661245
0.364513
0.000274667
0.0762352
0.325327
0.0675985
0.789361
0.5515
0.407331
0.165319
0.114566
0.462844
0.142216
0.543199
0.569811
0.150792
0.835932
0.222022
0.401227
0.853603
0.157811
0.67626
0.835047
0.726707
0.797937
0.124577
0.833277
0.507797
0.657643
0.408094
0.00314341
0.931211
0.470901
0.331645
0.0740074
0.440107
0.286477
0.340678
0.0185858
0.17365
0.654469
0.62804
0.117954
0.267434
0.522324
0.439894
0.203497
0.933348
0.092288
0.632923
0.376354
0.757286
0.993774
0.774468
0.083346
0.0981475
0.564959
0.772759
0.737022
0.579272
0.48146
0.127873
0.345317
0.842799
0.655599
0.246162
0.323588
0.447005
0.494919
0.241218
0.701559
0.671834
0.455306
0.0179144
0.531144
0.632893
0.543718
0.545946
0.593951
0.345592
0.353771
0.40144
0.522446
0.062685
0.722495
0.629688
0.360179
0.0888394
0.506516
0.256081
0.202307
0.0870998
0.464431
0.468825
0.893277
0.368419
0.264229
0.406049
0.933592
0.757988
0.215064
0.79577
0.383435
0.368114
0.461226
0.444868
0.836818
0.126591
0.168493
0.690695
0.584246
0.376141
0.285867
0.833522
0.850856
0.432936
0.166295
0.159459
0.106326
0.898953
0.291238
0.338389
0.289407
0.499832
0.443556
0.20304
0.243904
0.411298
0.463607
0.122074
0.682791
0.921628
0.556352
0.4232
0.678182
0.6498
0.441176
0.112644
0.717521
0.220008
0.306894
0.484664
0.494003
0.891201
0.945341
0.689352
0.167974
0.771813
0.157567
0.392132
0.181494
0.827815
0.714805
0.0527055
0.791528
0.255379
0.578356
0.163945
0.675619
0.611927
0.461623
0.887722
0.485794
0.523148
0.817011
0.677969
0.55034
0.313303
0.151158
0.748192
0.476638
0.378918
0.813318
0.222358
0.680685
0.401105
0.123539
0.683889
0.441939
0.424543
0.212439
0.33723
0.581408
0.216437
0.997925
0.784661
0.0893887
0.822474
0.0860927
0.238807
0.700522
0.236549
0.868343
0.229957
0.256844
0.670675
0.437819
0.196356
0.686666
0.648701
0.166082
0.0281686
0.888913
0.837458
0.640675
0.594134
0.374645
0.384716
0.0653096
0.358501
0.0215156
0.546464
0.0718711
0.45088
0.0232246
0.564379
0.275979
0.850948
0.938871
0.359355
0.498611
0.166356
0.912381
0.286019
0.901456
0.561907
0.230903
0.436293
0.525498
0.246986
0.193426
0.571734
0.706839
0.802911
0.312937
0.215735
0.688406
0.88461
0.479598
0.424818
0.405255
0.930876
0.949431
0.463271
0.993957
0.990692
0.546525
0.193152
0.220954
0.0331431
0.625355
0.500168
0.31489
0.435682
0.465316
0.597247
0.790307
0.935484
0.195105
0.676748
0.41316
0.534867
0.456252
0.00521867
0.380139
0.19602
0.329264
0.236457
0.216407
0.414075
0.567431
0.0721763
0.791894
0.848659
0.359783
0.371349
0.870266
0.135441
0.50148
0.643574
0.309793
0.380078
0.791559
0.445112
0.354289
0.0348216
0.925962
0.407666
0.462081
0.0217597
0.604541
0.480148
0.541093
0.250526
0.45613
0.0849025
0.437025
0.285287
0.641652
0.126835
0.782769
0.667196
0.867244
0.5197
0.284616
0.207312
0.891201
0.780725
0.245705
0.191992
0.222449
0.0608539
0.239601
0.18363
0.0834681
0.912717
0.575549
0.23957
0.416089
0.275399
0.573687
0.498703
0.429273
0.226905
0.348064
0.874233
0.265206
0.991241
0.16071
0.408704
0.176885
0.236061
0.133518
0.897794
0.579272
0.41258
0.465835
0.212348
0.901456
0.62273
0.629322
0.516648
0.349193
0.80633
0.333079
0.230811
0.694174
0.0724509
0.135075
0.148442
0.118534
0.621937
0.79461
0.351665
0.396649
0.119846
0.809656
0.493393
0.558123
0.999176
0.635121
0.12949
0.756188
0.342479
0.313181
0.220496
0.479385
0.886776
0.0779138
0.386303
0.371807
0.574664
0.370312
0.306925
0.130772
0.21952
0.494064
0.839198
0.573717
0.605976
0.319346
0.36314
0.0592975
0.252907
0.907193
0.881771
0.340281
0.463576
0.470473
0.820215
0.373974
0.36195
0.417158
0.546556
0.718192
0.427381
0.24958
0.375347
0.9382
0.529557
0.396344
0.954039
0.411542
0.770745
0.706534
0.398114
0.519181
0.865902
0.68096
0.905606
0.807001
0.747948
0.419843
0.729301
0.646229
0.601672
0.502396
0.288919
0.928312
0.700736
0.569323
0.420972
0.462325
0.821467
0.314585
0.511002
0.793542
0.192297
0.490097
0.583544
0.462416
0.560503
0.76574
0.874844
0.405347
0.419996
0.0401929
0.0673544
0.250069
0.435011
0.686087
0.730735
0.734001
0.990814
0.69747
0.745567
0.530564
0.207648
0.780847
0.0089114
0.471664
0.392407
0.0805689
0.265725
0.269143
0.52147
0.534471
0.346843
0.231574
0.203223
0.657918
0.797723
0.427992
0.920103
0.978973
0.465835
0.027955
0.805139
0.141392
0.153356
0.321329
0.100101
0.0158086
0.952635
0.459456
0.0497452
0.750114
0.703146
0.568377
0.921354
0.945555
0.573656
0.987152
0.149358
0.769219
0.631153
0.604877
0.320505
0.363079
0.4803
0.30076
0.253853
0.192419
0.358135
0.570086
0.247505
0.841487
0.757073
0.264382
0.780755
0.625568
0.671255
0.631306
0.558885
0.619648
0.395215
0.585192
0.545183
0.221046
0.693747
0.0532548
0.0678732
0.130711
0.0304575
0.139195
0.251381
0.0716269
0.725883
0.802881
0.738487
0.594745
0.509201
0.177984
0.24427
0.144566
0.889859
0.572954
0.223273
0.100955
0.759026
0.328623
0.625294
0.0675375
0.572954
0.473891
0.408032
0.459487
0.317637
0.975799
0.721793
0.530534
0.130924
0.205481
0.098056
0.895413
0.394116
0.273965
0.968993
0.49498
0.234779
0.0421461
0.530717
0.83636
0.957793
0.483047
0.585101
0.873653
0.149358
0.6227
0.486373
0.834437
0.897671
0.628712
0.731651
0.967895
0.259743
0.787561
0.340312
0.759758
0.538621
0.620808
0.326487
0.219825
0.600909
0.677541
0.108768
0.709128
0.42613
0.644581
0.410565
0.694998
0.492477
0.312815
0.0886868
0.531449
0.95294
0.835353
0.0201727
0.482498
0.457503
0.529405
0.198157
0.569872
0.739189
0.201392
0.840205
0.087344
0.553575
0.162023
0.930174
0.115513
0.171514
0.464675
0.41908
0.0442824
0.714042
0.631336
0.428663
0.295969
0.671987
0.317331
0.637104
0.559221
0.231605
0.394421
0.647694
0.0842921
0.0195929
0.881283
0.728904
0.412366
0.0608844
0.408246
0.446638
0.648244
0.440321
0.738548
0.19953
0.553789
0.469558
0.168584
0.979583
0.684439
0.317759
0.971343
0.564287
0.459578
0.98825
0.955443
0.299478
0.934294
0.559313
0.987793
0.452528
0.522507
0.867183
0.908139
0.444044
0.0903043
0.161138
0.719016
0.681509
0.762169
0.725394
0.781762
0.0622578
0.110111
0.348308
0.637715
0.118381
0.520646
0.398572
0.155065
0.476363
0.329875
0.234504
0.691946
0.479904
0.363659
0.231147
0.329783
0.435408
0.725547
0.80221
0.374584
0.691519
0.56679
0.719382
0.168218
0.51503
0.0632038
0.778802
0.730033
0.143986
0.830836
0.227332
0.830439
0.447676
0.617115
0.281411
0.429304
0.709708
0.594012
0.148045
0.619739
0.393445
0.555162
0.767968
0.252968
0.532426
0.343028
0.567064
0.276925
0.380779
0.973235
0.229865
0.406171
0.522568
0.732292
0.0847804
0.851924
0.288339
0.748436
0.775597
0.429365
0.258187
0.231056
0.71746
0.326212
0.135289
0.282449
0.133427
0.332224
0.0462661
0.394574
0.205664
0.00338755
0.35551
0.300241
0.786431
0.0495621
0.722892
0.374615
0.197058
0.31492
0.249733
0.321451
0.178961
0.370647
0.459151
0.406995
0.209174
0.0646382
0.207434
0.495529
0.264748
0.947447
0.0900296
0.799158
0.986297
0.624744
0.386792
0.456862
0.369854
0.538224
0.308603
0.76046
0.494766
0.147923
0.741844
0.374737
0.290048
0.159093
0.603992
0.690573
0.468703
0.746879
0.291269
0.656514
0.0133976
0.763176
0.541826
0.548448
0.102268
0.0689108
0.423933
0.864071
0.159673
0.449416
0.342326
0.0319224
0.90405
0.811853
0.108127
0.288125
0.74984
0.645955
0.809778
0.67336
0.522416
0.780145
0.586688
0.709647
0.736167
0.207556
0.643055
0.175665
0.397992
0.449477
0.0919828
0.650929
0.600452
0.524552
0.37553
0.00244148
0.313517
0.164312
0.268715
0.873836
0.689016
0.759484
0.688894
0.0309153
0.15421
0.675436
0.920804
0.415052
0.397839
0.498642
0.960295
0.390973
0.316813
0.194189
0.872341
0.920255
0.0473647
0.175909
0.695059
0.162603
0.347331
0.14655
0.698508
0.230415
0.362712
0.387219
0.899716
0.204657
0.77929
0.80105
0.0592059
0.319102
0.234596
0.267495
0.319224
0.672231
0.791681
0.636677
0.455458
0.316263
0.585315
0.581835
0.636616
0.0953093
0.638173
0.473159
0.486892
0.130528
0.732109
0.58388
0.630696
0.452803
0.213721
0.566942
0.349895
0.352702
0.393872
0.599689
0.190985
0.166509
0.86755
0.785089
0.363842
0.090701
0.544542
0.794549
0.654775
0.173772
0.40318
0.591784
0.282754
0.35371
0.853053
0.219214
0.34135
0.376873
0.579882
0.517045
0.38377
0.0466628
0.527482
0.272378
0.80282
0.611072
0.572527
0.0909757
0.135472
0.999115
0.974731
0.899106
0.36024
0.415632
0.220161
0.430647
0.290048
0.27485
0.489029
0.453627
0.378216
0.0803247
0.54915
0.620655
0.467269
0.732994
0.285897
0.845332
0.287393
0.374493
0.994507
0.397931
0.859584
0.189001
0.894528
0.119175
0.240516
0.229591
0.241066
0.648915
0.907071
0.147465
0.226844
0.122166
0.281381
0.0484024
0.128513
0.0728782
0.516709
0.00292978
0.389141
0.631947
0.826533
0.097354
0.780786
0.975158
0.430708
0.673788
0.194098
0.093936
0.148991
0.285745
0.63976
0.656026
0.597003
0.691153
0.419752
0.661458
0.557329
0.619129
0.075869
0.482589
0.528031
0.586444
0.916868
0.193732
0.54326
0.566118
0.552385
0.724754
0.291879
0.32548
0.783746
0.548326
0.227912
0.845058
0.753502
0.688955
0.208838
0.662313
0.968017
0.0708945
0.779168
0.677114
0.950163
0.374371
0.428236
0.853603
0.493301
0.682821
0.437788
0.119999
0.217933
0.475265
0.927702
0.569201
0.203711
0.0733665
0.023072
0.897702
0.718589
0.853908
0.819727
0.507279
0.117466
0.0541398
0.993316
0.906491
0.182775
0.38023
0.277932
0.783746
0.654073
0.873226
0.908872
0.774132
0.215522
0.858211
0.740593
0.164037
0.692068
0.306986
0.29667
0.523759
0.450819
0.781213
0.106296
0.714438
0.792688
0.882748
0.640461
0.236976
0.885647
0.808496
0.104648
0.843776
0.851772
0.66158
0.0220344
0.528123
0.78573
0.560625
0.80398
0.939116
0.183477
0.610675
0.719687
0.47203
0.656056
0.249763
0.130589
0.464492
0.661092
0.783654
0.726737
0.573199
0.295724
0.0166021
0.0311289
0.000122074
0.143803
0.501968
0.0636311
0.410382
0.0793176
0.00589007
0.192816
0.312052
0.931181
0.485214
0.907834
0.0150456
0.110935
0.163701
0.265206
0.85403
0.546739
0.168615
0.880917
0.99115
0.221931
0.918912
0.754509
0.843593
0.638966
0.574053
0.192694
0.123692
0.585711
0.838404
0.0934477
0.378185
0.28312
0.481094
0.500351
0.595325
0.811487
0.607532
0.806726
0.322855
0.171117
0.853389
0.429395
0.570635
0.770684
0.779321
0.359691
0.767541
0.390454
0.838893
0.170507
0.780938
0.159276
0.436689
0.589801
0.225318
0.876339
0.463301
0.426832
0.38493
0.0263375
0.170049
0.170141
0.53676
0.72631
0.823176
0.621967
0.84637
0.40672
0.31962
0.399548
0.143559
0.0735191
0.73751
0.304544
0.200781
0.527696
0.587512
0.592578
0.526414
0.116886
0.827693
0.295907
0.686331
0.1095
0.613605
0.470077
0.0299692
0.487197
0.149754
0.10828
0.28956
0.292947
0.0790124
0.646443
0.411573
0.226875
0.95996
0.43263
0.411756
0.375927
0.0827357
0.649098
0.0627461
0.889645
0.551286
0.538774
0.780969
0.489944
0.826807
0.852077
0.375866
0.592547
0.412275
0.745048
0.495834
0.499069
0.716361
0.11771
0.528336
0.473342
0.822687
0.250679
0.581103
0.370891
0.515183
0.23426
0.120396
0.484878
0.208747
0.189245
0.4579
0.15833
0.573687
0.410108
0.702933
0.133885
0.363659
0.313273
0.299264
0.0371105
0.436872
0.963286
0.498123
0.461196
0.227699
0.799982
0.079165
0.351054
0.193579
0.1601
0.627552
0.756554
0.251595
0.0284433
0.761498
0.660512
0.125523
0.618366
0.293161
0.776116
0.0930509
0.248878
0.476852
0.764916
0.487259
0.0502945
0.178564
0.417035
0.13715
0.129337
0.447554
0.35197
0.227424
0.483139
0.873104
0.400037
0.207312
0.46437
0.393231
0.51442
0.461013
0.721183
0.0447096
0.643849
0.686392
0.0126347
0.58742
0.599567
0.273293
0.51445
0.161687
0.189642
0.457381
0.73397
0.530931
0.00695822
0.838282
0.589404
0.880367
0.445387
0.47792
0.0500504
0.499008
0.302316
0.119694
0.790277
0.204352
0.346568
0.398755
0.136235
0.0316782
0.0415357
0.34904
0.026368
0.784875
0.826411
0.421979
0.344157
0.155522
0.714743
0.202185
0.897427
0.302011
0.0882901
0.385632
0.663137
0.175542
0.59444
0.414686
0.314127
0.661519
0.439619
0.716208
0.360942
0.20423
0.403516
0.375317
0.575427
0.0895108
0.79516
0.794366
0.0983917
0.890561
0.804498
0.658742
0.103671
0.797021
0.146794
0.47618
0.792901
0.319041
0.209479
0.714469
0.338023
0.817988
0.389996
0.783227
0.282327
0.200018
0.355785
0.424787
0.428114
0.310495
0.61504
0.84521
0.325053
0.354534
0.334178
0.425428
0.347179
0.206336
0.951292
0.240944
0.368694
0.491195
0.564653
0.792505
0.544389
0.343883
0.336772
0.983886
0.680288
0.36433
0.686087
0.510697
0.263833
0.779748
0.849147
0.374584
0.810236
0.469527
0.459273
0.562304
0.471847
0.499985
0.371014
0.0850856
0.232124
0.26429
0.631977
0.425336
0.176855
0.308115
0.380932
0.436964
0.45848
0.498184
0.193121
0.609027
0.854396
0.615467
0.229255
0.410077
0.0802332
0.856166
0.817774
0.843287
0.792413
0.219092
0.712546
0.253121
0.0720847
0.145878
0.40553
0.150578
0.471175
0.364513
0.731101
0.253761
0.537461
0.403546
0.451369
0.0972625
0.178472
0.824763
0.415784
0.52266
0.920408
0.552751
0.879147
0.195379
0.367168
0.215247
0.632588
0.125217
0.146672
0.0754723
0.277017
0.576861
0.75219
0.413282
0.546922
0.603687
0.271371
0.947356
0.317942
0.799615
0.549333
0.577807
0.601489
0.637837
0.87701
0.77337
0.351115
0.495468
0.421918
0.567339
0.583728
0.0721458
0.289224
0.420515
0.266305
0.453719
0.696524
0.298654
0.160894
0.131321
0.75988
0.504501
0.312876
0.396161
0.0447096
0.634938
0.664235
0.85876
0.241676
0.662893
0.0936918
0.144414
0.770592
0.409101
0.550829
0.162084
0.741081
0.725547
0.127567
0.673391
0.684866
0.46614
0.66625
0.581866
0.234779
0.231605
0.0615558
0.533433
0.0961943
0.339579
0.530137
0.532731
0.812037
0.0434278
0.957915
0.864284
0.830164
0.30314
0.117405
0.277841
0.557634
0.727714
0.285318
0.46202
0.720115
0.846248
0.279611
0.459181
0.968596
0.00222785
0.0382397
0.182867
0.872463
0.604907
0.249916
0.379345
0.0928983
0.11243
0.608509
0.42674
0.228645
0.671621
0.255318
0.616932
0.324839
0.642384
0.738884
0.259041
0.342174
0.520585
0.3455
0.678396
0.0531327
0.400922
0.0609149
0.0536821
0.611042
0.16715
0.349712
0.515976
0.27076
0.584277
0.716636
0.365246
0.261757
0.33311
0.253304
0.32371
0.621235
0.372082
0.666189
0.0518815
0.364635
0.473159
0.598193
0.594317
0.212622
0.00506607
0.313547
0.83636
0.704367
0.953032
0.873409
0.0864589
0.435743
0.0628071
0.43672
0.783013
0.422712
0.110935
0.686026
0.326456
0.589557
0.298624
0.378155
0.0362865
0.382153
0.771599
0.0200812
0.233131
0.506272
0.264595
0.445692
0.742943
