GdanskEN SlupskEN Distance: 106.557
GdanskEN Adamow(siedleckie)EN Distance: 371.249
GdanskEN Adamow(zamojskie)EN Distance: 509.425
GdanskEN AdamowkaEN Distance: 524.508
GdanskEN AleksandrowEN Distance: 353.712
GdanskEN AleksandrowKujawskiEN Distance: 163.285
GdanskEN AleksandrowLodzkiEN Distance: 285.15
GdanskEN AlwerniaEN Distance: 480.131
GdanskEN AndrespolEN Distance: 297.741
GdanskEN AndrychowEN Distance: 500.962
GdanskEN AndrzejewoEN Distance: 284.712
GdanskEN AnnopolEN Distance: 438.219
GdanskEN AugustowEN Distance: 284.49
GdanskEN BabiakEN Distance: 224.501
GdanskEN BabiceEN Distance: 479.414
GdanskEN BabimostEN Distance: 306.224
GdanskEN BaborowEN Distance: 469.647
GdanskEN BaboszewoEN Distance: 210.456
GdanskEN BackowiceEN Distance: 428.845
GdanskEN BakalarzewoEN Distance: 259.94
GdanskEN BaligrodEN Distance: 604.048
GdanskEN BaltowEN Distance: 415.076
GdanskEN BanieEN Distance: 296.386
GdanskEN BanieMazurskieEN Distance: 219.799
GdanskEN BaranowiczeEN Distance: 496.781
GdanskEN BaranowoEN Distance: 214.613
GdanskEN Baranow(kaliskie)EN Distance: 345.956
GdanskEN Baranow(lubelskie)EN Distance: 383.512
GdanskEN Baranow(skierniewickie)EN Distance: 274.682
-------------------------------------
SlupskEN Adamow(siedleckie)EN Distance: 452.043
SlupskEN Adamow(zamojskie)EN Distance: 584.187
SlupskEN AdamowkaEN Distance: 592.782
SlupskEN AleksandrowEN Distance: 402.538
SlupskEN AleksandrowKujawskiEN Distance: 205.069
SlupskEN AleksandrowLodzkiEN Distance: 328.292
SlupskEN AlwerniaEN Distance: 514.088
SlupskEN AndrespolEN Distance: 345.567
SlupskEN AndrychowEN Distance: 531.497
SlupskEN AndrzejewoEN Distance: 379.758
SlupskEN AnnopolEN Distance: 505.479
SlupskEN AugustowEN Distance: 389.793
SlupskEN BabiakEN Distance: 258.702
SlupskEN BabiceEN Distance: 512.087
SlupskEN BabimostEN Distance: 267.56
SlupskEN BaborowEN Distance: 482.615
SlupskEN BaboszewoEN Distance: 285.126
SlupskEN BackowiceEN Distance: 488.872
SlupskEN BakalarzewoEN Distance: 365.614
SlupskEN BaligrodEN Distance: 661.658
SlupskEN BaltowEN Distance: 480.531
SlupskEN BanieEN Distance: 216.136
SlupskEN BanieMazurskieEN Distance: 325.46
SlupskEN BaranowiczeEN Distance: 600.671
SlupskEN BaranowoEN Distance: 310.072
SlupskEN Baranow(kaliskie)EN Distance: 359.854
SlupskEN Baranow(lubelskie)EN Distance: 461.194
SlupskEN Baranow(skierniewickie)EN Distance: 341.835
-------------------------------------
Adamow(siedleckie)EN Adamow(zamojskie)EN Distance: 142.759
Adamow(siedleckie)EN AdamowkaEN Distance: 168.014
Adamow(siedleckie)EN AleksandrowEN Distance: 165.222
Adamow(siedleckie)EN AleksandrowKujawskiEN Distance: 275.275
Adamow(siedleckie)EN AleksandrowLodzkiEN Distance: 202.297
Adamow(siedleckie)EN AlwerniaEN Distance: 264.896
Adamow(siedleckie)EN AndrespolEN Distance: 181.495
Adamow(siedleckie)EN AndrychowEN Distance: 290.45
Adamow(siedleckie)EN AndrzejewoEN Distance: 120.647
Adamow(siedleckie)EN AnnopolEN Distance: 100.03
Adamow(siedleckie)EN AugustowEN Distance: 238.935
Adamow(siedleckie)EN BabiakEN Distance: 254.242
Adamow(siedleckie)EN BabiceEN Distance: 269.811
Adamow(siedleckie)EN BabimostEN Distance: 444.463
Adamow(siedleckie)EN BaborowEN Distance: 343.789
Adamow(siedleckie)EN BaboszewoEN Distance: 173.733
Adamow(siedleckie)EN BackowiceEN Distance: 126.861
Adamow(siedleckie)EN BakalarzewoEN Distance: 263.054
Adamow(siedleckie)EN BaligrodEN Distance: 267.181
Adamow(siedleckie)EN BaltowEN Distance: 95.4144
Adamow(siedleckie)EN BanieEN Distance: 546.018
Adamow(siedleckie)EN BanieMazurskieEN Distance: 278.645
Adamow(siedleckie)EN BaranowiczeEN Distance: 302.821
Adamow(siedleckie)EN BaranowoEN Distance: 172.471
Adamow(siedleckie)EN Baranow(kaliskie)EN Distance: 297.804
Adamow(siedleckie)EN Baranow(lubelskie)EN Distance: 21.5413
Adamow(siedleckie)EN Baranow(skierniewickie)EN Distance: 129.505
-------------------------------------
Adamow(zamojskie)EN AdamowkaEN Distance: 49.6409
Adamow(zamojskie)EN AleksandrowEN Distance: 236.858
Adamow(zamojskie)EN AleksandrowKujawskiEN Distance: 405.24
Adamow(zamojskie)EN AleksandrowLodzkiEN Distance: 303.889
Adamow(zamojskie)EN AlwerniaEN Distance: 263.504
Adamow(zamojskie)EN AndrespolEN Distance: 280.781
Adamow(zamojskie)EN AndrychowEN Distance: 282.895
Adamow(zamojskie)EN AndrzejewoEN Distance: 257.83
Adamow(zamojskie)EN AnnopolEN Distance: 97.1212
Adamow(zamojskie)EN AugustowEN Distance: 362.07
Adamow(zamojskie)EN BabiakEN Distance: 370.928
Adamow(zamojskie)EN BabiceEN Distance: 270.393
Adamow(zamojskie)EN BabimostEN Distance: 546.141
Adamow(zamojskie)EN BaborowEN Distance: 369.66
Adamow(zamojskie)EN BaboszewoEN Distance: 311.646
Adamow(zamojskie)EN BackowiceEN Distance: 138.41
Adamow(zamojskie)EN BakalarzewoEN Distance: 391.331
Adamow(zamojskie)EN BaligrodEN Distance: 152.509
Adamow(zamojskie)EN BaltowEN Distance: 124.382
Adamow(zamojskie)EN BanieEN Distance: 664.086
Adamow(zamojskie)EN BanieMazurskieEN Distance: 413.913
Adamow(zamojskie)EN BaranowiczeEN Distance: 347.219
Adamow(zamojskie)EN BaranowoEN Distance: 316.385
Adamow(zamojskie)EN Baranow(kaliskie)EN Distance: 372.539
Adamow(zamojskie)EN Baranow(lubelskie)EN Distance: 129.385
Adamow(zamojskie)EN Baranow(skierniewickie)EN Distance: 254.76
-------------------------------------
AdamowkaEN AleksandrowEN Distance: 223.075
AdamowkaEN AleksandrowKujawskiEN Distance: 407.267
AdamowkaEN AleksandrowLodzkiEN Distance: 296.2
AdamowkaEN AlwerniaEN Distance: 226.432
AdamowkaEN AndrespolEN Distance: 273.489
AdamowkaEN AndrychowEN Distance: 243.67
AdamowkaEN AndrzejewoEN Distance: 287.931
AdamowkaEN AnnopolEN Distance: 90.7135
AdamowkaEN AugustowEN Distance: 399.353
AdamowkaEN BabiakEN Distance: 366.909
AdamowkaEN BabiceEN Distance: 233.515
AdamowkaEN BabimostEN Distance: 531.701
AdamowkaEN BaborowEN Distance: 335.881
AdamowkaEN BaboszewoEN Distance: 322.135
AdamowkaEN BackowiceEN Distance: 120.071
AdamowkaEN BakalarzewoEN Distance: 426.747
AdamowkaEN BaligrodEN Distance: 106.265
AdamowkaEN BaltowEN Distance: 117.74
AdamowkaEN BanieEN Distance: 654.96
AdamowkaEN BanieMazurskieEN Distance: 445.836
AdamowkaEN BaranowiczeEN Distance: 397.618
AdamowkaEN BaranowoEN Distance: 339.627
AdamowkaEN Baranow(kaliskie)EN Distance: 352.485
AdamowkaEN Baranow(lubelskie)EN Distance: 149.916
AdamowkaEN Baranow(skierniewickie)EN Distance: 260.132
-------------------------------------
AleksandrowEN AleksandrowKujawskiEN Distance: 200.946
AleksandrowEN AleksandrowLodzkiEN Distance: 76.8438
AleksandrowEN AlwerniaEN Distance: 137.214
AleksandrowEN AndrespolEN Distance: 57.8885
AleksandrowEN AndrychowEN Distance: 162.293
AleksandrowEN AndrzejewoEN Distance: 232.928
AleksandrowEN AnnopolEN Distance: 137.947
AleksandrowEN AugustowEN Distance: 354.8
AleksandrowEN BabiakEN Distance: 149.329
AleksandrowEN BabiceEN Distance: 138.97
AleksandrowEN BabimostEN Distance: 305.33
AleksandrowEN BaborowEN Distance: 186.706
AleksandrowEN BaboszewoEN Distance: 160.638
AleksandrowEN BackowiceEN Distance: 101.388
AleksandrowEN BakalarzewoEN Distance: 366.038
AleksandrowEN BaligrodEN Distance: 266.815
AleksandrowEN BaltowEN Distance: 111.492
AleksandrowEN BanieEN Distance: 424.873
AleksandrowEN BanieMazurskieEN Distance: 361.964
AleksandrowEN BaranowiczeEN Distance: 469.853
AleksandrowEN BaranowoEN Distance: 232.241
AleksandrowEN Baranow(kaliskie)EN Distance: 138.146
AleksandrowEN Baranow(lubelskie)EN Distance: 154.567
AleksandrowEN Baranow(skierniewickie)EN Distance: 100.434
-------------------------------------
AleksandrowKujawskiEN AleksandrowLodzkiEN Distance: 125.762
AleksandrowKujawskiEN AlwerniaEN Distance: 318.513
AleksandrowKujawskiEN AndrespolEN Distance: 142.059
AleksandrowKujawskiEN AndrychowEN Distance: 338.504
AleksandrowKujawskiEN AndrzejewoEN Distance: 235.181
AleksandrowKujawskiEN AnnopolEN Distance: 307.93
AleksandrowKujawskiEN AugustowEN Distance: 306.152
AleksandrowKujawskiEN BabiakEN Distance: 61.2373
AleksandrowKujawskiEN BabiceEN Distance: 317.402
AleksandrowKujawskiEN BabimostEN Distance: 209.16
AleksandrowKujawskiEN BaborowEN Distance: 308.064
AleksandrowKujawskiEN BaboszewoEN Distance: 106.104
AleksandrowKujawskiEN BackowiceEN Distance: 287.659
AleksandrowKujawskiEN BakalarzewoEN Distance: 297.912
AleksandrowKujawskiEN BaligrodEN Distance: 461.146
AleksandrowKujawskiEN BaltowEN Distance: 281.792
AleksandrowKujawskiEN BanieEN Distance: 274.244
AleksandrowKujawskiEN BanieMazurskieEN Distance: 271.641
AleksandrowKujawskiEN BaranowiczeEN Distance: 493.408
AleksandrowKujawskiEN BaranowoEN Distance: 177.821
AleksandrowKujawskiEN Baranow(kaliskie)EN Distance: 186.012
AleksandrowKujawskiEN Baranow(lubelskie)EN Distance: 274.217
AleksandrowKujawskiEN Baranow(skierniewickie)EN Distance: 146.179
-------------------------------------
AleksandrowLodzkiEN AlwerniaEN Distance: 195.382
AleksandrowLodzkiEN AndrespolEN Distance: 22.6334
AleksandrowLodzkiEN AndrychowEN Distance: 217.08
AleksandrowLodzkiEN AndrzejewoEN Distance: 228.429
AleksandrowLodzkiEN AnnopolEN Distance: 203.934
AleksandrowLodzkiEN AugustowEN Distance: 338.124
AleksandrowLodzkiEN BabiakEN Distance: 72.1641
AleksandrowLodzkiEN BabiceEN Distance: 194.978
AleksandrowLodzkiEN BabimostEN Distance: 242.566
AleksandrowLodzkiEN BaborowEN Distance: 206.984
AleksandrowLodzkiEN BaboszewoEN Distance: 117.452
AleksandrowLodzkiEN BackowiceEN Distance: 173.799
AleksandrowLodzkiEN BakalarzewoEN Distance: 342.387
AleksandrowLodzkiEN BaligrodEN Distance: 342.171
AleksandrowLodzkiEN BaltowEN Distance: 176.637
AleksandrowLodzkiEN BanieEN Distance: 352.536
AleksandrowLodzkiEN BanieMazurskieEN Distance: 329.785
AleksandrowLodzkiEN BaranowiczeEN Distance: 484.902
AleksandrowLodzkiEN BaranowoEN Distance: 204.389
AleksandrowLodzkiEN Baranow(kaliskie)EN Distance: 109.356
AleksandrowLodzkiEN Baranow(lubelskie)EN Distance: 196.957
AleksandrowLodzkiEN Baranow(skierniewickie)EN Distance: 85.8971
-------------------------------------
AlwerniaEN AndrespolEN Distance: 185.631
AlwerniaEN AndrychowEN Distance: 26.4564
AlwerniaEN AndrzejewoEN Distance: 362.17
AlwerniaEN AnnopolEN Distance: 189.907
AlwerniaEN AugustowEN Distance: 487.411
AlwerniaEN BabiakEN Distance: 259.536
AlwerniaEN BabiceEN Distance: 7.1457
AlwerniaEN BabimostEN Distance: 351.694
AlwerniaEN BaborowEN Distance: 111.146
AlwerniaEN BaboszewoEN Distance: 297.586
AlwerniaEN BackowiceEN Distance: 146.359
AlwerniaEN BakalarzewoEN Distance: 501.195
AlwerniaEN BaligrodEN Distance: 212.084
AlwerniaEN BaltowEN Distance: 177.788
AlwerniaEN BanieEN Distance: 486.437
AlwerniaEN BanieMazurskieEN Distance: 499.211
AlwerniaEN BaranowiczeEN Distance: 576.434
AlwerniaEN BaranowoEN Distance: 369.205
AlwerniaEN Baranow(kaliskie)EN Distance: 172.772
AlwerniaEN Baranow(lubelskie)EN Distance: 250.687
AlwerniaEN Baranow(skierniewickie)EN Distance: 237.755
-------------------------------------
AndrespolEN AndrychowEN Distance: 208.716
AndrespolEN AndrzejewoEN Distance: 216.139
AndrespolEN AnnopolEN Distance: 181.705
AndrespolEN AugustowEN Distance: 329.947
AndrespolEN BabiakEN Distance: 92.7463
AndrespolEN BabiceEN Distance: 185.966
AndrespolEN BabimostEN Distance: 264.93
AndrespolEN BaborowEN Distance: 209.16
AndrespolEN BaboszewoEN Distance: 116.132
AndrespolEN BackowiceEN Distance: 152.376
AndrespolEN BakalarzewoEN Distance: 336.373
AndrespolEN BaligrodEN Distance: 322.79
AndrespolEN BaltowEN Distance: 154.358
AndrespolEN BanieEN Distance: 375.748
AndrespolEN BanieMazurskieEN Distance: 326.548
AndrespolEN BaranowiczeEN Distance: 469.039
AndrespolEN BaranowoEN Distance: 198.806
AndrespolEN Baranow(kaliskie)EN Distance: 122.971
AndrespolEN Baranow(lubelskie)EN Distance: 175.64
AndrespolEN Baranow(skierniewickie)EN Distance: 72.4928
-------------------------------------
AndrychowEN AndrzejewoEN Distance: 389.073
AndrychowEN AnnopolEN Distance: 214.131
AndrychowEN AugustowEN Distance: 514.392
AndrychowEN BabiakEN Distance: 278.526
AndrychowEN BabiceEN Distance: 23.392
AndrychowEN BabimostEN Distance: 357.325
AndrychowEN BaborowEN Distance: 101.874
AndrychowEN BaboszewoEN Distance: 322.196
AndrychowEN BackowiceEN Distance: 171.412
AndrychowEN BakalarzewoEN Distance: 527.943
AndrychowEN BaligrodEN Distance: 219.35
AndrychowEN BaltowEN Distance: 203.245
AndrychowEN BanieEN Distance: 493.245
AndrychowEN BanieMazurskieEN Distance: 525.455
AndrychowEN BaranowiczeEN Distance: 602.798
AndrychowEN BaranowoEN Distance: 395.265
AndrychowEN Baranow(kaliskie)EN Distance: 182.873
AndrychowEN Baranow(lubelskie)EN Distance: 276.879
AndrychowEN Baranow(skierniewickie)EN Distance: 263.344
-------------------------------------
AndrzejewoEN AnnopolEN Distance: 218.231
AndrzejewoEN AugustowEN Distance: 124.368
AndrzejewoEN BabiakEN Distance: 242.969
AndrzejewoEN BabiceEN Distance: 359.831
AndrzejewoEN BabimostEN Distance: 434.884
AndrzejewoEN BaborowEN Distance: 411.885
AndrzejewoEN BaboszewoEN Distance: 131.981
AndrzejewoEN BackowiceEN Distance: 235.505
AndrzejewoEN BakalarzewoEN Distance: 144.218
AndrzejewoEN BaligrodEN Distance: 387.81
AndrzejewoEN BaltowEN Distance: 207.144
AndrzejewoEN BanieEN Distance: 509.748
AndrzejewoEN BanieMazurskieEN Distance: 158.028
AndrzejewoEN BaranowiczeEN Distance: 259.958
AndrzejewoEN BaranowoEN Distance: 71.9843
AndrzejewoEN Baranow(kaliskie)EN Distance: 331.967
AndrzejewoEN Baranow(lubelskie)EN Distance: 141.047
AndrzejewoEN Baranow(skierniewickie)EN Distance: 141.259
-------------------------------------
AnnopolEN AugustowEN Distance: 339.169
AnnopolEN BabiakEN Distance: 275.755
AnnopolEN BabiceEN Distance: 193.577
AnnopolEN BabimostEN Distance: 446.584
AnnopolEN BaborowEN Distance: 284.693
AnnopolEN BaboszewoEN Distance: 231.928
AnnopolEN BackowiceEN Distance: 45.4379
AnnopolEN BakalarzewoEN Distance: 362.285
AnnopolEN BaligrodEN Distance: 173.183
AnnopolEN BaltowEN Distance: 27.7196
AnnopolEN BanieEN Distance: 564.777
AnnopolEN BanieMazurskieEN Distance: 375.003
AnnopolEN BaranowiczeEN Distance: 385.192
AnnopolEN BaranowoEN Distance: 259.114
AnnopolEN Baranow(kaliskie)EN Distance: 274.899
AnnopolEN Baranow(lubelskie)EN Distance: 78.629
AnnopolEN Baranow(skierniewickie)EN Distance: 168.873
-------------------------------------
AugustowEN BabiakEN Distance: 328.062
AugustowEN BabiceEN Distance: 480.852
AugustowEN BabimostEN Distance: 505.219
AugustowEN BaborowEN Distance: 526.065
AugustowEN BaboszewoEN Distance: 219.58
AugustowEN BackowiceEN Distance: 358.102
AugustowEN BakalarzewoEN Distance: 34.7414
AugustowEN BaligrodEN Distance: 502.952
AugustowEN BaltowEN Distance: 329.155
AugustowEN BanieEN Distance: 553.571
AugustowEN BanieMazurskieEN Distance: 74.8759
AugustowEN BaranowiczeEN Distance: 216.611
AugustowEN BaranowoEN Distance: 132.237
AugustowEN Baranow(kaliskie)EN Distance: 434.832
AugustowEN Baranow(lubelskie)EN Distance: 259.78
AugustowEN Baranow(skierniewickie)EN Distance: 253.347
-------------------------------------
BabiakEN BabiceEN Distance: 257.435
BabiakEN BabimostEN Distance: 194.942
BabiakEN BaborowEN Distance: 247.672
BabiakEN BaboszewoEN Distance: 114.122
BabiakEN BackowiceEN Distance: 243.363
BabiakEN BakalarzewoEN Distance: 333.897
BabiakEN BaligrodEN Distance: 412.634
BabiakEN BaltowEN Distance: 243.042
BabiakEN BanieEN Distance: 288.417
BabiakEN BanieMazurskieEN Distance: 313.008
BabiakEN BaranowiczeEN Distance: 507.852
BabiakEN BaranowoEN Distance: 201.586
BabiakEN Baranow(kaliskie)EN Distance: 127.517
BabiakEN Baranow(lubelskie)EN Distance: 250.788
BabiakEN Baranow(skierniewickie)EN Distance: 123.686
-------------------------------------
BabiceEN BabimostEN Distance: 346.354
BabiceEN BaborowEN Distance: 104.027
BabiceEN BaboszewoEN Distance: 298.899
BabiceEN BackowiceEN Distance: 152.342
BabiceEN BakalarzewoEN Distance: 504.41
BabiceEN BaligrodEN Distance: 218.721
BabiceEN BaltowEN Distance: 183.581
BabiceEN BanieEN Distance: 481.319
BabiceEN BanieMazurskieEN Distance: 501.829
BabiceEN BaranowiczeEN Distance: 582.207
BabiceEN BaranowoEN Distance: 371.709
BabiceEN Baranow(kaliskie)EN Distance: 168.331
BabiceEN Baranow(lubelskie)EN Distance: 256.061
BabiceEN Baranow(skierniewickie)EN Distance: 239.857
-------------------------------------
BabimostEN BaborowEN Distance: 266.716
BabimostEN BaboszewoEN Distance: 307.837
BabimostEN BackowiceEN Distance: 398.295
BabimostEN BakalarzewoEN Distance: 513.737
BabimostEN BaligrodEN Distance: 539.689
BabimostEN BaltowEN Distance: 409.278
BabimostEN BanieEN Distance: 133.801
BabimostEN BanieMazurskieEN Distance: 484.735
BabimostEN BaranowiczeEN Distance: 705.272
BabimostEN BaranowoEN Distance: 390.725
BabimostEN Baranow(kaliskie)EN Distance: 177.687
BabimostEN Baranow(lubelskie)EN Distance: 436.328
BabimostEN Baranow(skierniewickie)EN Distance: 316.508
-------------------------------------
BaborowEN BaboszewoEN Distance: 326.687
BaborowEN BackowiceEN Distance: 242.861
BaborowEN BakalarzewoEN Distance: 551.512
BaborowEN BaligrodEN Distance: 319.397
BaborowEN BaltowEN Distance: 270.987
BaborowEN BanieEN Distance: 406.139
BaborowEN BanieMazurskieEN Distance: 540.802
BaborowEN BaranowiczeEN Distance: 663.349
BaborowEN BaranowoEN Distance: 412.307
BaborowEN Baranow(kaliskie)EN Distance: 124.314
BaborowEN Baranow(lubelskie)EN Distance: 336.467
BaborowEN Baranow(skierniewickie)EN Distance: 281.621
-------------------------------------
BaboszewoEN BackowiceEN Distance: 221.669
BaboszewoEN BakalarzewoEN Distance: 224.726
BaboszewoEN BaligrodEN Distance: 397.353
BaboszewoEN BaltowEN Distance: 206.423
BaboszewoEN BanieEN Distance: 381.505
BaboszewoEN BanieMazurskieEN Distance: 210.991
BaboszewoEN BaranowiczeEN Distance: 393.112
BaboszewoEN BaranowoEN Distance: 88.9508
BaboszewoEN Baranow(kaliskie)EN Distance: 220.223
BaboszewoEN Baranow(lubelskie)EN Distance: 179.849
BaboszewoEN Baranow(skierniewickie)EN Distance: 66.5624
-------------------------------------
BackowiceEN BakalarzewoEN Distance: 380.643
BackowiceEN BaligrodEN Distance: 177.519
BackowiceEN BaltowEN Distance: 32.0513
BackowiceEN BanieEN Distance: 530.275
BackowiceEN BanieMazurskieEN Distance: 388.333
BackowiceEN BaranowiczeEN Distance: 426.058
BackowiceEN BaranowoEN Distance: 265.358
BackowiceEN Baranow(kaliskie)EN Distance: 233.348
BackowiceEN Baranow(lubelskie)EN Distance: 106.975
BackowiceEN Baranow(skierniewickie)EN Distance: 156.184
-------------------------------------
BakalarzewoEN BaligrodEN Distance: 529.318
BakalarzewoEN BaltowEN Distance: 350.895
BakalarzewoEN BanieEN Distance: 535.004
BakalarzewoEN BanieMazurskieEN Distance: 42.5767
BakalarzewoEN BaranowiczeEN Distance: 245.672
BakalarzewoEN BaranowoEN Distance: 134.828
BakalarzewoEN Baranow(kaliskie)EN Distance: 437.739
BakalarzewoEN Baranow(lubelskie)EN Distance: 283.896
BakalarzewoEN Baranow(skierniewickie)EN Distance: 262.79
-------------------------------------
BaligrodEN BaltowEN Distance: 193.344
BaligrodEN BanieEN Distance: 694.289
BaligrodEN BanieMazurskieEN Distance: 545.737
BaligrodEN BaranowiczeEN Distance: 501.334
BaligrodEN BaranowoEN Distance: 432.65
BaligrodEN Baranow(kaliskie)EN Distance: 376.844
BaligrodEN Baranow(lubelskie)EN Distance: 246.952
BaligrodEN Baranow(skierniewickie)EN Distance: 334.983
-------------------------------------
BaltowEN BanieEN Distance: 535.991
BaltowEN BanieMazurskieEN Distance: 361.753
BaltowEN BaranowiczeEN Distance: 393.493
BaltowEN BaranowoEN Distance: 241.749
BaltowEN Baranow(kaliskie)EN Distance: 249.005
BaltowEN Baranow(lubelskie)EN Distance: 74.925
BaltowEN Baranow(skierniewickie)EN Distance: 143.44
-------------------------------------
BanieEN BanieMazurskieEN Distance: 511.991
BanieEN BaranowiczeEN Distance: 761.981
BanieEN BaranowoEN Distance: 445.694
BanieEN Baranow(kaliskie)EN Distance: 303.792
BanieEN Baranow(lubelskie)EN Distance: 530.616
BanieEN Baranow(skierniewickie)EN Distance: 404.973
-------------------------------------
BanieMazurskieEN BaranowiczeEN Distance: 287.353
BanieMazurskieEN BaranowoEN Distance: 128.372
BanieMazurskieEN Baranow(kaliskie)EN Distance: 423.888
BanieMazurskieEN Baranow(lubelskie)EN Distance: 298.783
BanieMazurskieEN Baranow(skierniewickie)EN Distance: 258.852
-------------------------------------
BaranowiczeEN BaranowoEN Distance: 316.178
BaranowiczeEN Baranow(kaliskie)EN Distance: 575.364
BaranowiczeEN Baranow(lubelskie)EN Distance: 312.544
BaranowiczeEN Baranow(skierniewickie)EN Distance: 388.63
-------------------------------------
BaranowoEN Baranow(kaliskie)EN Distance: 306.575
BaranowoEN Baranow(lubelskie)EN Distance: 188.691
BaranowoEN Baranow(skierniewickie)EN Distance: 131.112
-------------------------------------
Baranow(kaliskie)EN Baranow(lubelskie)EN Distance: 290.984
Baranow(kaliskie)EN Baranow(skierniewickie)EN Distance: 196.145
-------------------------------------
Baranow(lubelskie)EN Baranow(skierniewickie)EN Distance: 131.594
-------------------------------------
-------------------------------------
