0.800879
-0.150837
-0.14841
-1.14666
-0.745349
-1.01834
-0.5891
-0.846414
0.303791
-0.0314913
0.246427
0.42308
-0.737682
-0.33217
0.552411
-0.00416335
0.502418
0.6353
0.285508
0.503892
-0.997276
-0.387541
0.810261
0.767072
0.142311
-0.882639
-0.288371
-0.299545
0.0076027
0.129407
0.000843562
-0.687476
-0.68451
0.638279
-0.842896
1.17904
-0.14859
-0.608389
-0.35739
0.083343
0.61268
0.972787
0.898825
0.554652
0.87466
-0.616567
-0.284056
0.698368
0.701154
-0.26697
0.255697
-0.0447209
-0.722936
0.872686
-0.122121
-0.716228
-0.121589
0.563108
0.266924
-0.36859
1.10906
-0.153568
0.493383
0.162768
-0.988394
0.1357
0.899287
-0.796421
1.04419
-0.0189391
