100 4950
1 2 10
1 3 10
1 4 10
1 5 10
1 6 10
1 7 10
1 8 10
1 9 10
1 10 10
1 11 10
1 12 10
1 13 10
1 14 10
1 15 10
1 16 10
1 17 10
1 18 10
1 19 10
1 20 10
1 21 10
1 22 10
1 23 10
1 24 10
1 25 10
1 26 10
1 27 10
1 28 10
1 29 10
1 30 10
1 31 10
1 32 10
1 33 10
1 34 10
1 35 10
1 36 10
1 37 10
1 38 10
1 39 10
1 40 10
1 41 10
1 42 10
1 43 10
1 44 10
1 45 10
1 46 10
1 47 10
1 48 10
1 49 10
1 50 10
1 51 10
1 52 10
1 53 10
1 54 10
1 55 10
1 56 10
1 57 10
1 58 10
1 59 10
1 60 10
1 61 10
1 62 10
1 63 10
1 64 10
1 65 10
1 66 10
1 67 10
1 68 10
1 69 10
1 70 10
1 71 10
1 72 10
1 73 10
1 74 10
1 75 10
1 76 10
1 77 10
1 78 10
1 79 10
1 80 10
1 81 10
1 82 10
1 83 10
1 84 10
1 85 10
1 86 10
1 87 10
1 88 10
1 89 10
1 90 10
1 91 10
1 92 10
1 93 10
1 94 10
1 95 10
1 96 10
1 97 10
1 98 10
1 99 10
1 100 10
2 3 12
2 4 13
2 5 14
2 6 15
2 7 16
2 8 17
2 9 18
2 10 19
2 11 20
2 12 21
2 13 22
2 14 23
2 15 24
2 16 25
2 17 26
2 18 27
2 19 28
2 20 29
2 21 30
2 22 31
2 23 32
2 24 33
2 25 34
2 26 35
2 27 36
2 28 37
2 29 38
2 30 39
2 31 40
2 32 41
2 33 42
2 34 43
2 35 44
2 36 45
2 37 46
2 38 47
2 39 48
2 40 49
2 41 50
2 42 51
2 43 52
2 44 53
2 45 54
2 46 55
2 47 56
2 48 57
2 49 58
2 50 59
2 51 60
2 52 61
2 53 62
2 54 63
2 55 64
2 56 65
2 57 66
2 58 67
2 59 68
2 60 69
2 61 70
2 62 71
2 63 72
2 64 73
2 65 74
2 66 75
2 67 76
2 68 77
2 69 78
2 70 79
2 71 80
2 72 81
2 73 82
2 74 83
2 75 84
2 76 85
2 77 86
2 78 87
2 79 88
2 80 89
2 81 90
2 82 91
2 83 92
2 84 93
2 85 94
2 86 95
2 87 96
2 88 97
2 89 98
2 90 99
2 91 100
2 92 101
2 93 102
2 94 103
2 95 104
2 96 105
2 97 106
2 98 107
2 99 108
2 100 109
3 4 16
3 5 18
3 6 20
3 7 22
3 8 24
3 9 26
3 10 28
3 11 30
3 12 32
3 13 34
3 14 36
3 15 38
3 16 40
3 17 42
3 18 44
3 19 46
3 20 48
3 21 50
3 22 52
3 23 54
3 24 56
3 25 58
3 26 60
3 27 62
3 28 64
3 29 66
3 30 68
3 31 70
3 32 72
3 33 74
3 34 76
3 35 78
3 36 80
3 37 82
3 38 84
3 39 86
3 40 88
3 41 90
3 42 92
3 43 94
3 44 96
3 45 98
3 46 100
3 47 102
3 48 104
3 49 106
3 50 108
3 51 110
3 52 112
3 53 114
3 54 116
3 55 118
3 56 120
3 57 122
3 58 124
3 59 126
3 60 128
3 61 130
3 62 132
3 63 134
3 64 136
3 65 138
3 66 140
3 67 142
3 68 144
3 69 146
3 70 148
3 71 150
3 72 152
3 73 154
3 74 156
3 75 158
3 76 160
3 77 162
3 78 164
3 79 166
3 80 168
3 81 170
3 82 172
3 83 174
3 84 176
3 85 178
3 86 180
3 87 182
3 88 184
3 89 186
3 90 188
3 91 190
3 92 192
3 93 194
3 94 196
3 95 198
3 96 200
3 97 202
3 98 204
3 99 206
3 100 208
4 5 22
4 6 25
4 7 28
4 8 31
4 9 34
4 10 37
4 11 40
4 12 43
4 13 46
4 14 49
4 15 52
4 16 55
4 17 58
4 18 61
4 19 64
4 20 67
4 21 70
4 22 73
4 23 76
4 24 79
4 25 82
4 26 85
4 27 88
4 28 91
4 29 94
4 30 97
4 31 100
4 32 103
4 33 106
4 34 109
4 35 112
4 36 115
4 37 118
4 38 121
4 39 124
4 40 127
4 41 130
4 42 133
4 43 136
4 44 139
4 45 142
4 46 145
4 47 148
4 48 151
4 49 154
4 50 157
4 51 160
4 52 163
4 53 166
4 54 169
4 55 172
4 56 175
4 57 178
4 58 181
4 59 184
4 60 187
4 61 190
4 62 193
4 63 196
4 64 199
4 65 202
4 66 205
4 67 208
4 68 211
4 69 214
4 70 217
4 71 220
4 72 223
4 73 226
4 74 229
4 75 232
4 76 235
4 77 238
4 78 241
4 79 244
4 80 247
4 81 250
4 82 253
4 83 256
4 84 259
4 85 262
4 86 265
4 87 268
4 88 271
4 89 274
4 90 277
4 91 280
4 92 283
4 93 286
4 94 289
4 95 292
4 96 295
4 97 298
4 98 301
4 99 304
4 100 307
5 6 30
5 7 34
5 8 38
5 9 42
5 10 46
5 11 50
5 12 54
5 13 58
5 14 62
5 15 66
5 16 70
5 17 74
5 18 78
5 19 82
5 20 86
5 21 90
5 22 94
5 23 98
5 24 102
5 25 106
5 26 110
5 27 114
5 28 118
5 29 122
5 30 126
5 31 130
5 32 134
5 33 138
5 34 142
5 35 146
5 36 150
5 37 154
5 38 158
5 39 162
5 40 166
5 41 170
5 42 174
5 43 178
5 44 182
5 45 186
5 46 190
5 47 194
5 48 198
5 49 202
5 50 206
5 51 210
5 52 214
5 53 218
5 54 222
5 55 226
5 56 230
5 57 234
5 58 238
5 59 242
5 60 246
5 61 250
5 62 254
5 63 258
5 64 262
5 65 266
5 66 270
5 67 274
5 68 278
5 69 282
5 70 286
5 71 290
5 72 294
5 73 298
5 74 302
5 75 306
5 76 310
5 77 314
5 78 318
5 79 322
5 80 326
5 81 330
5 82 334
5 83 338
5 84 342
5 85 346
5 86 350
5 87 354
5 88 358
5 89 362
5 90 366
5 91 370
5 92 374
5 93 378
5 94 382
5 95 386
5 96 390
5 97 394
5 98 398
5 99 402
5 100 406
6 7 40
6 8 45
6 9 50
6 10 55
6 11 60
6 12 65
6 13 70
6 14 75
6 15 80
6 16 85
6 17 90
6 18 95
6 19 100
6 20 105
6 21 110
6 22 115
6 23 120
6 24 125
6 25 130
6 26 135
6 27 140
6 28 145
6 29 150
6 30 155
6 31 160
6 32 165
6 33 170
6 34 175
6 35 180
6 36 185
6 37 190
6 38 195
6 39 200
6 40 205
6 41 210
6 42 215
6 43 220
6 44 225
6 45 230
6 46 235
6 47 240
6 48 245
6 49 250
6 50 255
6 51 260
6 52 265
6 53 270
6 54 275
6 55 280
6 56 285
6 57 290
6 58 295
6 59 300
6 60 305
6 61 310
6 62 315
6 63 320
6 64 325
6 65 330
6 66 335
6 67 340
6 68 345
6 69 350
6 70 355
6 71 360
6 72 365
6 73 370
6 74 375
6 75 380
6 76 385
6 77 390
6 78 395
6 79 400
6 80 405
6 81 410
6 82 415
6 83 420
6 84 425
6 85 430
6 86 435
6 87 440
6 88 445
6 89 450
6 90 455
6 91 460
6 92 465
6 93 470
6 94 475
6 95 480
6 96 485
6 97 490
6 98 495
6 99 500
6 100 505
7 8 52
7 9 58
7 10 64
7 11 70
7 12 76
7 13 82
7 14 88
7 15 94
7 16 100
7 17 106
7 18 112
7 19 118
7 20 124
7 21 130
7 22 136
7 23 142
7 24 148
7 25 154
7 26 160
7 27 166
7 28 172
7 29 178
7 30 184
7 31 190
7 32 196
7 33 202
7 34 208
7 35 214
7 36 220
7 37 226
7 38 232
7 39 238
7 40 244
7 41 250
7 42 256
7 43 262
7 44 268
7 45 274
7 46 280
7 47 286
7 48 292
7 49 298
7 50 304
7 51 310
7 52 316
7 53 322
7 54 328
7 55 334
7 56 340
7 57 346
7 58 352
7 59 358
7 60 364
7 61 370
7 62 376
7 63 382
7 64 388
7 65 394
7 66 400
7 67 406
7 68 412
7 69 418
7 70 424
7 71 430
7 72 436
7 73 442
7 74 448
7 75 454
7 76 460
7 77 466
7 78 472
7 79 478
7 80 484
7 81 490
7 82 496
7 83 502
7 84 508
7 85 514
7 86 520
7 87 526
7 88 532
7 89 538
7 90 544
7 91 550
7 92 556
7 93 562
7 94 568
7 95 574
7 96 580
7 97 586
7 98 592
7 99 598
7 100 604
8 9 66
8 10 73
8 11 80
8 12 87
8 13 94
8 14 101
8 15 108
8 16 115
8 17 122
8 18 129
8 19 136
8 20 143
8 21 150
8 22 157
8 23 164
8 24 171
8 25 178
8 26 185
8 27 192
8 28 199
8 29 206
8 30 213
8 31 220
8 32 227
8 33 234
8 34 241
8 35 248
8 36 255
8 37 262
8 38 269
8 39 276
8 40 283
8 41 290
8 42 297
8 43 304
8 44 311
8 45 318
8 46 325
8 47 332
8 48 339
8 49 346
8 50 353
8 51 360
8 52 367
8 53 374
8 54 381
8 55 388
8 56 395
8 57 402
8 58 409
8 59 416
8 60 423
8 61 430
8 62 437
8 63 444
8 64 451
8 65 458
8 66 465
8 67 472
8 68 479
8 69 486
8 70 493
8 71 500
8 72 507
8 73 514
8 74 521
8 75 528
8 76 535
8 77 542
8 78 549
8 79 556
8 80 563
8 81 570
8 82 577
8 83 584
8 84 591
8 85 598
8 86 605
8 87 612
8 88 619
8 89 626
8 90 633
8 91 640
8 92 647
8 93 654
8 94 661
8 95 668
8 96 675
8 97 682
8 98 689
8 99 696
8 100 703
9 10 82
9 11 90
9 12 98
9 13 106
9 14 114
9 15 122
9 16 130
9 17 138
9 18 146
9 19 154
9 20 162
9 21 170
9 22 178
9 23 186
9 24 194
9 25 202
9 26 210
9 27 218
9 28 226
9 29 234
9 30 242
9 31 250
9 32 258
9 33 266
9 34 274
9 35 282
9 36 290
9 37 298
9 38 306
9 39 314
9 40 322
9 41 330
9 42 338
9 43 346
9 44 354
9 45 362
9 46 370
9 47 378
9 48 386
9 49 394
9 50 402
9 51 410
9 52 418
9 53 426
9 54 434
9 55 442
9 56 450
9 57 458
9 58 466
9 59 474
9 60 482
9 61 490
9 62 498
9 63 506
9 64 514
9 65 522
9 66 530
9 67 538
9 68 546
9 69 554
9 70 562
9 71 570
9 72 578
9 73 586
9 74 594
9 75 602
9 76 610
9 77 618
9 78 626
9 79 634
9 80 642
9 81 650
9 82 658
9 83 666
9 84 674
9 85 682
9 86 690
9 87 698
9 88 706
9 89 714
9 90 722
9 91 730
9 92 738
9 93 746
9 94 754
9 95 762
9 96 770
9 97 778
9 98 786
9 99 794
9 100 802
10 11 100
10 12 109
10 13 118
10 14 127
10 15 136
10 16 145
10 17 154
10 18 163
10 19 172
10 20 181
10 21 190
10 22 199
10 23 208
10 24 217
10 25 226
10 26 235
10 27 244
10 28 253
10 29 262
10 30 271
10 31 280
10 32 289
10 33 298
10 34 307
10 35 316
10 36 325
10 37 334
10 38 343
10 39 352
10 40 361
10 41 370
10 42 379
10 43 388
10 44 397
10 45 406
10 46 415
10 47 424
10 48 433
10 49 442
10 50 451
10 51 460
10 52 469
10 53 478
10 54 487
10 55 496
10 56 505
10 57 514
10 58 523
10 59 532
10 60 541
10 61 550
10 62 559
10 63 568
10 64 577
10 65 586
10 66 595
10 67 604
10 68 613
10 69 622
10 70 631
10 71 640
10 72 649
10 73 658
10 74 667
10 75 676
10 76 685
10 77 694
10 78 703
10 79 712
10 80 721
10 81 730
10 82 739
10 83 748
10 84 757
10 85 766
10 86 775
10 87 784
10 88 793
10 89 802
10 90 811
10 91 820
10 92 829
10 93 838
10 94 847
10 95 856
10 96 865
10 97 874
10 98 883
10 99 892
10 100 901
11 12 120
11 13 130
11 14 140
11 15 150
11 16 160
11 17 170
11 18 180
11 19 190
11 20 200
11 21 210
11 22 220
11 23 230
11 24 240
11 25 250
11 26 260
11 27 270
11 28 280
11 29 290
11 30 300
11 31 310
11 32 320
11 33 330
11 34 340
11 35 350
11 36 360
11 37 370
11 38 380
11 39 390
11 40 400
11 41 410
11 42 420
11 43 430
11 44 440
11 45 450
11 46 460
11 47 470
11 48 480
11 49 490
11 50 500
11 51 510
11 52 520
11 53 530
11 54 540
11 55 550
11 56 560
11 57 570
11 58 580
11 59 590
11 60 600
11 61 610
11 62 620
11 63 630
11 64 640
11 65 650
11 66 660
11 67 670
11 68 680
11 69 690
11 70 700
11 71 710
11 72 720
11 73 730
11 74 740
11 75 750
11 76 760
11 77 770
11 78 780
11 79 790
11 80 800
11 81 810
11 82 820
11 83 830
11 84 840
11 85 850
11 86 860
11 87 870
11 88 880
11 89 890
11 90 900
11 91 910
11 92 920
11 93 930
11 94 940
11 95 950
11 96 960
11 97 970
11 98 980
11 99 990
11 100 1000
12 13 142
12 14 153
12 15 164
12 16 175
12 17 186
12 18 197
12 19 208
12 20 219
12 21 230
12 22 241
12 23 252
12 24 263
12 25 274
12 26 285
12 27 296
12 28 307
12 29 318
12 30 329
12 31 340
12 32 351
12 33 362
12 34 373
12 35 384
12 36 395
12 37 406
12 38 417
12 39 428
12 40 439
12 41 450
12 42 461
12 43 472
12 44 483
12 45 494
12 46 505
12 47 516
12 48 527
12 49 538
12 50 549
12 51 560
12 52 571
12 53 582
12 54 593
12 55 604
12 56 615
12 57 626
12 58 637
12 59 648
12 60 659
12 61 670
12 62 681
12 63 692
12 64 703
12 65 714
12 66 725
12 67 736
12 68 747
12 69 758
12 70 769
12 71 780
12 72 791
12 73 802
12 74 813
12 75 824
12 76 835
12 77 846
12 78 857
12 79 868
12 80 879
12 81 890
12 82 901
12 83 912
12 84 923
12 85 934
12 86 945
12 87 956
12 88 967
12 89 978
12 90 989
12 91 1000
12 92 1011
12 93 1022
12 94 1033
12 95 1044
12 96 1055
12 97 1066
12 98 1077
12 99 1088
12 100 1099
13 14 166
13 15 178
13 16 190
13 17 202
13 18 214
13 19 226
13 20 238
13 21 250
13 22 262
13 23 274
13 24 286
13 25 298
13 26 310
13 27 322
13 28 334
13 29 346
13 30 358
13 31 370
13 32 382
13 33 394
13 34 406
13 35 418
13 36 430
13 37 442
13 38 454
13 39 466
13 40 478
13 41 490
13 42 502
13 43 514
13 44 526
13 45 538
13 46 550
13 47 562
13 48 574
13 49 586
13 50 598
13 51 610
13 52 622
13 53 634
13 54 646
13 55 658
13 56 670
13 57 682
13 58 694
13 59 706
13 60 718
13 61 730
13 62 742
13 63 754
13 64 766
13 65 778
13 66 790
13 67 802
13 68 814
13 69 826
13 70 838
13 71 850
13 72 862
13 73 874
13 74 886
13 75 898
13 76 910
13 77 922
13 78 934
13 79 946
13 80 958
13 81 970
13 82 982
13 83 994
13 84 1006
13 85 1018
13 86 1030
13 87 1042
13 88 1054
13 89 1066
13 90 1078
13 91 1090
13 92 1102
13 93 1114
13 94 1126
13 95 1138
13 96 1150
13 97 1162
13 98 1174
13 99 1186
13 100 1198
14 15 192
14 16 205
14 17 218
14 18 231
14 19 244
14 20 257
14 21 270
14 22 283
14 23 296
14 24 309
14 25 322
14 26 335
14 27 348
14 28 361
14 29 374
14 30 387
14 31 400
14 32 413
14 33 426
14 34 439
14 35 452
14 36 465
14 37 478
14 38 491
14 39 504
14 40 517
14 41 530
14 42 543
14 43 556
14 44 569
14 45 582
14 46 595
14 47 608
14 48 621
14 49 634
14 50 647
14 51 660
14 52 673
14 53 686
14 54 699
14 55 712
14 56 725
14 57 738
14 58 751
14 59 764
14 60 777
14 61 790
14 62 803
14 63 816
14 64 829
14 65 842
14 66 855
14 67 868
14 68 881
14 69 894
14 70 907
14 71 920
14 72 933
14 73 946
14 74 959
14 75 972
14 76 985
14 77 998
14 78 1011
14 79 1024
14 80 1037
14 81 1050
14 82 1063
14 83 1076
14 84 1089
14 85 1102
14 86 1115
14 87 1128
14 88 1141
14 89 1154
14 90 1167
14 91 1180
14 92 1193
14 93 1206
14 94 1219
14 95 1232
14 96 1245
14 97 1258
14 98 1271
14 99 1284
14 100 1297
15 16 220
15 17 234
15 18 248
15 19 262
15 20 276
15 21 290
15 22 304
15 23 318
15 24 332
15 25 346
15 26 360
15 27 374
15 28 388
15 29 402
15 30 416
15 31 430
15 32 444
15 33 458
15 34 472
15 35 486
15 36 500
15 37 514
15 38 528
15 39 542
15 40 556
15 41 570
15 42 584
15 43 598
15 44 612
15 45 626
15 46 640
15 47 654
15 48 668
15 49 682
15 50 696
15 51 710
15 52 724
15 53 738
15 54 752
15 55 766
15 56 780
15 57 794
15 58 808
15 59 822
15 60 836
15 61 850
15 62 864
15 63 878
15 64 892
15 65 906
15 66 920
15 67 934
15 68 948
15 69 962
15 70 976
15 71 990
15 72 1004
15 73 1018
15 74 1032
15 75 1046
15 76 1060
15 77 1074
15 78 1088
15 79 1102
15 80 1116
15 81 1130
15 82 1144
15 83 1158
15 84 1172
15 85 1186
15 86 1200
15 87 1214
15 88 1228
15 89 1242
15 90 1256
15 91 1270
15 92 1284
15 93 1298
15 94 1312
15 95 1326
15 96 1340
15 97 1354
15 98 1368
15 99 1382
15 100 1396
16 17 250
16 18 265
16 19 280
16 20 295
16 21 310
16 22 325
16 23 340
16 24 355
16 25 370
16 26 385
16 27 400
16 28 415
16 29 430
16 30 445
16 31 460
16 32 475
16 33 490
16 34 505
16 35 520
16 36 535
16 37 550
16 38 565
16 39 580
16 40 595
16 41 610
16 42 625
16 43 640
16 44 655
16 45 670
16 46 685
16 47 700
16 48 715
16 49 730
16 50 745
16 51 760
16 52 775
16 53 790
16 54 805
16 55 820
16 56 835
16 57 850
16 58 865
16 59 880
16 60 895
16 61 910
16 62 925
16 63 940
16 64 955
16 65 970
16 66 985
16 67 1000
16 68 1015
16 69 1030
16 70 1045
16 71 1060
16 72 1075
16 73 1090
16 74 1105
16 75 1120
16 76 1135
16 77 1150
16 78 1165
16 79 1180
16 80 1195
16 81 1210
16 82 1225
16 83 1240
16 84 1255
16 85 1270
16 86 1285
16 87 1300
16 88 1315
16 89 1330
16 90 1345
16 91 1360
16 92 1375
16 93 1390
16 94 1405
16 95 1420
16 96 1435
16 97 1450
16 98 1465
16 99 1480
16 100 1495
17 18 282
17 19 298
17 20 314
17 21 330
17 22 346
17 23 362
17 24 378
17 25 394
17 26 410
17 27 426
17 28 442
17 29 458
17 30 474
17 31 490
17 32 506
17 33 522
17 34 538
17 35 554
17 36 570
17 37 586
17 38 602
17 39 618
17 40 634
17 41 650
17 42 666
17 43 682
17 44 698
17 45 714
17 46 730
17 47 746
17 48 762
17 49 778
17 50 794
17 51 810
17 52 826
17 53 842
17 54 858
17 55 874
17 56 890
17 57 906
17 58 922
17 59 938
17 60 954
17 61 970
17 62 986
17 63 1002
17 64 1018
17 65 1034
17 66 1050
17 67 1066
17 68 1082
17 69 1098
17 70 1114
17 71 1130
17 72 1146
17 73 1162
17 74 1178
17 75 1194
17 76 1210
17 77 1226
17 78 1242
17 79 1258
17 80 1274
17 81 1290
17 82 1306
17 83 1322
17 84 1338
17 85 1354
17 86 1370
17 87 1386
17 88 1402
17 89 1418
17 90 1434
17 91 1450
17 92 1466
17 93 1482
17 94 1498
17 95 1514
17 96 1530
17 97 1546
17 98 1562
17 99 1578
17 100 1594
18 19 316
18 20 333
18 21 350
18 22 367
18 23 384
18 24 401
18 25 418
18 26 435
18 27 452
18 28 469
18 29 486
18 30 503
18 31 520
18 32 537
18 33 554
18 34 571
18 35 588
18 36 605
18 37 622
18 38 639
18 39 656
18 40 673
18 41 690
18 42 707
18 43 724
18 44 741
18 45 758
18 46 775
18 47 792
18 48 809
18 49 826
18 50 843
18 51 860
18 52 877
18 53 894
18 54 911
18 55 928
18 56 945
18 57 962
18 58 979
18 59 996
18 60 1013
18 61 1030
18 62 1047
18 63 1064
18 64 1081
18 65 1098
18 66 1115
18 67 1132
18 68 1149
18 69 1166
18 70 1183
18 71 1200
18 72 1217
18 73 1234
18 74 1251
18 75 1268
18 76 1285
18 77 1302
18 78 1319
18 79 1336
18 80 1353
18 81 1370
18 82 1387
18 83 1404
18 84 1421
18 85 1438
18 86 1455
18 87 1472
18 88 1489
18 89 1506
18 90 1523
18 91 1540
18 92 1557
18 93 1574
18 94 1591
18 95 1608
18 96 1625
18 97 1642
18 98 1659
18 99 1676
18 100 1693
19 20 352
19 21 370
19 22 388
19 23 406
19 24 424
19 25 442
19 26 460
19 27 478
19 28 496
19 29 514
19 30 532
19 31 550
19 32 568
19 33 586
19 34 604
19 35 622
19 36 640
19 37 658
19 38 676
19 39 694
19 40 712
19 41 730
19 42 748
19 43 766
19 44 784
19 45 802
19 46 820
19 47 838
19 48 856
19 49 874
19 50 892
19 51 910
19 52 928
19 53 946
19 54 964
19 55 982
19 56 1000
19 57 1018
19 58 1036
19 59 1054
19 60 1072
19 61 1090
19 62 1108
19 63 1126
19 64 1144
19 65 1162
19 66 1180
19 67 1198
19 68 1216
19 69 1234
19 70 1252
19 71 1270
19 72 1288
19 73 1306
19 74 1324
19 75 1342
19 76 1360
19 77 1378
19 78 1396
19 79 1414
19 80 1432
19 81 1450
19 82 1468
19 83 1486
19 84 1504
19 85 1522
19 86 1540
19 87 1558
19 88 1576
19 89 1594
19 90 1612
19 91 1630
19 92 1648
19 93 1666
19 94 1684
19 95 1702
19 96 1720
19 97 1738
19 98 1756
19 99 1774
19 100 1792
20 21 390
20 22 409
20 23 428
20 24 447
20 25 466
20 26 485
20 27 504
20 28 523
20 29 542
20 30 561
20 31 580
20 32 599
20 33 618
20 34 637
20 35 656
20 36 675
20 37 694
20 38 713
20 39 732
20 40 751
20 41 770
20 42 789
20 43 808
20 44 827
20 45 846
20 46 865
20 47 884
20 48 903
20 49 922
20 50 941
20 51 960
20 52 979
20 53 998
20 54 1017
20 55 1036
20 56 1055
20 57 1074
20 58 1093
20 59 1112
20 60 1131
20 61 1150
20 62 1169
20 63 1188
20 64 1207
20 65 1226
20 66 1245
20 67 1264
20 68 1283
20 69 1302
20 70 1321
20 71 1340
20 72 1359
20 73 1378
20 74 1397
20 75 1416
20 76 1435
20 77 1454
20 78 1473
20 79 1492
20 80 1511
20 81 1530
20 82 1549
20 83 1568
20 84 1587
20 85 1606
20 86 1625
20 87 1644
20 88 1663
20 89 1682
20 90 1701
20 91 1720
20 92 1739
20 93 1758
20 94 1777
20 95 1796
20 96 1815
20 97 1834
20 98 1853
20 99 1872
20 100 1891
21 22 430
21 23 450
21 24 470
21 25 490
21 26 510
21 27 530
21 28 550
21 29 570
21 30 590
21 31 610
21 32 630
21 33 650
21 34 670
21 35 690
21 36 710
21 37 730
21 38 750
21 39 770
21 40 790
21 41 810
21 42 830
21 43 850
21 44 870
21 45 890
21 46 910
21 47 930
21 48 950
21 49 970
21 50 990
21 51 1010
21 52 1030
21 53 1050
21 54 1070
21 55 1090
21 56 1110
21 57 1130
21 58 1150
21 59 1170
21 60 1190
21 61 1210
21 62 1230
21 63 1250
21 64 1270
21 65 1290
21 66 1310
21 67 1330
21 68 1350
21 69 1370
21 70 1390
21 71 1410
21 72 1430
21 73 1450
21 74 1470
21 75 1490
21 76 1510
21 77 1530
21 78 1550
21 79 1570
21 80 1590
21 81 1610
21 82 1630
21 83 1650
21 84 1670
21 85 1690
21 86 1710
21 87 1730
21 88 1750
21 89 1770
21 90 1790
21 91 1810
21 92 1830
21 93 1850
21 94 1870
21 95 1890
21 96 1910
21 97 1930
21 98 1950
21 99 1970
21 100 1990
22 23 472
22 24 493
22 25 514
22 26 535
22 27 556
22 28 577
22 29 598
22 30 619
22 31 640
22 32 661
22 33 682
22 34 703
22 35 724
22 36 745
22 37 766
22 38 787
22 39 808
22 40 829
22 41 850
22 42 871
22 43 892
22 44 913
22 45 934
22 46 955
22 47 976
22 48 997
22 49 1018
22 50 1039
22 51 1060
22 52 1081
22 53 1102
22 54 1123
22 55 1144
22 56 1165
22 57 1186
22 58 1207
22 59 1228
22 60 1249
22 61 1270
22 62 1291
22 63 1312
22 64 1333
22 65 1354
22 66 1375
22 67 1396
22 68 1417
22 69 1438
22 70 1459
22 71 1480
22 72 1501
22 73 1522
22 74 1543
22 75 1564
22 76 1585
22 77 1606
22 78 1627
22 79 1648
22 80 1669
22 81 1690
22 82 1711
22 83 1732
22 84 1753
22 85 1774
22 86 1795
22 87 1816
22 88 1837
22 89 1858
22 90 1879
22 91 1900
22 92 1921
22 93 1942
22 94 1963
22 95 1984
22 96 2005
22 97 2026
22 98 2047
22 99 2068
22 100 2089
23 24 516
23 25 538
23 26 560
23 27 582
23 28 604
23 29 626
23 30 648
23 31 670
23 32 692
23 33 714
23 34 736
23 35 758
23 36 780
23 37 802
23 38 824
23 39 846
23 40 868
23 41 890
23 42 912
23 43 934
23 44 956
23 45 978
23 46 1000
23 47 1022
23 48 1044
23 49 1066
23 50 1088
23 51 1110
23 52 1132
23 53 1154
23 54 1176
23 55 1198
23 56 1220
23 57 1242
23 58 1264
23 59 1286
23 60 1308
23 61 1330
23 62 1352
23 63 1374
23 64 1396
23 65 1418
23 66 1440
23 67 1462
23 68 1484
23 69 1506
23 70 1528
23 71 1550
23 72 1572
23 73 1594
23 74 1616
23 75 1638
23 76 1660
23 77 1682
23 78 1704
23 79 1726
23 80 1748
23 81 1770
23 82 1792
23 83 1814
23 84 1836
23 85 1858
23 86 1880
23 87 1902
23 88 1924
23 89 1946
23 90 1968
23 91 1990
23 92 2012
23 93 2034
23 94 2056
23 95 2078
23 96 2100
23 97 2122
23 98 2144
23 99 2166
23 100 2188
24 25 562
24 26 585
24 27 608
24 28 631
24 29 654
24 30 677
24 31 700
24 32 723
24 33 746
24 34 769
24 35 792
24 36 815
24 37 838
24 38 861
24 39 884
24 40 907
24 41 930
24 42 953
24 43 976
24 44 999
24 45 1022
24 46 1045
24 47 1068
24 48 1091
24 49 1114
24 50 1137
24 51 1160
24 52 1183
24 53 1206
24 54 1229
24 55 1252
24 56 1275
24 57 1298
24 58 1321
24 59 1344
24 60 1367
24 61 1390
24 62 1413
24 63 1436
24 64 1459
24 65 1482
24 66 1505
24 67 1528
24 68 1551
24 69 1574
24 70 1597
24 71 1620
24 72 1643
24 73 1666
24 74 1689
24 75 1712
24 76 1735
24 77 1758
24 78 1781
24 79 1804
24 80 1827
24 81 1850
24 82 1873
24 83 1896
24 84 1919
24 85 1942
24 86 1965
24 87 1988
24 88 2011
24 89 2034
24 90 2057
24 91 2080
24 92 2103
24 93 2126
24 94 2149
24 95 2172
24 96 2195
24 97 2218
24 98 2241
24 99 2264
24 100 2287
25 26 610
25 27 634
25 28 658
25 29 682
25 30 706
25 31 730
25 32 754
25 33 778
25 34 802
25 35 826
25 36 850
25 37 874
25 38 898
25 39 922
25 40 946
25 41 970
25 42 994
25 43 1018
25 44 1042
25 45 1066
25 46 1090
25 47 1114
25 48 1138
25 49 1162
25 50 1186
25 51 1210
25 52 1234
25 53 1258
25 54 1282
25 55 1306
25 56 1330
25 57 1354
25 58 1378
25 59 1402
25 60 1426
25 61 1450
25 62 1474
25 63 1498
25 64 1522
25 65 1546
25 66 1570
25 67 1594
25 68 1618
25 69 1642
25 70 1666
25 71 1690
25 72 1714
25 73 1738
25 74 1762
25 75 1786
25 76 1810
25 77 1834
25 78 1858
25 79 1882
25 80 1906
25 81 1930
25 82 1954
25 83 1978
25 84 2002
25 85 2026
25 86 2050
25 87 2074
25 88 2098
25 89 2122
25 90 2146
25 91 2170
25 92 2194
25 93 2218
25 94 2242
25 95 2266
25 96 2290
25 97 2314
25 98 2338
25 99 2362
25 100 2386
26 27 660
26 28 685
26 29 710
26 30 735
26 31 760
26 32 785
26 33 810
26 34 835
26 35 860
26 36 885
26 37 910
26 38 935
26 39 960
26 40 985
26 41 1010
26 42 1035
26 43 1060
26 44 1085
26 45 1110
26 46 1135
26 47 1160
26 48 1185
26 49 1210
26 50 1235
26 51 1260
26 52 1285
26 53 1310
26 54 1335
26 55 1360
26 56 1385
26 57 1410
26 58 1435
26 59 1460
26 60 1485
26 61 1510
26 62 1535
26 63 1560
26 64 1585
26 65 1610
26 66 1635
26 67 1660
26 68 1685
26 69 1710
26 70 1735
26 71 1760
26 72 1785
26 73 1810
26 74 1835
26 75 1860
26 76 1885
26 77 1910
26 78 1935
26 79 1960
26 80 1985
26 81 2010
26 82 2035
26 83 2060
26 84 2085
26 85 2110
26 86 2135
26 87 2160
26 88 2185
26 89 2210
26 90 2235
26 91 2260
26 92 2285
26 93 2310
26 94 2335
26 95 2360
26 96 2385
26 97 2410
26 98 2435
26 99 2460
26 100 2485
27 28 712
27 29 738
27 30 764
27 31 790
27 32 816
27 33 842
27 34 868
27 35 894
27 36 920
27 37 946
27 38 972
27 39 998
27 40 1024
27 41 1050
27 42 1076
27 43 1102
27 44 1128
27 45 1154
27 46 1180
27 47 1206
27 48 1232
27 49 1258
27 50 1284
27 51 1310
27 52 1336
27 53 1362
27 54 1388
27 55 1414
27 56 1440
27 57 1466
27 58 1492
27 59 1518
27 60 1544
27 61 1570
27 62 1596
27 63 1622
27 64 1648
27 65 1674
27 66 1700
27 67 1726
27 68 1752
27 69 1778
27 70 1804
27 71 1830
27 72 1856
27 73 1882
27 74 1908
27 75 1934
27 76 1960
27 77 1986
27 78 2012
27 79 2038
27 80 2064
27 81 2090
27 82 2116
27 83 2142
27 84 2168
27 85 2194
27 86 2220
27 87 2246
27 88 2272
27 89 2298
27 90 2324
27 91 2350
27 92 2376
27 93 2402
27 94 2428
27 95 2454
27 96 2480
27 97 2506
27 98 2532
27 99 2558
27 100 2584
28 29 766
28 30 793
28 31 820
28 32 847
28 33 874
28 34 901
28 35 928
28 36 955
28 37 982
28 38 1009
28 39 1036
28 40 1063
28 41 1090
28 42 1117
28 43 1144
28 44 1171
28 45 1198
28 46 1225
28 47 1252
28 48 1279
28 49 1306
28 50 1333
28 51 1360
28 52 1387
28 53 1414
28 54 1441
28 55 1468
28 56 1495
28 57 1522
28 58 1549
28 59 1576
28 60 1603
28 61 1630
28 62 1657
28 63 1684
28 64 1711
28 65 1738
28 66 1765
28 67 1792
28 68 1819
28 69 1846
28 70 1873
28 71 1900
28 72 1927
28 73 1954
28 74 1981
28 75 2008
28 76 2035
28 77 2062
28 78 2089
28 79 2116
28 80 2143
28 81 2170
28 82 2197
28 83 2224
28 84 2251
28 85 2278
28 86 2305
28 87 2332
28 88 2359
28 89 2386
28 90 2413
28 91 2440
28 92 2467
28 93 2494
28 94 2521
28 95 2548
28 96 2575
28 97 2602
28 98 2629
28 99 2656
28 100 2683
29 30 822
29 31 850
29 32 878
29 33 906
29 34 934
29 35 962
29 36 990
29 37 1018
29 38 1046
29 39 1074
29 40 1102
29 41 1130
29 42 1158
29 43 1186
29 44 1214
29 45 1242
29 46 1270
29 47 1298
29 48 1326
29 49 1354
29 50 1382
29 51 1410
29 52 1438
29 53 1466
29 54 1494
29 55 1522
29 56 1550
29 57 1578
29 58 1606
29 59 1634
29 60 1662
29 61 1690
29 62 1718
29 63 1746
29 64 1774
29 65 1802
29 66 1830
29 67 1858
29 68 1886
29 69 1914
29 70 1942
29 71 1970
29 72 1998
29 73 2026
29 74 2054
29 75 2082
29 76 2110
29 77 2138
29 78 2166
29 79 2194
29 80 2222
29 81 2250
29 82 2278
29 83 2306
29 84 2334
29 85 2362
29 86 2390
29 87 2418
29 88 2446
29 89 2474
29 90 2502
29 91 2530
29 92 2558
29 93 2586
29 94 2614
29 95 2642
29 96 2670
29 97 2698
29 98 2726
29 99 2754
29 100 2782
30 31 880
30 32 909
30 33 938
30 34 967
30 35 996
30 36 1025
30 37 1054
30 38 1083
30 39 1112
30 40 1141
30 41 1170
30 42 1199
30 43 1228
30 44 1257
30 45 1286
30 46 1315
30 47 1344
30 48 1373
30 49 1402
30 50 1431
30 51 1460
30 52 1489
30 53 1518
30 54 1547
30 55 1576
30 56 1605
30 57 1634
30 58 1663
30 59 1692
30 60 1721
30 61 1750
30 62 1779
30 63 1808
30 64 1837
30 65 1866
30 66 1895
30 67 1924
30 68 1953
30 69 1982
30 70 2011
30 71 2040
30 72 2069
30 73 2098
30 74 2127
30 75 2156
30 76 2185
30 77 2214
30 78 2243
30 79 2272
30 80 2301
30 81 2330
30 82 2359
30 83 2388
30 84 2417
30 85 2446
30 86 2475
30 87 2504
30 88 2533
30 89 2562
30 90 2591
30 91 2620
30 92 2649
30 93 2678
30 94 2707
30 95 2736
30 96 2765
30 97 2794
30 98 2823
30 99 2852
30 100 2881
31 32 940
31 33 970
31 34 1000
31 35 1030
31 36 1060
31 37 1090
31 38 1120
31 39 1150
31 40 1180
31 41 1210
31 42 1240
31 43 1270
31 44 1300
31 45 1330
31 46 1360
31 47 1390
31 48 1420
31 49 1450
31 50 1480
31 51 1510
31 52 1540
31 53 1570
31 54 1600
31 55 1630
31 56 1660
31 57 1690
31 58 1720
31 59 1750
31 60 1780
31 61 1810
31 62 1840
31 63 1870
31 64 1900
31 65 1930
31 66 1960
31 67 1990
31 68 2020
31 69 2050
31 70 2080
31 71 2110
31 72 2140
31 73 2170
31 74 2200
31 75 2230
31 76 2260
31 77 2290
31 78 2320
31 79 2350
31 80 2380
31 81 2410
31 82 2440
31 83 2470
31 84 2500
31 85 2530
31 86 2560
31 87 2590
31 88 2620
31 89 2650
31 90 2680
31 91 2710
31 92 2740
31 93 2770
31 94 2800
31 95 2830
31 96 2860
31 97 2890
31 98 2920
31 99 2950
31 100 2980
32 33 1002
32 34 1033
32 35 1064
32 36 1095
32 37 1126
32 38 1157
32 39 1188
32 40 1219
32 41 1250
32 42 1281
32 43 1312
32 44 1343
32 45 1374
32 46 1405
32 47 1436
32 48 1467
32 49 1498
32 50 1529
32 51 1560
32 52 1591
32 53 1622
32 54 1653
32 55 1684
32 56 1715
32 57 1746
32 58 1777
32 59 1808
32 60 1839
32 61 1870
32 62 1901
32 63 1932
32 64 1963
32 65 1994
32 66 2025
32 67 2056
32 68 2087
32 69 2118
32 70 2149
32 71 2180
32 72 2211
32 73 2242
32 74 2273
32 75 2304
32 76 2335
32 77 2366
32 78 2397
32 79 2428
32 80 2459
32 81 2490
32 82 2521
32 83 2552
32 84 2583
32 85 2614
32 86 2645
32 87 2676
32 88 2707
32 89 2738
32 90 2769
32 91 2800
32 92 2831
32 93 2862
32 94 2893
32 95 2924
32 96 2955
32 97 2986
32 98 3017
32 99 3048
32 100 3079
33 34 1066
33 35 1098
33 36 1130
33 37 1162
33 38 1194
33 39 1226
33 40 1258
33 41 1290
33 42 1322
33 43 1354
33 44 1386
33 45 1418
33 46 1450
33 47 1482
33 48 1514
33 49 1546
33 50 1578
33 51 1610
33 52 1642
33 53 1674
33 54 1706
33 55 1738
33 56 1770
33 57 1802
33 58 1834
33 59 1866
33 60 1898
33 61 1930
33 62 1962
33 63 1994
33 64 2026
33 65 2058
33 66 2090
33 67 2122
33 68 2154
33 69 2186
33 70 2218
33 71 2250
33 72 2282
33 73 2314
33 74 2346
33 75 2378
33 76 2410
33 77 2442
33 78 2474
33 79 2506
33 80 2538
33 81 2570
33 82 2602
33 83 2634
33 84 2666
33 85 2698
33 86 2730
33 87 2762
33 88 2794
33 89 2826
33 90 2858
33 91 2890
33 92 2922
33 93 2954
33 94 2986
33 95 3018
33 96 3050
33 97 3082
33 98 3114
33 99 3146
33 100 3178
34 35 1132
34 36 1165
34 37 1198
34 38 1231
34 39 1264
34 40 1297
34 41 1330
34 42 1363
34 43 1396
34 44 1429
34 45 1462
34 46 1495
34 47 1528
34 48 1561
34 49 1594
34 50 1627
34 51 1660
34 52 1693
34 53 1726
34 54 1759
34 55 1792
34 56 1825
34 57 1858
34 58 1891
34 59 1924
34 60 1957
34 61 1990
34 62 2023
34 63 2056
34 64 2089
34 65 2122
34 66 2155
34 67 2188
34 68 2221
34 69 2254
34 70 2287
34 71 2320
34 72 2353
34 73 2386
34 74 2419
34 75 2452
34 76 2485
34 77 2518
34 78 2551
34 79 2584
34 80 2617
34 81 2650
34 82 2683
34 83 2716
34 84 2749
34 85 2782
34 86 2815
34 87 2848
34 88 2881
34 89 2914
34 90 2947
34 91 2980
34 92 3013
34 93 3046
34 94 3079
34 95 3112
34 96 3145
34 97 3178
34 98 3211
34 99 3244
34 100 3277
35 36 1200
35 37 1234
35 38 1268
35 39 1302
35 40 1336
35 41 1370
35 42 1404
35 43 1438
35 44 1472
35 45 1506
35 46 1540
35 47 1574
35 48 1608
35 49 1642
35 50 1676
35 51 1710
35 52 1744
35 53 1778
35 54 1812
35 55 1846
35 56 1880
35 57 1914
35 58 1948
35 59 1982
35 60 2016
35 61 2050
35 62 2084
35 63 2118
35 64 2152
35 65 2186
35 66 2220
35 67 2254
35 68 2288
35 69 2322
35 70 2356
35 71 2390
35 72 2424
35 73 2458
35 74 2492
35 75 2526
35 76 2560
35 77 2594
35 78 2628
35 79 2662
35 80 2696
35 81 2730
35 82 2764
35 83 2798
35 84 2832
35 85 2866
35 86 2900
35 87 2934
35 88 2968
35 89 3002
35 90 3036
35 91 3070
35 92 3104
35 93 3138
35 94 3172
35 95 3206
35 96 3240
35 97 3274
35 98 3308
35 99 3342
35 100 3376
36 37 1270
36 38 1305
36 39 1340
36 40 1375
36 41 1410
36 42 1445
36 43 1480
36 44 1515
36 45 1550
36 46 1585
36 47 1620
36 48 1655
36 49 1690
36 50 1725
36 51 1760
36 52 1795
36 53 1830
36 54 1865
36 55 1900
36 56 1935
36 57 1970
36 58 2005
36 59 2040
36 60 2075
36 61 2110
36 62 2145
36 63 2180
36 64 2215
36 65 2250
36 66 2285
36 67 2320
36 68 2355
36 69 2390
36 70 2425
36 71 2460
36 72 2495
36 73 2530
36 74 2565
36 75 2600
36 76 2635
36 77 2670
36 78 2705
36 79 2740
36 80 2775
36 81 2810
36 82 2845
36 83 2880
36 84 2915
36 85 2950
36 86 2985
36 87 3020
36 88 3055
36 89 3090
36 90 3125
36 91 3160
36 92 3195
36 93 3230
36 94 3265
36 95 3300
36 96 3335
36 97 3370
36 98 3405
36 99 3440
36 100 3475
37 38 1342
37 39 1378
37 40 1414
37 41 1450
37 42 1486
37 43 1522
37 44 1558
37 45 1594
37 46 1630
37 47 1666
37 48 1702
37 49 1738
37 50 1774
37 51 1810
37 52 1846
37 53 1882
37 54 1918
37 55 1954
37 56 1990
37 57 2026
37 58 2062
37 59 2098
37 60 2134
37 61 2170
37 62 2206
37 63 2242
37 64 2278
37 65 2314
37 66 2350
37 67 2386
37 68 2422
37 69 2458
37 70 2494
37 71 2530
37 72 2566
37 73 2602
37 74 2638
37 75 2674
37 76 2710
37 77 2746
37 78 2782
37 79 2818
37 80 2854
37 81 2890
37 82 2926
37 83 2962
37 84 2998
37 85 3034
37 86 3070
37 87 3106
37 88 3142
37 89 3178
37 90 3214
37 91 3250
37 92 3286
37 93 3322
37 94 3358
37 95 3394
37 96 3430
37 97 3466
37 98 3502
37 99 3538
37 100 3574
38 39 1416
38 40 1453
38 41 1490
38 42 1527
38 43 1564
38 44 1601
38 45 1638
38 46 1675
38 47 1712
38 48 1749
38 49 1786
38 50 1823
38 51 1860
38 52 1897
38 53 1934
38 54 1971
38 55 2008
38 56 2045
38 57 2082
38 58 2119
38 59 2156
38 60 2193
38 61 2230
38 62 2267
38 63 2304
38 64 2341
38 65 2378
38 66 2415
38 67 2452
38 68 2489
38 69 2526
38 70 2563
38 71 2600
38 72 2637
38 73 2674
38 74 2711
38 75 2748
38 76 2785
38 77 2822
38 78 2859
38 79 2896
38 80 2933
38 81 2970
38 82 3007
38 83 3044
38 84 3081
38 85 3118
38 86 3155
38 87 3192
38 88 3229
38 89 3266
38 90 3303
38 91 3340
38 92 3377
38 93 3414
38 94 3451
38 95 3488
38 96 3525
38 97 3562
38 98 3599
38 99 3636
38 100 3673
39 40 1492
39 41 1530
39 42 1568
39 43 1606
39 44 1644
39 45 1682
39 46 1720
39 47 1758
39 48 1796
39 49 1834
39 50 1872
39 51 1910
39 52 1948
39 53 1986
39 54 2024
39 55 2062
39 56 2100
39 57 2138
39 58 2176
39 59 2214
39 60 2252
39 61 2290
39 62 2328
39 63 2366
39 64 2404
39 65 2442
39 66 2480
39 67 2518
39 68 2556
39 69 2594
39 70 2632
39 71 2670
39 72 2708
39 73 2746
39 74 2784
39 75 2822
39 76 2860
39 77 2898
39 78 2936
39 79 2974
39 80 3012
39 81 3050
39 82 3088
39 83 3126
39 84 3164
39 85 3202
39 86 3240
39 87 3278
39 88 3316
39 89 3354
39 90 3392
39 91 3430
39 92 3468
39 93 3506
39 94 3544
39 95 3582
39 96 3620
39 97 3658
39 98 3696
39 99 3734
39 100 3772
40 41 1570
40 42 1609
40 43 1648
40 44 1687
40 45 1726
40 46 1765
40 47 1804
40 48 1843
40 49 1882
40 50 1921
40 51 1960
40 52 1999
40 53 2038
40 54 2077
40 55 2116
40 56 2155
40 57 2194
40 58 2233
40 59 2272
40 60 2311
40 61 2350
40 62 2389
40 63 2428
40 64 2467
40 65 2506
40 66 2545
40 67 2584
40 68 2623
40 69 2662
40 70 2701
40 71 2740
40 72 2779
40 73 2818
40 74 2857
40 75 2896
40 76 2935
40 77 2974
40 78 3013
40 79 3052
40 80 3091
40 81 3130
40 82 3169
40 83 3208
40 84 3247
40 85 3286
40 86 3325
40 87 3364
40 88 3403
40 89 3442
40 90 3481
40 91 3520
40 92 3559
40 93 3598
40 94 3637
40 95 3676
40 96 3715
40 97 3754
40 98 3793
40 99 3832
40 100 3871
41 42 1650
41 43 1690
41 44 1730
41 45 1770
41 46 1810
41 47 1850
41 48 1890
41 49 1930
41 50 1970
41 51 2010
41 52 2050
41 53 2090
41 54 2130
41 55 2170
41 56 2210
41 57 2250
41 58 2290
41 59 2330
41 60 2370
41 61 2410
41 62 2450
41 63 2490
41 64 2530
41 65 2570
41 66 2610
41 67 2650
41 68 2690
41 69 2730
41 70 2770
41 71 2810
41 72 2850
41 73 2890
41 74 2930
41 75 2970
41 76 3010
41 77 3050
41 78 3090
41 79 3130
41 80 3170
41 81 3210
41 82 3250
41 83 3290
41 84 3330
41 85 3370
41 86 3410
41 87 3450
41 88 3490
41 89 3530
41 90 3570
41 91 3610
41 92 3650
41 93 3690
41 94 3730
41 95 3770
41 96 3810
41 97 3850
41 98 3890
41 99 3930
41 100 3970
42 43 1732
42 44 1773
42 45 1814
42 46 1855
42 47 1896
42 48 1937
42 49 1978
42 50 2019
42 51 2060
42 52 2101
42 53 2142
42 54 2183
42 55 2224
42 56 2265
42 57 2306
42 58 2347
42 59 2388
42 60 2429
42 61 2470
42 62 2511
42 63 2552
42 64 2593
42 65 2634
42 66 2675
42 67 2716
42 68 2757
42 69 2798
42 70 2839
42 71 2880
42 72 2921
42 73 2962
42 74 3003
42 75 3044
42 76 3085
42 77 3126
42 78 3167
42 79 3208
42 80 3249
42 81 3290
42 82 3331
42 83 3372
42 84 3413
42 85 3454
42 86 3495
42 87 3536
42 88 3577
42 89 3618
42 90 3659
42 91 3700
42 92 3741
42 93 3782
42 94 3823
42 95 3864
42 96 3905
42 97 3946
42 98 3987
42 99 4028
42 100 4069
43 44 1816
43 45 1858
43 46 1900
43 47 1942
43 48 1984
43 49 2026
43 50 2068
43 51 2110
43 52 2152
43 53 2194
43 54 2236
43 55 2278
43 56 2320
43 57 2362
43 58 2404
43 59 2446
43 60 2488
43 61 2530
43 62 2572
43 63 2614
43 64 2656
43 65 2698
43 66 2740
43 67 2782
43 68 2824
43 69 2866
43 70 2908
43 71 2950
43 72 2992
43 73 3034
43 74 3076
43 75 3118
43 76 3160
43 77 3202
43 78 3244
43 79 3286
43 80 3328
43 81 3370
43 82 3412
43 83 3454
43 84 3496
43 85 3538
43 86 3580
43 87 3622
43 88 3664
43 89 3706
43 90 3748
43 91 3790
43 92 3832
43 93 3874
43 94 3916
43 95 3958
43 96 4000
43 97 4042
43 98 4084
43 99 4126
43 100 4168
44 45 1902
44 46 1945
44 47 1988
44 48 2031
44 49 2074
44 50 2117
44 51 2160
44 52 2203
44 53 2246
44 54 2289
44 55 2332
44 56 2375
44 57 2418
44 58 2461
44 59 2504
44 60 2547
44 61 2590
44 62 2633
44 63 2676
44 64 2719
44 65 2762
44 66 2805
44 67 2848
44 68 2891
44 69 2934
44 70 2977
44 71 3020
44 72 3063
44 73 3106
44 74 3149
44 75 3192
44 76 3235
44 77 3278
44 78 3321
44 79 3364
44 80 3407
44 81 3450
44 82 3493
44 83 3536
44 84 3579
44 85 3622
44 86 3665
44 87 3708
44 88 3751
44 89 3794
44 90 3837
44 91 3880
44 92 3923
44 93 3966
44 94 4009
44 95 4052
44 96 4095
44 97 4138
44 98 4181
44 99 4224
44 100 4267
45 46 1990
45 47 2034
45 48 2078
45 49 2122
45 50 2166
45 51 2210
45 52 2254
45 53 2298
45 54 2342
45 55 2386
45 56 2430
45 57 2474
45 58 2518
45 59 2562
45 60 2606
45 61 2650
45 62 2694
45 63 2738
45 64 2782
45 65 2826
45 66 2870
45 67 2914
45 68 2958
45 69 3002
45 70 3046
45 71 3090
45 72 3134
45 73 3178
45 74 3222
45 75 3266
45 76 3310
45 77 3354
45 78 3398
45 79 3442
45 80 3486
45 81 3530
45 82 3574
45 83 3618
45 84 3662
45 85 3706
45 86 3750
45 87 3794
45 88 3838
45 89 3882
45 90 3926
45 91 3970
45 92 4014
45 93 4058
45 94 4102
45 95 4146
45 96 4190
45 97 4234
45 98 4278
45 99 4322
45 100 4366
46 47 2080
46 48 2125
46 49 2170
46 50 2215
46 51 2260
46 52 2305
46 53 2350
46 54 2395
46 55 2440
46 56 2485
46 57 2530
46 58 2575
46 59 2620
46 60 2665
46 61 2710
46 62 2755
46 63 2800
46 64 2845
46 65 2890
46 66 2935
46 67 2980
46 68 3025
46 69 3070
46 70 3115
46 71 3160
46 72 3205
46 73 3250
46 74 3295
46 75 3340
46 76 3385
46 77 3430
46 78 3475
46 79 3520
46 80 3565
46 81 3610
46 82 3655
46 83 3700
46 84 3745
46 85 3790
46 86 3835
46 87 3880
46 88 3925
46 89 3970
46 90 4015
46 91 4060
46 92 4105
46 93 4150
46 94 4195
46 95 4240
46 96 4285
46 97 4330
46 98 4375
46 99 4420
46 100 4465
47 48 2172
47 49 2218
47 50 2264
47 51 2310
47 52 2356
47 53 2402
47 54 2448
47 55 2494
47 56 2540
47 57 2586
47 58 2632
47 59 2678
47 60 2724
47 61 2770
47 62 2816
47 63 2862
47 64 2908
47 65 2954
47 66 3000
47 67 3046
47 68 3092
47 69 3138
47 70 3184
47 71 3230
47 72 3276
47 73 3322
47 74 3368
47 75 3414
47 76 3460
47 77 3506
47 78 3552
47 79 3598
47 80 3644
47 81 3690
47 82 3736
47 83 3782
47 84 3828
47 85 3874
47 86 3920
47 87 3966
47 88 4012
47 89 4058
47 90 4104
47 91 4150
47 92 4196
47 93 4242
47 94 4288
47 95 4334
47 96 4380
47 97 4426
47 98 4472
47 99 4518
47 100 4564
48 49 2266
48 50 2313
48 51 2360
48 52 2407
48 53 2454
48 54 2501
48 55 2548
48 56 2595
48 57 2642
48 58 2689
48 59 2736
48 60 2783
48 61 2830
48 62 2877
48 63 2924
48 64 2971
48 65 3018
48 66 3065
48 67 3112
48 68 3159
48 69 3206
48 70 3253
48 71 3300
48 72 3347
48 73 3394
48 74 3441
48 75 3488
48 76 3535
48 77 3582
48 78 3629
48 79 3676
48 80 3723
48 81 3770
48 82 3817
48 83 3864
48 84 3911
48 85 3958
48 86 4005
48 87 4052
48 88 4099
48 89 4146
48 90 4193
48 91 4240
48 92 4287
48 93 4334
48 94 4381
48 95 4428
48 96 4475
48 97 4522
48 98 4569
48 99 4616
48 100 4663
49 50 2362
49 51 2410
49 52 2458
49 53 2506
49 54 2554
49 55 2602
49 56 2650
49 57 2698
49 58 2746
49 59 2794
49 60 2842
49 61 2890
49 62 2938
49 63 2986
49 64 3034
49 65 3082
49 66 3130
49 67 3178
49 68 3226
49 69 3274
49 70 3322
49 71 3370
49 72 3418
49 73 3466
49 74 3514
49 75 3562
49 76 3610
49 77 3658
49 78 3706
49 79 3754
49 80 3802
49 81 3850
49 82 3898
49 83 3946
49 84 3994
49 85 4042
49 86 4090
49 87 4138
49 88 4186
49 89 4234
49 90 4282
49 91 4330
49 92 4378
49 93 4426
49 94 4474
49 95 4522
49 96 4570
49 97 4618
49 98 4666
49 99 4714
49 100 4762
50 51 2460
50 52 2509
50 53 2558
50 54 2607
50 55 2656
50 56 2705
50 57 2754
50 58 2803
50 59 2852
50 60 2901
50 61 2950
50 62 2999
50 63 3048
50 64 3097
50 65 3146
50 66 3195
50 67 3244
50 68 3293
50 69 3342
50 70 3391
50 71 3440
50 72 3489
50 73 3538
50 74 3587
50 75 3636
50 76 3685
50 77 3734
50 78 3783
50 79 3832
50 80 3881
50 81 3930
50 82 3979
50 83 4028
50 84 4077
50 85 4126
50 86 4175
50 87 4224
50 88 4273
50 89 4322
50 90 4371
50 91 4420
50 92 4469
50 93 4518
50 94 4567
50 95 4616
50 96 4665
50 97 4714
50 98 4763
50 99 4812
50 100 4861
51 52 2560
51 53 2610
51 54 2660
51 55 2710
51 56 2760
51 57 2810
51 58 2860
51 59 2910
51 60 2960
51 61 3010
51 62 3060
51 63 3110
51 64 3160
51 65 3210
51 66 3260
51 67 3310
51 68 3360
51 69 3410
51 70 3460
51 71 3510
51 72 3560
51 73 3610
51 74 3660
51 75 3710
51 76 3760
51 77 3810
51 78 3860
51 79 3910
51 80 3960
51 81 4010
51 82 4060
51 83 4110
51 84 4160
51 85 4210
51 86 4260
51 87 4310
51 88 4360
51 89 4410
51 90 4460
51 91 4510
51 92 4560
51 93 4610
51 94 4660
51 95 4710
51 96 4760
51 97 4810
51 98 4860
51 99 4910
51 100 4960
52 53 2662
52 54 2713
52 55 2764
52 56 2815
52 57 2866
52 58 2917
52 59 2968
52 60 3019
52 61 3070
52 62 3121
52 63 3172
52 64 3223
52 65 3274
52 66 3325
52 67 3376
52 68 3427
52 69 3478
52 70 3529
52 71 3580
52 72 3631
52 73 3682
52 74 3733
52 75 3784
52 76 3835
52 77 3886
52 78 3937
52 79 3988
52 80 4039
52 81 4090
52 82 4141
52 83 4192
52 84 4243
52 85 4294
52 86 4345
52 87 4396
52 88 4447
52 89 4498
52 90 4549
52 91 4600
52 92 4651
52 93 4702
52 94 4753
52 95 4804
52 96 4855
52 97 4906
52 98 4957
52 99 5008
52 100 5059
53 54 2766
53 55 2818
53 56 2870
53 57 2922
53 58 2974
53 59 3026
53 60 3078
53 61 3130
53 62 3182
53 63 3234
53 64 3286
53 65 3338
53 66 3390
53 67 3442
53 68 3494
53 69 3546
53 70 3598
53 71 3650
53 72 3702
53 73 3754
53 74 3806
53 75 3858
53 76 3910
53 77 3962
53 78 4014
53 79 4066
53 80 4118
53 81 4170
53 82 4222
53 83 4274
53 84 4326
53 85 4378
53 86 4430
53 87 4482
53 88 4534
53 89 4586
53 90 4638
53 91 4690
53 92 4742
53 93 4794
53 94 4846
53 95 4898
53 96 4950
53 97 5002
53 98 5054
53 99 5106
53 100 5158
54 55 2872
54 56 2925
54 57 2978
54 58 3031
54 59 3084
54 60 3137
54 61 3190
54 62 3243
54 63 3296
54 64 3349
54 65 3402
54 66 3455
54 67 3508
54 68 3561
54 69 3614
54 70 3667
54 71 3720
54 72 3773
54 73 3826
54 74 3879
54 75 3932
54 76 3985
54 77 4038
54 78 4091
54 79 4144
54 80 4197
54 81 4250
54 82 4303
54 83 4356
54 84 4409
54 85 4462
54 86 4515
54 87 4568
54 88 4621
54 89 4674
54 90 4727
54 91 4780
54 92 4833
54 93 4886
54 94 4939
54 95 4992
54 96 5045
54 97 5098
54 98 5151
54 99 5204
54 100 5257
55 56 2980
55 57 3034
55 58 3088
55 59 3142
55 60 3196
55 61 3250
55 62 3304
55 63 3358
55 64 3412
55 65 3466
55 66 3520
55 67 3574
55 68 3628
55 69 3682
55 70 3736
55 71 3790
55 72 3844
55 73 3898
55 74 3952
55 75 4006
55 76 4060
55 77 4114
55 78 4168
55 79 4222
55 80 4276
55 81 4330
55 82 4384
55 83 4438
55 84 4492
55 85 4546
55 86 4600
55 87 4654
55 88 4708
55 89 4762
55 90 4816
55 91 4870
55 92 4924
55 93 4978
55 94 5032
55 95 5086
55 96 5140
55 97 5194
55 98 5248
55 99 5302
55 100 5356
56 57 3090
56 58 3145
56 59 3200
56 60 3255
56 61 3310
56 62 3365
56 63 3420
56 64 3475
56 65 3530
56 66 3585
56 67 3640
56 68 3695
56 69 3750
56 70 3805
56 71 3860
56 72 3915
56 73 3970
56 74 4025
56 75 4080
56 76 4135
56 77 4190
56 78 4245
56 79 4300
56 80 4355
56 81 4410
56 82 4465
56 83 4520
56 84 4575
56 85 4630
56 86 4685
56 87 4740
56 88 4795
56 89 4850
56 90 4905
56 91 4960
56 92 5015
56 93 5070
56 94 5125
56 95 5180
56 96 5235
56 97 5290
56 98 5345
56 99 5400
56 100 5455
57 58 3202
57 59 3258
57 60 3314
57 61 3370
57 62 3426
57 63 3482
57 64 3538
57 65 3594
57 66 3650
57 67 3706
57 68 3762
57 69 3818
57 70 3874
57 71 3930
57 72 3986
57 73 4042
57 74 4098
57 75 4154
57 76 4210
57 77 4266
57 78 4322
57 79 4378
57 80 4434
57 81 4490
57 82 4546
57 83 4602
57 84 4658
57 85 4714
57 86 4770
57 87 4826
57 88 4882
57 89 4938
57 90 4994
57 91 5050
57 92 5106
57 93 5162
57 94 5218
57 95 5274
57 96 5330
57 97 5386
57 98 5442
57 99 5498
57 100 5554
58 59 3316
58 60 3373
58 61 3430
58 62 3487
58 63 3544
58 64 3601
58 65 3658
58 66 3715
58 67 3772
58 68 3829
58 69 3886
58 70 3943
58 71 4000
58 72 4057
58 73 4114
58 74 4171
58 75 4228
58 76 4285
58 77 4342
58 78 4399
58 79 4456
58 80 4513
58 81 4570
58 82 4627
58 83 4684
58 84 4741
58 85 4798
58 86 4855
58 87 4912
58 88 4969
58 89 5026
58 90 5083
58 91 5140
58 92 5197
58 93 5254
58 94 5311
58 95 5368
58 96 5425
58 97 5482
58 98 5539
58 99 5596
58 100 5653
59 60 3432
59 61 3490
59 62 3548
59 63 3606
59 64 3664
59 65 3722
59 66 3780
59 67 3838
59 68 3896
59 69 3954
59 70 4012
59 71 4070
59 72 4128
59 73 4186
59 74 4244
59 75 4302
59 76 4360
59 77 4418
59 78 4476
59 79 4534
59 80 4592
59 81 4650
59 82 4708
59 83 4766
59 84 4824
59 85 4882
59 86 4940
59 87 4998
59 88 5056
59 89 5114
59 90 5172
59 91 5230
59 92 5288
59 93 5346
59 94 5404
59 95 5462
59 96 5520
59 97 5578
59 98 5636
59 99 5694
59 100 5752
60 61 3550
60 62 3609
60 63 3668
60 64 3727
60 65 3786
60 66 3845
60 67 3904
60 68 3963
60 69 4022
60 70 4081
60 71 4140
60 72 4199
60 73 4258
60 74 4317
60 75 4376
60 76 4435
60 77 4494
60 78 4553
60 79 4612
60 80 4671
60 81 4730
60 82 4789
60 83 4848
60 84 4907
60 85 4966
60 86 5025
60 87 5084
60 88 5143
60 89 5202
60 90 5261
60 91 5320
60 92 5379
60 93 5438
60 94 5497
60 95 5556
60 96 5615
60 97 5674
60 98 5733
60 99 5792
60 100 5851
61 62 3670
61 63 3730
61 64 3790
61 65 3850
61 66 3910
61 67 3970
61 68 4030
61 69 4090
61 70 4150
61 71 4210
61 72 4270
61 73 4330
61 74 4390
61 75 4450
61 76 4510
61 77 4570
61 78 4630
61 79 4690
61 80 4750
61 81 4810
61 82 4870
61 83 4930
61 84 4990
61 85 5050
61 86 5110
61 87 5170
61 88 5230
61 89 5290
61 90 5350
61 91 5410
61 92 5470
61 93 5530
61 94 5590
61 95 5650
61 96 5710
61 97 5770
61 98 5830
61 99 5890
61 100 5950
62 63 3792
62 64 3853
62 65 3914
62 66 3975
62 67 4036
62 68 4097
62 69 4158
62 70 4219
62 71 4280
62 72 4341
62 73 4402
62 74 4463
62 75 4524
62 76 4585
62 77 4646
62 78 4707
62 79 4768
62 80 4829
62 81 4890
62 82 4951
62 83 5012
62 84 5073
62 85 5134
62 86 5195
62 87 5256
62 88 5317
62 89 5378
62 90 5439
62 91 5500
62 92 5561
62 93 5622
62 94 5683
62 95 5744
62 96 5805
62 97 5866
62 98 5927
62 99 5988
62 100 6049
63 64 3916
63 65 3978
63 66 4040
63 67 4102
63 68 4164
63 69 4226
63 70 4288
63 71 4350
63 72 4412
63 73 4474
63 74 4536
63 75 4598
63 76 4660
63 77 4722
63 78 4784
63 79 4846
63 80 4908
63 81 4970
63 82 5032
63 83 5094
63 84 5156
63 85 5218
63 86 5280
63 87 5342
63 88 5404
63 89 5466
63 90 5528
63 91 5590
63 92 5652
63 93 5714
63 94 5776
63 95 5838
63 96 5900
63 97 5962
63 98 6024
63 99 6086
63 100 6148
64 65 4042
64 66 4105
64 67 4168
64 68 4231
64 69 4294
64 70 4357
64 71 4420
64 72 4483
64 73 4546
64 74 4609
64 75 4672
64 76 4735
64 77 4798
64 78 4861
64 79 4924
64 80 4987
64 81 5050
64 82 5113
64 83 5176
64 84 5239
64 85 5302
64 86 5365
64 87 5428
64 88 5491
64 89 5554
64 90 5617
64 91 5680
64 92 5743
64 93 5806
64 94 5869
64 95 5932
64 96 5995
64 97 6058
64 98 6121
64 99 6184
64 100 6247
65 66 4170
65 67 4234
65 68 4298
65 69 4362
65 70 4426
65 71 4490
65 72 4554
65 73 4618
65 74 4682
65 75 4746
65 76 4810
65 77 4874
65 78 4938
65 79 5002
65 80 5066
65 81 5130
65 82 5194
65 83 5258
65 84 5322
65 85 5386
65 86 5450
65 87 5514
65 88 5578
65 89 5642
65 90 5706
65 91 5770
65 92 5834
65 93 5898
65 94 5962
65 95 6026
65 96 6090
65 97 6154
65 98 6218
65 99 6282
65 100 6346
66 67 4300
66 68 4365
66 69 4430
66 70 4495
66 71 4560
66 72 4625
66 73 4690
66 74 4755
66 75 4820
66 76 4885
66 77 4950
66 78 5015
66 79 5080
66 80 5145
66 81 5210
66 82 5275
66 83 5340
66 84 5405
66 85 5470
66 86 5535
66 87 5600
66 88 5665
66 89 5730
66 90 5795
66 91 5860
66 92 5925
66 93 5990
66 94 6055
66 95 6120
66 96 6185
66 97 6250
66 98 6315
66 99 6380
66 100 6445
67 68 4432
67 69 4498
67 70 4564
67 71 4630
67 72 4696
67 73 4762
67 74 4828
67 75 4894
67 76 4960
67 77 5026
67 78 5092
67 79 5158
67 80 5224
67 81 5290
67 82 5356
67 83 5422
67 84 5488
67 85 5554
67 86 5620
67 87 5686
67 88 5752
67 89 5818
67 90 5884
67 91 5950
67 92 6016
67 93 6082
67 94 6148
67 95 6214
67 96 6280
67 97 6346
67 98 6412
67 99 6478
67 100 6544
68 69 4566
68 70 4633
68 71 4700
68 72 4767
68 73 4834
68 74 4901
68 75 4968
68 76 5035
68 77 5102
68 78 5169
68 79 5236
68 80 5303
68 81 5370
68 82 5437
68 83 5504
68 84 5571
68 85 5638
68 86 5705
68 87 5772
68 88 5839
68 89 5906
68 90 5973
68 91 6040
68 92 6107
68 93 6174
68 94 6241
68 95 6308
68 96 6375
68 97 6442
68 98 6509
68 99 6576
68 100 6643
69 70 4702
69 71 4770
69 72 4838
69 73 4906
69 74 4974
69 75 5042
69 76 5110
69 77 5178
69 78 5246
69 79 5314
69 80 5382
69 81 5450
69 82 5518
69 83 5586
69 84 5654
69 85 5722
69 86 5790
69 87 5858
69 88 5926
69 89 5994
69 90 6062
69 91 6130
69 92 6198
69 93 6266
69 94 6334
69 95 6402
69 96 6470
69 97 6538
69 98 6606
69 99 6674
69 100 6742
70 71 4840
70 72 4909
70 73 4978
70 74 5047
70 75 5116
70 76 5185
70 77 5254
70 78 5323
70 79 5392
70 80 5461
70 81 5530
70 82 5599
70 83 5668
70 84 5737
70 85 5806
70 86 5875
70 87 5944
70 88 6013
70 89 6082
70 90 6151
70 91 6220
70 92 6289
70 93 6358
70 94 6427
70 95 6496
70 96 6565
70 97 6634
70 98 6703
70 99 6772
70 100 6841
71 72 4980
71 73 5050
71 74 5120
71 75 5190
71 76 5260
71 77 5330
71 78 5400
71 79 5470
71 80 5540
71 81 5610
71 82 5680
71 83 5750
71 84 5820
71 85 5890
71 86 5960
71 87 6030
71 88 6100
71 89 6170
71 90 6240
71 91 6310
71 92 6380
71 93 6450
71 94 6520
71 95 6590
71 96 6660
71 97 6730
71 98 6800
71 99 6870
71 100 6940
72 73 5122
72 74 5193
72 75 5264
72 76 5335
72 77 5406
72 78 5477
72 79 5548
72 80 5619
72 81 5690
72 82 5761
72 83 5832
72 84 5903
72 85 5974
72 86 6045
72 87 6116
72 88 6187
72 89 6258
72 90 6329
72 91 6400
72 92 6471
72 93 6542
72 94 6613
72 95 6684
72 96 6755
72 97 6826
72 98 6897
72 99 6968
72 100 7039
73 74 5266
73 75 5338
73 76 5410
73 77 5482
73 78 5554
73 79 5626
73 80 5698
73 81 5770
73 82 5842
73 83 5914
73 84 5986
73 85 6058
73 86 6130
73 87 6202
73 88 6274
73 89 6346
73 90 6418
73 91 6490
73 92 6562
73 93 6634
73 94 6706
73 95 6778
73 96 6850
73 97 6922
73 98 6994
73 99 7066
73 100 7138
74 75 5412
74 76 5485
74 77 5558
74 78 5631
74 79 5704
74 80 5777
74 81 5850
74 82 5923
74 83 5996
74 84 6069
74 85 6142
74 86 6215
74 87 6288
74 88 6361
74 89 6434
74 90 6507
74 91 6580
74 92 6653
74 93 6726
74 94 6799
74 95 6872
74 96 6945
74 97 7018
74 98 7091
74 99 7164
74 100 7237
75 76 5560
75 77 5634
75 78 5708
75 79 5782
75 80 5856
75 81 5930
75 82 6004
75 83 6078
75 84 6152
75 85 6226
75 86 6300
75 87 6374
75 88 6448
75 89 6522
75 90 6596
75 91 6670
75 92 6744
75 93 6818
75 94 6892
75 95 6966
75 96 7040
75 97 7114
75 98 7188
75 99 7262
75 100 7336
76 77 5710
76 78 5785
76 79 5860
76 80 5935
76 81 6010
76 82 6085
76 83 6160
76 84 6235
76 85 6310
76 86 6385
76 87 6460
76 88 6535
76 89 6610
76 90 6685
76 91 6760
76 92 6835
76 93 6910
76 94 6985
76 95 7060
76 96 7135
76 97 7210
76 98 7285
76 99 7360
76 100 7435
77 78 5862
77 79 5938
77 80 6014
77 81 6090
77 82 6166
77 83 6242
77 84 6318
77 85 6394
77 86 6470
77 87 6546
77 88 6622
77 89 6698
77 90 6774
77 91 6850
77 92 6926
77 93 7002
77 94 7078
77 95 7154
77 96 7230
77 97 7306
77 98 7382
77 99 7458
77 100 7534
78 79 6016
78 80 6093
78 81 6170
78 82 6247
78 83 6324
78 84 6401
78 85 6478
78 86 6555
78 87 6632
78 88 6709
78 89 6786
78 90 6863
78 91 6940
78 92 7017
78 93 7094
78 94 7171
78 95 7248
78 96 7325
78 97 7402
78 98 7479
78 99 7556
78 100 7633
79 80 6172
79 81 6250
79 82 6328
79 83 6406
79 84 6484
79 85 6562
79 86 6640
79 87 6718
79 88 6796
79 89 6874
79 90 6952
79 91 7030
79 92 7108
79 93 7186
79 94 7264
79 95 7342
79 96 7420
79 97 7498
79 98 7576
79 99 7654
79 100 7732
80 81 6330
80 82 6409
80 83 6488
80 84 6567
80 85 6646
80 86 6725
80 87 6804
80 88 6883
80 89 6962
80 90 7041
80 91 7120
80 92 7199
80 93 7278
80 94 7357
80 95 7436
80 96 7515
80 97 7594
80 98 7673
80 99 7752
80 100 7831
81 82 6490
81 83 6570
81 84 6650
81 85 6730
81 86 6810
81 87 6890
81 88 6970
81 89 7050
81 90 7130
81 91 7210
81 92 7290
81 93 7370
81 94 7450
81 95 7530
81 96 7610
81 97 7690
81 98 7770
81 99 7850
81 100 7930
82 83 6652
82 84 6733
82 85 6814
82 86 6895
82 87 6976
82 88 7057
82 89 7138
82 90 7219
82 91 7300
82 92 7381
82 93 7462
82 94 7543
82 95 7624
82 96 7705
82 97 7786
82 98 7867
82 99 7948
82 100 8029
83 84 6816
83 85 6898
83 86 6980
83 87 7062
83 88 7144
83 89 7226
83 90 7308
83 91 7390
83 92 7472
83 93 7554
83 94 7636
83 95 7718
83 96 7800
83 97 7882
83 98 7964
83 99 8046
83 100 8128
84 85 6982
84 86 7065
84 87 7148
84 88 7231
84 89 7314
84 90 7397
84 91 7480
84 92 7563
84 93 7646
84 94 7729
84 95 7812
84 96 7895
84 97 7978
84 98 8061
84 99 8144
84 100 8227
85 86 7150
85 87 7234
85 88 7318
85 89 7402
85 90 7486
85 91 7570
85 92 7654
85 93 7738
85 94 7822
85 95 7906
85 96 7990
85 97 8074
85 98 8158
85 99 8242
85 100 8326
86 87 7320
86 88 7405
86 89 7490
86 90 7575
86 91 7660
86 92 7745
86 93 7830
86 94 7915
86 95 8000
86 96 8085
86 97 8170
86 98 8255
86 99 8340
86 100 8425
87 88 7492
87 89 7578
87 90 7664
87 91 7750
87 92 7836
87 93 7922
87 94 8008
87 95 8094
87 96 8180
87 97 8266
87 98 8352
87 99 8438
87 100 8524
88 89 7666
88 90 7753
88 91 7840
88 92 7927
88 93 8014
88 94 8101
88 95 8188
88 96 8275
88 97 8362
88 98 8449
88 99 8536
88 100 8623
89 90 7842
89 91 7930
89 92 8018
89 93 8106
89 94 8194
89 95 8282
89 96 8370
89 97 8458
89 98 8546
89 99 8634
89 100 8722
90 91 8020
90 92 8109
90 93 8198
90 94 8287
90 95 8376
90 96 8465
90 97 8554
90 98 8643
90 99 8732
90 100 8821
91 92 8200
91 93 8290
91 94 8380
91 95 8470
91 96 8560
91 97 8650
91 98 8740
91 99 8830
91 100 8920
92 93 8382
92 94 8473
92 95 8564
92 96 8655
92 97 8746
92 98 8837
92 99 8928
92 100 9019
93 94 8566
93 95 8658
93 96 8750
93 97 8842
93 98 8934
93 99 9026
93 100 9118
94 95 8752
94 96 8845
94 97 8938
94 98 9031
94 99 9124
94 100 9217
95 96 8940
95 97 9034
95 98 9128
95 99 9222
95 100 9316
96 97 9130
96 98 9225
96 99 9320
96 100 9415
97 98 9322
97 99 9418
97 100 9514
98 99 9516
98 100 9613
99 100 9712
1 100 50
0 0